[0.081s] Invoking command in '/home/jaime/RM3_ws/build/joint_state_broadcaster': AMENT_PREFIX_PATH=/home/jaime/RM3_ws/install/controller_manager:/home/jaime/RM3_ws/install/controller_interface:/home/jaime/RM3_ws/install/hardware_interface:/home/jaime/RM3_ws/install/ros2_control_test_assets:/home/jaime/RM3_ws/install/controller_manager_msgs:${AMENT_PREFIX_PATH} CMAKE_PREFIX_PATH=/home/jaime/RM3_ws/install/controller_manager:/home/jaime/RM3_ws/install/controller_interface:/home/jaime/RM3_ws/install/hardware_interface:/home/jaime/RM3_ws/install/ros2_control_test_assets:/home/jaime/RM3_ws/install/controller_manager_msgs:/opt/ros/foxy LD_LIBRARY_PATH=/home/jaime/RM3_ws/install/controller_manager/lib:/home/jaime/RM3_ws/install/controller_interface/lib:/home/jaime/RM3_ws/install/hardware_interface/lib:/home/jaime/RM3_ws/install/controller_manager_msgs/lib:${LD_LIBRARY_PATH} PYTHONPATH=/home/jaime/RM3_ws/install/controller_manager/lib/python3.8/site-packages:/home/jaime/RM3_ws/install/controller_manager_msgs/lib/python3.8/site-packages:${PYTHONPATH} /usr/bin/cmake --build /home/jaime/RM3_ws/build/joint_state_broadcaster -- -j8 -l8
[0.140s] [ 27%] Built target gmock
[0.174s] [ 45%] Built target joint_state_broadcaster
[0.201s] [ 63%] Built target gmock_main
[0.238s] [ 81%] Built target test_load_joint_state_broadcaster
[0.273s] [100%] Built target test_joint_state_broadcaster
[0.434s] Invoked command in '/home/jaime/RM3_ws/build/joint_state_broadcaster' returned '0': AMENT_PREFIX_PATH=/home/jaime/RM3_ws/install/controller_manager:/home/jaime/RM3_ws/install/controller_interface:/home/jaime/RM3_ws/install/hardware_interface:/home/jaime/RM3_ws/install/ros2_control_test_assets:/home/jaime/RM3_ws/install/controller_manager_msgs:${AMENT_PREFIX_PATH} CMAKE_PREFIX_PATH=/home/jaime/RM3_ws/install/controller_manager:/home/jaime/RM3_ws/install/controller_interface:/home/jaime/RM3_ws/install/hardware_interface:/home/jaime/RM3_ws/install/ros2_control_test_assets:/home/jaime/RM3_ws/install/controller_manager_msgs:/opt/ros/foxy LD_LIBRARY_PATH=/home/jaime/RM3_ws/install/controller_manager/lib:/home/jaime/RM3_ws/install/controller_interface/lib:/home/jaime/RM3_ws/install/hardware_interface/lib:/home/jaime/RM3_ws/install/controller_manager_msgs/lib:${LD_LIBRARY_PATH} PYTHONPATH=/home/jaime/RM3_ws/install/controller_manager/lib/python3.8/site-packages:/home/jaime/RM3_ws/install/controller_manager_msgs/lib/python3.8/site-packages:${PYTHONPATH} /usr/bin/cmake --build /home/jaime/RM3_ws/build/joint_state_broadcaster -- -j8 -l8
[0.477s] Invoking command in '/home/jaime/RM3_ws/build/joint_state_broadcaster': AMENT_PREFIX_PATH=/home/jaime/RM3_ws/install/controller_manager:/home/jaime/RM3_ws/install/controller_interface:/home/jaime/RM3_ws/install/hardware_interface:/home/jaime/RM3_ws/install/ros2_control_test_assets:/home/jaime/RM3_ws/install/controller_manager_msgs:${AMENT_PREFIX_PATH} CMAKE_PREFIX_PATH=/home/jaime/RM3_ws/install/controller_manager:/home/jaime/RM3_ws/install/controller_interface:/home/jaime/RM3_ws/install/hardware_interface:/home/jaime/RM3_ws/install/ros2_control_test_assets:/home/jaime/RM3_ws/install/controller_manager_msgs:/opt/ros/foxy LD_LIBRARY_PATH=/home/jaime/RM3_ws/install/controller_manager/lib:/home/jaime/RM3_ws/install/controller_interface/lib:/home/jaime/RM3_ws/install/hardware_interface/lib:/home/jaime/RM3_ws/install/controller_manager_msgs/lib:${LD_LIBRARY_PATH} PYTHONPATH=/home/jaime/RM3_ws/install/controller_manager/lib/python3.8/site-packages:/home/jaime/RM3_ws/install/controller_manager_msgs/lib/python3.8/site-packages:${PYTHONPATH} /usr/bin/cmake --install /home/jaime/RM3_ws/build/joint_state_broadcaster
[0.485s] -- Install configuration: ""
[0.487s] -- Execute custom install script
[0.487s] -- Up-to-date symlink: /home/jaime/RM3_ws/install/joint_state_broadcaster/share/joint_state_broadcaster//joint_state_plugin.xml
[0.488s] -- Up-to-date symlink: /home/jaime/RM3_ws/install/joint_state_broadcaster/include/joint_state_broadcaster/joint_state_broadcaster.hpp
[0.488s] -- Up-to-date symlink: /home/jaime/RM3_ws/install/joint_state_broadcaster/include/joint_state_broadcaster/visibility_control.h
[0.488s] -- Up-to-date symlink: /home/jaime/RM3_ws/install/joint_state_broadcaster/lib/libjoint_state_broadcaster.so
[0.489s] -- Up-to-date symlink: /home/jaime/RM3_ws/install/joint_state_broadcaster/share/joint_state_broadcaster/environment/library_path.sh
[0.494s] -- Up-to-date symlink: /home/jaime/RM3_ws/install/joint_state_broadcaster/share/joint_state_broadcaster/environment/library_path.dsv
[0.497s] -- Up-to-date symlink: /home/jaime/RM3_ws/install/joint_state_broadcaster/share/ament_index/resource_index/package_run_dependencies/joint_state_broadcaster
[0.498s] -- Up-to-date symlink: /home/jaime/RM3_ws/install/joint_state_broadcaster/share/ament_index/resource_index/parent_prefix_path/joint_state_broadcaster
[0.498s] -- Up-to-date symlink: /home/jaime/RM3_ws/install/joint_state_broadcaster/share/joint_state_broadcaster/environment/ament_prefix_path.sh
[0.498s] -- Up-to-date symlink: /home/jaime/RM3_ws/install/joint_state_broadcaster/share/joint_state_broadcaster/environment/ament_prefix_path.dsv
[0.498s] -- Up-to-date symlink: /home/jaime/RM3_ws/install/joint_state_broadcaster/share/joint_state_broadcaster/environment/path.sh
[0.499s] -- Up-to-date symlink: /home/jaime/RM3_ws/install/joint_state_broadcaster/share/joint_state_broadcaster/environment/path.dsv
[0.499s] -- Up-to-date symlink: /home/jaime/RM3_ws/install/joint_state_broadcaster/share/joint_state_broadcaster/local_setup.bash
[0.499s] -- Up-to-date symlink: /home/jaime/RM3_ws/install/joint_state_broadcaster/share/joint_state_broadcaster/local_setup.sh
[0.499s] -- Up-to-date symlink: /home/jaime/RM3_ws/install/joint_state_broadcaster/share/joint_state_broadcaster/local_setup.zsh
[0.499s] -- Up-to-date symlink: /home/jaime/RM3_ws/install/joint_state_broadcaster/share/joint_state_broadcaster/local_setup.dsv
[0.500s] -- Symlinking: /home/jaime/RM3_ws/install/joint_state_broadcaster/share/joint_state_broadcaster/package.dsv
[0.502s] -- Up-to-date symlink: /home/jaime/RM3_ws/install/joint_state_broadcaster/share/ament_index/resource_index/packages/joint_state_broadcaster
[0.506s] -- Up-to-date symlink: /home/jaime/RM3_ws/install/joint_state_broadcaster/share/ament_index/resource_index/controller_interface__pluginlib__plugin/joint_state_broadcaster
[0.506s] -- Up-to-date symlink: /home/jaime/RM3_ws/install/joint_state_broadcaster/share/joint_state_broadcaster/cmake/ament_cmake_export_dependencies-extras.cmake
[0.507s] -- Up-to-date symlink: /home/jaime/RM3_ws/install/joint_state_broadcaster/share/joint_state_broadcaster/cmake/ament_cmake_export_include_directories-extras.cmake
[0.507s] -- Up-to-date symlink: /home/jaime/RM3_ws/install/joint_state_broadcaster/share/joint_state_broadcaster/cmake/ament_cmake_export_libraries-extras.cmake
[0.507s] -- Up-to-date symlink: /home/jaime/RM3_ws/install/joint_state_broadcaster/share/joint_state_broadcaster/cmake/joint_state_broadcasterConfig.cmake
[0.508s] -- Up-to-date symlink: /home/jaime/RM3_ws/install/joint_state_broadcaster/share/joint_state_broadcaster/cmake/joint_state_broadcasterConfig-version.cmake
[0.508s] -- Up-to-date symlink: /home/jaime/RM3_ws/install/joint_state_broadcaster/share/joint_state_broadcaster/package.xml
[0.536s] Invoked command in '/home/jaime/RM3_ws/build/joint_state_broadcaster' returned '0': AMENT_PREFIX_PATH=/home/jaime/RM3_ws/install/controller_manager:/home/jaime/RM3_ws/install/controller_interface:/home/jaime/RM3_ws/install/hardware_interface:/home/jaime/RM3_ws/install/ros2_control_test_assets:/home/jaime/RM3_ws/install/controller_manager_msgs:${AMENT_PREFIX_PATH} CMAKE_PREFIX_PATH=/home/jaime/RM3_ws/install/controller_manager:/home/jaime/RM3_ws/install/controller_interface:/home/jaime/RM3_ws/install/hardware_interface:/home/jaime/RM3_ws/install/ros2_control_test_assets:/home/jaime/RM3_ws/install/controller_manager_msgs:/opt/ros/foxy LD_LIBRARY_PATH=/home/jaime/RM3_ws/install/controller_manager/lib:/home/jaime/RM3_ws/install/controller_interface/lib:/home/jaime/RM3_ws/install/hardware_interface/lib:/home/jaime/RM3_ws/install/controller_manager_msgs/lib:${LD_LIBRARY_PATH} PYTHONPATH=/home/jaime/RM3_ws/install/controller_manager/lib/python3.8/site-packages:/home/jaime/RM3_ws/install/controller_manager_msgs/lib/python3.8/site-packages:${PYTHONPATH} /usr/bin/cmake --install /home/jaime/RM3_ws/build/joint_state_broadcaster
