-- The C compiler identification is GNU 9.4.0
-- The CXX compiler identification is GNU 9.4.0
-- Check for working C compiler: /usr/bin/cc
-- Check for working C compiler: /usr/bin/cc -- works
-- Detecting C compiler ABI info
-- Detecting C compiler ABI info - done
-- Detecting C compile features
-- Detecting C compile features - done
-- Check for working CXX compiler: /usr/bin/c++
-- Check for working CXX compiler: /usr/bin/c++ -- works
-- Detecting CXX compiler ABI info
-- Detecting CXX compiler ABI info - done
-- Detecting CXX compile features
-- Detecting CXX compile features - done
-- Found ament_cmake: 0.9.9 (/opt/ros/foxy/share/ament_cmake/cmake)
-- Found PythonInterp: /usr/bin/python3 (found suitable version "3.8.10", minimum required is "3") 
-- Using PYTHON_EXECUTABLE: /usr/bin/python3
-- Found rosidl_default_generators: 1.0.1 (/opt/ros/foxy/share/rosidl_default_generators/cmake)
-- Using all available rosidl_typesupport_c: rosidl_typesupport_fastrtps_c;rosidl_typesupport_introspection_c
-- Found rosidl_adapter: 1.2.1 (/opt/ros/foxy/share/rosidl_adapter/cmake)
-- Found OpenSSL: /usr/lib/x86_64-linux-gnu/libcrypto.so (found version "1.1.1f")  
-- Found FastRTPS: /opt/ros/foxy/include  
-- Using all available rosidl_typesupport_cpp: rosidl_typesupport_fastrtps_cpp;rosidl_typesupport_introspection_cpp
-- Found std_msgs: 2.0.5 (/opt/ros/foxy/share/std_msgs/cmake)
-- Found geometry_msgs: 2.0.5 (/opt/ros/foxy/share/geometry_msgs/cmake)
-- Found ament_lint_auto: 0.9.6 (/opt/ros/foxy/share/ament_lint_auto/cmake)
-- Found PythonInterp: /usr/bin/python3 (found version "3.8.10") 
-- Found ament_cmake_ros: 0.9.2 (/opt/ros/foxy/share/ament_cmake_ros/cmake)
-- Using all available rosidl_typesupport_c: rosidl_typesupport_fastrtps_c;rosidl_typesupport_introspection_c
-- Using all available rosidl_typesupport_cpp: rosidl_typesupport_fastrtps_cpp;rosidl_typesupport_introspection_cpp
-- Found PythonInterp: /usr/bin/python3 (found suitable version "3.8.10", minimum required is "3.5") 
-- Found python_cmake_module: 0.8.1 (/opt/ros/foxy/share/python_cmake_module/cmake)
-- Found PythonLibs: /usr/lib/x86_64-linux-gnu/libpython3.8.so (found suitable version "3.8.10", minimum required is "3.5") 
-- Using PYTHON_EXECUTABLE: /usr/bin/python3
-- Using PYTHON_INCLUDE_DIRS: /usr/include/python3.8
-- Using PYTHON_LIBRARIES: /usr/lib/x86_64-linux-gnu/libpython3.8.so
-- Found PythonExtra: .so  
-- Added test 'copyright' to check source files copyright and LICENSE
-- Added test 'lint_cmake' to check CMake code style
-- Added test 'xmllint' to check XML markup files
-- Configuring done
-- Generating done
-- Build files have been written to: /home/jaime/RM3_ws/build/robominer_msgs
[  1%] [34m[1mGenerating C code for ROS interfaces[0m
[35m[1mScanning dependencies of target robominer_msgs__cpp[0m
[  1%] [34m[1mGenerating C++ code for ROS interfaces[0m
[  1%] Built target robominer_msgs__cpp
[  3%] [34m[1mGenerating C++ introspection for ROS interfaces[0m
[  3%] [34m[1mGenerating C++ type support dispatch for ROS interfaces[0m
[  4%] [34m[1mGenerating C++ type support for eProsima Fast-RTPS[0m
[35m[1mScanning dependencies of target robominer_msgs__rosidl_generator_c[0m
[  6%] [32mBuilding C object CMakeFiles/robominer_msgs__rosidl_generator_c.dir/rosidl_generator_c/robominer_msgs/msg/detail/whisker_array__functions.c.o[0m
[  6%] [32mBuilding C object CMakeFiles/robominer_msgs__rosidl_generator_c.dir/rosidl_generator_c/robominer_msgs/msg/detail/motor_module_command__functions.c.o[0m
[  7%] [32mBuilding C object CMakeFiles/robominer_msgs__rosidl_generator_c.dir/rosidl_generator_c/robominer_msgs/msg/detail/whisker_pos_in_grid__functions.c.o[0m
[  8%] [32mBuilding C object CMakeFiles/robominer_msgs__rosidl_generator_c.dir/rosidl_generator_c/robominer_msgs/msg/detail/motor_module_feedback__functions.c.o[0m
[  9%] [32mBuilding C object CMakeFiles/robominer_msgs__rosidl_generator_c.dir/rosidl_generator_c/robominer_msgs/msg/detail/whisker__functions.c.o[0m
[ 13%] [32mBuilding C object CMakeFiles/robominer_msgs__rosidl_generator_c.dir/rosidl_generator_c/robominer_msgs/msg/detail/spectrometer_measurement__functions.c.o[0m
[ 13%] [32mBuilding C object CMakeFiles/robominer_msgs__rosidl_generator_c.dir/rosidl_generator_c/robominer_msgs/msg/detail/spectrometer_calibration__functions.c.o[0m
[ 13%] [32mBuilding C object CMakeFiles/robominer_msgs__rosidl_generator_c.dir/rosidl_generator_c/robominer_msgs/msg/detail/fiducial_transform__functions.c.o[0m
[ 13%] [32mBuilding C object CMakeFiles/robominer_msgs__rosidl_generator_c.dir/rosidl_generator_c/robominer_msgs/msg/detail/spectrometer_frequency_command__functions.c.o[0m
[ 14%] [32mBuilding C object CMakeFiles/robominer_msgs__rosidl_generator_c.dir/rosidl_generator_c/robominer_msgs/msg/detail/fiducial_transform_array__functions.c.o[0m
[ 15%] [32m[1mLinking C shared library librobominer_msgs__rosidl_generator_c.so[0m
[ 15%] Built target robominer_msgs__rosidl_generator_c
[ 16%] [34m[1mGenerating C type support dispatch for ROS interfaces[0m
[ 17%] [34m[1mGenerating C introspection for ROS interfaces[0m
[35m[1mScanning dependencies of target robominer_msgs__rosidl_typesupport_cpp[0m
[ 21%] [32mBuilding CXX object CMakeFiles/robominer_msgs__rosidl_typesupport_cpp.dir/rosidl_typesupport_cpp/robominer_msgs/msg/motor_module_feedback__type_support.cpp.o[0m
[ 21%] [32mBuilding CXX object CMakeFiles/robominer_msgs__rosidl_typesupport_cpp.dir/rosidl_typesupport_cpp/robominer_msgs/msg/whisker_pos_in_grid__type_support.cpp.o[0m
[ 21%] [32mBuilding CXX object CMakeFiles/robominer_msgs__rosidl_typesupport_cpp.dir/rosidl_typesupport_cpp/robominer_msgs/msg/motor_module_command__type_support.cpp.o[0m
[ 21%] [32mBuilding CXX object CMakeFiles/robominer_msgs__rosidl_typesupport_cpp.dir/rosidl_typesupport_cpp/robominer_msgs/msg/whisker__type_support.cpp.o[0m
[35m[1mScanning dependencies of target robominer_msgs__rosidl_typesupport_introspection_cpp[0m
[ 22%] [32mBuilding CXX object CMakeFiles/robominer_msgs__rosidl_typesupport_introspection_cpp.dir/rosidl_typesupport_introspection_cpp/robominer_msgs/msg/detail/motor_module_feedback__type_support.cpp.o[0m
[ 23%] [32mBuilding CXX object CMakeFiles/robominer_msgs__rosidl_typesupport_cpp.dir/rosidl_typesupport_cpp/robominer_msgs/msg/whisker_array__type_support.cpp.o[0m
[ 24%] [32mBuilding CXX object CMakeFiles/robominer_msgs__rosidl_typesupport_cpp.dir/rosidl_typesupport_cpp/robominer_msgs/msg/spectrometer_measurement__type_support.cpp.o[0m
[ 25%] [32mBuilding CXX object CMakeFiles/robominer_msgs__rosidl_typesupport_cpp.dir/rosidl_typesupport_cpp/robominer_msgs/msg/spectrometer_calibration__type_support.cpp.o[0m
[35m[1mScanning dependencies of target robominer_msgs__rosidl_typesupport_c[0m
[ 26%] [32mBuilding CXX object CMakeFiles/robominer_msgs__rosidl_typesupport_cpp.dir/rosidl_typesupport_cpp/robominer_msgs/msg/spectrometer_frequency_command__type_support.cpp.o[0m
[35m[1mScanning dependencies of target robominer_msgs__rosidl_typesupport_fastrtps_cpp[0m
[ 27%] [32mBuilding CXX object CMakeFiles/robominer_msgs__rosidl_typesupport_c.dir/rosidl_typesupport_c/robominer_msgs/msg/motor_module_feedback__type_support.cpp.o[0m
[ 28%] [32mBuilding CXX object CMakeFiles/robominer_msgs__rosidl_typesupport_fastrtps_cpp.dir/rosidl_typesupport_fastrtps_cpp/robominer_msgs/msg/detail/dds_fastrtps/motor_module_feedback__type_support.cpp.o[0m
[ 29%] [32mBuilding CXX object CMakeFiles/robominer_msgs__rosidl_typesupport_c.dir/rosidl_typesupport_c/robominer_msgs/msg/motor_module_command__type_support.cpp.o[0m
[ 30%] [32mBuilding CXX object CMakeFiles/robominer_msgs__rosidl_typesupport_c.dir/rosidl_typesupport_c/robominer_msgs/msg/whisker_pos_in_grid__type_support.cpp.o[0m
[ 31%] [32mBuilding CXX object CMakeFiles/robominer_msgs__rosidl_typesupport_c.dir/rosidl_typesupport_c/robominer_msgs/msg/whisker__type_support.cpp.o[0m
[ 32%] [32mBuilding CXX object CMakeFiles/robominer_msgs__rosidl_typesupport_c.dir/rosidl_typesupport_c/robominer_msgs/msg/whisker_array__type_support.cpp.o[0m
[ 33%] [32mBuilding CXX object CMakeFiles/robominer_msgs__rosidl_typesupport_c.dir/rosidl_typesupport_c/robominer_msgs/msg/spectrometer_measurement__type_support.cpp.o[0m
[ 34%] [32mBuilding CXX object CMakeFiles/robominer_msgs__rosidl_typesupport_introspection_cpp.dir/rosidl_typesupport_introspection_cpp/robominer_msgs/msg/detail/motor_module_command__type_support.cpp.o[0m
[ 35%] [32mBuilding CXX object CMakeFiles/robominer_msgs__rosidl_typesupport_c.dir/rosidl_typesupport_c/robominer_msgs/msg/spectrometer_calibration__type_support.cpp.o[0m
[ 36%] [32mBuilding CXX object CMakeFiles/robominer_msgs__rosidl_typesupport_c.dir/rosidl_typesupport_c/robominer_msgs/msg/spectrometer_frequency_command__type_support.cpp.o[0m
[35m[1mScanning dependencies of target robominer_msgs__rosidl_typesupport_introspection_c[0m
[ 38%] [32mBuilding CXX object CMakeFiles/robominer_msgs__rosidl_typesupport_cpp.dir/rosidl_typesupport_cpp/robominer_msgs/msg/fiducial_transform_array__type_support.cpp.o[0m
[ 38%] [32mBuilding CXX object CMakeFiles/robominer_msgs__rosidl_typesupport_cpp.dir/rosidl_typesupport_cpp/robominer_msgs/msg/fiducial_transform__type_support.cpp.o[0m
[ 38%] [32mBuilding CXX object CMakeFiles/robominer_msgs__rosidl_typesupport_c.dir/rosidl_typesupport_c/robominer_msgs/msg/fiducial_transform__type_support.cpp.o[0m
[ 39%] [32mBuilding CXX object CMakeFiles/robominer_msgs__rosidl_typesupport_c.dir/rosidl_typesupport_c/robominer_msgs/msg/fiducial_transform_array__type_support.cpp.o[0m
[ 40%] [32mBuilding CXX object CMakeFiles/robominer_msgs__rosidl_typesupport_introspection_cpp.dir/rosidl_typesupport_introspection_cpp/robominer_msgs/msg/detail/whisker_pos_in_grid__type_support.cpp.o[0m
[ 41%] [32mBuilding C object CMakeFiles/robominer_msgs__rosidl_typesupport_introspection_c.dir/rosidl_typesupport_introspection_c/robominer_msgs/msg/detail/motor_module_feedback__type_support.c.o[0m
[ 42%] [32mBuilding CXX object CMakeFiles/robominer_msgs__rosidl_typesupport_fastrtps_cpp.dir/rosidl_typesupport_fastrtps_cpp/robominer_msgs/msg/detail/dds_fastrtps/motor_module_command__type_support.cpp.o[0m
[ 43%] [32m[1mLinking CXX shared library librobominer_msgs__rosidl_typesupport_c.so[0m
[ 44%] [32mBuilding C object CMakeFiles/robominer_msgs__rosidl_typesupport_introspection_c.dir/rosidl_typesupport_introspection_c/robominer_msgs/msg/detail/motor_module_command__type_support.c.o[0m
[ 44%] Built target robominer_msgs__rosidl_typesupport_c
[ 45%] [32mBuilding C object CMakeFiles/robominer_msgs__rosidl_typesupport_introspection_c.dir/rosidl_typesupport_introspection_c/robominer_msgs/msg/detail/whisker_pos_in_grid__type_support.c.o[0m
[ 46%] [32mBuilding C object CMakeFiles/robominer_msgs__rosidl_typesupport_introspection_c.dir/rosidl_typesupport_introspection_c/robominer_msgs/msg/detail/whisker__type_support.c.o[0m
[ 47%] [32mBuilding C object CMakeFiles/robominer_msgs__rosidl_typesupport_introspection_c.dir/rosidl_typesupport_introspection_c/robominer_msgs/msg/detail/whisker_array__type_support.c.o[0m
[ 48%] [32mBuilding C object CMakeFiles/robominer_msgs__rosidl_typesupport_introspection_c.dir/rosidl_typesupport_introspection_c/robominer_msgs/msg/detail/spectrometer_measurement__type_support.c.o[0m
[ 49%] [32mBuilding C object CMakeFiles/robominer_msgs__rosidl_typesupport_introspection_c.dir/rosidl_typesupport_introspection_c/robominer_msgs/msg/detail/spectrometer_calibration__type_support.c.o[0m
[ 49%] [32mBuilding CXX object CMakeFiles/robominer_msgs__rosidl_typesupport_fastrtps_cpp.dir/rosidl_typesupport_fastrtps_cpp/robominer_msgs/msg/detail/dds_fastrtps/whisker_pos_in_grid__type_support.cpp.o[0m
[ 50%] [32mBuilding C object CMakeFiles/robominer_msgs__rosidl_typesupport_introspection_c.dir/rosidl_typesupport_introspection_c/robominer_msgs/msg/detail/spectrometer_frequency_command__type_support.c.o[0m
[ 51%] [32mBuilding CXX object CMakeFiles/robominer_msgs__rosidl_typesupport_fastrtps_cpp.dir/rosidl_typesupport_fastrtps_cpp/robominer_msgs/msg/detail/dds_fastrtps/whisker__type_support.cpp.o[0m
[ 52%] [32mBuilding CXX object CMakeFiles/robominer_msgs__rosidl_typesupport_introspection_cpp.dir/rosidl_typesupport_introspection_cpp/robominer_msgs/msg/detail/whisker__type_support.cpp.o[0m
[ 53%] [32mBuilding C object CMakeFiles/robominer_msgs__rosidl_typesupport_introspection_c.dir/rosidl_typesupport_introspection_c/robominer_msgs/msg/detail/fiducial_transform__type_support.c.o[0m
[ 54%] [32mBuilding C object CMakeFiles/robominer_msgs__rosidl_typesupport_introspection_c.dir/rosidl_typesupport_introspection_c/robominer_msgs/msg/detail/fiducial_transform_array__type_support.c.o[0m
[ 55%] [32mBuilding CXX object CMakeFiles/robominer_msgs__rosidl_typesupport_introspection_cpp.dir/rosidl_typesupport_introspection_cpp/robominer_msgs/msg/detail/whisker_array__type_support.cpp.o[0m
[ 56%] [32m[1mLinking CXX shared library librobominer_msgs__rosidl_typesupport_cpp.so[0m
[ 57%] [32mBuilding CXX object CMakeFiles/robominer_msgs__rosidl_typesupport_introspection_cpp.dir/rosidl_typesupport_introspection_cpp/robominer_msgs/msg/detail/spectrometer_measurement__type_support.cpp.o[0m
[ 58%] [32m[1mLinking C shared library librobominer_msgs__rosidl_typesupport_introspection_c.so[0m
[ 58%] Built target robominer_msgs__rosidl_typesupport_cpp
[ 59%] [32mBuilding CXX object CMakeFiles/robominer_msgs__rosidl_typesupport_introspection_cpp.dir/rosidl_typesupport_introspection_cpp/robominer_msgs/msg/detail/spectrometer_calibration__type_support.cpp.o[0m
[ 59%] Built target robominer_msgs__rosidl_typesupport_introspection_c
[ 60%] [32mBuilding CXX object CMakeFiles/robominer_msgs__rosidl_typesupport_introspection_cpp.dir/rosidl_typesupport_introspection_cpp/robominer_msgs/msg/detail/spectrometer_frequency_command__type_support.cpp.o[0m
[ 61%] [32mBuilding CXX object CMakeFiles/robominer_msgs__rosidl_typesupport_fastrtps_cpp.dir/rosidl_typesupport_fastrtps_cpp/robominer_msgs/msg/detail/dds_fastrtps/whisker_array__type_support.cpp.o[0m
[ 62%] [32mBuilding CXX object CMakeFiles/robominer_msgs__rosidl_typesupport_introspection_cpp.dir/rosidl_typesupport_introspection_cpp/robominer_msgs/msg/detail/fiducial_transform__type_support.cpp.o[0m
[ 63%] [32mBuilding CXX object CMakeFiles/robominer_msgs__rosidl_typesupport_introspection_cpp.dir/rosidl_typesupport_introspection_cpp/robominer_msgs/msg/detail/fiducial_transform_array__type_support.cpp.o[0m
[ 64%] [32mBuilding CXX object CMakeFiles/robominer_msgs__rosidl_typesupport_fastrtps_cpp.dir/rosidl_typesupport_fastrtps_cpp/robominer_msgs/msg/detail/dds_fastrtps/spectrometer_measurement__type_support.cpp.o[0m
[ 65%] [32mBuilding CXX object CMakeFiles/robominer_msgs__rosidl_typesupport_fastrtps_cpp.dir/rosidl_typesupport_fastrtps_cpp/robominer_msgs/msg/detail/dds_fastrtps/spectrometer_calibration__type_support.cpp.o[0m
[ 66%] [32mBuilding CXX object CMakeFiles/robominer_msgs__rosidl_typesupport_fastrtps_cpp.dir/rosidl_typesupport_fastrtps_cpp/robominer_msgs/msg/detail/dds_fastrtps/spectrometer_frequency_command__type_support.cpp.o[0m
[ 67%] [32mBuilding CXX object CMakeFiles/robominer_msgs__rosidl_typesupport_fastrtps_cpp.dir/rosidl_typesupport_fastrtps_cpp/robominer_msgs/msg/detail/dds_fastrtps/fiducial_transform__type_support.cpp.o[0m
[ 68%] [32mBuilding CXX object CMakeFiles/robominer_msgs__rosidl_typesupport_fastrtps_cpp.dir/rosidl_typesupport_fastrtps_cpp/robominer_msgs/msg/detail/dds_fastrtps/fiducial_transform_array__type_support.cpp.o[0m
[ 69%] [32m[1mLinking CXX shared library librobominer_msgs__rosidl_typesupport_introspection_cpp.so[0m
[ 69%] Built target robominer_msgs__rosidl_typesupport_introspection_cpp
[ 70%] [32m[1mLinking CXX shared library librobominer_msgs__rosidl_typesupport_fastrtps_cpp.so[0m
[ 70%] Built target robominer_msgs__rosidl_typesupport_fastrtps_cpp
[ 71%] [34m[1mGenerating C type support for eProsima Fast-RTPS[0m
[35m[1mScanning dependencies of target robominer_msgs__rosidl_typesupport_fastrtps_c[0m
[ 75%] [32mBuilding CXX object CMakeFiles/robominer_msgs__rosidl_typesupport_fastrtps_c.dir/rosidl_typesupport_fastrtps_c/robominer_msgs/msg/detail/motor_module_command__type_support_c.cpp.o[0m
[ 75%] [32mBuilding CXX object CMakeFiles/robominer_msgs__rosidl_typesupport_fastrtps_c.dir/rosidl_typesupport_fastrtps_c/robominer_msgs/msg/detail/whisker__type_support_c.cpp.o[0m
[ 75%] [32mBuilding CXX object CMakeFiles/robominer_msgs__rosidl_typesupport_fastrtps_c.dir/rosidl_typesupport_fastrtps_c/robominer_msgs/msg/detail/whisker_pos_in_grid__type_support_c.cpp.o[0m
[ 75%] [32mBuilding CXX object CMakeFiles/robominer_msgs__rosidl_typesupport_fastrtps_c.dir/rosidl_typesupport_fastrtps_c/robominer_msgs/msg/detail/motor_module_feedback__type_support_c.cpp.o[0m
[ 76%] [32mBuilding CXX object CMakeFiles/robominer_msgs__rosidl_typesupport_fastrtps_c.dir/rosidl_typesupport_fastrtps_c/robominer_msgs/msg/detail/whisker_array__type_support_c.cpp.o[0m
[ 77%] [32mBuilding CXX object CMakeFiles/robominer_msgs__rosidl_typesupport_fastrtps_c.dir/rosidl_typesupport_fastrtps_c/robominer_msgs/msg/detail/spectrometer_frequency_command__type_support_c.cpp.o[0m
[ 78%] [32mBuilding CXX object CMakeFiles/robominer_msgs__rosidl_typesupport_fastrtps_c.dir/rosidl_typesupport_fastrtps_c/robominer_msgs/msg/detail/spectrometer_measurement__type_support_c.cpp.o[0m
[ 79%] [32mBuilding CXX object CMakeFiles/robominer_msgs__rosidl_typesupport_fastrtps_c.dir/rosidl_typesupport_fastrtps_c/robominer_msgs/msg/detail/spectrometer_calibration__type_support_c.cpp.o[0m
[ 81%] [32mBuilding CXX object CMakeFiles/robominer_msgs__rosidl_typesupport_fastrtps_c.dir/rosidl_typesupport_fastrtps_c/robominer_msgs/msg/detail/fiducial_transform_array__type_support_c.cpp.o[0m
[ 81%] [32mBuilding CXX object CMakeFiles/robominer_msgs__rosidl_typesupport_fastrtps_c.dir/rosidl_typesupport_fastrtps_c/robominer_msgs/msg/detail/fiducial_transform__type_support_c.cpp.o[0m
[ 82%] [32m[1mLinking CXX shared library librobominer_msgs__rosidl_typesupport_fastrtps_c.so[0m
[ 82%] Built target robominer_msgs__rosidl_typesupport_fastrtps_c
[35m[1mScanning dependencies of target robominer_msgs[0m
[ 82%] Built target robominer_msgs
[35m[1mScanning dependencies of target robominer_msgs__py[0m
[ 83%] [34m[1mGenerating Python code for ROS interfaces[0m
[ 83%] Built target robominer_msgs__py
[35m[1mScanning dependencies of target robominer_msgs__python[0m
[ 86%] [32mBuilding C object CMakeFiles/robominer_msgs__python.dir/rosidl_generator_py/robominer_msgs/msg/_motor_module_command_s.c.o[0m
[ 86%] [32mBuilding C object CMakeFiles/robominer_msgs__python.dir/rosidl_generator_py/robominer_msgs/msg/_whisker_pos_in_grid_s.c.o[0m
[ 86%] [32mBuilding C object CMakeFiles/robominer_msgs__python.dir/rosidl_generator_py/robominer_msgs/msg/_motor_module_feedback_s.c.o[0m
[ 88%] [32mBuilding C object CMakeFiles/robominer_msgs__python.dir/rosidl_generator_py/robominer_msgs/msg/_spectrometer_measurement_s.c.o[0m
[ 88%] [32mBuilding C object CMakeFiles/robominer_msgs__python.dir/rosidl_generator_py/robominer_msgs/msg/_spectrometer_calibration_s.c.o[0m
[ 90%] [32mBuilding C object CMakeFiles/robominer_msgs__python.dir/rosidl_generator_py/robominer_msgs/msg/_whisker_s.c.o[0m
[ 90%] [32mBuilding C object CMakeFiles/robominer_msgs__python.dir/rosidl_generator_py/robominer_msgs/msg/_spectrometer_frequency_command_s.c.o[0m
[ 91%] [32mBuilding C object CMakeFiles/robominer_msgs__python.dir/rosidl_generator_py/robominer_msgs/msg/_whisker_array_s.c.o[0m
[ 93%] [32mBuilding C object CMakeFiles/robominer_msgs__python.dir/rosidl_generator_py/robominer_msgs/msg/_fiducial_transform_array_s.c.o[0m
[ 93%] [32mBuilding C object CMakeFiles/robominer_msgs__python.dir/rosidl_generator_py/robominer_msgs/msg/_fiducial_transform_s.c.o[0m
[ 94%] [32m[1mLinking C shared library rosidl_generator_py/robominer_msgs/librobominer_msgs__python.so[0m
[ 94%] Built target robominer_msgs__python
[35m[1mScanning dependencies of target robominer_msgs__rosidl_typesupport_c__pyext[0m
[35m[1mScanning dependencies of target robominer_msgs__rosidl_typesupport_introspection_c__pyext[0m
[35m[1mScanning dependencies of target robominer_msgs__rosidl_typesupport_fastrtps_c__pyext[0m
[ 96%] [32mBuilding C object CMakeFiles/robominer_msgs__rosidl_typesupport_fastrtps_c__pyext.dir/rosidl_generator_py/robominer_msgs/_robominer_msgs_s.ep.rosidl_typesupport_fastrtps_c.c.o[0m
[ 96%] [32mBuilding C object CMakeFiles/robominer_msgs__rosidl_typesupport_introspection_c__pyext.dir/rosidl_generator_py/robominer_msgs/_robominer_msgs_s.ep.rosidl_typesupport_introspection_c.c.o[0m
[ 97%] [32mBuilding C object CMakeFiles/robominer_msgs__rosidl_typesupport_c__pyext.dir/rosidl_generator_py/robominer_msgs/_robominer_msgs_s.ep.rosidl_typesupport_c.c.o[0m
[ 98%] [32m[1mLinking C shared library rosidl_generator_py/robominer_msgs/robominer_msgs_s__rosidl_typesupport_c.cpython-38-x86_64-linux-gnu.so[0m
[ 99%] [32m[1mLinking C shared library rosidl_generator_py/robominer_msgs/robominer_msgs_s__rosidl_typesupport_introspection_c.cpython-38-x86_64-linux-gnu.so[0m
[100%] [32m[1mLinking CXX shared library rosidl_generator_py/robominer_msgs/robominer_msgs_s__rosidl_typesupport_fastrtps_c.cpython-38-x86_64-linux-gnu.so[0m
[100%] Built target robominer_msgs__rosidl_typesupport_introspection_c__pyext
[100%] Built target robominer_msgs__rosidl_typesupport_c__pyext
[100%] Built target robominer_msgs__rosidl_typesupport_fastrtps_c__pyext
-- Install configuration: ""
-- Installing: /home/jaime/RM3_ws/install/robominer_msgs/share/ament_index/resource_index/rosidl_interfaces/robominer_msgs
-- Installing: /home/jaime/RM3_ws/install/robominer_msgs/include/robominer_msgs
-- Installing: /home/jaime/RM3_ws/install/robominer_msgs/include/robominer_msgs/msg
-- Installing: /home/jaime/RM3_ws/install/robominer_msgs/include/robominer_msgs/msg/whisker.h
-- Installing: /home/jaime/RM3_ws/install/robominer_msgs/include/robominer_msgs/msg/fiducial_transform.h
-- Installing: /home/jaime/RM3_ws/install/robominer_msgs/include/robominer_msgs/msg/fiducial_transform_array.h
-- Installing: /home/jaime/RM3_ws/install/robominer_msgs/include/robominer_msgs/msg/rosidl_generator_c__visibility_control.h
-- Installing: /home/jaime/RM3_ws/install/robominer_msgs/include/robominer_msgs/msg/spectrometer_frequency_command.h
-- Installing: /home/jaime/RM3_ws/install/robominer_msgs/include/robominer_msgs/msg/detail
-- Installing: /home/jaime/RM3_ws/install/robominer_msgs/include/robominer_msgs/msg/detail/fiducial_transform__functions.c
-- Installing: /home/jaime/RM3_ws/install/robominer_msgs/include/robominer_msgs/msg/detail/motor_module_command__type_support.h
-- Installing: /home/jaime/RM3_ws/install/robominer_msgs/include/robominer_msgs/msg/detail/fiducial_transform__struct.h
-- Installing: /home/jaime/RM3_ws/install/robominer_msgs/include/robominer_msgs/msg/detail/whisker_pos_in_grid__functions.h
-- Installing: /home/jaime/RM3_ws/install/robominer_msgs/include/robominer_msgs/msg/detail/spectrometer_calibration__functions.h
-- Installing: /home/jaime/RM3_ws/install/robominer_msgs/include/robominer_msgs/msg/detail/whisker__struct.h
-- Installing: /home/jaime/RM3_ws/install/robominer_msgs/include/robominer_msgs/msg/detail/motor_module_feedback__functions.h
-- Installing: /home/jaime/RM3_ws/install/robominer_msgs/include/robominer_msgs/msg/detail/fiducial_transform_array__type_support.h
-- Installing: /home/jaime/RM3_ws/install/robominer_msgs/include/robominer_msgs/msg/detail/spectrometer_frequency_command__functions.c
-- Installing: /home/jaime/RM3_ws/install/robominer_msgs/include/robominer_msgs/msg/detail/motor_module_command__struct.h
-- Installing: /home/jaime/RM3_ws/install/robominer_msgs/include/robominer_msgs/msg/detail/whisker_pos_in_grid__struct.h
-- Installing: /home/jaime/RM3_ws/install/robominer_msgs/include/robominer_msgs/msg/detail/spectrometer_measurement__functions.h
-- Installing: /home/jaime/RM3_ws/install/robominer_msgs/include/robominer_msgs/msg/detail/spectrometer_measurement__struct.h
-- Installing: /home/jaime/RM3_ws/install/robominer_msgs/include/robominer_msgs/msg/detail/spectrometer_frequency_command__functions.h
-- Installing: /home/jaime/RM3_ws/install/robominer_msgs/include/robominer_msgs/msg/detail/motor_module_feedback__struct.h
-- Installing: /home/jaime/RM3_ws/install/robominer_msgs/include/robominer_msgs/msg/detail/whisker__type_support.h
-- Installing: /home/jaime/RM3_ws/install/robominer_msgs/include/robominer_msgs/msg/detail/fiducial_transform_array__functions.c
-- Installing: /home/jaime/RM3_ws/install/robominer_msgs/include/robominer_msgs/msg/detail/spectrometer_frequency_command__struct.h
-- Installing: /home/jaime/RM3_ws/install/robominer_msgs/include/robominer_msgs/msg/detail/whisker__functions.h
-- Installing: /home/jaime/RM3_ws/install/robominer_msgs/include/robominer_msgs/msg/detail/fiducial_transform__type_support.h
-- Installing: /home/jaime/RM3_ws/install/robominer_msgs/include/robominer_msgs/msg/detail/spectrometer_measurement__functions.c
-- Installing: /home/jaime/RM3_ws/install/robominer_msgs/include/robominer_msgs/msg/detail/motor_module_feedback__type_support.h
-- Installing: /home/jaime/RM3_ws/install/robominer_msgs/include/robominer_msgs/msg/detail/whisker_pos_in_grid__functions.c
-- Installing: /home/jaime/RM3_ws/install/robominer_msgs/include/robominer_msgs/msg/detail/spectrometer_measurement__type_support.h
-- Installing: /home/jaime/RM3_ws/install/robominer_msgs/include/robominer_msgs/msg/detail/whisker_array__type_support.h
-- Installing: /home/jaime/RM3_ws/install/robominer_msgs/include/robominer_msgs/msg/detail/whisker_pos_in_grid__type_support.h
-- Installing: /home/jaime/RM3_ws/install/robominer_msgs/include/robominer_msgs/msg/detail/whisker__functions.c
-- Installing: /home/jaime/RM3_ws/install/robominer_msgs/include/robominer_msgs/msg/detail/spectrometer_calibration__struct.h
-- Installing: /home/jaime/RM3_ws/install/robominer_msgs/include/robominer_msgs/msg/detail/fiducial_transform__functions.h
-- Installing: /home/jaime/RM3_ws/install/robominer_msgs/include/robominer_msgs/msg/detail/fiducial_transform_array__functions.h
-- Installing: /home/jaime/RM3_ws/install/robominer_msgs/include/robominer_msgs/msg/detail/fiducial_transform_array__struct.h
-- Installing: /home/jaime/RM3_ws/install/robominer_msgs/include/robominer_msgs/msg/detail/motor_module_command__functions.c
-- Installing: /home/jaime/RM3_ws/install/robominer_msgs/include/robominer_msgs/msg/detail/motor_module_command__functions.h
-- Installing: /home/jaime/RM3_ws/install/robominer_msgs/include/robominer_msgs/msg/detail/spectrometer_calibration__type_support.h
-- Installing: /home/jaime/RM3_ws/install/robominer_msgs/include/robominer_msgs/msg/detail/whisker_array__struct.h
-- Installing: /home/jaime/RM3_ws/install/robominer_msgs/include/robominer_msgs/msg/detail/spectrometer_frequency_command__type_support.h
-- Installing: /home/jaime/RM3_ws/install/robominer_msgs/include/robominer_msgs/msg/detail/whisker_array__functions.c
-- Installing: /home/jaime/RM3_ws/install/robominer_msgs/include/robominer_msgs/msg/detail/whisker_array__functions.h
-- Installing: /home/jaime/RM3_ws/install/robominer_msgs/include/robominer_msgs/msg/detail/spectrometer_calibration__functions.c
-- Installing: /home/jaime/RM3_ws/install/robominer_msgs/include/robominer_msgs/msg/detail/motor_module_feedback__functions.c
-- Installing: /home/jaime/RM3_ws/install/robominer_msgs/include/robominer_msgs/msg/whisker_pos_in_grid.h
-- Installing: /home/jaime/RM3_ws/install/robominer_msgs/include/robominer_msgs/msg/motor_module_command.h
-- Installing: /home/jaime/RM3_ws/install/robominer_msgs/include/robominer_msgs/msg/motor_module_feedback.h
-- Installing: /home/jaime/RM3_ws/install/robominer_msgs/include/robominer_msgs/msg/spectrometer_calibration.h
-- Installing: /home/jaime/RM3_ws/install/robominer_msgs/include/robominer_msgs/msg/spectrometer_measurement.h
-- Installing: /home/jaime/RM3_ws/install/robominer_msgs/include/robominer_msgs/msg/whisker_array.h
-- Installing: /home/jaime/RM3_ws/install/robominer_msgs/share/robominer_msgs/environment/library_path.sh
-- Installing: /home/jaime/RM3_ws/install/robominer_msgs/share/robominer_msgs/environment/library_path.dsv
-- Installing: /home/jaime/RM3_ws/install/robominer_msgs/lib/librobominer_msgs__rosidl_generator_c.so
-- Set runtime path of "/home/jaime/RM3_ws/install/robominer_msgs/lib/librobominer_msgs__rosidl_generator_c.so" to ""
-- Up-to-date: /home/jaime/RM3_ws/install/robominer_msgs/include/robominer_msgs
-- Up-to-date: /home/jaime/RM3_ws/install/robominer_msgs/include/robominer_msgs/msg
-- Installing: /home/jaime/RM3_ws/install/robominer_msgs/include/robominer_msgs/msg/rosidl_typesupport_fastrtps_c__visibility_control.h
-- Up-to-date: /home/jaime/RM3_ws/install/robominer_msgs/include/robominer_msgs/msg/detail
-- Installing: /home/jaime/RM3_ws/install/robominer_msgs/include/robominer_msgs/msg/detail/whisker_pos_in_grid__rosidl_typesupport_fastrtps_c.h
-- Installing: /home/jaime/RM3_ws/install/robominer_msgs/include/robominer_msgs/msg/detail/fiducial_transform_array__rosidl_typesupport_fastrtps_c.h
-- Installing: /home/jaime/RM3_ws/install/robominer_msgs/include/robominer_msgs/msg/detail/whisker_array__rosidl_typesupport_fastrtps_c.h
-- Installing: /home/jaime/RM3_ws/install/robominer_msgs/include/robominer_msgs/msg/detail/fiducial_transform__rosidl_typesupport_fastrtps_c.h
-- Installing: /home/jaime/RM3_ws/install/robominer_msgs/include/robominer_msgs/msg/detail/spectrometer_measurement__rosidl_typesupport_fastrtps_c.h
-- Installing: /home/jaime/RM3_ws/install/robominer_msgs/include/robominer_msgs/msg/detail/motor_module_feedback__rosidl_typesupport_fastrtps_c.h
-- Installing: /home/jaime/RM3_ws/install/robominer_msgs/include/robominer_msgs/msg/detail/spectrometer_calibration__rosidl_typesupport_fastrtps_c.h
-- Installing: /home/jaime/RM3_ws/install/robominer_msgs/include/robominer_msgs/msg/detail/motor_module_command__rosidl_typesupport_fastrtps_c.h
-- Installing: /home/jaime/RM3_ws/install/robominer_msgs/include/robominer_msgs/msg/detail/spectrometer_frequency_command__rosidl_typesupport_fastrtps_c.h
-- Installing: /home/jaime/RM3_ws/install/robominer_msgs/include/robominer_msgs/msg/detail/whisker__rosidl_typesupport_fastrtps_c.h
-- Installing: /home/jaime/RM3_ws/install/robominer_msgs/lib/librobominer_msgs__rosidl_typesupport_fastrtps_c.so
-- Set runtime path of "/home/jaime/RM3_ws/install/robominer_msgs/lib/librobominer_msgs__rosidl_typesupport_fastrtps_c.so" to ""
-- Up-to-date: /home/jaime/RM3_ws/install/robominer_msgs/include/robominer_msgs
-- Up-to-date: /home/jaime/RM3_ws/install/robominer_msgs/include/robominer_msgs/msg
-- Installing: /home/jaime/RM3_ws/install/robominer_msgs/include/robominer_msgs/msg/rosidl_typesupport_fastrtps_cpp__visibility_control.h
-- Up-to-date: /home/jaime/RM3_ws/install/robominer_msgs/include/robominer_msgs/msg/detail
-- Installing: /home/jaime/RM3_ws/install/robominer_msgs/include/robominer_msgs/msg/detail/motor_module_feedback__rosidl_typesupport_fastrtps_cpp.hpp
-- Installing: /home/jaime/RM3_ws/install/robominer_msgs/include/robominer_msgs/msg/detail/spectrometer_measurement__rosidl_typesupport_fastrtps_cpp.hpp
-- Installing: /home/jaime/RM3_ws/install/robominer_msgs/include/robominer_msgs/msg/detail/whisker_array__rosidl_typesupport_fastrtps_cpp.hpp
-- Installing: /home/jaime/RM3_ws/install/robominer_msgs/include/robominer_msgs/msg/detail/spectrometer_frequency_command__rosidl_typesupport_fastrtps_cpp.hpp
-- Installing: /home/jaime/RM3_ws/install/robominer_msgs/include/robominer_msgs/msg/detail/fiducial_transform_array__rosidl_typesupport_fastrtps_cpp.hpp
-- Installing: /home/jaime/RM3_ws/install/robominer_msgs/include/robominer_msgs/msg/detail/fiducial_transform__rosidl_typesupport_fastrtps_cpp.hpp
-- Installing: /home/jaime/RM3_ws/install/robominer_msgs/include/robominer_msgs/msg/detail/whisker__rosidl_typesupport_fastrtps_cpp.hpp
-- Installing: /home/jaime/RM3_ws/install/robominer_msgs/include/robominer_msgs/msg/detail/motor_module_command__rosidl_typesupport_fastrtps_cpp.hpp
-- Installing: /home/jaime/RM3_ws/install/robominer_msgs/include/robominer_msgs/msg/detail/dds_fastrtps
-- Installing: /home/jaime/RM3_ws/install/robominer_msgs/include/robominer_msgs/msg/detail/whisker_pos_in_grid__rosidl_typesupport_fastrtps_cpp.hpp
-- Installing: /home/jaime/RM3_ws/install/robominer_msgs/include/robominer_msgs/msg/detail/spectrometer_calibration__rosidl_typesupport_fastrtps_cpp.hpp
-- Installing: /home/jaime/RM3_ws/install/robominer_msgs/lib/librobominer_msgs__rosidl_typesupport_fastrtps_cpp.so
-- Set runtime path of "/home/jaime/RM3_ws/install/robominer_msgs/lib/librobominer_msgs__rosidl_typesupport_fastrtps_cpp.so" to ""
-- Up-to-date: /home/jaime/RM3_ws/install/robominer_msgs/include/robominer_msgs
-- Up-to-date: /home/jaime/RM3_ws/install/robominer_msgs/include/robominer_msgs/msg
-- Up-to-date: /home/jaime/RM3_ws/install/robominer_msgs/include/robominer_msgs/msg/detail
-- Installing: /home/jaime/RM3_ws/install/robominer_msgs/include/robominer_msgs/msg/detail/spectrometer_calibration__rosidl_typesupport_introspection_c.h
-- Installing: /home/jaime/RM3_ws/install/robominer_msgs/include/robominer_msgs/msg/detail/whisker_pos_in_grid__rosidl_typesupport_introspection_c.h
-- Installing: /home/jaime/RM3_ws/install/robominer_msgs/include/robominer_msgs/msg/detail/motor_module_command__rosidl_typesupport_introspection_c.h
-- Installing: /home/jaime/RM3_ws/install/robominer_msgs/include/robominer_msgs/msg/detail/spectrometer_frequency_command__rosidl_typesupport_introspection_c.h
-- Installing: /home/jaime/RM3_ws/install/robominer_msgs/include/robominer_msgs/msg/detail/motor_module_feedback__type_support.c
-- Installing: /home/jaime/RM3_ws/install/robominer_msgs/include/robominer_msgs/msg/detail/motor_module_command__type_support.c
-- Installing: /home/jaime/RM3_ws/install/robominer_msgs/include/robominer_msgs/msg/detail/fiducial_transform__type_support.c
-- Installing: /home/jaime/RM3_ws/install/robominer_msgs/include/robominer_msgs/msg/detail/spectrometer_measurement__rosidl_typesupport_introspection_c.h
-- Installing: /home/jaime/RM3_ws/install/robominer_msgs/include/robominer_msgs/msg/detail/motor_module_feedback__rosidl_typesupport_introspection_c.h
-- Installing: /home/jaime/RM3_ws/install/robominer_msgs/include/robominer_msgs/msg/detail/fiducial_transform__rosidl_typesupport_introspection_c.h
-- Installing: /home/jaime/RM3_ws/install/robominer_msgs/include/robominer_msgs/msg/detail/whisker__rosidl_typesupport_introspection_c.h
-- Installing: /home/jaime/RM3_ws/install/robominer_msgs/include/robominer_msgs/msg/detail/spectrometer_calibration__type_support.c
-- Installing: /home/jaime/RM3_ws/install/robominer_msgs/include/robominer_msgs/msg/detail/whisker__type_support.c
-- Installing: /home/jaime/RM3_ws/install/robominer_msgs/include/robominer_msgs/msg/detail/fiducial_transform_array__rosidl_typesupport_introspection_c.h
-- Installing: /home/jaime/RM3_ws/install/robominer_msgs/include/robominer_msgs/msg/detail/whisker_array__type_support.c
-- Installing: /home/jaime/RM3_ws/install/robominer_msgs/include/robominer_msgs/msg/detail/whisker_array__rosidl_typesupport_introspection_c.h
-- Installing: /home/jaime/RM3_ws/install/robominer_msgs/include/robominer_msgs/msg/detail/spectrometer_measurement__type_support.c
-- Installing: /home/jaime/RM3_ws/install/robominer_msgs/include/robominer_msgs/msg/detail/fiducial_transform_array__type_support.c
-- Installing: /home/jaime/RM3_ws/install/robominer_msgs/include/robominer_msgs/msg/detail/whisker_pos_in_grid__type_support.c
-- Installing: /home/jaime/RM3_ws/install/robominer_msgs/include/robominer_msgs/msg/detail/spectrometer_frequency_command__type_support.c
-- Installing: /home/jaime/RM3_ws/install/robominer_msgs/include/robominer_msgs/msg/rosidl_typesupport_introspection_c__visibility_control.h
-- Installing: /home/jaime/RM3_ws/install/robominer_msgs/lib/librobominer_msgs__rosidl_typesupport_introspection_c.so
-- Set runtime path of "/home/jaime/RM3_ws/install/robominer_msgs/lib/librobominer_msgs__rosidl_typesupport_introspection_c.so" to ""
-- Installing: /home/jaime/RM3_ws/install/robominer_msgs/lib/librobominer_msgs__rosidl_typesupport_c.so
-- Set runtime path of "/home/jaime/RM3_ws/install/robominer_msgs/lib/librobominer_msgs__rosidl_typesupport_c.so" to ""
-- Up-to-date: /home/jaime/RM3_ws/install/robominer_msgs/include/robominer_msgs
-- Up-to-date: /home/jaime/RM3_ws/install/robominer_msgs/include/robominer_msgs/msg
-- Installing: /home/jaime/RM3_ws/install/robominer_msgs/include/robominer_msgs/msg/spectrometer_measurement.hpp
-- Installing: /home/jaime/RM3_ws/install/robominer_msgs/include/robominer_msgs/msg/whisker_array.hpp
-- Installing: /home/jaime/RM3_ws/install/robominer_msgs/include/robominer_msgs/msg/fiducial_transform_array.hpp
-- Installing: /home/jaime/RM3_ws/install/robominer_msgs/include/robominer_msgs/msg/spectrometer_calibration.hpp
-- Installing: /home/jaime/RM3_ws/install/robominer_msgs/include/robominer_msgs/msg/motor_module_feedback.hpp
-- Installing: /home/jaime/RM3_ws/install/robominer_msgs/include/robominer_msgs/msg/spectrometer_frequency_command.hpp
-- Up-to-date: /home/jaime/RM3_ws/install/robominer_msgs/include/robominer_msgs/msg/detail
-- Installing: /home/jaime/RM3_ws/install/robominer_msgs/include/robominer_msgs/msg/detail/motor_module_feedback__builder.hpp
-- Installing: /home/jaime/RM3_ws/install/robominer_msgs/include/robominer_msgs/msg/detail/fiducial_transform_array__traits.hpp
-- Installing: /home/jaime/RM3_ws/install/robominer_msgs/include/robominer_msgs/msg/detail/spectrometer_measurement__builder.hpp
-- Installing: /home/jaime/RM3_ws/install/robominer_msgs/include/robominer_msgs/msg/detail/spectrometer_measurement__struct.hpp
-- Installing: /home/jaime/RM3_ws/install/robominer_msgs/include/robominer_msgs/msg/detail/whisker_pos_in_grid__struct.hpp
-- Installing: /home/jaime/RM3_ws/install/robominer_msgs/include/robominer_msgs/msg/detail/fiducial_transform__struct.hpp
-- Installing: /home/jaime/RM3_ws/install/robominer_msgs/include/robominer_msgs/msg/detail/motor_module_feedback__struct.hpp
-- Installing: /home/jaime/RM3_ws/install/robominer_msgs/include/robominer_msgs/msg/detail/spectrometer_frequency_command__traits.hpp
-- Installing: /home/jaime/RM3_ws/install/robominer_msgs/include/robominer_msgs/msg/detail/fiducial_transform__traits.hpp
-- Installing: /home/jaime/RM3_ws/install/robominer_msgs/include/robominer_msgs/msg/detail/spectrometer_measurement__traits.hpp
-- Installing: /home/jaime/RM3_ws/install/robominer_msgs/include/robominer_msgs/msg/detail/fiducial_transform__builder.hpp
-- Installing: /home/jaime/RM3_ws/install/robominer_msgs/include/robominer_msgs/msg/detail/whisker_pos_in_grid__traits.hpp
-- Installing: /home/jaime/RM3_ws/install/robominer_msgs/include/robominer_msgs/msg/detail/whisker_pos_in_grid__builder.hpp
-- Installing: /home/jaime/RM3_ws/install/robominer_msgs/include/robominer_msgs/msg/detail/whisker__traits.hpp
-- Installing: /home/jaime/RM3_ws/install/robominer_msgs/include/robominer_msgs/msg/detail/whisker_array__builder.hpp
-- Installing: /home/jaime/RM3_ws/install/robominer_msgs/include/robominer_msgs/msg/detail/fiducial_transform_array__struct.hpp
-- Installing: /home/jaime/RM3_ws/install/robominer_msgs/include/robominer_msgs/msg/detail/spectrometer_calibration__builder.hpp
-- Installing: /home/jaime/RM3_ws/install/robominer_msgs/include/robominer_msgs/msg/detail/motor_module_command__struct.hpp
-- Installing: /home/jaime/RM3_ws/install/robominer_msgs/include/robominer_msgs/msg/detail/whisker_array__struct.hpp
-- Installing: /home/jaime/RM3_ws/install/robominer_msgs/include/robominer_msgs/msg/detail/spectrometer_frequency_command__builder.hpp
-- Installing: /home/jaime/RM3_ws/install/robominer_msgs/include/robominer_msgs/msg/detail/whisker_array__traits.hpp
-- Installing: /home/jaime/RM3_ws/install/robominer_msgs/include/robominer_msgs/msg/detail/spectrometer_calibration__struct.hpp
-- Installing: /home/jaime/RM3_ws/install/robominer_msgs/include/robominer_msgs/msg/detail/motor_module_feedback__traits.hpp
-- Installing: /home/jaime/RM3_ws/install/robominer_msgs/include/robominer_msgs/msg/detail/motor_module_command__builder.hpp
-- Installing: /home/jaime/RM3_ws/install/robominer_msgs/include/robominer_msgs/msg/detail/motor_module_command__traits.hpp
-- Installing: /home/jaime/RM3_ws/install/robominer_msgs/include/robominer_msgs/msg/detail/spectrometer_calibration__traits.hpp
-- Installing: /home/jaime/RM3_ws/install/robominer_msgs/include/robominer_msgs/msg/detail/fiducial_transform_array__builder.hpp
-- Installing: /home/jaime/RM3_ws/install/robominer_msgs/include/robominer_msgs/msg/detail/whisker__builder.hpp
-- Installing: /home/jaime/RM3_ws/install/robominer_msgs/include/robominer_msgs/msg/detail/spectrometer_frequency_command__struct.hpp
-- Installing: /home/jaime/RM3_ws/install/robominer_msgs/include/robominer_msgs/msg/detail/whisker__struct.hpp
-- Installing: /home/jaime/RM3_ws/install/robominer_msgs/include/robominer_msgs/msg/motor_module_command.hpp
-- Installing: /home/jaime/RM3_ws/install/robominer_msgs/include/robominer_msgs/msg/whisker.hpp
-- Installing: /home/jaime/RM3_ws/install/robominer_msgs/include/robominer_msgs/msg/fiducial_transform.hpp
-- Installing: /home/jaime/RM3_ws/install/robominer_msgs/include/robominer_msgs/msg/whisker_pos_in_grid.hpp
-- Up-to-date: /home/jaime/RM3_ws/install/robominer_msgs/include/robominer_msgs
-- Up-to-date: /home/jaime/RM3_ws/install/robominer_msgs/include/robominer_msgs/msg
-- Up-to-date: /home/jaime/RM3_ws/install/robominer_msgs/include/robominer_msgs/msg/detail
-- Installing: /home/jaime/RM3_ws/install/robominer_msgs/include/robominer_msgs/msg/detail/motor_module_feedback__type_support.cpp
-- Installing: /home/jaime/RM3_ws/install/robominer_msgs/include/robominer_msgs/msg/detail/whisker_pos_in_grid__rosidl_typesupport_introspection_cpp.hpp
-- Installing: /home/jaime/RM3_ws/install/robominer_msgs/include/robominer_msgs/msg/detail/spectrometer_frequency_command__rosidl_typesupport_introspection_cpp.hpp
-- Installing: /home/jaime/RM3_ws/install/robominer_msgs/include/robominer_msgs/msg/detail/fiducial_transform_array__rosidl_typesupport_introspection_cpp.hpp
-- Installing: /home/jaime/RM3_ws/install/robominer_msgs/include/robominer_msgs/msg/detail/spectrometer_frequency_command__type_support.cpp
-- Installing: /home/jaime/RM3_ws/install/robominer_msgs/include/robominer_msgs/msg/detail/whisker__rosidl_typesupport_introspection_cpp.hpp
-- Installing: /home/jaime/RM3_ws/install/robominer_msgs/include/robominer_msgs/msg/detail/whisker_array__type_support.cpp
-- Installing: /home/jaime/RM3_ws/install/robominer_msgs/include/robominer_msgs/msg/detail/motor_module_command__rosidl_typesupport_introspection_cpp.hpp
-- Installing: /home/jaime/RM3_ws/install/robominer_msgs/include/robominer_msgs/msg/detail/whisker_array__rosidl_typesupport_introspection_cpp.hpp
-- Installing: /home/jaime/RM3_ws/install/robominer_msgs/include/robominer_msgs/msg/detail/whisker__type_support.cpp
-- Installing: /home/jaime/RM3_ws/install/robominer_msgs/include/robominer_msgs/msg/detail/spectrometer_measurement__type_support.cpp
-- Installing: /home/jaime/RM3_ws/install/robominer_msgs/include/robominer_msgs/msg/detail/whisker_pos_in_grid__type_support.cpp
-- Installing: /home/jaime/RM3_ws/install/robominer_msgs/include/robominer_msgs/msg/detail/spectrometer_measurement__rosidl_typesupport_introspection_cpp.hpp
-- Installing: /home/jaime/RM3_ws/install/robominer_msgs/include/robominer_msgs/msg/detail/fiducial_transform__type_support.cpp
-- Installing: /home/jaime/RM3_ws/install/robominer_msgs/include/robominer_msgs/msg/detail/motor_module_command__type_support.cpp
-- Installing: /home/jaime/RM3_ws/install/robominer_msgs/include/robominer_msgs/msg/detail/fiducial_transform_array__type_support.cpp
-- Installing: /home/jaime/RM3_ws/install/robominer_msgs/include/robominer_msgs/msg/detail/spectrometer_calibration__rosidl_typesupport_introspection_cpp.hpp
-- Installing: /home/jaime/RM3_ws/install/robominer_msgs/include/robominer_msgs/msg/detail/motor_module_feedback__rosidl_typesupport_introspection_cpp.hpp
-- Installing: /home/jaime/RM3_ws/install/robominer_msgs/include/robominer_msgs/msg/detail/spectrometer_calibration__type_support.cpp
-- Installing: /home/jaime/RM3_ws/install/robominer_msgs/include/robominer_msgs/msg/detail/fiducial_transform__rosidl_typesupport_introspection_cpp.hpp
-- Installing: /home/jaime/RM3_ws/install/robominer_msgs/lib/librobominer_msgs__rosidl_typesupport_introspection_cpp.so
-- Set runtime path of "/home/jaime/RM3_ws/install/robominer_msgs/lib/librobominer_msgs__rosidl_typesupport_introspection_cpp.so" to ""
-- Installing: /home/jaime/RM3_ws/install/robominer_msgs/lib/librobominer_msgs__rosidl_typesupport_cpp.so
-- Set runtime path of "/home/jaime/RM3_ws/install/robominer_msgs/lib/librobominer_msgs__rosidl_typesupport_cpp.so" to ""
-- Installing: /home/jaime/RM3_ws/install/robominer_msgs/share/robominer_msgs/environment/pythonpath.sh
-- Installing: /home/jaime/RM3_ws/install/robominer_msgs/share/robominer_msgs/environment/pythonpath.dsv
-- Installing: /home/jaime/RM3_ws/install/robominer_msgs/lib/python3.8/site-packages/robominer_msgs/__init__.py
Compiling '/home/jaime/RM3_ws/install/robominer_msgs/lib/python3.8/site-packages/robominer_msgs/__init__.py'...
-- Installing: /home/jaime/RM3_ws/install/robominer_msgs/lib/python3.8/site-packages/robominer_msgs/msg
-- Installing: /home/jaime/RM3_ws/install/robominer_msgs/lib/python3.8/site-packages/robominer_msgs/msg/_whisker_pos_in_grid_s.c
-- Installing: /home/jaime/RM3_ws/install/robominer_msgs/lib/python3.8/site-packages/robominer_msgs/msg/_fiducial_transform_s.c
-- Installing: /home/jaime/RM3_ws/install/robominer_msgs/lib/python3.8/site-packages/robominer_msgs/msg/_fiducial_transform_array.py
-- Installing: /home/jaime/RM3_ws/install/robominer_msgs/lib/python3.8/site-packages/robominer_msgs/msg/_whisker_pos_in_grid.py
-- Installing: /home/jaime/RM3_ws/install/robominer_msgs/lib/python3.8/site-packages/robominer_msgs/msg/_motor_module_command_s.c
-- Installing: /home/jaime/RM3_ws/install/robominer_msgs/lib/python3.8/site-packages/robominer_msgs/msg/_whisker_array.py
-- Installing: /home/jaime/RM3_ws/install/robominer_msgs/lib/python3.8/site-packages/robominer_msgs/msg/_whisker_array_s.c
-- Installing: /home/jaime/RM3_ws/install/robominer_msgs/lib/python3.8/site-packages/robominer_msgs/msg/__init__.py
-- Installing: /home/jaime/RM3_ws/install/robominer_msgs/lib/python3.8/site-packages/robominer_msgs/msg/_spectrometer_measurement_s.c
-- Installing: /home/jaime/RM3_ws/install/robominer_msgs/lib/python3.8/site-packages/robominer_msgs/msg/_motor_module_command.py
-- Installing: /home/jaime/RM3_ws/install/robominer_msgs/lib/python3.8/site-packages/robominer_msgs/msg/_spectrometer_calibration_s.c
-- Installing: /home/jaime/RM3_ws/install/robominer_msgs/lib/python3.8/site-packages/robominer_msgs/msg/_whisker_s.c
-- Installing: /home/jaime/RM3_ws/install/robominer_msgs/lib/python3.8/site-packages/robominer_msgs/msg/_spectrometer_calibration.py
-- Installing: /home/jaime/RM3_ws/install/robominer_msgs/lib/python3.8/site-packages/robominer_msgs/msg/_spectrometer_frequency_command.py
-- Installing: /home/jaime/RM3_ws/install/robominer_msgs/lib/python3.8/site-packages/robominer_msgs/msg/_motor_module_feedback.py
-- Installing: /home/jaime/RM3_ws/install/robominer_msgs/lib/python3.8/site-packages/robominer_msgs/msg/_spectrometer_measurement.py
-- Installing: /home/jaime/RM3_ws/install/robominer_msgs/lib/python3.8/site-packages/robominer_msgs/msg/_motor_module_feedback_s.c
-- Installing: /home/jaime/RM3_ws/install/robominer_msgs/lib/python3.8/site-packages/robominer_msgs/msg/_fiducial_transform_array_s.c
-- Installing: /home/jaime/RM3_ws/install/robominer_msgs/lib/python3.8/site-packages/robominer_msgs/msg/_spectrometer_frequency_command_s.c
-- Installing: /home/jaime/RM3_ws/install/robominer_msgs/lib/python3.8/site-packages/robominer_msgs/msg/_whisker.py
-- Installing: /home/jaime/RM3_ws/install/robominer_msgs/lib/python3.8/site-packages/robominer_msgs/msg/_fiducial_transform.py
-- Installing: /home/jaime/RM3_ws/install/robominer_msgs/lib/python3.8/site-packages/robominer_msgs/robominer_msgs_s__rosidl_typesupport_fastrtps_c.cpython-38-x86_64-linux-gnu.so
-- Set runtime path of "/home/jaime/RM3_ws/install/robominer_msgs/lib/python3.8/site-packages/robominer_msgs/robominer_msgs_s__rosidl_typesupport_fastrtps_c.cpython-38-x86_64-linux-gnu.so" to ""
-- Installing: /home/jaime/RM3_ws/install/robominer_msgs/lib/python3.8/site-packages/robominer_msgs/robominer_msgs_s__rosidl_typesupport_introspection_c.cpython-38-x86_64-linux-gnu.so
-- Set runtime path of "/home/jaime/RM3_ws/install/robominer_msgs/lib/python3.8/site-packages/robominer_msgs/robominer_msgs_s__rosidl_typesupport_introspection_c.cpython-38-x86_64-linux-gnu.so" to ""
-- Installing: /home/jaime/RM3_ws/install/robominer_msgs/lib/python3.8/site-packages/robominer_msgs/robominer_msgs_s__rosidl_typesupport_c.cpython-38-x86_64-linux-gnu.so
-- Set runtime path of "/home/jaime/RM3_ws/install/robominer_msgs/lib/python3.8/site-packages/robominer_msgs/robominer_msgs_s__rosidl_typesupport_c.cpython-38-x86_64-linux-gnu.so" to ""
-- Installing: /home/jaime/RM3_ws/install/robominer_msgs/lib/librobominer_msgs__python.so
-- Set runtime path of "/home/jaime/RM3_ws/install/robominer_msgs/lib/librobominer_msgs__python.so" to ""
-- Installing: /home/jaime/RM3_ws/install/robominer_msgs/share/robominer_msgs/msg/MotorModuleFeedback.idl
-- Installing: /home/jaime/RM3_ws/install/robominer_msgs/share/robominer_msgs/msg/MotorModuleCommand.idl
-- Installing: /home/jaime/RM3_ws/install/robominer_msgs/share/robominer_msgs/msg/WhiskerPosInGrid.idl
-- Installing: /home/jaime/RM3_ws/install/robominer_msgs/share/robominer_msgs/msg/Whisker.idl
-- Installing: /home/jaime/RM3_ws/install/robominer_msgs/share/robominer_msgs/msg/WhiskerArray.idl
-- Installing: /home/jaime/RM3_ws/install/robominer_msgs/share/robominer_msgs/msg/SpectrometerMeasurement.idl
-- Installing: /home/jaime/RM3_ws/install/robominer_msgs/share/robominer_msgs/msg/SpectrometerCalibration.idl
-- Installing: /home/jaime/RM3_ws/install/robominer_msgs/share/robominer_msgs/msg/SpectrometerFrequencyCommand.idl
-- Installing: /home/jaime/RM3_ws/install/robominer_msgs/share/robominer_msgs/msg/FiducialTransform.idl
-- Installing: /home/jaime/RM3_ws/install/robominer_msgs/share/robominer_msgs/msg/FiducialTransformArray.idl
-- Installing: /home/jaime/RM3_ws/install/robominer_msgs/share/robominer_msgs/msg/MotorModuleFeedback.msg
-- Installing: /home/jaime/RM3_ws/install/robominer_msgs/share/robominer_msgs/msg/MotorModuleCommand.msg
-- Installing: /home/jaime/RM3_ws/install/robominer_msgs/share/robominer_msgs/msg/WhiskerPosInGrid.msg
-- Installing: /home/jaime/RM3_ws/install/robominer_msgs/share/robominer_msgs/msg/Whisker.msg
-- Installing: /home/jaime/RM3_ws/install/robominer_msgs/share/robominer_msgs/msg/WhiskerArray.msg
-- Installing: /home/jaime/RM3_ws/install/robominer_msgs/share/robominer_msgs/msg/SpectrometerMeasurement.msg
-- Installing: /home/jaime/RM3_ws/install/robominer_msgs/share/robominer_msgs/msg/SpectrometerCalibration.msg
-- Installing: /home/jaime/RM3_ws/install/robominer_msgs/share/robominer_msgs/msg/SpectrometerFrequencyCommand.msg
-- Installing: /home/jaime/RM3_ws/install/robominer_msgs/share/robominer_msgs/msg/FiducialTransform.msg
-- Installing: /home/jaime/RM3_ws/install/robominer_msgs/share/robominer_msgs/msg/FiducialTransformArray.msg
-- Installing: /home/jaime/RM3_ws/install/robominer_msgs/share/ament_index/resource_index/package_run_dependencies/robominer_msgs
-- Installing: /home/jaime/RM3_ws/install/robominer_msgs/share/ament_index/resource_index/parent_prefix_path/robominer_msgs
-- Installing: /home/jaime/RM3_ws/install/robominer_msgs/share/robominer_msgs/environment/ament_prefix_path.sh
-- Installing: /home/jaime/RM3_ws/install/robominer_msgs/share/robominer_msgs/environment/ament_prefix_path.dsv
-- Installing: /home/jaime/RM3_ws/install/robominer_msgs/share/robominer_msgs/environment/path.sh
-- Installing: /home/jaime/RM3_ws/install/robominer_msgs/share/robominer_msgs/environment/path.dsv
-- Installing: /home/jaime/RM3_ws/install/robominer_msgs/share/robominer_msgs/local_setup.bash
-- Installing: /home/jaime/RM3_ws/install/robominer_msgs/share/robominer_msgs/local_setup.sh
-- Installing: /home/jaime/RM3_ws/install/robominer_msgs/share/robominer_msgs/local_setup.zsh
-- Installing: /home/jaime/RM3_ws/install/robominer_msgs/share/robominer_msgs/local_setup.dsv
-- Installing: /home/jaime/RM3_ws/install/robominer_msgs/share/robominer_msgs/package.dsv
-- Installing: /home/jaime/RM3_ws/install/robominer_msgs/share/ament_index/resource_index/packages/robominer_msgs
-- Installing: /home/jaime/RM3_ws/install/robominer_msgs/share/robominer_msgs/cmake/robominer_msgs__rosidl_generator_cExport.cmake
-- Installing: /home/jaime/RM3_ws/install/robominer_msgs/share/robominer_msgs/cmake/robominer_msgs__rosidl_generator_cExport-noconfig.cmake
-- Installing: /home/jaime/RM3_ws/install/robominer_msgs/share/robominer_msgs/cmake/robominer_msgs__rosidl_typesupport_introspection_cExport.cmake
-- Installing: /home/jaime/RM3_ws/install/robominer_msgs/share/robominer_msgs/cmake/robominer_msgs__rosidl_typesupport_introspection_cExport-noconfig.cmake
-- Installing: /home/jaime/RM3_ws/install/robominer_msgs/share/robominer_msgs/cmake/robominer_msgs__rosidl_typesupport_cExport.cmake
-- Installing: /home/jaime/RM3_ws/install/robominer_msgs/share/robominer_msgs/cmake/robominer_msgs__rosidl_typesupport_cExport-noconfig.cmake
-- Installing: /home/jaime/RM3_ws/install/robominer_msgs/share/robominer_msgs/cmake/robominer_msgs__rosidl_generator_cppExport.cmake
-- Installing: /home/jaime/RM3_ws/install/robominer_msgs/share/robominer_msgs/cmake/robominer_msgs__rosidl_typesupport_introspection_cppExport.cmake
-- Installing: /home/jaime/RM3_ws/install/robominer_msgs/share/robominer_msgs/cmake/robominer_msgs__rosidl_typesupport_introspection_cppExport-noconfig.cmake
-- Installing: /home/jaime/RM3_ws/install/robominer_msgs/share/robominer_msgs/cmake/robominer_msgs__rosidl_typesupport_cppExport.cmake
-- Installing: /home/jaime/RM3_ws/install/robominer_msgs/share/robominer_msgs/cmake/robominer_msgs__rosidl_typesupport_cppExport-noconfig.cmake
-- Installing: /home/jaime/RM3_ws/install/robominer_msgs/share/robominer_msgs/cmake/rosidl_cmake-extras.cmake
-- Installing: /home/jaime/RM3_ws/install/robominer_msgs/share/robominer_msgs/cmake/ament_cmake_export_dependencies-extras.cmake
-- Installing: /home/jaime/RM3_ws/install/robominer_msgs/share/robominer_msgs/cmake/ament_cmake_export_libraries-extras.cmake
-- Installing: /home/jaime/RM3_ws/install/robominer_msgs/share/robominer_msgs/cmake/ament_cmake_export_targets-extras.cmake
-- Installing: /home/jaime/RM3_ws/install/robominer_msgs/share/robominer_msgs/cmake/ament_cmake_export_include_directories-extras.cmake
-- Installing: /home/jaime/RM3_ws/install/robominer_msgs/share/robominer_msgs/cmake/rosidl_cmake_export_typesupport_libraries-extras.cmake
-- Installing: /home/jaime/RM3_ws/install/robominer_msgs/share/robominer_msgs/cmake/rosidl_cmake_export_typesupport_targets-extras.cmake
-- Installing: /home/jaime/RM3_ws/install/robominer_msgs/share/robominer_msgs/cmake/robominer_msgsConfig.cmake
-- Installing: /home/jaime/RM3_ws/install/robominer_msgs/share/robominer_msgs/cmake/robominer_msgsConfig-version.cmake
-- Installing: /home/jaime/RM3_ws/install/robominer_msgs/share/robominer_msgs/package.xml
