[0.095s] Invoking command in '/home/jaime/RM3_ws/build/controller_manager_msgs': CMAKE_PREFIX_PATH=/opt/ros/foxy /usr/bin/cmake --build /home/jaime/RM3_ws/build/controller_manager_msgs -- -j8 -l8
[1.076s] [  0%] Built target controller_manager_msgs__cpp
[1.076s] [ 12%] Built target controller_manager_msgs__rosidl_generator_c
[1.076s] [ 24%] Built target controller_manager_msgs__rosidl_typesupport_introspection_cpp
[1.077s] [ 36%] Built target controller_manager_msgs__rosidl_typesupport_cpp
[1.077s] [ 48%] Built target controller_manager_msgs__rosidl_typesupport_c
[1.077s] [ 60%] Built target controller_manager_msgs__rosidl_typesupport_introspection_c
[1.079s] [ 72%] Built target controller_manager_msgs__rosidl_typesupport_fastrtps_cpp
[1.079s] [ 84%] Built target controller_manager_msgs__rosidl_typesupport_fastrtps_c
[1.079s] [ 84%] Built target controller_manager_msgs
[1.079s] [ 85%] Built target controller_manager_msgs__py
[1.079s] [ 96%] Built target controller_manager_msgs__python
[1.080s] [100%] Built target controller_manager_msgs__rosidl_typesupport_fastrtps_c__pyext
[1.080s] [100%] Built target controller_manager_msgs__rosidl_typesupport_introspection_c__pyext
[1.080s] [100%] Built target controller_manager_msgs__rosidl_typesupport_c__pyext
[1.093s] Invoked command in '/home/jaime/RM3_ws/build/controller_manager_msgs' returned '0': CMAKE_PREFIX_PATH=/opt/ros/foxy /usr/bin/cmake --build /home/jaime/RM3_ws/build/controller_manager_msgs -- -j8 -l8
[1.493s] Invoking command in '/home/jaime/RM3_ws/build/controller_manager_msgs': CMAKE_PREFIX_PATH=/opt/ros/foxy /usr/bin/cmake --install /home/jaime/RM3_ws/build/controller_manager_msgs
[1.513s] -- Install configuration: ""
[1.517s] -- Execute custom install script
[1.519s] -- Up-to-date symlink: /home/jaime/RM3_ws/install/controller_manager_msgs/share/ament_index/resource_index/rosidl_interfaces/controller_manager_msgs
[1.522s] -- Up-to-date symlink: /home/jaime/RM3_ws/install/controller_manager_msgs/include/controller_manager_msgs/msg/controller_state.h
[1.523s] -- Up-to-date symlink: /home/jaime/RM3_ws/install/controller_manager_msgs/include/controller_manager_msgs/msg/detail/controller_state__functions.h
[1.526s] -- Up-to-date symlink: /home/jaime/RM3_ws/install/controller_manager_msgs/include/controller_manager_msgs/msg/detail/controller_state__struct.h
[1.526s] -- Up-to-date symlink: /home/jaime/RM3_ws/install/controller_manager_msgs/include/controller_manager_msgs/msg/detail/controller_state__type_support.h
[1.533s] -- Up-to-date symlink: /home/jaime/RM3_ws/install/controller_manager_msgs/include/controller_manager_msgs/msg/detail/hardware_interface__functions.h
[1.533s] -- Up-to-date symlink: /home/jaime/RM3_ws/install/controller_manager_msgs/include/controller_manager_msgs/msg/detail/hardware_interface__struct.h
[1.533s] -- Up-to-date symlink: /home/jaime/RM3_ws/install/controller_manager_msgs/include/controller_manager_msgs/msg/detail/hardware_interface__type_support.h
[1.534s] -- Up-to-date symlink: /home/jaime/RM3_ws/install/controller_manager_msgs/include/controller_manager_msgs/msg/hardware_interface.h
[1.534s] -- Up-to-date symlink: /home/jaime/RM3_ws/install/controller_manager_msgs/include/controller_manager_msgs/msg/rosidl_generator_c__visibility_control.h
[1.534s] -- Up-to-date symlink: /home/jaime/RM3_ws/install/controller_manager_msgs/include/controller_manager_msgs/srv/configure_controller.h
[1.534s] -- Up-to-date symlink: /home/jaime/RM3_ws/install/controller_manager_msgs/include/controller_manager_msgs/srv/configure_start_controller.h
[1.535s] -- Up-to-date symlink: /home/jaime/RM3_ws/install/controller_manager_msgs/include/controller_manager_msgs/srv/detail/configure_controller__functions.h
[1.537s] -- Up-to-date symlink: /home/jaime/RM3_ws/install/controller_manager_msgs/include/controller_manager_msgs/srv/detail/configure_controller__struct.h
[1.538s] -- Up-to-date symlink: /home/jaime/RM3_ws/install/controller_manager_msgs/include/controller_manager_msgs/srv/detail/configure_controller__type_support.h
[1.540s] -- Up-to-date symlink: /home/jaime/RM3_ws/install/controller_manager_msgs/include/controller_manager_msgs/srv/detail/configure_start_controller__functions.h
[1.541s] -- Up-to-date symlink: /home/jaime/RM3_ws/install/controller_manager_msgs/include/controller_manager_msgs/srv/detail/configure_start_controller__struct.h
[1.542s] -- Up-to-date symlink: /home/jaime/RM3_ws/install/controller_manager_msgs/include/controller_manager_msgs/srv/detail/configure_start_controller__type_support.h
[1.543s] -- Up-to-date symlink: /home/jaime/RM3_ws/install/controller_manager_msgs/include/controller_manager_msgs/srv/detail/list_controller_types__functions.h
[1.543s] -- Up-to-date symlink: /home/jaime/RM3_ws/install/controller_manager_msgs/include/controller_manager_msgs/srv/detail/list_controller_types__struct.h
[1.544s] -- Up-to-date symlink: /home/jaime/RM3_ws/install/controller_manager_msgs/include/controller_manager_msgs/srv/detail/list_controller_types__type_support.h
[1.545s] -- Up-to-date symlink: /home/jaime/RM3_ws/install/controller_manager_msgs/include/controller_manager_msgs/srv/detail/list_controllers__functions.h
[1.547s] -- Up-to-date symlink: /home/jaime/RM3_ws/install/controller_manager_msgs/include/controller_manager_msgs/srv/detail/list_controllers__struct.h
[1.549s] -- Up-to-date symlink: /home/jaime/RM3_ws/install/controller_manager_msgs/include/controller_manager_msgs/srv/detail/list_controllers__type_support.h
[1.549s] -- Up-to-date symlink: /home/jaime/RM3_ws/install/controller_manager_msgs/include/controller_manager_msgs/srv/detail/list_hardware_interfaces__functions.h
[1.550s] -- Up-to-date symlink: /home/jaime/RM3_ws/install/controller_manager_msgs/include/controller_manager_msgs/srv/detail/list_hardware_interfaces__struct.h
[1.551s] -- Up-to-date symlink: /home/jaime/RM3_ws/install/controller_manager_msgs/include/controller_manager_msgs/srv/detail/list_hardware_interfaces__type_support.h
[1.551s] -- Up-to-date symlink: /home/jaime/RM3_ws/install/controller_manager_msgs/include/controller_manager_msgs/srv/detail/load_configure_controller__functions.h
[1.552s] -- Up-to-date symlink: /home/jaime/RM3_ws/install/controller_manager_msgs/include/controller_manager_msgs/srv/detail/load_configure_controller__struct.h
[1.552s] -- Up-to-date symlink: /home/jaime/RM3_ws/install/controller_manager_msgs/include/controller_manager_msgs/srv/detail/load_configure_controller__type_support.h
[1.553s] -- Up-to-date symlink: /home/jaime/RM3_ws/install/controller_manager_msgs/include/controller_manager_msgs/srv/detail/load_controller__functions.h
[1.553s] -- Up-to-date symlink: /home/jaime/RM3_ws/install/controller_manager_msgs/include/controller_manager_msgs/srv/detail/load_controller__struct.h
[1.554s] -- Up-to-date symlink: /home/jaime/RM3_ws/install/controller_manager_msgs/include/controller_manager_msgs/srv/detail/load_controller__type_support.h
[1.554s] -- Up-to-date symlink: /home/jaime/RM3_ws/install/controller_manager_msgs/include/controller_manager_msgs/srv/detail/load_start_controller__functions.h
[1.555s] -- Up-to-date symlink: /home/jaime/RM3_ws/install/controller_manager_msgs/include/controller_manager_msgs/srv/detail/load_start_controller__struct.h
[1.555s] -- Up-to-date symlink: /home/jaime/RM3_ws/install/controller_manager_msgs/include/controller_manager_msgs/srv/detail/load_start_controller__type_support.h
[1.556s] -- Up-to-date symlink: /home/jaime/RM3_ws/install/controller_manager_msgs/include/controller_manager_msgs/srv/detail/reload_controller_libraries__functions.h
[1.556s] -- Up-to-date symlink: /home/jaime/RM3_ws/install/controller_manager_msgs/include/controller_manager_msgs/srv/detail/reload_controller_libraries__struct.h
[1.557s] -- Up-to-date symlink: /home/jaime/RM3_ws/install/controller_manager_msgs/include/controller_manager_msgs/srv/detail/reload_controller_libraries__type_support.h
[1.557s] -- Up-to-date symlink: /home/jaime/RM3_ws/install/controller_manager_msgs/include/controller_manager_msgs/srv/detail/switch_controller__functions.h
[1.558s] -- Up-to-date symlink: /home/jaime/RM3_ws/install/controller_manager_msgs/include/controller_manager_msgs/srv/detail/switch_controller__struct.h
[1.558s] -- Up-to-date symlink: /home/jaime/RM3_ws/install/controller_manager_msgs/include/controller_manager_msgs/srv/detail/switch_controller__type_support.h
[1.559s] -- Up-to-date symlink: /home/jaime/RM3_ws/install/controller_manager_msgs/include/controller_manager_msgs/srv/detail/unload_controller__functions.h
[1.560s] -- Up-to-date symlink: /home/jaime/RM3_ws/install/controller_manager_msgs/include/controller_manager_msgs/srv/detail/unload_controller__struct.h
[1.560s] -- Up-to-date symlink: /home/jaime/RM3_ws/install/controller_manager_msgs/include/controller_manager_msgs/srv/detail/unload_controller__type_support.h
[1.560s] -- Up-to-date symlink: /home/jaime/RM3_ws/install/controller_manager_msgs/include/controller_manager_msgs/srv/list_controller_types.h
[1.561s] -- Up-to-date symlink: /home/jaime/RM3_ws/install/controller_manager_msgs/include/controller_manager_msgs/srv/list_controllers.h
[1.561s] -- Up-to-date symlink: /home/jaime/RM3_ws/install/controller_manager_msgs/include/controller_manager_msgs/srv/list_hardware_interfaces.h
[1.562s] -- Up-to-date symlink: /home/jaime/RM3_ws/install/controller_manager_msgs/include/controller_manager_msgs/srv/load_configure_controller.h
[1.562s] -- Up-to-date symlink: /home/jaime/RM3_ws/install/controller_manager_msgs/include/controller_manager_msgs/srv/load_controller.h
[1.563s] -- Up-to-date symlink: /home/jaime/RM3_ws/install/controller_manager_msgs/include/controller_manager_msgs/srv/load_start_controller.h
[1.565s] -- Up-to-date symlink: /home/jaime/RM3_ws/install/controller_manager_msgs/include/controller_manager_msgs/srv/reload_controller_libraries.h
[1.565s] -- Up-to-date symlink: /home/jaime/RM3_ws/install/controller_manager_msgs/include/controller_manager_msgs/srv/switch_controller.h
[1.566s] -- Up-to-date symlink: /home/jaime/RM3_ws/install/controller_manager_msgs/include/controller_manager_msgs/srv/unload_controller.h
[1.566s] -- Up-to-date symlink: /home/jaime/RM3_ws/install/controller_manager_msgs/share/controller_manager_msgs/environment/library_path.sh
[1.567s] -- Up-to-date symlink: /home/jaime/RM3_ws/install/controller_manager_msgs/share/controller_manager_msgs/environment/library_path.dsv
[1.568s] -- Up-to-date symlink: /home/jaime/RM3_ws/install/controller_manager_msgs/include/controller_manager_msgs/msg/detail/controller_state__rosidl_typesupport_fastrtps_c.h
[1.569s] -- Up-to-date symlink: /home/jaime/RM3_ws/install/controller_manager_msgs/include/controller_manager_msgs/msg/detail/hardware_interface__rosidl_typesupport_fastrtps_c.h
[1.569s] -- Up-to-date symlink: /home/jaime/RM3_ws/install/controller_manager_msgs/include/controller_manager_msgs/msg/rosidl_typesupport_fastrtps_c__visibility_control.h
[1.570s] -- Up-to-date symlink: /home/jaime/RM3_ws/install/controller_manager_msgs/include/controller_manager_msgs/srv/detail/configure_controller__rosidl_typesupport_fastrtps_c.h
[1.571s] -- Up-to-date symlink: /home/jaime/RM3_ws/install/controller_manager_msgs/include/controller_manager_msgs/srv/detail/configure_start_controller__rosidl_typesupport_fastrtps_c.h
[1.571s] -- Up-to-date symlink: /home/jaime/RM3_ws/install/controller_manager_msgs/include/controller_manager_msgs/srv/detail/list_controller_types__rosidl_typesupport_fastrtps_c.h
[1.572s] -- Up-to-date symlink: /home/jaime/RM3_ws/install/controller_manager_msgs/include/controller_manager_msgs/srv/detail/list_controllers__rosidl_typesupport_fastrtps_c.h
[1.573s] -- Up-to-date symlink: /home/jaime/RM3_ws/install/controller_manager_msgs/include/controller_manager_msgs/srv/detail/list_hardware_interfaces__rosidl_typesupport_fastrtps_c.h
[1.574s] -- Up-to-date symlink: /home/jaime/RM3_ws/install/controller_manager_msgs/include/controller_manager_msgs/srv/detail/load_configure_controller__rosidl_typesupport_fastrtps_c.h
[1.575s] -- Up-to-date symlink: /home/jaime/RM3_ws/install/controller_manager_msgs/include/controller_manager_msgs/srv/detail/load_controller__rosidl_typesupport_fastrtps_c.h
[1.575s] -- Up-to-date symlink: /home/jaime/RM3_ws/install/controller_manager_msgs/include/controller_manager_msgs/srv/detail/load_start_controller__rosidl_typesupport_fastrtps_c.h
[1.576s] -- Up-to-date symlink: /home/jaime/RM3_ws/install/controller_manager_msgs/include/controller_manager_msgs/srv/detail/reload_controller_libraries__rosidl_typesupport_fastrtps_c.h
[1.579s] -- Up-to-date symlink: /home/jaime/RM3_ws/install/controller_manager_msgs/include/controller_manager_msgs/srv/detail/switch_controller__rosidl_typesupport_fastrtps_c.h
[1.583s] -- Up-to-date symlink: /home/jaime/RM3_ws/install/controller_manager_msgs/include/controller_manager_msgs/srv/detail/unload_controller__rosidl_typesupport_fastrtps_c.h
[1.584s] -- Up-to-date symlink: /home/jaime/RM3_ws/install/controller_manager_msgs/lib/libcontroller_manager_msgs__rosidl_typesupport_fastrtps_c.so
[1.586s] -- Up-to-date symlink: /home/jaime/RM3_ws/install/controller_manager_msgs/include/controller_manager_msgs/msg/detail/controller_state__rosidl_typesupport_fastrtps_cpp.hpp
[1.586s] -- Up-to-date symlink: /home/jaime/RM3_ws/install/controller_manager_msgs/include/controller_manager_msgs/msg/detail/hardware_interface__rosidl_typesupport_fastrtps_cpp.hpp
[1.587s] -- Up-to-date symlink: /home/jaime/RM3_ws/install/controller_manager_msgs/include/controller_manager_msgs/msg/rosidl_typesupport_fastrtps_cpp__visibility_control.h
[1.587s] -- Up-to-date symlink: /home/jaime/RM3_ws/install/controller_manager_msgs/include/controller_manager_msgs/srv/detail/configure_controller__rosidl_typesupport_fastrtps_cpp.hpp
[1.588s] -- Up-to-date symlink: /home/jaime/RM3_ws/install/controller_manager_msgs/include/controller_manager_msgs/srv/detail/configure_start_controller__rosidl_typesupport_fastrtps_cpp.hpp
[1.588s] -- Up-to-date symlink: /home/jaime/RM3_ws/install/controller_manager_msgs/include/controller_manager_msgs/srv/detail/list_controller_types__rosidl_typesupport_fastrtps_cpp.hpp
[1.589s] -- Up-to-date symlink: /home/jaime/RM3_ws/install/controller_manager_msgs/include/controller_manager_msgs/srv/detail/list_controllers__rosidl_typesupport_fastrtps_cpp.hpp
[1.589s] -- Up-to-date symlink: /home/jaime/RM3_ws/install/controller_manager_msgs/include/controller_manager_msgs/srv/detail/list_hardware_interfaces__rosidl_typesupport_fastrtps_cpp.hpp
[1.590s] -- Up-to-date symlink: /home/jaime/RM3_ws/install/controller_manager_msgs/include/controller_manager_msgs/srv/detail/load_configure_controller__rosidl_typesupport_fastrtps_cpp.hpp
[1.591s] -- Up-to-date symlink: /home/jaime/RM3_ws/install/controller_manager_msgs/include/controller_manager_msgs/srv/detail/load_controller__rosidl_typesupport_fastrtps_cpp.hpp
[1.591s] -- Up-to-date symlink: /home/jaime/RM3_ws/install/controller_manager_msgs/include/controller_manager_msgs/srv/detail/load_start_controller__rosidl_typesupport_fastrtps_cpp.hpp
[1.591s] -- Up-to-date symlink: /home/jaime/RM3_ws/install/controller_manager_msgs/include/controller_manager_msgs/srv/detail/reload_controller_libraries__rosidl_typesupport_fastrtps_cpp.hpp
[1.592s] -- Up-to-date symlink: /home/jaime/RM3_ws/install/controller_manager_msgs/include/controller_manager_msgs/srv/detail/switch_controller__rosidl_typesupport_fastrtps_cpp.hpp
[1.593s] -- Up-to-date symlink: /home/jaime/RM3_ws/install/controller_manager_msgs/include/controller_manager_msgs/srv/detail/unload_controller__rosidl_typesupport_fastrtps_cpp.hpp
[1.603s] -- Up-to-date symlink: /home/jaime/RM3_ws/install/controller_manager_msgs/lib/libcontroller_manager_msgs__rosidl_typesupport_fastrtps_cpp.so
[1.613s] -- Up-to-date symlink: /home/jaime/RM3_ws/install/controller_manager_msgs/include/controller_manager_msgs/msg/detail/controller_state__rosidl_typesupport_introspection_c.h
[1.614s] -- Up-to-date symlink: /home/jaime/RM3_ws/install/controller_manager_msgs/include/controller_manager_msgs/msg/detail/hardware_interface__rosidl_typesupport_introspection_c.h
[1.614s] -- Up-to-date symlink: /home/jaime/RM3_ws/install/controller_manager_msgs/include/controller_manager_msgs/msg/rosidl_typesupport_introspection_c__visibility_control.h
[1.614s] -- Up-to-date symlink: /home/jaime/RM3_ws/install/controller_manager_msgs/include/controller_manager_msgs/srv/detail/configure_controller__rosidl_typesupport_introspection_c.h
[1.615s] -- Up-to-date symlink: /home/jaime/RM3_ws/install/controller_manager_msgs/include/controller_manager_msgs/srv/detail/configure_start_controller__rosidl_typesupport_introspection_c.h
[1.615s] -- Up-to-date symlink: /home/jaime/RM3_ws/install/controller_manager_msgs/include/controller_manager_msgs/srv/detail/list_controller_types__rosidl_typesupport_introspection_c.h
[1.615s] -- Up-to-date symlink: /home/jaime/RM3_ws/install/controller_manager_msgs/include/controller_manager_msgs/srv/detail/list_controllers__rosidl_typesupport_introspection_c.h
[1.615s] -- Up-to-date symlink: /home/jaime/RM3_ws/install/controller_manager_msgs/include/controller_manager_msgs/srv/detail/list_hardware_interfaces__rosidl_typesupport_introspection_c.h
[1.615s] -- Up-to-date symlink: /home/jaime/RM3_ws/install/controller_manager_msgs/include/controller_manager_msgs/srv/detail/load_configure_controller__rosidl_typesupport_introspection_c.h
[1.615s] -- Up-to-date symlink: /home/jaime/RM3_ws/install/controller_manager_msgs/include/controller_manager_msgs/srv/detail/load_controller__rosidl_typesupport_introspection_c.h
[1.615s] -- Up-to-date symlink: /home/jaime/RM3_ws/install/controller_manager_msgs/include/controller_manager_msgs/srv/detail/load_start_controller__rosidl_typesupport_introspection_c.h
[1.615s] -- Up-to-date symlink: /home/jaime/RM3_ws/install/controller_manager_msgs/include/controller_manager_msgs/srv/detail/reload_controller_libraries__rosidl_typesupport_introspection_c.h
[1.616s] -- Up-to-date symlink: /home/jaime/RM3_ws/install/controller_manager_msgs/include/controller_manager_msgs/srv/detail/switch_controller__rosidl_typesupport_introspection_c.h
[1.616s] -- Up-to-date symlink: /home/jaime/RM3_ws/install/controller_manager_msgs/include/controller_manager_msgs/srv/detail/unload_controller__rosidl_typesupport_introspection_c.h
[1.616s] -- Up-to-date symlink: /home/jaime/RM3_ws/install/controller_manager_msgs/include/controller_manager_msgs/msg/controller_state.hpp
[1.617s] -- Up-to-date symlink: /home/jaime/RM3_ws/install/controller_manager_msgs/include/controller_manager_msgs/msg/detail/controller_state__builder.hpp
[1.620s] -- Up-to-date symlink: /home/jaime/RM3_ws/install/controller_manager_msgs/include/controller_manager_msgs/msg/detail/controller_state__struct.hpp
[1.621s] -- Up-to-date symlink: /home/jaime/RM3_ws/install/controller_manager_msgs/include/controller_manager_msgs/msg/detail/controller_state__traits.hpp
[1.621s] -- Up-to-date symlink: /home/jaime/RM3_ws/install/controller_manager_msgs/include/controller_manager_msgs/msg/detail/hardware_interface__builder.hpp
[1.622s] -- Up-to-date symlink: /home/jaime/RM3_ws/install/controller_manager_msgs/include/controller_manager_msgs/msg/detail/hardware_interface__struct.hpp
[1.623s] -- Up-to-date symlink: /home/jaime/RM3_ws/install/controller_manager_msgs/include/controller_manager_msgs/msg/detail/hardware_interface__traits.hpp
[1.623s] -- Up-to-date symlink: /home/jaime/RM3_ws/install/controller_manager_msgs/include/controller_manager_msgs/msg/hardware_interface.hpp
[1.624s] -- Up-to-date symlink: /home/jaime/RM3_ws/install/controller_manager_msgs/include/controller_manager_msgs/srv/configure_controller.hpp
[1.624s] -- Up-to-date symlink: /home/jaime/RM3_ws/install/controller_manager_msgs/include/controller_manager_msgs/srv/configure_start_controller.hpp
[1.625s] -- Up-to-date symlink: /home/jaime/RM3_ws/install/controller_manager_msgs/include/controller_manager_msgs/srv/detail/configure_controller__builder.hpp
[1.626s] -- Up-to-date symlink: /home/jaime/RM3_ws/install/controller_manager_msgs/include/controller_manager_msgs/srv/detail/configure_controller__struct.hpp
[1.626s] -- Up-to-date symlink: /home/jaime/RM3_ws/install/controller_manager_msgs/include/controller_manager_msgs/srv/detail/configure_controller__traits.hpp
[1.627s] -- Up-to-date symlink: /home/jaime/RM3_ws/install/controller_manager_msgs/include/controller_manager_msgs/srv/detail/configure_start_controller__builder.hpp
[1.628s] -- Up-to-date symlink: /home/jaime/RM3_ws/install/controller_manager_msgs/include/controller_manager_msgs/srv/detail/configure_start_controller__struct.hpp
[1.630s] -- Up-to-date symlink: /home/jaime/RM3_ws/install/controller_manager_msgs/include/controller_manager_msgs/srv/detail/configure_start_controller__traits.hpp
[1.631s] -- Up-to-date symlink: /home/jaime/RM3_ws/install/controller_manager_msgs/include/controller_manager_msgs/srv/detail/list_controller_types__builder.hpp
[1.632s] -- Up-to-date symlink: /home/jaime/RM3_ws/install/controller_manager_msgs/include/controller_manager_msgs/srv/detail/list_controller_types__struct.hpp
[1.632s] -- Up-to-date symlink: /home/jaime/RM3_ws/install/controller_manager_msgs/include/controller_manager_msgs/srv/detail/list_controller_types__traits.hpp
[1.632s] -- Up-to-date symlink: /home/jaime/RM3_ws/install/controller_manager_msgs/include/controller_manager_msgs/srv/detail/list_controllers__builder.hpp
[1.633s] -- Up-to-date symlink: /home/jaime/RM3_ws/install/controller_manager_msgs/include/controller_manager_msgs/srv/detail/list_controllers__struct.hpp
[1.633s] -- Up-to-date symlink: /home/jaime/RM3_ws/install/controller_manager_msgs/include/controller_manager_msgs/srv/detail/list_controllers__traits.hpp
[1.633s] -- Up-to-date symlink: /home/jaime/RM3_ws/install/controller_manager_msgs/include/controller_manager_msgs/srv/detail/list_hardware_interfaces__builder.hpp
[1.634s] -- Up-to-date symlink: /home/jaime/RM3_ws/install/controller_manager_msgs/include/controller_manager_msgs/srv/detail/list_hardware_interfaces__struct.hpp
[1.635s] -- Up-to-date symlink: /home/jaime/RM3_ws/install/controller_manager_msgs/include/controller_manager_msgs/srv/detail/list_hardware_interfaces__traits.hpp
[1.636s] -- Up-to-date symlink: /home/jaime/RM3_ws/install/controller_manager_msgs/include/controller_manager_msgs/srv/detail/load_configure_controller__builder.hpp
[1.636s] -- Up-to-date symlink: /home/jaime/RM3_ws/install/controller_manager_msgs/include/controller_manager_msgs/srv/detail/load_configure_controller__struct.hpp
[1.637s] -- Up-to-date symlink: /home/jaime/RM3_ws/install/controller_manager_msgs/include/controller_manager_msgs/srv/detail/load_configure_controller__traits.hpp
[1.638s] -- Up-to-date symlink: /home/jaime/RM3_ws/install/controller_manager_msgs/include/controller_manager_msgs/srv/detail/load_controller__builder.hpp
[1.639s] -- Up-to-date symlink: /home/jaime/RM3_ws/install/controller_manager_msgs/include/controller_manager_msgs/srv/detail/load_controller__struct.hpp
[1.639s] -- Up-to-date symlink: /home/jaime/RM3_ws/install/controller_manager_msgs/include/controller_manager_msgs/srv/detail/load_controller__traits.hpp
[1.640s] -- Up-to-date symlink: /home/jaime/RM3_ws/install/controller_manager_msgs/include/controller_manager_msgs/srv/detail/load_start_controller__builder.hpp
[1.640s] -- Up-to-date symlink: /home/jaime/RM3_ws/install/controller_manager_msgs/include/controller_manager_msgs/srv/detail/load_start_controller__struct.hpp
[1.641s] -- Up-to-date symlink: /home/jaime/RM3_ws/install/controller_manager_msgs/include/controller_manager_msgs/srv/detail/load_start_controller__traits.hpp
[1.642s] -- Up-to-date symlink: /home/jaime/RM3_ws/install/controller_manager_msgs/include/controller_manager_msgs/srv/detail/reload_controller_libraries__builder.hpp
[1.643s] -- Up-to-date symlink: /home/jaime/RM3_ws/install/controller_manager_msgs/include/controller_manager_msgs/srv/detail/reload_controller_libraries__struct.hpp
[1.644s] -- Up-to-date symlink: /home/jaime/RM3_ws/install/controller_manager_msgs/include/controller_manager_msgs/srv/detail/reload_controller_libraries__traits.hpp
[1.645s] -- Up-to-date symlink: /home/jaime/RM3_ws/install/controller_manager_msgs/include/controller_manager_msgs/srv/detail/switch_controller__builder.hpp
[1.647s] -- Up-to-date symlink: /home/jaime/RM3_ws/install/controller_manager_msgs/include/controller_manager_msgs/srv/detail/switch_controller__struct.hpp
[1.647s] -- Up-to-date symlink: /home/jaime/RM3_ws/install/controller_manager_msgs/include/controller_manager_msgs/srv/detail/switch_controller__traits.hpp
[1.648s] -- Up-to-date symlink: /home/jaime/RM3_ws/install/controller_manager_msgs/include/controller_manager_msgs/srv/detail/unload_controller__builder.hpp
[1.649s] -- Up-to-date symlink: /home/jaime/RM3_ws/install/controller_manager_msgs/include/controller_manager_msgs/srv/detail/unload_controller__struct.hpp
[1.650s] -- Up-to-date symlink: /home/jaime/RM3_ws/install/controller_manager_msgs/include/controller_manager_msgs/srv/detail/unload_controller__traits.hpp
[1.651s] -- Up-to-date symlink: /home/jaime/RM3_ws/install/controller_manager_msgs/include/controller_manager_msgs/srv/list_controller_types.hpp
[1.652s] -- Up-to-date symlink: /home/jaime/RM3_ws/install/controller_manager_msgs/include/controller_manager_msgs/srv/list_controllers.hpp
[1.653s] -- Up-to-date symlink: /home/jaime/RM3_ws/install/controller_manager_msgs/include/controller_manager_msgs/srv/list_hardware_interfaces.hpp
[1.654s] -- Up-to-date symlink: /home/jaime/RM3_ws/install/controller_manager_msgs/include/controller_manager_msgs/srv/load_configure_controller.hpp
[1.655s] -- Up-to-date symlink: /home/jaime/RM3_ws/install/controller_manager_msgs/include/controller_manager_msgs/srv/load_controller.hpp
[1.657s] -- Up-to-date symlink: /home/jaime/RM3_ws/install/controller_manager_msgs/include/controller_manager_msgs/srv/load_start_controller.hpp
[1.658s] -- Up-to-date symlink: /home/jaime/RM3_ws/install/controller_manager_msgs/include/controller_manager_msgs/srv/reload_controller_libraries.hpp
[1.659s] -- Up-to-date symlink: /home/jaime/RM3_ws/install/controller_manager_msgs/include/controller_manager_msgs/srv/switch_controller.hpp
[1.659s] -- Up-to-date symlink: /home/jaime/RM3_ws/install/controller_manager_msgs/include/controller_manager_msgs/srv/unload_controller.hpp
[1.661s] -- Up-to-date symlink: /home/jaime/RM3_ws/install/controller_manager_msgs/include/controller_manager_msgs/msg/detail/controller_state__rosidl_typesupport_introspection_cpp.hpp
[1.663s] -- Up-to-date symlink: /home/jaime/RM3_ws/install/controller_manager_msgs/include/controller_manager_msgs/msg/detail/hardware_interface__rosidl_typesupport_introspection_cpp.hpp
[1.666s] -- Up-to-date symlink: /home/jaime/RM3_ws/install/controller_manager_msgs/include/controller_manager_msgs/srv/detail/configure_controller__rosidl_typesupport_introspection_cpp.hpp
[1.667s] -- Up-to-date symlink: /home/jaime/RM3_ws/install/controller_manager_msgs/include/controller_manager_msgs/srv/detail/configure_start_controller__rosidl_typesupport_introspection_cpp.hpp
[1.668s] -- Up-to-date symlink: /home/jaime/RM3_ws/install/controller_manager_msgs/include/controller_manager_msgs/srv/detail/list_controller_types__rosidl_typesupport_introspection_cpp.hpp
[1.671s] -- Up-to-date symlink: /home/jaime/RM3_ws/install/controller_manager_msgs/include/controller_manager_msgs/srv/detail/list_controllers__rosidl_typesupport_introspection_cpp.hpp
[1.672s] -- Up-to-date symlink: /home/jaime/RM3_ws/install/controller_manager_msgs/include/controller_manager_msgs/srv/detail/list_hardware_interfaces__rosidl_typesupport_introspection_cpp.hpp
[1.673s] -- Up-to-date symlink: /home/jaime/RM3_ws/install/controller_manager_msgs/include/controller_manager_msgs/srv/detail/load_configure_controller__rosidl_typesupport_introspection_cpp.hpp
[1.675s] -- Up-to-date symlink: /home/jaime/RM3_ws/install/controller_manager_msgs/include/controller_manager_msgs/srv/detail/load_controller__rosidl_typesupport_introspection_cpp.hpp
[1.675s] -- Up-to-date symlink: /home/jaime/RM3_ws/install/controller_manager_msgs/include/controller_manager_msgs/srv/detail/load_start_controller__rosidl_typesupport_introspection_cpp.hpp
[1.676s] -- Up-to-date symlink: /home/jaime/RM3_ws/install/controller_manager_msgs/include/controller_manager_msgs/srv/detail/reload_controller_libraries__rosidl_typesupport_introspection_cpp.hpp
[1.676s] -- Up-to-date symlink: /home/jaime/RM3_ws/install/controller_manager_msgs/include/controller_manager_msgs/srv/detail/switch_controller__rosidl_typesupport_introspection_cpp.hpp
[1.681s] -- Up-to-date symlink: /home/jaime/RM3_ws/install/controller_manager_msgs/include/controller_manager_msgs/srv/detail/unload_controller__rosidl_typesupport_introspection_cpp.hpp
[1.681s] -- Up-to-date symlink: /home/jaime/RM3_ws/install/controller_manager_msgs/share/controller_manager_msgs/environment/pythonpath.sh
[1.682s] -- Up-to-date symlink: /home/jaime/RM3_ws/install/controller_manager_msgs/share/controller_manager_msgs/environment/pythonpath.dsv
[1.683s] -- Up-to-date symlink: /home/jaime/RM3_ws/install/controller_manager_msgs/lib/python3.8/site-packages/controller_manager_msgs/__init__.py
[1.686s] -- Up-to-date symlink: /home/jaime/RM3_ws/install/controller_manager_msgs/lib/python3.8/site-packages/controller_manager_msgs/msg/__init__.py
[1.686s] -- Up-to-date symlink: /home/jaime/RM3_ws/install/controller_manager_msgs/lib/python3.8/site-packages/controller_manager_msgs/msg/_controller_state.py
[1.687s] -- Up-to-date symlink: /home/jaime/RM3_ws/install/controller_manager_msgs/lib/python3.8/site-packages/controller_manager_msgs/msg/_hardware_interface.py
[1.691s] -- Up-to-date symlink: /home/jaime/RM3_ws/install/controller_manager_msgs/lib/python3.8/site-packages/controller_manager_msgs/srv/__init__.py
[1.691s] -- Up-to-date symlink: /home/jaime/RM3_ws/install/controller_manager_msgs/lib/python3.8/site-packages/controller_manager_msgs/srv/_configure_controller.py
[1.702s] -- Up-to-date symlink: /home/jaime/RM3_ws/install/controller_manager_msgs/lib/python3.8/site-packages/controller_manager_msgs/srv/_configure_start_controller.py
[1.703s] -- Up-to-date symlink: /home/jaime/RM3_ws/install/controller_manager_msgs/lib/python3.8/site-packages/controller_manager_msgs/srv/_list_controller_types.py
[1.704s] -- Up-to-date symlink: /home/jaime/RM3_ws/install/controller_manager_msgs/lib/python3.8/site-packages/controller_manager_msgs/srv/_list_controllers.py
[1.704s] -- Up-to-date symlink: /home/jaime/RM3_ws/install/controller_manager_msgs/lib/python3.8/site-packages/controller_manager_msgs/srv/_list_hardware_interfaces.py
[1.704s] -- Up-to-date symlink: /home/jaime/RM3_ws/install/controller_manager_msgs/lib/python3.8/site-packages/controller_manager_msgs/srv/_load_configure_controller.py
[1.704s] -- Up-to-date symlink: /home/jaime/RM3_ws/install/controller_manager_msgs/lib/python3.8/site-packages/controller_manager_msgs/srv/_load_controller.py
[1.704s] -- Up-to-date symlink: /home/jaime/RM3_ws/install/controller_manager_msgs/lib/python3.8/site-packages/controller_manager_msgs/srv/_load_start_controller.py
[1.704s] -- Up-to-date symlink: /home/jaime/RM3_ws/install/controller_manager_msgs/lib/python3.8/site-packages/controller_manager_msgs/srv/_reload_controller_libraries.py
[1.705s] -- Up-to-date symlink: /home/jaime/RM3_ws/install/controller_manager_msgs/lib/python3.8/site-packages/controller_manager_msgs/srv/_switch_controller.py
[1.705s] -- Up-to-date symlink: /home/jaime/RM3_ws/install/controller_manager_msgs/lib/python3.8/site-packages/controller_manager_msgs/srv/_unload_controller.py
[1.705s] -- Up-to-date symlink: /home/jaime/RM3_ws/install/controller_manager_msgs/lib/python3.8/site-packages/controller_manager_msgs/controller_manager_msgs_s__rosidl_typesupport_fastrtps_c.cpython-38-x86_64-linux-gnu.so
[1.705s] -- Up-to-date symlink: /home/jaime/RM3_ws/install/controller_manager_msgs/lib/python3.8/site-packages/controller_manager_msgs/controller_manager_msgs_s__rosidl_typesupport_introspection_c.cpython-38-x86_64-linux-gnu.so
[1.705s] -- Up-to-date symlink: /home/jaime/RM3_ws/install/controller_manager_msgs/lib/python3.8/site-packages/controller_manager_msgs/controller_manager_msgs_s__rosidl_typesupport_c.cpython-38-x86_64-linux-gnu.so
[1.706s] -- Up-to-date symlink: /home/jaime/RM3_ws/install/controller_manager_msgs/lib/libcontroller_manager_msgs__python.so
[1.708s] -- Up-to-date symlink: /home/jaime/RM3_ws/install/controller_manager_msgs/share/controller_manager_msgs/msg/ControllerState.idl
[1.709s] -- Up-to-date symlink: /home/jaime/RM3_ws/install/controller_manager_msgs/share/controller_manager_msgs/msg/HardwareInterface.idl
[1.710s] -- Up-to-date symlink: /home/jaime/RM3_ws/install/controller_manager_msgs/share/controller_manager_msgs/srv/ConfigureController.idl
[1.711s] -- Up-to-date symlink: /home/jaime/RM3_ws/install/controller_manager_msgs/share/controller_manager_msgs/srv/ConfigureStartController.idl
[1.713s] -- Up-to-date symlink: /home/jaime/RM3_ws/install/controller_manager_msgs/share/controller_manager_msgs/srv/ListControllers.idl
[1.715s] -- Up-to-date symlink: /home/jaime/RM3_ws/install/controller_manager_msgs/share/controller_manager_msgs/srv/ListControllerTypes.idl
[1.717s] -- Up-to-date symlink: /home/jaime/RM3_ws/install/controller_manager_msgs/share/controller_manager_msgs/srv/ListHardwareInterfaces.idl
[1.717s] -- Up-to-date symlink: /home/jaime/RM3_ws/install/controller_manager_msgs/share/controller_manager_msgs/srv/LoadConfigureController.idl
[1.719s] -- Up-to-date symlink: /home/jaime/RM3_ws/install/controller_manager_msgs/share/controller_manager_msgs/srv/LoadController.idl
[1.720s] -- Up-to-date symlink: /home/jaime/RM3_ws/install/controller_manager_msgs/share/controller_manager_msgs/srv/LoadStartController.idl
[1.721s] -- Up-to-date symlink: /home/jaime/RM3_ws/install/controller_manager_msgs/share/controller_manager_msgs/srv/ReloadControllerLibraries.idl
[1.723s] -- Up-to-date symlink: /home/jaime/RM3_ws/install/controller_manager_msgs/share/controller_manager_msgs/srv/SwitchController.idl
[1.724s] -- Up-to-date symlink: /home/jaime/RM3_ws/install/controller_manager_msgs/share/controller_manager_msgs/srv/UnloadController.idl
[1.725s] -- Up-to-date symlink: /home/jaime/RM3_ws/install/controller_manager_msgs/share/controller_manager_msgs/msg/ControllerState.msg
[1.731s] -- Up-to-date symlink: /home/jaime/RM3_ws/install/controller_manager_msgs/share/controller_manager_msgs/msg/HardwareInterface.msg
[1.741s] -- Up-to-date symlink: /home/jaime/RM3_ws/install/controller_manager_msgs/share/controller_manager_msgs/srv/ConfigureController.srv
[1.741s] -- Up-to-date symlink: /home/jaime/RM3_ws/install/controller_manager_msgs/share/controller_manager_msgs/srv/ConfigureController_Request.msg
[1.741s] -- Up-to-date symlink: /home/jaime/RM3_ws/install/controller_manager_msgs/share/controller_manager_msgs/srv/ConfigureController_Response.msg
[1.741s] -- Up-to-date symlink: /home/jaime/RM3_ws/install/controller_manager_msgs/share/controller_manager_msgs/srv/ConfigureStartController.srv
[1.741s] -- Up-to-date symlink: /home/jaime/RM3_ws/install/controller_manager_msgs/share/controller_manager_msgs/srv/ConfigureStartController_Request.msg
[1.741s] -- Up-to-date symlink: /home/jaime/RM3_ws/install/controller_manager_msgs/share/controller_manager_msgs/srv/ConfigureStartController_Response.msg
[1.741s] -- Up-to-date symlink: /home/jaime/RM3_ws/install/controller_manager_msgs/share/controller_manager_msgs/srv/ListControllers.srv
[1.741s] -- Up-to-date symlink: /home/jaime/RM3_ws/install/controller_manager_msgs/share/controller_manager_msgs/srv/ListControllers_Request.msg
[1.742s] -- Up-to-date symlink: /home/jaime/RM3_ws/install/controller_manager_msgs/share/controller_manager_msgs/srv/ListControllers_Response.msg
[1.742s] -- Up-to-date symlink: /home/jaime/RM3_ws/install/controller_manager_msgs/share/controller_manager_msgs/srv/ListControllerTypes.srv
[1.742s] -- Up-to-date symlink: /home/jaime/RM3_ws/install/controller_manager_msgs/share/controller_manager_msgs/srv/ListControllerTypes_Request.msg
[1.742s] -- Up-to-date symlink: /home/jaime/RM3_ws/install/controller_manager_msgs/share/controller_manager_msgs/srv/ListControllerTypes_Response.msg
[1.742s] -- Up-to-date symlink: /home/jaime/RM3_ws/install/controller_manager_msgs/share/controller_manager_msgs/srv/ListHardwareInterfaces.srv
[1.743s] -- Up-to-date symlink: /home/jaime/RM3_ws/install/controller_manager_msgs/share/controller_manager_msgs/srv/ListHardwareInterfaces_Request.msg
[1.743s] -- Up-to-date symlink: /home/jaime/RM3_ws/install/controller_manager_msgs/share/controller_manager_msgs/srv/ListHardwareInterfaces_Response.msg
[1.743s] -- Up-to-date symlink: /home/jaime/RM3_ws/install/controller_manager_msgs/share/controller_manager_msgs/srv/LoadConfigureController.srv
[1.743s] -- Up-to-date symlink: /home/jaime/RM3_ws/install/controller_manager_msgs/share/controller_manager_msgs/srv/LoadConfigureController_Request.msg
[1.744s] -- Up-to-date symlink: /home/jaime/RM3_ws/install/controller_manager_msgs/share/controller_manager_msgs/srv/LoadConfigureController_Response.msg
[1.745s] -- Up-to-date symlink: /home/jaime/RM3_ws/install/controller_manager_msgs/share/controller_manager_msgs/srv/LoadController.srv
[1.746s] -- Up-to-date symlink: /home/jaime/RM3_ws/install/controller_manager_msgs/share/controller_manager_msgs/srv/LoadController_Request.msg
[1.747s] -- Up-to-date symlink: /home/jaime/RM3_ws/install/controller_manager_msgs/share/controller_manager_msgs/srv/LoadController_Response.msg
[1.749s] -- Up-to-date symlink: /home/jaime/RM3_ws/install/controller_manager_msgs/share/controller_manager_msgs/srv/LoadStartController.srv
[1.751s] -- Up-to-date symlink: /home/jaime/RM3_ws/install/controller_manager_msgs/share/controller_manager_msgs/srv/LoadStartController_Request.msg
[1.752s] -- Up-to-date symlink: /home/jaime/RM3_ws/install/controller_manager_msgs/share/controller_manager_msgs/srv/LoadStartController_Response.msg
[1.752s] -- Up-to-date symlink: /home/jaime/RM3_ws/install/controller_manager_msgs/share/controller_manager_msgs/srv/ReloadControllerLibraries.srv
[1.752s] -- Up-to-date symlink: /home/jaime/RM3_ws/install/controller_manager_msgs/share/controller_manager_msgs/srv/ReloadControllerLibraries_Request.msg
[1.753s] -- Up-to-date symlink: /home/jaime/RM3_ws/install/controller_manager_msgs/share/controller_manager_msgs/srv/ReloadControllerLibraries_Response.msg
[1.753s] -- Up-to-date symlink: /home/jaime/RM3_ws/install/controller_manager_msgs/share/controller_manager_msgs/srv/SwitchController.srv
[1.754s] -- Up-to-date symlink: /home/jaime/RM3_ws/install/controller_manager_msgs/share/controller_manager_msgs/srv/SwitchController_Request.msg
[1.755s] -- Up-to-date symlink: /home/jaime/RM3_ws/install/controller_manager_msgs/share/controller_manager_msgs/srv/SwitchController_Response.msg
[1.757s] -- Up-to-date symlink: /home/jaime/RM3_ws/install/controller_manager_msgs/share/controller_manager_msgs/srv/UnloadController.srv
[1.758s] -- Up-to-date symlink: /home/jaime/RM3_ws/install/controller_manager_msgs/share/controller_manager_msgs/srv/UnloadController_Request.msg
[1.759s] -- Up-to-date symlink: /home/jaime/RM3_ws/install/controller_manager_msgs/share/controller_manager_msgs/srv/UnloadController_Response.msg
[1.760s] -- Up-to-date symlink: /home/jaime/RM3_ws/install/controller_manager_msgs/share/ament_index/resource_index/package_run_dependencies/controller_manager_msgs
[1.762s] -- Up-to-date symlink: /home/jaime/RM3_ws/install/controller_manager_msgs/share/ament_index/resource_index/parent_prefix_path/controller_manager_msgs
[1.765s] -- Up-to-date symlink: /home/jaime/RM3_ws/install/controller_manager_msgs/share/controller_manager_msgs/environment/ament_prefix_path.sh
[1.765s] -- Up-to-date symlink: /home/jaime/RM3_ws/install/controller_manager_msgs/share/controller_manager_msgs/environment/ament_prefix_path.dsv
[1.765s] -- Up-to-date symlink: /home/jaime/RM3_ws/install/controller_manager_msgs/share/controller_manager_msgs/environment/path.sh
[1.765s] -- Up-to-date symlink: /home/jaime/RM3_ws/install/controller_manager_msgs/share/controller_manager_msgs/environment/path.dsv
[1.766s] -- Up-to-date symlink: /home/jaime/RM3_ws/install/controller_manager_msgs/share/controller_manager_msgs/local_setup.bash
[1.766s] -- Up-to-date symlink: /home/jaime/RM3_ws/install/controller_manager_msgs/share/controller_manager_msgs/local_setup.sh
[1.767s] -- Up-to-date symlink: /home/jaime/RM3_ws/install/controller_manager_msgs/share/controller_manager_msgs/local_setup.zsh
[1.768s] -- Up-to-date symlink: /home/jaime/RM3_ws/install/controller_manager_msgs/share/controller_manager_msgs/local_setup.dsv
[1.768s] -- Symlinking: /home/jaime/RM3_ws/install/controller_manager_msgs/share/controller_manager_msgs/package.dsv
[1.785s] -- Up-to-date symlink: /home/jaime/RM3_ws/install/controller_manager_msgs/share/ament_index/resource_index/packages/controller_manager_msgs
[1.786s] -- Up-to-date symlink: /home/jaime/RM3_ws/install/controller_manager_msgs/share/controller_manager_msgs/cmake/rosidl_cmake-extras.cmake
[1.787s] -- Up-to-date symlink: /home/jaime/RM3_ws/install/controller_manager_msgs/share/controller_manager_msgs/cmake/ament_cmake_export_dependencies-extras.cmake
[1.787s] -- Up-to-date symlink: /home/jaime/RM3_ws/install/controller_manager_msgs/share/controller_manager_msgs/cmake/ament_cmake_export_libraries-extras.cmake
[1.788s] -- Up-to-date symlink: /home/jaime/RM3_ws/install/controller_manager_msgs/share/controller_manager_msgs/cmake/ament_cmake_export_targets-extras.cmake
[1.789s] -- Up-to-date symlink: /home/jaime/RM3_ws/install/controller_manager_msgs/share/controller_manager_msgs/cmake/ament_cmake_export_include_directories-extras.cmake
[1.790s] -- Up-to-date symlink: /home/jaime/RM3_ws/install/controller_manager_msgs/share/controller_manager_msgs/cmake/rosidl_cmake_export_typesupport_libraries-extras.cmake
[1.792s] -- Up-to-date symlink: /home/jaime/RM3_ws/install/controller_manager_msgs/share/controller_manager_msgs/cmake/rosidl_cmake_export_typesupport_targets-extras.cmake
[1.792s] -- Up-to-date symlink: /home/jaime/RM3_ws/install/controller_manager_msgs/share/controller_manager_msgs/cmake/controller_manager_msgsConfig.cmake
[1.793s] -- Up-to-date symlink: /home/jaime/RM3_ws/install/controller_manager_msgs/share/controller_manager_msgs/cmake/controller_manager_msgsConfig-version.cmake
[1.793s] -- Up-to-date symlink: /home/jaime/RM3_ws/install/controller_manager_msgs/share/controller_manager_msgs/package.xml
[1.795s] -- Up-to-date: /home/jaime/RM3_ws/install/controller_manager_msgs/lib/libcontroller_manager_msgs__rosidl_generator_c.so
[1.810s] -- Up-to-date: /home/jaime/RM3_ws/install/controller_manager_msgs/lib/libcontroller_manager_msgs__rosidl_typesupport_introspection_c.so
[1.811s] -- Up-to-date: /home/jaime/RM3_ws/install/controller_manager_msgs/lib/libcontroller_manager_msgs__rosidl_typesupport_c.so
[1.811s] -- Up-to-date: /home/jaime/RM3_ws/install/controller_manager_msgs/lib/libcontroller_manager_msgs__rosidl_typesupport_introspection_cpp.so
[1.813s] -- Up-to-date: /home/jaime/RM3_ws/install/controller_manager_msgs/lib/libcontroller_manager_msgs__rosidl_typesupport_cpp.so
[1.902s] -- Up-to-date: /home/jaime/RM3_ws/install/controller_manager_msgs/share/controller_manager_msgs/cmake/controller_manager_msgs__rosidl_generator_cExport.cmake
[1.902s] -- Up-to-date: /home/jaime/RM3_ws/install/controller_manager_msgs/share/controller_manager_msgs/cmake/controller_manager_msgs__rosidl_generator_cExport-noconfig.cmake
[1.903s] -- Up-to-date: /home/jaime/RM3_ws/install/controller_manager_msgs/share/controller_manager_msgs/cmake/controller_manager_msgs__rosidl_typesupport_introspection_cExport.cmake
[1.904s] -- Up-to-date: /home/jaime/RM3_ws/install/controller_manager_msgs/share/controller_manager_msgs/cmake/controller_manager_msgs__rosidl_typesupport_introspection_cExport-noconfig.cmake
[1.908s] -- Up-to-date: /home/jaime/RM3_ws/install/controller_manager_msgs/share/controller_manager_msgs/cmake/controller_manager_msgs__rosidl_typesupport_cExport.cmake
[1.910s] -- Up-to-date: /home/jaime/RM3_ws/install/controller_manager_msgs/share/controller_manager_msgs/cmake/controller_manager_msgs__rosidl_typesupport_cExport-noconfig.cmake
[1.910s] -- Up-to-date: /home/jaime/RM3_ws/install/controller_manager_msgs/share/controller_manager_msgs/cmake/controller_manager_msgs__rosidl_generator_cppExport.cmake
[1.916s] -- Up-to-date: /home/jaime/RM3_ws/install/controller_manager_msgs/share/controller_manager_msgs/cmake/controller_manager_msgs__rosidl_typesupport_introspection_cppExport.cmake
[1.916s] -- Up-to-date: /home/jaime/RM3_ws/install/controller_manager_msgs/share/controller_manager_msgs/cmake/controller_manager_msgs__rosidl_typesupport_introspection_cppExport-noconfig.cmake
[1.916s] -- Up-to-date: /home/jaime/RM3_ws/install/controller_manager_msgs/share/controller_manager_msgs/cmake/controller_manager_msgs__rosidl_typesupport_cppExport.cmake
[1.916s] -- Up-to-date: /home/jaime/RM3_ws/install/controller_manager_msgs/share/controller_manager_msgs/cmake/controller_manager_msgs__rosidl_typesupport_cppExport-noconfig.cmake
[1.927s] Invoked command in '/home/jaime/RM3_ws/build/controller_manager_msgs' returned '0': CMAKE_PREFIX_PATH=/opt/ros/foxy /usr/bin/cmake --install /home/jaime/RM3_ws/build/controller_manager_msgs
