[0.107s] Invoking command in '/home/jaime/RM3_ws/build/rtabmap': CMAKE_PREFIX_PATH=/opt/ros/foxy /usr/bin/cmake --build /home/jaime/RM3_ws/build/rtabmap -- -j8 -l8
[1.089s] [  4%] Built target rtabmap_utilite
[1.089s] [  5%] Built target res_tool
[1.089s] [  6%] Built target imagesJoiner
[1.089s] [  6%] Built target extractObject
[1.089s] [ 44%] Built target rtabmap_core
[1.090s] [ 44%] Built target camera
[1.090s] [ 45%] Built target recovery
[1.090s] [ 46%] Built target kitti_dataset
[1.090s] [ 47%] Built target consoleApp
[1.090s] [ 48%] Built target stereoEval
[1.090s] [ 49%] Built target euroc_dataset
[1.090s] [ 49%] Built target rgbd_dataset
[1.091s] [ 49%] Built target reprocess
[1.091s] [ 50%] Built target cleanupLocalGrids
[1.091s] [ 51%] Built target detectMoreLoopClosures
[1.091s] [ 52%] Built target globalBundleAdjustment
[1.092s] [ 53%] Built target export
[1.092s] [ 53%] Built target info
[1.092s] [ 54%] Built target rgbd_camera
[1.092s] [ 54%] Built target bow_mapping
[1.092s] [ 91%] Built target rtabmap_gui
[1.093s] [ 91%] Built target rtabmap
[1.094s] [ 92%] Built target report
[1.095s] [ 92%] Built target epipolar_geometry
[1.095s] [ 92%] Built target dataRecorder
[1.095s] [ 93%] Built target databaseViewer
[1.095s] [ 94%] Built target calibration
[1.095s] [ 94%] Built target odometryViewer
[1.095s] [ 94%] Built target matcher
[1.096s] [ 96%] Built target noEventsExample
[1.096s] [ 98%] Built target wifi_mapping
[1.096s] [100%] Built target rgbd_mapping
[1.109s] Invoked command in '/home/jaime/RM3_ws/build/rtabmap' returned '0': CMAKE_PREFIX_PATH=/opt/ros/foxy /usr/bin/cmake --build /home/jaime/RM3_ws/build/rtabmap -- -j8 -l8
[1.329s] Invoking command in '/home/jaime/RM3_ws/build/rtabmap': CMAKE_PREFIX_PATH=/opt/ros/foxy /usr/bin/cmake --install /home/jaime/RM3_ws/build/rtabmap
[1.375s] -- Install configuration: "Release"
[1.375s] -- Up-to-date: /home/jaime/RM3_ws/install/rtabmap/lib/rtabmap-0.20/RTABMapConfig.cmake
[1.375s] -- Up-to-date: /home/jaime/RM3_ws/install/rtabmap/lib/rtabmap-0.20/RTABMapConfigVersion.cmake
[1.375s] -- Up-to-date: /home/jaime/RM3_ws/install/rtabmap/share/rtabmap/package.xml
[1.376s] -- Up-to-date: /home/jaime/RM3_ws/install/rtabmap/lib/librtabmap_utilite.so.0.20.18
[1.376s] -- Up-to-date: /home/jaime/RM3_ws/install/rtabmap/lib/librtabmap_utilite.so.0.20
[1.376s] -- Up-to-date: /home/jaime/RM3_ws/install/rtabmap/lib/librtabmap_utilite.so
[1.376s] -- Up-to-date: /home/jaime/RM3_ws/install/rtabmap/include/rtabmap-0.20
[1.394s] -- Up-to-date: /home/jaime/RM3_ws/install/rtabmap/include/rtabmap-0.20/rtabmap
[1.394s] -- Up-to-date: /home/jaime/RM3_ws/install/rtabmap/include/rtabmap-0.20/rtabmap/utilite
[1.394s] -- Up-to-date: /home/jaime/RM3_ws/install/rtabmap/include/rtabmap-0.20/rtabmap/utilite/UThread.h
[1.394s] -- Up-to-date: /home/jaime/RM3_ws/install/rtabmap/include/rtabmap-0.20/rtabmap/utilite/USemaphore.h
[1.395s] -- Up-to-date: /home/jaime/RM3_ws/install/rtabmap/include/rtabmap-0.20/rtabmap/utilite/UThreadNode.h
[1.395s] -- Up-to-date: /home/jaime/RM3_ws/install/rtabmap/include/rtabmap-0.20/rtabmap/utilite/UEvent.h
[1.395s] -- Up-to-date: /home/jaime/RM3_ws/install/rtabmap/include/rtabmap-0.20/rtabmap/utilite/UMutex.h
[1.395s] -- Up-to-date: /home/jaime/RM3_ws/install/rtabmap/include/rtabmap-0.20/rtabmap/utilite/UVariant.h
[1.395s] -- Up-to-date: /home/jaime/RM3_ws/install/rtabmap/include/rtabmap-0.20/rtabmap/utilite/UEventsManager.h
[1.395s] -- Up-to-date: /home/jaime/RM3_ws/install/rtabmap/include/rtabmap-0.20/rtabmap/utilite/ULogger.h
[1.395s] -- Up-to-date: /home/jaime/RM3_ws/install/rtabmap/include/rtabmap-0.20/rtabmap/utilite/UDestroyer.h
[1.395s] -- Up-to-date: /home/jaime/RM3_ws/install/rtabmap/include/rtabmap-0.20/rtabmap/utilite/UProcessInfo.h
[1.395s] -- Up-to-date: /home/jaime/RM3_ws/install/rtabmap/include/rtabmap-0.20/rtabmap/utilite/UTimer.h
[1.395s] -- Up-to-date: /home/jaime/RM3_ws/install/rtabmap/include/rtabmap-0.20/rtabmap/utilite/UFile.h
[1.396s] -- Up-to-date: /home/jaime/RM3_ws/install/rtabmap/include/rtabmap-0.20/rtabmap/utilite/UConversion.h
[1.396s] -- Up-to-date: /home/jaime/RM3_ws/install/rtabmap/include/rtabmap-0.20/rtabmap/utilite/UThreadC.h
[1.396s] -- Up-to-date: /home/jaime/RM3_ws/install/rtabmap/include/rtabmap-0.20/rtabmap/utilite/UMath.h
[1.396s] -- Up-to-date: /home/jaime/RM3_ws/install/rtabmap/include/rtabmap-0.20/rtabmap/utilite/UDirectory.h
[1.396s] -- Up-to-date: /home/jaime/RM3_ws/install/rtabmap/include/rtabmap-0.20/rtabmap/utilite/Posix
[1.397s] -- Up-to-date: /home/jaime/RM3_ws/install/rtabmap/include/rtabmap-0.20/rtabmap/utilite/Posix/UThreadC.h
[1.397s] -- Up-to-date: /home/jaime/RM3_ws/install/rtabmap/include/rtabmap-0.20/rtabmap/utilite/UException.h
[1.397s] -- Up-to-date: /home/jaime/RM3_ws/install/rtabmap/include/rtabmap-0.20/rtabmap/utilite/UObjDeletionThread.h
[1.397s] -- Up-to-date: /home/jaime/RM3_ws/install/rtabmap/include/rtabmap-0.20/rtabmap/utilite/Win32
[1.397s] -- Up-to-date: /home/jaime/RM3_ws/install/rtabmap/include/rtabmap-0.20/rtabmap/utilite/Win32/UWin32.h
[1.397s] -- Up-to-date: /home/jaime/RM3_ws/install/rtabmap/include/rtabmap-0.20/rtabmap/utilite/Win32/UThreadC.h
[1.397s] -- Up-to-date: /home/jaime/RM3_ws/install/rtabmap/include/rtabmap-0.20/rtabmap/utilite/UEventsHandler.h
[1.397s] -- Up-to-date: /home/jaime/RM3_ws/install/rtabmap/include/rtabmap-0.20/rtabmap/utilite/UtiLite.h
[1.397s] -- Up-to-date: /home/jaime/RM3_ws/install/rtabmap/include/rtabmap-0.20/rtabmap/utilite/UStl.h
[1.398s] -- Up-to-date: /home/jaime/RM3_ws/install/rtabmap/include/rtabmap-0.20/rtabmap/utilite/UtiLiteExp.h
[1.398s] -- Up-to-date: /home/jaime/RM3_ws/install/rtabmap/include/rtabmap-0.20/rtabmap/utilite/UEventsSender.h
[1.398s] -- Up-to-date: /home/jaime/RM3_ws/install/rtabmap/bin/rtabmap-res_tool-0.3.0
[1.398s] -- Up-to-date: /home/jaime/RM3_ws/install/rtabmap/bin/rtabmap-res_tool
[1.398s] -- Up-to-date: /home/jaime/RM3_ws/install/rtabmap/lib/librtabmap_core.so.0.20.18
[1.398s] -- Up-to-date: /home/jaime/RM3_ws/install/rtabmap/lib/librtabmap_core.so.0.20
[1.398s] -- Up-to-date: /home/jaime/RM3_ws/install/rtabmap/lib/librtabmap_core.so
[1.398s] -- Up-to-date: /home/jaime/RM3_ws/install/rtabmap/include/rtabmap-0.20
[1.411s] -- Up-to-date: /home/jaime/RM3_ws/install/rtabmap/include/rtabmap-0.20/rtabmap
[1.411s] -- Up-to-date: /home/jaime/RM3_ws/install/rtabmap/include/rtabmap-0.20/rtabmap/core
[1.412s] -- Up-to-date: /home/jaime/RM3_ws/install/rtabmap/include/rtabmap-0.20/rtabmap/core/SensorData.h
[1.412s] -- Up-to-date: /home/jaime/RM3_ws/install/rtabmap/include/rtabmap-0.20/rtabmap/core/stereo
[1.412s] -- Up-to-date: /home/jaime/RM3_ws/install/rtabmap/include/rtabmap-0.20/rtabmap/core/stereo/StereoSGBM.h
[1.412s] -- Up-to-date: /home/jaime/RM3_ws/install/rtabmap/include/rtabmap-0.20/rtabmap/core/stereo/StereoBM.h
[1.412s] -- Up-to-date: /home/jaime/RM3_ws/install/rtabmap/include/rtabmap-0.20/rtabmap/core/stereo/stereoRectifyFisheye.h
[1.412s] -- Up-to-date: /home/jaime/RM3_ws/install/rtabmap/include/rtabmap-0.20/rtabmap/core/RtabmapExp.h
[1.412s] -- Up-to-date: /home/jaime/RM3_ws/install/rtabmap/include/rtabmap-0.20/rtabmap/core/CameraEvent.h
[1.412s] -- Up-to-date: /home/jaime/RM3_ws/install/rtabmap/include/rtabmap-0.20/rtabmap/core/IMUThread.h
[1.412s] -- Up-to-date: /home/jaime/RM3_ws/install/rtabmap/include/rtabmap-0.20/rtabmap/core/Link.h
[1.412s] -- Up-to-date: /home/jaime/RM3_ws/install/rtabmap/include/rtabmap-0.20/rtabmap/core/util3d.h
[1.412s] -- Up-to-date: /home/jaime/RM3_ws/install/rtabmap/include/rtabmap-0.20/rtabmap/core/Graph.h
[1.412s] -- Up-to-date: /home/jaime/RM3_ws/install/rtabmap/include/rtabmap-0.20/rtabmap/core/GlobalDescriptor.h
[1.413s] -- Up-to-date: /home/jaime/RM3_ws/install/rtabmap/include/rtabmap-0.20/rtabmap/core/IMUFilter.h
[1.413s] -- Up-to-date: /home/jaime/RM3_ws/install/rtabmap/include/rtabmap-0.20/rtabmap/core/PDALWriter.h
[1.413s] -- Up-to-date: /home/jaime/RM3_ws/install/rtabmap/include/rtabmap-0.20/rtabmap/core/CameraStereo.h
[1.413s] -- Up-to-date: /home/jaime/RM3_ws/install/rtabmap/include/rtabmap-0.20/rtabmap/core/Transform.h
[1.413s] -- Up-to-date: /home/jaime/RM3_ws/install/rtabmap/include/rtabmap-0.20/rtabmap/core/util3d_filtering.h
[1.413s] -- Up-to-date: /home/jaime/RM3_ws/install/rtabmap/include/rtabmap-0.20/rtabmap/core/BayesFilter.h
[1.413s] -- Up-to-date: /home/jaime/RM3_ws/install/rtabmap/include/rtabmap-0.20/rtabmap/core/MarkerDetector.h
[1.413s] -- Up-to-date: /home/jaime/RM3_ws/install/rtabmap/include/rtabmap-0.20/rtabmap/core/Registration.h
[1.413s] -- Up-to-date: /home/jaime/RM3_ws/install/rtabmap/include/rtabmap-0.20/rtabmap/core/Features2d.h
[1.413s] -- Up-to-date: /home/jaime/RM3_ws/install/rtabmap/include/rtabmap-0.20/rtabmap/core/util3d_mapping.h
[1.413s] -- Up-to-date: /home/jaime/RM3_ws/install/rtabmap/include/rtabmap-0.20/rtabmap/core/RegistrationIcp.h
[1.413s] -- Up-to-date: /home/jaime/RM3_ws/install/rtabmap/include/rtabmap-0.20/rtabmap/core/ProgressState.h
[1.413s] -- Up-to-date: /home/jaime/RM3_ws/install/rtabmap/include/rtabmap-0.20/rtabmap/core/util3d_motion_estimation.h
[1.414s] -- Up-to-date: /home/jaime/RM3_ws/install/rtabmap/include/rtabmap-0.20/rtabmap/core/GPS.h
[1.414s] -- Up-to-date: /home/jaime/RM3_ws/install/rtabmap/include/rtabmap-0.20/rtabmap/core/optimizer
[1.414s] -- Up-to-date: /home/jaime/RM3_ws/install/rtabmap/include/rtabmap-0.20/rtabmap/core/optimizer/OptimizerCeres.h
[1.414s] -- Up-to-date: /home/jaime/RM3_ws/install/rtabmap/include/rtabmap-0.20/rtabmap/core/optimizer/OptimizerGTSAM.h
[1.414s] -- Up-to-date: /home/jaime/RM3_ws/install/rtabmap/include/rtabmap-0.20/rtabmap/core/optimizer/OptimizerTORO.h
[1.414s] -- Up-to-date: /home/jaime/RM3_ws/install/rtabmap/include/rtabmap-0.20/rtabmap/core/optimizer/OptimizerG2O.h
[1.414s] -- Up-to-date: /home/jaime/RM3_ws/install/rtabmap/include/rtabmap-0.20/rtabmap/core/optimizer/OptimizerCVSBA.h
[1.414s] -- Up-to-date: /home/jaime/RM3_ws/install/rtabmap/include/rtabmap-0.20/rtabmap/core/util3d_registration.h
[1.414s] -- Up-to-date: /home/jaime/RM3_ws/install/rtabmap/include/rtabmap-0.20/rtabmap/core/RegistrationInfo.h
[1.414s] -- Up-to-date: /home/jaime/RM3_ws/install/rtabmap/include/rtabmap-0.20/rtabmap/core/Rtabmap.h
[1.415s] -- Up-to-date: /home/jaime/RM3_ws/install/rtabmap/include/rtabmap-0.20/rtabmap/core/DBReader.h
[1.415s] -- Up-to-date: /home/jaime/RM3_ws/install/rtabmap/include/rtabmap-0.20/rtabmap/core/StereoCameraModel.h
[1.415s] -- Up-to-date: /home/jaime/RM3_ws/install/rtabmap/include/rtabmap-0.20/rtabmap/core/ParamEvent.h
[1.415s] -- Up-to-date: /home/jaime/RM3_ws/install/rtabmap/include/rtabmap-0.20/rtabmap/core/util3d_transforms.h
[1.415s] -- Up-to-date: /home/jaime/RM3_ws/install/rtabmap/include/rtabmap-0.20/rtabmap/core/RtabmapThread.h
[1.415s] -- Up-to-date: /home/jaime/RM3_ws/install/rtabmap/include/rtabmap-0.20/rtabmap/core/Recovery.h
[1.415s] -- Up-to-date: /home/jaime/RM3_ws/install/rtabmap/include/rtabmap-0.20/rtabmap/core/CameraThread.h
[1.415s] -- Up-to-date: /home/jaime/RM3_ws/install/rtabmap/include/rtabmap-0.20/rtabmap/core/OdometryEvent.h
[1.415s] -- Up-to-date: /home/jaime/RM3_ws/install/rtabmap/include/rtabmap-0.20/rtabmap/core/Camera.h
[1.416s] -- Up-to-date: /home/jaime/RM3_ws/install/rtabmap/include/rtabmap-0.20/rtabmap/core/IMU.h
[1.416s] -- Up-to-date: /home/jaime/RM3_ws/install/rtabmap/include/rtabmap-0.20/rtabmap/core/Memory.h
[1.416s] -- Up-to-date: /home/jaime/RM3_ws/install/rtabmap/include/rtabmap-0.20/rtabmap/core/OctoMap.h
[1.416s] -- Up-to-date: /home/jaime/RM3_ws/install/rtabmap/include/rtabmap-0.20/rtabmap/core/VWDictionary.h
[1.416s] -- Up-to-date: /home/jaime/RM3_ws/install/rtabmap/include/rtabmap-0.20/rtabmap/core/camera
[1.416s] -- Up-to-date: /home/jaime/RM3_ws/install/rtabmap/include/rtabmap-0.20/rtabmap/core/camera/CameraStereoZed.h
[1.416s] -- Up-to-date: /home/jaime/RM3_ws/install/rtabmap/include/rtabmap-0.20/rtabmap/core/camera/CameraVideo.h
[1.416s] -- Up-to-date: /home/jaime/RM3_ws/install/rtabmap/include/rtabmap-0.20/rtabmap/core/camera/CameraStereoVideo.h
[1.416s] -- Up-to-date: /home/jaime/RM3_ws/install/rtabmap/include/rtabmap-0.20/rtabmap/core/camera/CameraStereoZedOC.h
[1.416s] -- Up-to-date: /home/jaime/RM3_ws/install/rtabmap/include/rtabmap-0.20/rtabmap/core/camera/CameraImages.h
[1.416s] -- Up-to-date: /home/jaime/RM3_ws/install/rtabmap/include/rtabmap-0.20/rtabmap/core/camera/CameraStereoFlyCapture2.h
[1.416s] -- Up-to-date: /home/jaime/RM3_ws/install/rtabmap/include/rtabmap-0.20/rtabmap/core/camera/CameraRealSense.h
[1.416s] -- Up-to-date: /home/jaime/RM3_ws/install/rtabmap/include/rtabmap-0.20/rtabmap/core/camera/CameraK4W2.h
[1.417s] -- Up-to-date: /home/jaime/RM3_ws/install/rtabmap/include/rtabmap-0.20/rtabmap/core/camera/CameraStereoTara.h
[1.417s] -- Up-to-date: /home/jaime/RM3_ws/install/rtabmap/include/rtabmap-0.20/rtabmap/core/camera/CameraFreenect2.h
[1.417s] -- Up-to-date: /home/jaime/RM3_ws/install/rtabmap/include/rtabmap-0.20/rtabmap/core/camera/CameraFreenect.h
[1.417s] -- Up-to-date: /home/jaime/RM3_ws/install/rtabmap/include/rtabmap-0.20/rtabmap/core/camera/CameraRealSense2.h
[1.417s] -- Up-to-date: /home/jaime/RM3_ws/install/rtabmap/include/rtabmap-0.20/rtabmap/core/camera/CameraOpenNICV.h
[1.417s] -- Up-to-date: /home/jaime/RM3_ws/install/rtabmap/include/rtabmap-0.20/rtabmap/core/camera/CameraStereoImages.h
[1.417s] -- Up-to-date: /home/jaime/RM3_ws/install/rtabmap/include/rtabmap-0.20/rtabmap/core/camera/CameraRGBDImages.h
[1.417s] -- Up-to-date: /home/jaime/RM3_ws/install/rtabmap/include/rtabmap-0.20/rtabmap/core/camera/CameraK4A.h
[1.417s] -- Up-to-date: /home/jaime/RM3_ws/install/rtabmap/include/rtabmap-0.20/rtabmap/core/camera/CameraOpenni.h
[1.417s] -- Up-to-date: /home/jaime/RM3_ws/install/rtabmap/include/rtabmap-0.20/rtabmap/core/camera/CameraDepthAI.h
[1.417s] -- Up-to-date: /home/jaime/RM3_ws/install/rtabmap/include/rtabmap-0.20/rtabmap/core/camera/CameraOpenNI2.h
[1.417s] -- Up-to-date: /home/jaime/RM3_ws/install/rtabmap/include/rtabmap-0.20/rtabmap/core/camera/CameraStereoDC1394.h
[1.417s] -- Up-to-date: /home/jaime/RM3_ws/install/rtabmap/include/rtabmap-0.20/rtabmap/core/camera/CameraMyntEye.h
[1.418s] -- Up-to-date: /home/jaime/RM3_ws/install/rtabmap/include/rtabmap-0.20/rtabmap/core/VisualWord.h
[1.418s] -- Up-to-date: /home/jaime/RM3_ws/install/rtabmap/include/rtabmap-0.20/rtabmap/core/PythonInterface.h
[1.418s] -- Up-to-date: /home/jaime/RM3_ws/install/rtabmap/include/rtabmap-0.20/rtabmap/core/DBDriverSqlite3.h
[1.418s] -- Up-to-date: /home/jaime/RM3_ws/install/rtabmap/include/rtabmap-0.20/rtabmap/core/Image.h
[1.418s] -- Up-to-date: /home/jaime/RM3_ws/install/rtabmap/include/rtabmap-0.20/rtabmap/core/util3d_correspondences.h
[1.418s] -- Up-to-date: /home/jaime/RM3_ws/install/rtabmap/include/rtabmap-0.20/rtabmap/core/RtabmapEvent.h
[1.418s] -- Up-to-date: /home/jaime/RM3_ws/install/rtabmap/include/rtabmap-0.20/rtabmap/core/Statistics.h
[1.418s] -- Up-to-date: /home/jaime/RM3_ws/install/rtabmap/include/rtabmap-0.20/rtabmap/core/util3d_surface.h
[1.418s] -- Up-to-date: /home/jaime/RM3_ws/install/rtabmap/include/rtabmap-0.20/rtabmap/core/RegistrationVis.h
[1.418s] -- Up-to-date: /home/jaime/RM3_ws/install/rtabmap/include/rtabmap-0.20/rtabmap/core/DBDriver.h
[1.418s] -- Up-to-date: /home/jaime/RM3_ws/install/rtabmap/include/rtabmap-0.20/rtabmap/core/CameraRGBD.h
[1.418s] -- Up-to-date: /home/jaime/RM3_ws/install/rtabmap/include/rtabmap-0.20/rtabmap/core/StereoDense.h
[1.419s] -- Up-to-date: /home/jaime/RM3_ws/install/rtabmap/include/rtabmap-0.20/rtabmap/core/util3d_features.h
[1.419s] -- Up-to-date: /home/jaime/RM3_ws/install/rtabmap/include/rtabmap-0.20/rtabmap/core/ParticleFilter.h
[1.419s] -- Up-to-date: /home/jaime/RM3_ws/install/rtabmap/include/rtabmap-0.20/rtabmap/core/Landmark.h
[1.419s] -- Up-to-date: /home/jaime/RM3_ws/install/rtabmap/include/rtabmap-0.20/rtabmap/core/Stereo.h
[1.419s] -- Up-to-date: /home/jaime/RM3_ws/install/rtabmap/include/rtabmap-0.20/rtabmap/core/util2d.h
[1.419s] -- Up-to-date: /home/jaime/RM3_ws/install/rtabmap/include/rtabmap-0.20/rtabmap/core/UserDataEvent.h
[1.419s] -- Up-to-date: /home/jaime/RM3_ws/install/rtabmap/include/rtabmap-0.20/rtabmap/core/FlannIndex.h
[1.419s] -- Up-to-date: /home/jaime/RM3_ws/install/rtabmap/include/rtabmap-0.20/rtabmap/core/LaserScan.h
[1.419s] -- Up-to-date: /home/jaime/RM3_ws/install/rtabmap/include/rtabmap-0.20/rtabmap/core/GainCompensator.h
[1.419s] -- Up-to-date: /home/jaime/RM3_ws/install/rtabmap/include/rtabmap-0.20/rtabmap/core/Compression.h
[1.419s] -- Up-to-date: /home/jaime/RM3_ws/install/rtabmap/include/rtabmap-0.20/rtabmap/core/Parameters.h
[1.419s] -- Up-to-date: /home/jaime/RM3_ws/install/rtabmap/include/rtabmap-0.20/rtabmap/core/Optimizer.h
[1.419s] -- Up-to-date: /home/jaime/RM3_ws/install/rtabmap/include/rtabmap-0.20/rtabmap/core/GeodeticCoords.h
[1.445s] -- Up-to-date: /home/jaime/RM3_ws/install/rtabmap/include/rtabmap-0.20/rtabmap/core/CameraRGB.h
[1.445s] -- Up-to-date: /home/jaime/RM3_ws/install/rtabmap/include/rtabmap-0.20/rtabmap/core/CameraInfo.h
[1.445s] -- Up-to-date: /home/jaime/RM3_ws/install/rtabmap/include/rtabmap-0.20/rtabmap/core/OdometryThread.h
[1.445s] -- Up-to-date: /home/jaime/RM3_ws/install/rtabmap/include/rtabmap-0.20/rtabmap/core/Odometry.h
[1.446s] -- Up-to-date: /home/jaime/RM3_ws/install/rtabmap/include/rtabmap-0.20/rtabmap/core/odometry
[1.446s] -- Up-to-date: /home/jaime/RM3_ws/install/rtabmap/include/rtabmap-0.20/rtabmap/core/odometry/OdometryMono.h
[1.446s] -- Up-to-date: /home/jaime/RM3_ws/install/rtabmap/include/rtabmap-0.20/rtabmap/core/odometry/OdometryLOAM.h
[1.446s] -- Up-to-date: /home/jaime/RM3_ws/install/rtabmap/include/rtabmap-0.20/rtabmap/core/odometry/OdometryF2M.h
[1.446s] -- Up-to-date: /home/jaime/RM3_ws/install/rtabmap/include/rtabmap-0.20/rtabmap/core/odometry/OdometryOpenVINS.h
[1.446s] -- Up-to-date: /home/jaime/RM3_ws/install/rtabmap/include/rtabmap-0.20/rtabmap/core/odometry/OdometryViso2.h
[1.446s] -- Up-to-date: /home/jaime/RM3_ws/install/rtabmap/include/rtabmap-0.20/rtabmap/core/odometry/OdometryDVO.h
[1.446s] -- Up-to-date: /home/jaime/RM3_ws/install/rtabmap/include/rtabmap-0.20/rtabmap/core/odometry/OdometryVINS.h
[1.446s] -- Up-to-date: /home/jaime/RM3_ws/install/rtabmap/include/rtabmap-0.20/rtabmap/core/odometry/OdometryMSCKF.h
[1.446s] -- Up-to-date: /home/jaime/RM3_ws/install/rtabmap/include/rtabmap-0.20/rtabmap/core/odometry/OdometryOkvis.h
[1.446s] -- Up-to-date: /home/jaime/RM3_ws/install/rtabmap/include/rtabmap-0.20/rtabmap/core/odometry/OdometryFLOAM.h
[1.446s] -- Up-to-date: /home/jaime/RM3_ws/install/rtabmap/include/rtabmap-0.20/rtabmap/core/odometry/OdometryF2F.h
[1.446s] -- Up-to-date: /home/jaime/RM3_ws/install/rtabmap/include/rtabmap-0.20/rtabmap/core/odometry/OdometryORBSLAM.h
[1.447s] -- Up-to-date: /home/jaime/RM3_ws/install/rtabmap/include/rtabmap-0.20/rtabmap/core/odometry/OdometryOpen3D.h
[1.447s] -- Up-to-date: /home/jaime/RM3_ws/install/rtabmap/include/rtabmap-0.20/rtabmap/core/odometry/OdometryFovis.h
[1.447s] -- Up-to-date: /home/jaime/RM3_ws/install/rtabmap/include/rtabmap-0.20/rtabmap/core/impl
[1.447s] -- Up-to-date: /home/jaime/RM3_ws/install/rtabmap/include/rtabmap-0.20/rtabmap/core/impl/util3d_surface.hpp
[1.447s] -- Up-to-date: /home/jaime/RM3_ws/install/rtabmap/include/rtabmap-0.20/rtabmap/core/impl/util3d_mapping.hpp
[1.447s] -- Up-to-date: /home/jaime/RM3_ws/install/rtabmap/include/rtabmap-0.20/rtabmap/core/impl/OccupancyGrid.hpp
[1.448s] -- Up-to-date: /home/jaime/RM3_ws/install/rtabmap/include/rtabmap-0.20/rtabmap/core/impl/util3d.hpp
[1.448s] -- Up-to-date: /home/jaime/RM3_ws/install/rtabmap/include/rtabmap-0.20/rtabmap/core/EpipolarGeometry.h
[1.448s] -- Up-to-date: /home/jaime/RM3_ws/install/rtabmap/include/rtabmap-0.20/rtabmap/core/clams
[1.448s] -- Up-to-date: /home/jaime/RM3_ws/install/rtabmap/include/rtabmap-0.20/rtabmap/core/clams/slam_calibrator.h
[1.448s] -- Up-to-date: /home/jaime/RM3_ws/install/rtabmap/include/rtabmap-0.20/rtabmap/core/clams/discrete_depth_distortion_model.h
[1.448s] -- Up-to-date: /home/jaime/RM3_ws/install/rtabmap/include/rtabmap-0.20/rtabmap/core/clams/frame_projector.h
[1.448s] -- Up-to-date: /home/jaime/RM3_ws/install/rtabmap/include/rtabmap-0.20/rtabmap/core/OdometryInfo.h
[1.448s] -- Up-to-date: /home/jaime/RM3_ws/install/rtabmap/include/rtabmap-0.20/rtabmap/core/CameraModel.h
[1.448s] -- Up-to-date: /home/jaime/RM3_ws/install/rtabmap/include/rtabmap-0.20/rtabmap/core/EnvSensor.h
[1.448s] -- Up-to-date: /home/jaime/RM3_ws/install/rtabmap/include/rtabmap-0.20/rtabmap/core/OccupancyGrid.h
[1.449s] -- Up-to-date: /home/jaime/RM3_ws/install/rtabmap/include/rtabmap-0.20/rtabmap/core/Signature.h
[1.449s] -- Up-to-date: /home/jaime/RM3_ws/install/rtabmap/include/rtabmap-0.20
[1.449s] -- Up-to-date: /home/jaime/RM3_ws/install/rtabmap/include/rtabmap-0.20/rtabmap
[1.449s] -- Up-to-date: /home/jaime/RM3_ws/install/rtabmap/include/rtabmap-0.20/rtabmap/core
[1.449s] -- Up-to-date: /home/jaime/RM3_ws/install/rtabmap/include/rtabmap-0.20/rtabmap/core/Version.h
[1.449s] -- Up-to-date: /home/jaime/RM3_ws/install/rtabmap/lib/librtabmap_gui.so.0.20.18
[1.449s] -- Up-to-date: /home/jaime/RM3_ws/install/rtabmap/lib/librtabmap_gui.so.0.20
[1.449s] -- Up-to-date: /home/jaime/RM3_ws/install/rtabmap/lib/librtabmap_gui.so
[1.449s] -- Up-to-date: /home/jaime/RM3_ws/install/rtabmap/include/rtabmap-0.20
[1.449s] -- Up-to-date: /home/jaime/RM3_ws/install/rtabmap/include/rtabmap-0.20/rtabmap
[1.449s] -- Up-to-date: /home/jaime/RM3_ws/install/rtabmap/include/rtabmap-0.20/rtabmap/utilite
[1.450s] -- Up-to-date: /home/jaime/RM3_ws/install/rtabmap/include/rtabmap-0.20/rtabmap/utilite/UPlot.h
[1.450s] -- Up-to-date: /home/jaime/RM3_ws/install/rtabmap/include/rtabmap-0.20/rtabmap/utilite/UCv2Qt.h
[1.450s] -- Up-to-date: /home/jaime/RM3_ws/install/rtabmap/include/rtabmap-0.20/rtabmap/utilite/UImageView.h
[1.450s] -- Up-to-date: /home/jaime/RM3_ws/install/rtabmap/include/rtabmap-0.20/rtabmap/gui
[1.450s] -- Up-to-date: /home/jaime/RM3_ws/install/rtabmap/include/rtabmap-0.20/rtabmap/gui/ImageView.h
[1.450s] -- Up-to-date: /home/jaime/RM3_ws/install/rtabmap/include/rtabmap-0.20/rtabmap/gui/ParametersToolBox.h
[1.450s] -- Up-to-date: /home/jaime/RM3_ws/install/rtabmap/include/rtabmap-0.20/rtabmap/gui/LoopClosureViewer.h
[1.450s] -- Up-to-date: /home/jaime/RM3_ws/install/rtabmap/include/rtabmap-0.20/rtabmap/gui/CreateSimpleCalibrationDialog.h
[1.450s] -- Up-to-date: /home/jaime/RM3_ws/install/rtabmap/include/rtabmap-0.20/rtabmap/gui/EditMapArea.h
[1.451s] -- Up-to-date: /home/jaime/RM3_ws/install/rtabmap/include/rtabmap-0.20/rtabmap/gui/ExportBundlerDialog.h
[1.451s] -- Up-to-date: /home/jaime/RM3_ws/install/rtabmap/include/rtabmap-0.20/rtabmap/gui/ExportDialog.h
[1.451s] -- Up-to-date: /home/jaime/RM3_ws/install/rtabmap/include/rtabmap-0.20/rtabmap/gui/CloudViewer.h
[1.451s] -- Up-to-date: /home/jaime/RM3_ws/install/rtabmap/include/rtabmap-0.20/rtabmap/gui/DepthCalibrationDialog.h
[1.451s] -- Up-to-date: /home/jaime/RM3_ws/install/rtabmap/include/rtabmap-0.20/rtabmap/gui/PreferencesDialog.h
[1.451s] -- Up-to-date: /home/jaime/RM3_ws/install/rtabmap/include/rtabmap-0.20/rtabmap/gui/MapVisibilityWidget.h
[1.451s] -- Up-to-date: /home/jaime/RM3_ws/install/rtabmap/include/rtabmap-0.20/rtabmap/gui/AboutDialog.h
[1.451s] -- Up-to-date: /home/jaime/RM3_ws/install/rtabmap/include/rtabmap-0.20/rtabmap/gui/CalibrationDialog.h
[1.451s] -- Up-to-date: /home/jaime/RM3_ws/install/rtabmap/include/rtabmap-0.20/rtabmap/gui/PostProcessingDialog.h
[1.451s] -- Up-to-date: /home/jaime/RM3_ws/install/rtabmap/include/rtabmap-0.20/rtabmap/gui/KeypointItem.h
[1.451s] -- Up-to-date: /home/jaime/RM3_ws/install/rtabmap/include/rtabmap-0.20/rtabmap/gui/DataRecorder.h
[1.452s] -- Up-to-date: /home/jaime/RM3_ws/install/rtabmap/include/rtabmap-0.20/rtabmap/gui/StatsToolBox.h
[1.452s] -- Up-to-date: /home/jaime/RM3_ws/install/rtabmap/include/rtabmap-0.20/rtabmap/gui/EditDepthArea.h
[1.452s] -- Up-to-date: /home/jaime/RM3_ws/install/rtabmap/include/rtabmap-0.20/rtabmap/gui/GraphViewer.h
[1.452s] -- Up-to-date: /home/jaime/RM3_ws/install/rtabmap/include/rtabmap-0.20/rtabmap/gui/CameraViewer.h
[1.452s] -- Up-to-date: /home/jaime/RM3_ws/install/rtabmap/include/rtabmap-0.20/rtabmap/gui/ExportCloudsDialog.h
[1.452s] -- Up-to-date: /home/jaime/RM3_ws/install/rtabmap/include/rtabmap-0.20/rtabmap/gui/DatabaseViewer.h
[1.452s] -- Up-to-date: /home/jaime/RM3_ws/install/rtabmap/include/rtabmap-0.20/rtabmap/gui/RtabmapGuiExp.h
[1.452s] -- Up-to-date: /home/jaime/RM3_ws/install/rtabmap/include/rtabmap-0.20/rtabmap/gui/PdfPlot.h
[1.452s] -- Up-to-date: /home/jaime/RM3_ws/install/rtabmap/include/rtabmap-0.20/rtabmap/gui/CloudViewerCellPicker.h
[1.452s] -- Up-to-date: /home/jaime/RM3_ws/install/rtabmap/include/rtabmap-0.20/rtabmap/gui/ProgressDialog.h
[1.453s] -- Up-to-date: /home/jaime/RM3_ws/install/rtabmap/include/rtabmap-0.20/rtabmap/gui/ConsoleWidget.h
[1.453s] -- Up-to-date: /home/jaime/RM3_ws/install/rtabmap/include/rtabmap-0.20/rtabmap/gui/TexturingState.h
[1.459s] -- Up-to-date: /home/jaime/RM3_ws/install/rtabmap/include/rtabmap-0.20/rtabmap/gui/RecoveryState.h
[1.459s] -- Up-to-date: /home/jaime/RM3_ws/install/rtabmap/include/rtabmap-0.20/rtabmap/gui/CloudViewerInteractorStyle.h
[1.459s] -- Up-to-date: /home/jaime/RM3_ws/install/rtabmap/include/rtabmap-0.20/rtabmap/gui/MainWindow.h
[1.459s] -- Up-to-date: /home/jaime/RM3_ws/install/rtabmap/include/rtabmap-0.20/rtabmap/gui/EditConstraintDialog.h
[1.460s] -- Up-to-date: /home/jaime/RM3_ws/install/rtabmap/include/rtabmap-0.20/rtabmap/gui/OdometryViewer.h
[1.460s] -- Up-to-date: /home/jaime/RM3_ws/install/rtabmap/bin/rtabmap
[1.460s] -- Up-to-date: /home/jaime/RM3_ws/install/rtabmap/bin/rtabmap-console
[1.460s] -- Up-to-date: /home/jaime/RM3_ws/install/rtabmap/bin/rtabmap-extractObject
[1.460s] -- Up-to-date: /home/jaime/RM3_ws/install/rtabmap/bin/rtabmap-camera
[1.460s] -- Up-to-date: /home/jaime/RM3_ws/install/rtabmap/bin/rtabmap-kitti_dataset
[1.460s] -- Up-to-date: /home/jaime/RM3_ws/install/rtabmap/bin/rtabmap-rgbd_dataset
[1.460s] -- Up-to-date: /home/jaime/RM3_ws/install/rtabmap/bin/rtabmap-euroc_dataset
[1.460s] -- Up-to-date: /home/jaime/RM3_ws/install/rtabmap/bin/rtabmap-recovery
[1.460s] -- Up-to-date: /home/jaime/RM3_ws/install/rtabmap/bin/rtabmap-reprocess
[1.461s] -- Up-to-date: /home/jaime/RM3_ws/install/rtabmap/bin/rtabmap-detectMoreLoopClosures
[1.461s] -- Up-to-date: /home/jaime/RM3_ws/install/rtabmap/bin/rtabmap-export
[1.461s] -- Up-to-date: /home/jaime/RM3_ws/install/rtabmap/bin/rtabmap-report
[1.461s] -- Up-to-date: /home/jaime/RM3_ws/install/rtabmap/bin/rtabmap-info
[1.461s] -- Up-to-date: /home/jaime/RM3_ws/install/rtabmap/bin/rtabmap-cleanupLocalGrids
[1.461s] -- Up-to-date: /home/jaime/RM3_ws/install/rtabmap/bin/rtabmap-globalBundleAdjustment
[1.461s] -- Up-to-date: /home/jaime/RM3_ws/install/rtabmap/bin/rtabmap-rgbd_camera
[1.461s] -- Up-to-date: /home/jaime/RM3_ws/install/rtabmap/bin/rtabmap-databaseViewer
[1.461s] -- Up-to-date: /home/jaime/RM3_ws/install/rtabmap/bin/rtabmap-odometryViewer
[1.461s] -- Up-to-date: /home/jaime/RM3_ws/install/rtabmap/bin/rtabmap-dataRecorder
[1.462s] -- Up-to-date: /home/jaime/RM3_ws/install/rtabmap/bin/rtabmap-calibration
[1.503s] Invoked command in '/home/jaime/RM3_ws/build/rtabmap' returned '0': CMAKE_PREFIX_PATH=/opt/ros/foxy /usr/bin/cmake --install /home/jaime/RM3_ws/build/rtabmap
