[2.640s] Invoking command in '/home/jaime/RM3_ws/src/nav_rm3': PYTHONPATH=/home/jaime/RM3_ws/install/nav_rm3/lib/python3.8/site-packages: /usr/bin/python3 setup.py egg_info --egg-base ../../build/nav_rm3 build --build-base /home/jaime/RM3_ws/build/nav_rm3/build install --prefix /home/jaime/RM3_ws/install/nav_rm3 --record /home/jaime/RM3_ws/build/nav_rm3/install.log --single-version-externally-managed
[3.224s] running egg_info
[3.226s] writing ../../build/nav_rm3/nav_rm3.egg-info/PKG-INFO
[3.226s] writing dependency_links to ../../build/nav_rm3/nav_rm3.egg-info/dependency_links.txt
[3.226s] writing entry points to ../../build/nav_rm3/nav_rm3.egg-info/entry_points.txt
[3.227s] writing requirements to ../../build/nav_rm3/nav_rm3.egg-info/requires.txt
[3.227s] writing top-level names to ../../build/nav_rm3/nav_rm3.egg-info/top_level.txt
[3.343s] reading manifest file '../../build/nav_rm3/nav_rm3.egg-info/SOURCES.txt'
[3.343s] writing manifest file '../../build/nav_rm3/nav_rm3.egg-info/SOURCES.txt'
[3.343s] running build
[3.344s] running build_py
[3.345s] running install
[3.352s] running install_lib
[3.353s] running install_data
[3.353s] copying config/nav2.yaml -> /home/jaime/RM3_ws/install/nav_rm3/share/nav_rm3/config
[3.353s] running install_egg_info
[3.354s] removing '/home/jaime/RM3_ws/install/nav_rm3/lib/python3.8/site-packages/nav_rm3-0.0.0-py3.8.egg-info' (and everything under it)
[3.355s] Copying ../../build/nav_rm3/nav_rm3.egg-info to /home/jaime/RM3_ws/install/nav_rm3/lib/python3.8/site-packages/nav_rm3-0.0.0-py3.8.egg-info
[3.357s] running install_scripts
[3.406s] writing list of installed files to '/home/jaime/RM3_ws/build/nav_rm3/install.log'
[3.534s] Invoked command in '/home/jaime/RM3_ws/src/nav_rm3' returned '0': PYTHONPATH=/home/jaime/RM3_ws/install/nav_rm3/lib/python3.8/site-packages: /usr/bin/python3 setup.py egg_info --egg-base ../../build/nav_rm3 build --build-base /home/jaime/RM3_ws/build/nav_rm3/build install --prefix /home/jaime/RM3_ws/install/nav_rm3 --record /home/jaime/RM3_ws/build/nav_rm3/install.log --single-version-externally-managed
