[1.179s] Invoking command in '/home/jaime/RM3_ws/src/TALTECH_RM3_ROS_PACKAGES/robominer_bringup': PYTHONPATH=/home/jaime/RM3_ws/install/robominer_bringup/lib/python3.8/site-packages:${PYTHONPATH} /usr/bin/python3 setup.py egg_info --egg-base ../../../build/robominer_bringup build --build-base /home/jaime/RM3_ws/build/robominer_bringup/build install --prefix /home/jaime/RM3_ws/install/robominer_bringup --record /home/jaime/RM3_ws/build/robominer_bringup/install.log --single-version-externally-managed
[1.406s] running egg_info
[1.407s] creating ../../../build/robominer_bringup/robominer_bringup.egg-info
[1.407s] writing ../../../build/robominer_bringup/robominer_bringup.egg-info/PKG-INFO
[1.408s] writing dependency_links to ../../../build/robominer_bringup/robominer_bringup.egg-info/dependency_links.txt
[1.408s] writing entry points to ../../../build/robominer_bringup/robominer_bringup.egg-info/entry_points.txt
[1.408s] writing requirements to ../../../build/robominer_bringup/robominer_bringup.egg-info/requires.txt
[1.408s] writing top-level names to ../../../build/robominer_bringup/robominer_bringup.egg-info/top_level.txt
[1.414s] writing manifest file '../../../build/robominer_bringup/robominer_bringup.egg-info/SOURCES.txt'
[1.459s] reading manifest file '../../../build/robominer_bringup/robominer_bringup.egg-info/SOURCES.txt'
[1.460s] writing manifest file '../../../build/robominer_bringup/robominer_bringup.egg-info/SOURCES.txt'
[1.460s] running build
[1.460s] running build_py
[1.460s] creating /home/jaime/RM3_ws/build/robominer_bringup/build
[1.461s] creating /home/jaime/RM3_ws/build/robominer_bringup/build/lib
[1.461s] creating /home/jaime/RM3_ws/build/robominer_bringup/build/lib/robominer_bringup
[1.461s] copying robominer_bringup/__init__.py -> /home/jaime/RM3_ws/build/robominer_bringup/build/lib/robominer_bringup
[1.461s] running install
[1.461s] running install_lib
[1.465s] creating /home/jaime/RM3_ws/install/robominer_bringup/lib/python3.8/site-packages/robominer_bringup
[1.465s] copying /home/jaime/RM3_ws/build/robominer_bringup/build/lib/robominer_bringup/__init__.py -> /home/jaime/RM3_ws/install/robominer_bringup/lib/python3.8/site-packages/robominer_bringup
[1.465s] byte-compiling /home/jaime/RM3_ws/install/robominer_bringup/lib/python3.8/site-packages/robominer_bringup/__init__.py to __init__.cpython-38.pyc
[1.465s] running install_data
[1.466s] creating /home/jaime/RM3_ws/install/robominer_bringup/share/ament_index
[1.466s] creating /home/jaime/RM3_ws/install/robominer_bringup/share/ament_index/resource_index
[1.466s] creating /home/jaime/RM3_ws/install/robominer_bringup/share/ament_index/resource_index/packages
[1.466s] copying resource/robominer_bringup -> /home/jaime/RM3_ws/install/robominer_bringup/share/ament_index/resource_index/packages
[1.466s] copying package.xml -> /home/jaime/RM3_ws/install/robominer_bringup/share/robominer_bringup
[1.467s] creating /home/jaime/RM3_ws/install/robominer_bringup/share/robominer_bringup/launch
[1.467s] copying launch/sim_open_loop_steering.launch.py -> /home/jaime/RM3_ws/install/robominer_bringup/share/robominer_bringup/launch
[1.467s] copying launch/sim_open_loop_steering_joy.launch.py -> /home/jaime/RM3_ws/install/robominer_bringup/share/robominer_bringup/launch
[1.467s] copying launch/imu_and_whiskers.launch.py -> /home/jaime/RM3_ws/install/robominer_bringup/share/robominer_bringup/launch
[1.467s] copying launch/open_loop_steering.launch.py -> /home/jaime/RM3_ws/install/robominer_bringup/share/robominer_bringup/launch
[1.468s] copying launch/belgium_bag_record.launch.py -> /home/jaime/RM3_ws/install/robominer_bringup/share/robominer_bringup/launch
[1.468s] copying launch/bag_record.launch.py -> /home/jaime/RM3_ws/install/robominer_bringup/share/robominer_bringup/launch
[1.468s] copying launch/joypad.launch.py -> /home/jaime/RM3_ws/install/robominer_bringup/share/robominer_bringup/launch
[1.468s] copying launch/open_loop_steering_w_sensors.launch.py -> /home/jaime/RM3_ws/install/robominer_bringup/share/robominer_bringup/launch
[1.468s] running install_egg_info
[1.469s] Copying ../../../build/robominer_bringup/robominer_bringup.egg-info to /home/jaime/RM3_ws/install/robominer_bringup/lib/python3.8/site-packages/robominer_bringup-0.0.0-py3.8.egg-info
[1.469s] running install_scripts
[1.490s] writing list of installed files to '/home/jaime/RM3_ws/build/robominer_bringup/install.log'
[1.531s] Invoked command in '/home/jaime/RM3_ws/src/TALTECH_RM3_ROS_PACKAGES/robominer_bringup' returned '0': PYTHONPATH=/home/jaime/RM3_ws/install/robominer_bringup/lib/python3.8/site-packages:${PYTHONPATH} /usr/bin/python3 setup.py egg_info --egg-base ../../../build/robominer_bringup build --build-base /home/jaime/RM3_ws/build/robominer_bringup/build install --prefix /home/jaime/RM3_ws/install/robominer_bringup --record /home/jaime/RM3_ws/build/robominer_bringup/install.log --single-version-externally-managed
