[0.153s] Invoking command in '/home/jaime/RM3_ws/build/effort_controllers': AMENT_PREFIX_PATH=/home/jaime/RM3_ws/install/forward_command_controller:/home/jaime/RM3_ws/install/controller_manager:/home/jaime/RM3_ws/install/controller_interface:/home/jaime/RM3_ws/install/hardware_interface:/home/jaime/RM3_ws/install/ros2_control_test_assets:/home/jaime/RM3_ws/install/controller_manager_msgs CMAKE_PREFIX_PATH=/home/jaime/RM3_ws/install/forward_command_controller:/home/jaime/RM3_ws/install/controller_manager:/home/jaime/RM3_ws/install/controller_interface:/home/jaime/RM3_ws/install/hardware_interface:/home/jaime/RM3_ws/install/ros2_control_test_assets:/home/jaime/RM3_ws/install/controller_manager_msgs LD_LIBRARY_PATH=/home/jaime/RM3_ws/install/forward_command_controller/lib:/home/jaime/RM3_ws/install/controller_manager/lib:/home/jaime/RM3_ws/install/controller_interface/lib:/home/jaime/RM3_ws/install/hardware_interface/lib:/home/jaime/RM3_ws/install/controller_manager_msgs/lib PYTHONPATH=/home/jaime/RM3_ws/install/controller_manager/lib/python3.8/site-packages:/home/jaime/RM3_ws/install/controller_manager_msgs/lib/python3.8/site-packages /usr/bin/cmake --build /home/jaime/RM3_ws/build/effort_controllers -- -j8 -l8
[0.243s] [ 18%] Built target gmock_main
[0.281s] [ 36%] Built target effort_controllers
[0.284s] [ 63%] Built target gmock
[0.392s] [ 81%] Built target test_joint_group_effort_controller
[0.398s] [100%] Built target test_load_joint_group_effort_controller
[0.437s] Invoked command in '/home/jaime/RM3_ws/build/effort_controllers' returned '0': AMENT_PREFIX_PATH=/home/jaime/RM3_ws/install/forward_command_controller:/home/jaime/RM3_ws/install/controller_manager:/home/jaime/RM3_ws/install/controller_interface:/home/jaime/RM3_ws/install/hardware_interface:/home/jaime/RM3_ws/install/ros2_control_test_assets:/home/jaime/RM3_ws/install/controller_manager_msgs CMAKE_PREFIX_PATH=/home/jaime/RM3_ws/install/forward_command_controller:/home/jaime/RM3_ws/install/controller_manager:/home/jaime/RM3_ws/install/controller_interface:/home/jaime/RM3_ws/install/hardware_interface:/home/jaime/RM3_ws/install/ros2_control_test_assets:/home/jaime/RM3_ws/install/controller_manager_msgs LD_LIBRARY_PATH=/home/jaime/RM3_ws/install/forward_command_controller/lib:/home/jaime/RM3_ws/install/controller_manager/lib:/home/jaime/RM3_ws/install/controller_interface/lib:/home/jaime/RM3_ws/install/hardware_interface/lib:/home/jaime/RM3_ws/install/controller_manager_msgs/lib PYTHONPATH=/home/jaime/RM3_ws/install/controller_manager/lib/python3.8/site-packages:/home/jaime/RM3_ws/install/controller_manager_msgs/lib/python3.8/site-packages /usr/bin/cmake --build /home/jaime/RM3_ws/build/effort_controllers -- -j8 -l8
[0.532s] Invoking command in '/home/jaime/RM3_ws/build/effort_controllers': AMENT_PREFIX_PATH=/home/jaime/RM3_ws/install/forward_command_controller:/home/jaime/RM3_ws/install/controller_manager:/home/jaime/RM3_ws/install/controller_interface:/home/jaime/RM3_ws/install/hardware_interface:/home/jaime/RM3_ws/install/ros2_control_test_assets:/home/jaime/RM3_ws/install/controller_manager_msgs CMAKE_PREFIX_PATH=/home/jaime/RM3_ws/install/forward_command_controller:/home/jaime/RM3_ws/install/controller_manager:/home/jaime/RM3_ws/install/controller_interface:/home/jaime/RM3_ws/install/hardware_interface:/home/jaime/RM3_ws/install/ros2_control_test_assets:/home/jaime/RM3_ws/install/controller_manager_msgs LD_LIBRARY_PATH=/home/jaime/RM3_ws/install/forward_command_controller/lib:/home/jaime/RM3_ws/install/controller_manager/lib:/home/jaime/RM3_ws/install/controller_interface/lib:/home/jaime/RM3_ws/install/hardware_interface/lib:/home/jaime/RM3_ws/install/controller_manager_msgs/lib PYTHONPATH=/home/jaime/RM3_ws/install/controller_manager/lib/python3.8/site-packages:/home/jaime/RM3_ws/install/controller_manager_msgs/lib/python3.8/site-packages /usr/bin/cmake --install /home/jaime/RM3_ws/build/effort_controllers
[0.559s] -- Install configuration: ""
[0.560s] -- Execute custom install script
[0.561s] -- Up-to-date symlink: /home/jaime/RM3_ws/install/effort_controllers/share/effort_controllers//effort_controllers_plugins.xml
[0.561s] -- Up-to-date symlink: /home/jaime/RM3_ws/install/effort_controllers/include/effort_controllers/joint_group_effort_controller.hpp
[0.561s] -- Up-to-date symlink: /home/jaime/RM3_ws/install/effort_controllers/include/effort_controllers/visibility_control.h
[0.562s] -- Up-to-date symlink: /home/jaime/RM3_ws/install/effort_controllers/lib/libeffort_controllers.so
[0.562s] -- Up-to-date symlink: /home/jaime/RM3_ws/install/effort_controllers/share/effort_controllers/environment/library_path.sh
[0.563s] -- Up-to-date symlink: /home/jaime/RM3_ws/install/effort_controllers/share/effort_controllers/environment/library_path.dsv
[0.563s] -- Up-to-date symlink: /home/jaime/RM3_ws/install/effort_controllers/share/ament_index/resource_index/package_run_dependencies/effort_controllers
[0.563s] -- Up-to-date symlink: /home/jaime/RM3_ws/install/effort_controllers/share/ament_index/resource_index/parent_prefix_path/effort_controllers
[0.564s] -- Up-to-date symlink: /home/jaime/RM3_ws/install/effort_controllers/share/effort_controllers/environment/ament_prefix_path.sh
[0.565s] -- Up-to-date symlink: /home/jaime/RM3_ws/install/effort_controllers/share/effort_controllers/environment/ament_prefix_path.dsv
[0.566s] -- Up-to-date symlink: /home/jaime/RM3_ws/install/effort_controllers/share/effort_controllers/environment/path.sh
[0.566s] -- Up-to-date symlink: /home/jaime/RM3_ws/install/effort_controllers/share/effort_controllers/environment/path.dsv
[0.567s] -- Up-to-date symlink: /home/jaime/RM3_ws/install/effort_controllers/share/effort_controllers/local_setup.bash
[0.567s] -- Up-to-date symlink: /home/jaime/RM3_ws/install/effort_controllers/share/effort_controllers/local_setup.sh
[0.567s] -- Up-to-date symlink: /home/jaime/RM3_ws/install/effort_controllers/share/effort_controllers/local_setup.zsh
[0.567s] -- Up-to-date symlink: /home/jaime/RM3_ws/install/effort_controllers/share/effort_controllers/local_setup.dsv
[0.568s] -- Symlinking: /home/jaime/RM3_ws/install/effort_controllers/share/effort_controllers/package.dsv
[0.597s] -- Up-to-date symlink: /home/jaime/RM3_ws/install/effort_controllers/share/ament_index/resource_index/packages/effort_controllers
[0.597s] -- Up-to-date symlink: /home/jaime/RM3_ws/install/effort_controllers/share/ament_index/resource_index/controller_interface__pluginlib__plugin/effort_controllers
[0.598s] -- Up-to-date symlink: /home/jaime/RM3_ws/install/effort_controllers/share/effort_controllers/cmake/ament_cmake_export_dependencies-extras.cmake
[0.602s] -- Up-to-date symlink: /home/jaime/RM3_ws/install/effort_controllers/share/effort_controllers/cmake/ament_cmake_export_include_directories-extras.cmake
[0.602s] -- Up-to-date symlink: /home/jaime/RM3_ws/install/effort_controllers/share/effort_controllers/cmake/ament_cmake_export_libraries-extras.cmake
[0.603s] -- Up-to-date symlink: /home/jaime/RM3_ws/install/effort_controllers/share/effort_controllers/cmake/effort_controllersConfig.cmake
[0.603s] -- Up-to-date symlink: /home/jaime/RM3_ws/install/effort_controllers/share/effort_controllers/cmake/effort_controllersConfig-version.cmake
[0.603s] -- Up-to-date symlink: /home/jaime/RM3_ws/install/effort_controllers/share/effort_controllers/package.xml
[0.730s] Invoked command in '/home/jaime/RM3_ws/build/effort_controllers' returned '0': AMENT_PREFIX_PATH=/home/jaime/RM3_ws/install/forward_command_controller:/home/jaime/RM3_ws/install/controller_manager:/home/jaime/RM3_ws/install/controller_interface:/home/jaime/RM3_ws/install/hardware_interface:/home/jaime/RM3_ws/install/ros2_control_test_assets:/home/jaime/RM3_ws/install/controller_manager_msgs CMAKE_PREFIX_PATH=/home/jaime/RM3_ws/install/forward_command_controller:/home/jaime/RM3_ws/install/controller_manager:/home/jaime/RM3_ws/install/controller_interface:/home/jaime/RM3_ws/install/hardware_interface:/home/jaime/RM3_ws/install/ros2_control_test_assets:/home/jaime/RM3_ws/install/controller_manager_msgs LD_LIBRARY_PATH=/home/jaime/RM3_ws/install/forward_command_controller/lib:/home/jaime/RM3_ws/install/controller_manager/lib:/home/jaime/RM3_ws/install/controller_interface/lib:/home/jaime/RM3_ws/install/hardware_interface/lib:/home/jaime/RM3_ws/install/controller_manager_msgs/lib PYTHONPATH=/home/jaime/RM3_ws/install/controller_manager/lib/python3.8/site-packages:/home/jaime/RM3_ws/install/controller_manager_msgs/lib/python3.8/site-packages /usr/bin/cmake --install /home/jaime/RM3_ws/build/effort_controllers
