[0.126s] Invoking command in '/home/jaime/RM3_ws/build/rtabmap': /usr/bin/cmake --build /home/jaime/RM3_ws/build/rtabmap -- -j8 -l8
[1.450s] [  4%] Built target rtabmap_utilite
[1.451s] [  5%] Built target res_tool
[1.451s] [  6%] Built target imagesJoiner
[1.451s] [  6%] Built target extractObject
[1.452s] [ 44%] Built target rtabmap_core
[1.452s] [ 44%] Built target camera
[1.452s] [ 45%] Built target consoleApp
[1.452s] [ 46%] Built target recovery
[1.453s] [ 46%] Built target reprocess
[1.453s] [ 47%] Built target euroc_dataset
[1.453s] [ 48%] Built target detectMoreLoopClosures
[1.454s] [ 48%] Built target rgbd_dataset
[1.454s] [ 49%] Built target export
[1.454s] [ 49%] Built target info
[1.454s] [ 50%] Built target cleanupLocalGrids
[1.455s] [ 51%] Built target globalBundleAdjustment
[1.455s] [ 52%] Built target rgbd_camera
[1.455s] [ 52%] Built target bow_mapping
[1.456s] [ 53%] Built target kitti_dataset
[1.456s] [ 54%] Built target stereoEval
[1.457s] [ 91%] Built target rtabmap_gui
[1.458s] [ 92%] Built target report
[1.459s] [ 92%] Built target rtabmap
[1.459s] [ 92%] Built target matcher
[1.459s] [ 94%] Built target rgbd_mapping
[1.459s] [ 96%] Built target wifi_mapping
[1.459s] [ 98%] Built target noEventsExample
[1.460s] [ 99%] Built target calibration
[1.460s] [ 99%] Built target dataRecorder
[1.460s] [ 99%] Built target odometryViewer
[1.460s] [ 99%] Built target epipolar_geometry
[1.469s] [100%] Built target databaseViewer
[1.513s] Invoked command in '/home/jaime/RM3_ws/build/rtabmap' returned '0': /usr/bin/cmake --build /home/jaime/RM3_ws/build/rtabmap -- -j8 -l8
[1.669s] Invoking command in '/home/jaime/RM3_ws/build/rtabmap': /usr/bin/cmake --install /home/jaime/RM3_ws/build/rtabmap
[1.688s] -- Install configuration: "Release"
[1.688s] -- Up-to-date: /home/jaime/RM3_ws/install/rtabmap/lib/rtabmap-0.20/RTABMapConfig.cmake
[1.689s] -- Up-to-date: /home/jaime/RM3_ws/install/rtabmap/lib/rtabmap-0.20/RTABMapConfigVersion.cmake
[1.689s] -- Up-to-date: /home/jaime/RM3_ws/install/rtabmap/share/rtabmap/package.xml
[1.689s] -- Up-to-date: /home/jaime/RM3_ws/install/rtabmap/lib/librtabmap_utilite.so.0.20.18
[1.690s] -- Up-to-date: /home/jaime/RM3_ws/install/rtabmap/lib/librtabmap_utilite.so.0.20
[1.690s] -- Up-to-date: /home/jaime/RM3_ws/install/rtabmap/lib/librtabmap_utilite.so
[1.690s] -- Up-to-date: /home/jaime/RM3_ws/install/rtabmap/include/rtabmap-0.20
[1.691s] -- Up-to-date: /home/jaime/RM3_ws/install/rtabmap/include/rtabmap-0.20/rtabmap
[1.691s] -- Up-to-date: /home/jaime/RM3_ws/install/rtabmap/include/rtabmap-0.20/rtabmap/utilite
[1.691s] -- Up-to-date: /home/jaime/RM3_ws/install/rtabmap/include/rtabmap-0.20/rtabmap/utilite/UThread.h
[1.692s] -- Up-to-date: /home/jaime/RM3_ws/install/rtabmap/include/rtabmap-0.20/rtabmap/utilite/USemaphore.h
[1.692s] -- Up-to-date: /home/jaime/RM3_ws/install/rtabmap/include/rtabmap-0.20/rtabmap/utilite/UThreadNode.h
[1.692s] -- Up-to-date: /home/jaime/RM3_ws/install/rtabmap/include/rtabmap-0.20/rtabmap/utilite/UEvent.h
[1.692s] -- Up-to-date: /home/jaime/RM3_ws/install/rtabmap/include/rtabmap-0.20/rtabmap/utilite/UMutex.h
[1.693s] -- Up-to-date: /home/jaime/RM3_ws/install/rtabmap/include/rtabmap-0.20/rtabmap/utilite/UVariant.h
[1.693s] -- Up-to-date: /home/jaime/RM3_ws/install/rtabmap/include/rtabmap-0.20/rtabmap/utilite/UEventsManager.h
[1.693s] -- Up-to-date: /home/jaime/RM3_ws/install/rtabmap/include/rtabmap-0.20/rtabmap/utilite/ULogger.h
[1.694s] -- Up-to-date: /home/jaime/RM3_ws/install/rtabmap/include/rtabmap-0.20/rtabmap/utilite/UDestroyer.h
[1.694s] -- Up-to-date: /home/jaime/RM3_ws/install/rtabmap/include/rtabmap-0.20/rtabmap/utilite/UProcessInfo.h
[1.694s] -- Up-to-date: /home/jaime/RM3_ws/install/rtabmap/include/rtabmap-0.20/rtabmap/utilite/UTimer.h
[1.695s] -- Up-to-date: /home/jaime/RM3_ws/install/rtabmap/include/rtabmap-0.20/rtabmap/utilite/UFile.h
[1.697s] -- Up-to-date: /home/jaime/RM3_ws/install/rtabmap/include/rtabmap-0.20/rtabmap/utilite/UConversion.h
[1.698s] -- Up-to-date: /home/jaime/RM3_ws/install/rtabmap/include/rtabmap-0.20/rtabmap/utilite/UThreadC.h
[1.701s] -- Up-to-date: /home/jaime/RM3_ws/install/rtabmap/include/rtabmap-0.20/rtabmap/utilite/UMath.h
[1.701s] -- Up-to-date: /home/jaime/RM3_ws/install/rtabmap/include/rtabmap-0.20/rtabmap/utilite/UDirectory.h
[1.702s] -- Up-to-date: /home/jaime/RM3_ws/install/rtabmap/include/rtabmap-0.20/rtabmap/utilite/Posix
[1.702s] -- Up-to-date: /home/jaime/RM3_ws/install/rtabmap/include/rtabmap-0.20/rtabmap/utilite/Posix/UThreadC.h
[1.702s] -- Up-to-date: /home/jaime/RM3_ws/install/rtabmap/include/rtabmap-0.20/rtabmap/utilite/UException.h
[1.702s] -- Up-to-date: /home/jaime/RM3_ws/install/rtabmap/include/rtabmap-0.20/rtabmap/utilite/UObjDeletionThread.h
[1.702s] -- Up-to-date: /home/jaime/RM3_ws/install/rtabmap/include/rtabmap-0.20/rtabmap/utilite/Win32
[1.703s] -- Up-to-date: /home/jaime/RM3_ws/install/rtabmap/include/rtabmap-0.20/rtabmap/utilite/Win32/UWin32.h
[1.703s] -- Up-to-date: /home/jaime/RM3_ws/install/rtabmap/include/rtabmap-0.20/rtabmap/utilite/Win32/UThreadC.h
[1.703s] -- Up-to-date: /home/jaime/RM3_ws/install/rtabmap/include/rtabmap-0.20/rtabmap/utilite/UEventsHandler.h
[1.703s] -- Up-to-date: /home/jaime/RM3_ws/install/rtabmap/include/rtabmap-0.20/rtabmap/utilite/UtiLite.h
[1.703s] -- Up-to-date: /home/jaime/RM3_ws/install/rtabmap/include/rtabmap-0.20/rtabmap/utilite/UStl.h
[1.704s] -- Up-to-date: /home/jaime/RM3_ws/install/rtabmap/include/rtabmap-0.20/rtabmap/utilite/UtiLiteExp.h
[1.706s] -- Up-to-date: /home/jaime/RM3_ws/install/rtabmap/include/rtabmap-0.20/rtabmap/utilite/UEventsSender.h
[1.706s] -- Up-to-date: /home/jaime/RM3_ws/install/rtabmap/bin/rtabmap-res_tool-0.3.0
[1.707s] -- Up-to-date: /home/jaime/RM3_ws/install/rtabmap/bin/rtabmap-res_tool
[1.707s] -- Up-to-date: /home/jaime/RM3_ws/install/rtabmap/lib/librtabmap_core.so.0.20.18
[1.707s] -- Up-to-date: /home/jaime/RM3_ws/install/rtabmap/lib/librtabmap_core.so.0.20
[1.707s] -- Up-to-date: /home/jaime/RM3_ws/install/rtabmap/lib/librtabmap_core.so
[1.707s] -- Up-to-date: /home/jaime/RM3_ws/install/rtabmap/include/rtabmap-0.20
[1.708s] -- Up-to-date: /home/jaime/RM3_ws/install/rtabmap/include/rtabmap-0.20/rtabmap
[1.709s] -- Up-to-date: /home/jaime/RM3_ws/install/rtabmap/include/rtabmap-0.20/rtabmap/core
[1.709s] -- Up-to-date: /home/jaime/RM3_ws/install/rtabmap/include/rtabmap-0.20/rtabmap/core/SensorData.h
[1.710s] -- Up-to-date: /home/jaime/RM3_ws/install/rtabmap/include/rtabmap-0.20/rtabmap/core/stereo
[1.710s] -- Up-to-date: /home/jaime/RM3_ws/install/rtabmap/include/rtabmap-0.20/rtabmap/core/stereo/StereoSGBM.h
[1.712s] -- Up-to-date: /home/jaime/RM3_ws/install/rtabmap/include/rtabmap-0.20/rtabmap/core/stereo/StereoBM.h
[1.713s] -- Up-to-date: /home/jaime/RM3_ws/install/rtabmap/include/rtabmap-0.20/rtabmap/core/stereo/stereoRectifyFisheye.h
[1.714s] -- Up-to-date: /home/jaime/RM3_ws/install/rtabmap/include/rtabmap-0.20/rtabmap/core/RtabmapExp.h
[1.714s] -- Up-to-date: /home/jaime/RM3_ws/install/rtabmap/include/rtabmap-0.20/rtabmap/core/CameraEvent.h
[1.715s] -- Up-to-date: /home/jaime/RM3_ws/install/rtabmap/include/rtabmap-0.20/rtabmap/core/IMUThread.h
[1.716s] -- Up-to-date: /home/jaime/RM3_ws/install/rtabmap/include/rtabmap-0.20/rtabmap/core/Link.h
[1.716s] -- Up-to-date: /home/jaime/RM3_ws/install/rtabmap/include/rtabmap-0.20/rtabmap/core/util3d.h
[1.716s] -- Up-to-date: /home/jaime/RM3_ws/install/rtabmap/include/rtabmap-0.20/rtabmap/core/Graph.h
[1.717s] -- Up-to-date: /home/jaime/RM3_ws/install/rtabmap/include/rtabmap-0.20/rtabmap/core/GlobalDescriptor.h
[1.717s] -- Up-to-date: /home/jaime/RM3_ws/install/rtabmap/include/rtabmap-0.20/rtabmap/core/IMUFilter.h
[1.719s] -- Up-to-date: /home/jaime/RM3_ws/install/rtabmap/include/rtabmap-0.20/rtabmap/core/PDALWriter.h
[1.719s] -- Up-to-date: /home/jaime/RM3_ws/install/rtabmap/include/rtabmap-0.20/rtabmap/core/CameraStereo.h
[1.719s] -- Up-to-date: /home/jaime/RM3_ws/install/rtabmap/include/rtabmap-0.20/rtabmap/core/Transform.h
[1.720s] -- Up-to-date: /home/jaime/RM3_ws/install/rtabmap/include/rtabmap-0.20/rtabmap/core/util3d_filtering.h
[1.720s] -- Up-to-date: /home/jaime/RM3_ws/install/rtabmap/include/rtabmap-0.20/rtabmap/core/BayesFilter.h
[1.720s] -- Up-to-date: /home/jaime/RM3_ws/install/rtabmap/include/rtabmap-0.20/rtabmap/core/MarkerDetector.h
[1.720s] -- Up-to-date: /home/jaime/RM3_ws/install/rtabmap/include/rtabmap-0.20/rtabmap/core/Registration.h
[1.721s] -- Up-to-date: /home/jaime/RM3_ws/install/rtabmap/include/rtabmap-0.20/rtabmap/core/Features2d.h
[1.721s] -- Up-to-date: /home/jaime/RM3_ws/install/rtabmap/include/rtabmap-0.20/rtabmap/core/util3d_mapping.h
[1.722s] -- Up-to-date: /home/jaime/RM3_ws/install/rtabmap/include/rtabmap-0.20/rtabmap/core/RegistrationIcp.h
[1.722s] -- Up-to-date: /home/jaime/RM3_ws/install/rtabmap/include/rtabmap-0.20/rtabmap/core/ProgressState.h
[1.723s] -- Up-to-date: /home/jaime/RM3_ws/install/rtabmap/include/rtabmap-0.20/rtabmap/core/util3d_motion_estimation.h
[1.723s] -- Up-to-date: /home/jaime/RM3_ws/install/rtabmap/include/rtabmap-0.20/rtabmap/core/GPS.h
[1.723s] -- Up-to-date: /home/jaime/RM3_ws/install/rtabmap/include/rtabmap-0.20/rtabmap/core/optimizer
[1.730s] -- Up-to-date: /home/jaime/RM3_ws/install/rtabmap/include/rtabmap-0.20/rtabmap/core/optimizer/OptimizerCeres.h
[1.730s] -- Up-to-date: /home/jaime/RM3_ws/install/rtabmap/include/rtabmap-0.20/rtabmap/core/optimizer/OptimizerGTSAM.h
[1.736s] -- Up-to-date: /home/jaime/RM3_ws/install/rtabmap/include/rtabmap-0.20/rtabmap/core/optimizer/OptimizerTORO.h
[1.737s] -- Up-to-date: /home/jaime/RM3_ws/install/rtabmap/include/rtabmap-0.20/rtabmap/core/optimizer/OptimizerG2O.h
[1.737s] -- Up-to-date: /home/jaime/RM3_ws/install/rtabmap/include/rtabmap-0.20/rtabmap/core/optimizer/OptimizerCVSBA.h
[1.737s] -- Up-to-date: /home/jaime/RM3_ws/install/rtabmap/include/rtabmap-0.20/rtabmap/core/util3d_registration.h
[1.738s] -- Up-to-date: /home/jaime/RM3_ws/install/rtabmap/include/rtabmap-0.20/rtabmap/core/RegistrationInfo.h
[1.738s] -- Up-to-date: /home/jaime/RM3_ws/install/rtabmap/include/rtabmap-0.20/rtabmap/core/Rtabmap.h
[1.738s] -- Up-to-date: /home/jaime/RM3_ws/install/rtabmap/include/rtabmap-0.20/rtabmap/core/DBReader.h
[1.738s] -- Up-to-date: /home/jaime/RM3_ws/install/rtabmap/include/rtabmap-0.20/rtabmap/core/StereoCameraModel.h
[1.739s] -- Up-to-date: /home/jaime/RM3_ws/install/rtabmap/include/rtabmap-0.20/rtabmap/core/ParamEvent.h
[1.739s] -- Up-to-date: /home/jaime/RM3_ws/install/rtabmap/include/rtabmap-0.20/rtabmap/core/util3d_transforms.h
[1.740s] -- Up-to-date: /home/jaime/RM3_ws/install/rtabmap/include/rtabmap-0.20/rtabmap/core/RtabmapThread.h
[1.740s] -- Up-to-date: /home/jaime/RM3_ws/install/rtabmap/include/rtabmap-0.20/rtabmap/core/Recovery.h
[1.740s] -- Up-to-date: /home/jaime/RM3_ws/install/rtabmap/include/rtabmap-0.20/rtabmap/core/CameraThread.h
[1.740s] -- Up-to-date: /home/jaime/RM3_ws/install/rtabmap/include/rtabmap-0.20/rtabmap/core/OdometryEvent.h
[1.741s] -- Up-to-date: /home/jaime/RM3_ws/install/rtabmap/include/rtabmap-0.20/rtabmap/core/Camera.h
[1.741s] -- Up-to-date: /home/jaime/RM3_ws/install/rtabmap/include/rtabmap-0.20/rtabmap/core/IMU.h
[1.741s] -- Up-to-date: /home/jaime/RM3_ws/install/rtabmap/include/rtabmap-0.20/rtabmap/core/Memory.h
[1.742s] -- Up-to-date: /home/jaime/RM3_ws/install/rtabmap/include/rtabmap-0.20/rtabmap/core/OctoMap.h
[1.742s] -- Up-to-date: /home/jaime/RM3_ws/install/rtabmap/include/rtabmap-0.20/rtabmap/core/VWDictionary.h
[1.742s] -- Up-to-date: /home/jaime/RM3_ws/install/rtabmap/include/rtabmap-0.20/rtabmap/core/camera
[1.743s] -- Up-to-date: /home/jaime/RM3_ws/install/rtabmap/include/rtabmap-0.20/rtabmap/core/camera/CameraStereoZed.h
[1.743s] -- Up-to-date: /home/jaime/RM3_ws/install/rtabmap/include/rtabmap-0.20/rtabmap/core/camera/CameraVideo.h
[1.744s] -- Up-to-date: /home/jaime/RM3_ws/install/rtabmap/include/rtabmap-0.20/rtabmap/core/camera/CameraStereoVideo.h
[1.744s] -- Up-to-date: /home/jaime/RM3_ws/install/rtabmap/include/rtabmap-0.20/rtabmap/core/camera/CameraStereoZedOC.h
[1.745s] -- Up-to-date: /home/jaime/RM3_ws/install/rtabmap/include/rtabmap-0.20/rtabmap/core/camera/CameraImages.h
[1.745s] -- Up-to-date: /home/jaime/RM3_ws/install/rtabmap/include/rtabmap-0.20/rtabmap/core/camera/CameraStereoFlyCapture2.h
[1.746s] -- Up-to-date: /home/jaime/RM3_ws/install/rtabmap/include/rtabmap-0.20/rtabmap/core/camera/CameraRealSense.h
[1.746s] -- Up-to-date: /home/jaime/RM3_ws/install/rtabmap/include/rtabmap-0.20/rtabmap/core/camera/CameraK4W2.h
[1.746s] -- Up-to-date: /home/jaime/RM3_ws/install/rtabmap/include/rtabmap-0.20/rtabmap/core/camera/CameraStereoTara.h
[1.747s] -- Up-to-date: /home/jaime/RM3_ws/install/rtabmap/include/rtabmap-0.20/rtabmap/core/camera/CameraFreenect2.h
[1.747s] -- Up-to-date: /home/jaime/RM3_ws/install/rtabmap/include/rtabmap-0.20/rtabmap/core/camera/CameraFreenect.h
[1.747s] -- Up-to-date: /home/jaime/RM3_ws/install/rtabmap/include/rtabmap-0.20/rtabmap/core/camera/CameraRealSense2.h
[1.747s] -- Up-to-date: /home/jaime/RM3_ws/install/rtabmap/include/rtabmap-0.20/rtabmap/core/camera/CameraOpenNICV.h
[1.748s] -- Up-to-date: /home/jaime/RM3_ws/install/rtabmap/include/rtabmap-0.20/rtabmap/core/camera/CameraStereoImages.h
[1.748s] -- Up-to-date: /home/jaime/RM3_ws/install/rtabmap/include/rtabmap-0.20/rtabmap/core/camera/CameraRGBDImages.h
[1.748s] -- Up-to-date: /home/jaime/RM3_ws/install/rtabmap/include/rtabmap-0.20/rtabmap/core/camera/CameraK4A.h
[1.748s] -- Up-to-date: /home/jaime/RM3_ws/install/rtabmap/include/rtabmap-0.20/rtabmap/core/camera/CameraOpenni.h
[1.748s] -- Up-to-date: /home/jaime/RM3_ws/install/rtabmap/include/rtabmap-0.20/rtabmap/core/camera/CameraDepthAI.h
[1.749s] -- Up-to-date: /home/jaime/RM3_ws/install/rtabmap/include/rtabmap-0.20/rtabmap/core/camera/CameraOpenNI2.h
[1.749s] -- Up-to-date: /home/jaime/RM3_ws/install/rtabmap/include/rtabmap-0.20/rtabmap/core/camera/CameraStereoDC1394.h
[1.749s] -- Up-to-date: /home/jaime/RM3_ws/install/rtabmap/include/rtabmap-0.20/rtabmap/core/camera/CameraMyntEye.h
[1.749s] -- Up-to-date: /home/jaime/RM3_ws/install/rtabmap/include/rtabmap-0.20/rtabmap/core/VisualWord.h
[1.749s] -- Up-to-date: /home/jaime/RM3_ws/install/rtabmap/include/rtabmap-0.20/rtabmap/core/PythonInterface.h
[1.749s] -- Up-to-date: /home/jaime/RM3_ws/install/rtabmap/include/rtabmap-0.20/rtabmap/core/DBDriverSqlite3.h
[1.750s] -- Up-to-date: /home/jaime/RM3_ws/install/rtabmap/include/rtabmap-0.20/rtabmap/core/Image.h
[1.750s] -- Up-to-date: /home/jaime/RM3_ws/install/rtabmap/include/rtabmap-0.20/rtabmap/core/util3d_correspondences.h
[1.750s] -- Up-to-date: /home/jaime/RM3_ws/install/rtabmap/include/rtabmap-0.20/rtabmap/core/RtabmapEvent.h
[1.750s] -- Up-to-date: /home/jaime/RM3_ws/install/rtabmap/include/rtabmap-0.20/rtabmap/core/Statistics.h
[1.750s] -- Up-to-date: /home/jaime/RM3_ws/install/rtabmap/include/rtabmap-0.20/rtabmap/core/util3d_surface.h
[1.750s] -- Up-to-date: /home/jaime/RM3_ws/install/rtabmap/include/rtabmap-0.20/rtabmap/core/RegistrationVis.h
[1.750s] -- Up-to-date: /home/jaime/RM3_ws/install/rtabmap/include/rtabmap-0.20/rtabmap/core/DBDriver.h
[1.751s] -- Up-to-date: /home/jaime/RM3_ws/install/rtabmap/include/rtabmap-0.20/rtabmap/core/CameraRGBD.h
[1.751s] -- Up-to-date: /home/jaime/RM3_ws/install/rtabmap/include/rtabmap-0.20/rtabmap/core/StereoDense.h
[1.751s] -- Up-to-date: /home/jaime/RM3_ws/install/rtabmap/include/rtabmap-0.20/rtabmap/core/util3d_features.h
[1.751s] -- Up-to-date: /home/jaime/RM3_ws/install/rtabmap/include/rtabmap-0.20/rtabmap/core/ParticleFilter.h
[1.751s] -- Up-to-date: /home/jaime/RM3_ws/install/rtabmap/include/rtabmap-0.20/rtabmap/core/Landmark.h
[1.752s] -- Up-to-date: /home/jaime/RM3_ws/install/rtabmap/include/rtabmap-0.20/rtabmap/core/Stereo.h
[1.752s] -- Up-to-date: /home/jaime/RM3_ws/install/rtabmap/include/rtabmap-0.20/rtabmap/core/util2d.h
[1.752s] -- Up-to-date: /home/jaime/RM3_ws/install/rtabmap/include/rtabmap-0.20/rtabmap/core/UserDataEvent.h
[1.753s] -- Up-to-date: /home/jaime/RM3_ws/install/rtabmap/include/rtabmap-0.20/rtabmap/core/FlannIndex.h
[1.753s] -- Up-to-date: /home/jaime/RM3_ws/install/rtabmap/include/rtabmap-0.20/rtabmap/core/LaserScan.h
[1.753s] -- Up-to-date: /home/jaime/RM3_ws/install/rtabmap/include/rtabmap-0.20/rtabmap/core/GainCompensator.h
[1.753s] -- Up-to-date: /home/jaime/RM3_ws/install/rtabmap/include/rtabmap-0.20/rtabmap/core/Compression.h
[1.754s] -- Up-to-date: /home/jaime/RM3_ws/install/rtabmap/include/rtabmap-0.20/rtabmap/core/Parameters.h
[1.754s] -- Up-to-date: /home/jaime/RM3_ws/install/rtabmap/include/rtabmap-0.20/rtabmap/core/Optimizer.h
[1.754s] -- Up-to-date: /home/jaime/RM3_ws/install/rtabmap/include/rtabmap-0.20/rtabmap/core/GeodeticCoords.h
[1.755s] -- Up-to-date: /home/jaime/RM3_ws/install/rtabmap/include/rtabmap-0.20/rtabmap/core/CameraRGB.h
[1.755s] -- Up-to-date: /home/jaime/RM3_ws/install/rtabmap/include/rtabmap-0.20/rtabmap/core/CameraInfo.h
[1.755s] -- Up-to-date: /home/jaime/RM3_ws/install/rtabmap/include/rtabmap-0.20/rtabmap/core/OdometryThread.h
[1.756s] -- Up-to-date: /home/jaime/RM3_ws/install/rtabmap/include/rtabmap-0.20/rtabmap/core/Odometry.h
[1.756s] -- Up-to-date: /home/jaime/RM3_ws/install/rtabmap/include/rtabmap-0.20/rtabmap/core/odometry
[1.756s] -- Up-to-date: /home/jaime/RM3_ws/install/rtabmap/include/rtabmap-0.20/rtabmap/core/odometry/OdometryMono.h
[1.757s] -- Up-to-date: /home/jaime/RM3_ws/install/rtabmap/include/rtabmap-0.20/rtabmap/core/odometry/OdometryLOAM.h
[1.757s] -- Up-to-date: /home/jaime/RM3_ws/install/rtabmap/include/rtabmap-0.20/rtabmap/core/odometry/OdometryF2M.h
[1.757s] -- Up-to-date: /home/jaime/RM3_ws/install/rtabmap/include/rtabmap-0.20/rtabmap/core/odometry/OdometryOpenVINS.h
[1.758s] -- Up-to-date: /home/jaime/RM3_ws/install/rtabmap/include/rtabmap-0.20/rtabmap/core/odometry/OdometryViso2.h
[1.758s] -- Up-to-date: /home/jaime/RM3_ws/install/rtabmap/include/rtabmap-0.20/rtabmap/core/odometry/OdometryDVO.h
[1.759s] -- Up-to-date: /home/jaime/RM3_ws/install/rtabmap/include/rtabmap-0.20/rtabmap/core/odometry/OdometryVINS.h
[1.759s] -- Up-to-date: /home/jaime/RM3_ws/install/rtabmap/include/rtabmap-0.20/rtabmap/core/odometry/OdometryMSCKF.h
[1.759s] -- Up-to-date: /home/jaime/RM3_ws/install/rtabmap/include/rtabmap-0.20/rtabmap/core/odometry/OdometryOkvis.h
[1.759s] -- Up-to-date: /home/jaime/RM3_ws/install/rtabmap/include/rtabmap-0.20/rtabmap/core/odometry/OdometryFLOAM.h
[1.760s] -- Up-to-date: /home/jaime/RM3_ws/install/rtabmap/include/rtabmap-0.20/rtabmap/core/odometry/OdometryF2F.h
[1.760s] -- Up-to-date: /home/jaime/RM3_ws/install/rtabmap/include/rtabmap-0.20/rtabmap/core/odometry/OdometryORBSLAM.h
[1.760s] -- Up-to-date: /home/jaime/RM3_ws/install/rtabmap/include/rtabmap-0.20/rtabmap/core/odometry/OdometryOpen3D.h
[1.765s] -- Up-to-date: /home/jaime/RM3_ws/install/rtabmap/include/rtabmap-0.20/rtabmap/core/odometry/OdometryFovis.h
[1.765s] -- Up-to-date: /home/jaime/RM3_ws/install/rtabmap/include/rtabmap-0.20/rtabmap/core/impl
[1.765s] -- Up-to-date: /home/jaime/RM3_ws/install/rtabmap/include/rtabmap-0.20/rtabmap/core/impl/util3d_surface.hpp
[1.765s] -- Up-to-date: /home/jaime/RM3_ws/install/rtabmap/include/rtabmap-0.20/rtabmap/core/impl/util3d_mapping.hpp
[1.766s] -- Up-to-date: /home/jaime/RM3_ws/install/rtabmap/include/rtabmap-0.20/rtabmap/core/impl/OccupancyGrid.hpp
[1.766s] -- Up-to-date: /home/jaime/RM3_ws/install/rtabmap/include/rtabmap-0.20/rtabmap/core/impl/util3d.hpp
[1.766s] -- Up-to-date: /home/jaime/RM3_ws/install/rtabmap/include/rtabmap-0.20/rtabmap/core/EpipolarGeometry.h
[1.767s] -- Up-to-date: /home/jaime/RM3_ws/install/rtabmap/include/rtabmap-0.20/rtabmap/core/clams
[1.768s] -- Up-to-date: /home/jaime/RM3_ws/install/rtabmap/include/rtabmap-0.20/rtabmap/core/clams/slam_calibrator.h
[1.768s] -- Up-to-date: /home/jaime/RM3_ws/install/rtabmap/include/rtabmap-0.20/rtabmap/core/clams/discrete_depth_distortion_model.h
[1.768s] -- Up-to-date: /home/jaime/RM3_ws/install/rtabmap/include/rtabmap-0.20/rtabmap/core/clams/frame_projector.h
[1.769s] -- Up-to-date: /home/jaime/RM3_ws/install/rtabmap/include/rtabmap-0.20/rtabmap/core/OdometryInfo.h
[1.769s] -- Up-to-date: /home/jaime/RM3_ws/install/rtabmap/include/rtabmap-0.20/rtabmap/core/CameraModel.h
[1.771s] -- Up-to-date: /home/jaime/RM3_ws/install/rtabmap/include/rtabmap-0.20/rtabmap/core/EnvSensor.h
[1.771s] -- Up-to-date: /home/jaime/RM3_ws/install/rtabmap/include/rtabmap-0.20/rtabmap/core/OccupancyGrid.h
[1.772s] -- Up-to-date: /home/jaime/RM3_ws/install/rtabmap/include/rtabmap-0.20/rtabmap/core/Signature.h
[1.772s] -- Up-to-date: /home/jaime/RM3_ws/install/rtabmap/include/rtabmap-0.20
[1.773s] -- Up-to-date: /home/jaime/RM3_ws/install/rtabmap/include/rtabmap-0.20/rtabmap
[1.773s] -- Up-to-date: /home/jaime/RM3_ws/install/rtabmap/include/rtabmap-0.20/rtabmap/core
[1.773s] -- Up-to-date: /home/jaime/RM3_ws/install/rtabmap/include/rtabmap-0.20/rtabmap/core/Version.h
[1.774s] -- Up-to-date: /home/jaime/RM3_ws/install/rtabmap/lib/librtabmap_gui.so.0.20.18
[1.774s] -- Up-to-date: /home/jaime/RM3_ws/install/rtabmap/lib/librtabmap_gui.so.0.20
[1.775s] -- Up-to-date: /home/jaime/RM3_ws/install/rtabmap/lib/librtabmap_gui.so
[1.775s] -- Up-to-date: /home/jaime/RM3_ws/install/rtabmap/include/rtabmap-0.20
[1.776s] -- Up-to-date: /home/jaime/RM3_ws/install/rtabmap/include/rtabmap-0.20/rtabmap
[1.776s] -- Up-to-date: /home/jaime/RM3_ws/install/rtabmap/include/rtabmap-0.20/rtabmap/utilite
[1.776s] -- Up-to-date: /home/jaime/RM3_ws/install/rtabmap/include/rtabmap-0.20/rtabmap/utilite/UPlot.h
[1.777s] -- Up-to-date: /home/jaime/RM3_ws/install/rtabmap/include/rtabmap-0.20/rtabmap/utilite/UCv2Qt.h
[1.777s] -- Up-to-date: /home/jaime/RM3_ws/install/rtabmap/include/rtabmap-0.20/rtabmap/utilite/UImageView.h
[1.778s] -- Up-to-date: /home/jaime/RM3_ws/install/rtabmap/include/rtabmap-0.20/rtabmap/gui
[1.778s] -- Up-to-date: /home/jaime/RM3_ws/install/rtabmap/include/rtabmap-0.20/rtabmap/gui/ImageView.h
[1.778s] -- Up-to-date: /home/jaime/RM3_ws/install/rtabmap/include/rtabmap-0.20/rtabmap/gui/ParametersToolBox.h
[1.778s] -- Up-to-date: /home/jaime/RM3_ws/install/rtabmap/include/rtabmap-0.20/rtabmap/gui/LoopClosureViewer.h
[1.778s] -- Up-to-date: /home/jaime/RM3_ws/install/rtabmap/include/rtabmap-0.20/rtabmap/gui/CreateSimpleCalibrationDialog.h
[1.778s] -- Up-to-date: /home/jaime/RM3_ws/install/rtabmap/include/rtabmap-0.20/rtabmap/gui/EditMapArea.h
[1.779s] -- Up-to-date: /home/jaime/RM3_ws/install/rtabmap/include/rtabmap-0.20/rtabmap/gui/ExportBundlerDialog.h
[1.780s] -- Up-to-date: /home/jaime/RM3_ws/install/rtabmap/include/rtabmap-0.20/rtabmap/gui/ExportDialog.h
[1.780s] -- Up-to-date: /home/jaime/RM3_ws/install/rtabmap/include/rtabmap-0.20/rtabmap/gui/CloudViewer.h
[1.780s] -- Up-to-date: /home/jaime/RM3_ws/install/rtabmap/include/rtabmap-0.20/rtabmap/gui/DepthCalibrationDialog.h
[1.780s] -- Up-to-date: /home/jaime/RM3_ws/install/rtabmap/include/rtabmap-0.20/rtabmap/gui/PreferencesDialog.h
[1.781s] -- Up-to-date: /home/jaime/RM3_ws/install/rtabmap/include/rtabmap-0.20/rtabmap/gui/MapVisibilityWidget.h
[1.781s] -- Up-to-date: /home/jaime/RM3_ws/install/rtabmap/include/rtabmap-0.20/rtabmap/gui/AboutDialog.h
[1.781s] -- Up-to-date: /home/jaime/RM3_ws/install/rtabmap/include/rtabmap-0.20/rtabmap/gui/CalibrationDialog.h
[1.781s] -- Up-to-date: /home/jaime/RM3_ws/install/rtabmap/include/rtabmap-0.20/rtabmap/gui/PostProcessingDialog.h
[1.781s] -- Up-to-date: /home/jaime/RM3_ws/install/rtabmap/include/rtabmap-0.20/rtabmap/gui/KeypointItem.h
[1.782s] -- Up-to-date: /home/jaime/RM3_ws/install/rtabmap/include/rtabmap-0.20/rtabmap/gui/DataRecorder.h
[1.782s] -- Up-to-date: /home/jaime/RM3_ws/install/rtabmap/include/rtabmap-0.20/rtabmap/gui/StatsToolBox.h
[1.782s] -- Up-to-date: /home/jaime/RM3_ws/install/rtabmap/include/rtabmap-0.20/rtabmap/gui/EditDepthArea.h
[1.782s] -- Up-to-date: /home/jaime/RM3_ws/install/rtabmap/include/rtabmap-0.20/rtabmap/gui/GraphViewer.h
[1.782s] -- Up-to-date: /home/jaime/RM3_ws/install/rtabmap/include/rtabmap-0.20/rtabmap/gui/CameraViewer.h
[1.783s] -- Up-to-date: /home/jaime/RM3_ws/install/rtabmap/include/rtabmap-0.20/rtabmap/gui/ExportCloudsDialog.h
[1.783s] -- Up-to-date: /home/jaime/RM3_ws/install/rtabmap/include/rtabmap-0.20/rtabmap/gui/DatabaseViewer.h
[1.783s] -- Up-to-date: /home/jaime/RM3_ws/install/rtabmap/include/rtabmap-0.20/rtabmap/gui/RtabmapGuiExp.h
[1.784s] -- Up-to-date: /home/jaime/RM3_ws/install/rtabmap/include/rtabmap-0.20/rtabmap/gui/PdfPlot.h
[1.784s] -- Up-to-date: /home/jaime/RM3_ws/install/rtabmap/include/rtabmap-0.20/rtabmap/gui/CloudViewerCellPicker.h
[1.784s] -- Up-to-date: /home/jaime/RM3_ws/install/rtabmap/include/rtabmap-0.20/rtabmap/gui/ProgressDialog.h
[1.789s] -- Up-to-date: /home/jaime/RM3_ws/install/rtabmap/include/rtabmap-0.20/rtabmap/gui/ConsoleWidget.h
[1.790s] -- Up-to-date: /home/jaime/RM3_ws/install/rtabmap/include/rtabmap-0.20/rtabmap/gui/TexturingState.h
[1.790s] -- Up-to-date: /home/jaime/RM3_ws/install/rtabmap/include/rtabmap-0.20/rtabmap/gui/RecoveryState.h
[1.790s] -- Up-to-date: /home/jaime/RM3_ws/install/rtabmap/include/rtabmap-0.20/rtabmap/gui/CloudViewerInteractorStyle.h
[1.790s] -- Up-to-date: /home/jaime/RM3_ws/install/rtabmap/include/rtabmap-0.20/rtabmap/gui/MainWindow.h
[1.791s] -- Up-to-date: /home/jaime/RM3_ws/install/rtabmap/include/rtabmap-0.20/rtabmap/gui/EditConstraintDialog.h
[1.791s] -- Up-to-date: /home/jaime/RM3_ws/install/rtabmap/include/rtabmap-0.20/rtabmap/gui/OdometryViewer.h
[1.792s] -- Up-to-date: /home/jaime/RM3_ws/install/rtabmap/bin/rtabmap
[1.792s] -- Up-to-date: /home/jaime/RM3_ws/install/rtabmap/bin/rtabmap-console
[1.794s] -- Up-to-date: /home/jaime/RM3_ws/install/rtabmap/bin/rtabmap-extractObject
[1.794s] -- Up-to-date: /home/jaime/RM3_ws/install/rtabmap/bin/rtabmap-camera
[1.794s] -- Up-to-date: /home/jaime/RM3_ws/install/rtabmap/bin/rtabmap-kitti_dataset
[1.794s] -- Up-to-date: /home/jaime/RM3_ws/install/rtabmap/bin/rtabmap-rgbd_dataset
[1.795s] -- Up-to-date: /home/jaime/RM3_ws/install/rtabmap/bin/rtabmap-euroc_dataset
[1.795s] -- Up-to-date: /home/jaime/RM3_ws/install/rtabmap/bin/rtabmap-recovery
[1.796s] -- Up-to-date: /home/jaime/RM3_ws/install/rtabmap/bin/rtabmap-reprocess
[1.796s] -- Up-to-date: /home/jaime/RM3_ws/install/rtabmap/bin/rtabmap-detectMoreLoopClosures
[1.796s] -- Up-to-date: /home/jaime/RM3_ws/install/rtabmap/bin/rtabmap-export
[1.796s] -- Up-to-date: /home/jaime/RM3_ws/install/rtabmap/bin/rtabmap-report
[1.796s] -- Up-to-date: /home/jaime/RM3_ws/install/rtabmap/bin/rtabmap-info
[1.797s] -- Up-to-date: /home/jaime/RM3_ws/install/rtabmap/bin/rtabmap-cleanupLocalGrids
[1.797s] -- Up-to-date: /home/jaime/RM3_ws/install/rtabmap/bin/rtabmap-globalBundleAdjustment
[1.798s] -- Up-to-date: /home/jaime/RM3_ws/install/rtabmap/bin/rtabmap-rgbd_camera
[1.798s] -- Up-to-date: /home/jaime/RM3_ws/install/rtabmap/bin/rtabmap-databaseViewer
[1.798s] -- Up-to-date: /home/jaime/RM3_ws/install/rtabmap/bin/rtabmap-odometryViewer
[1.798s] -- Up-to-date: /home/jaime/RM3_ws/install/rtabmap/bin/rtabmap-dataRecorder
[1.798s] -- Up-to-date: /home/jaime/RM3_ws/install/rtabmap/bin/rtabmap-calibration
[1.879s] Invoked command in '/home/jaime/RM3_ws/build/rtabmap' returned '0': /usr/bin/cmake --install /home/jaime/RM3_ws/build/rtabmap
