[1.384s] Invoking command in '/home/jaime/RM3_ws/build/robominer_msgs': /usr/bin/cmake --build /home/jaime/RM3_ws/build/robominer_msgs -- -j8 -l8
[1.475s] [  0%] Built target robominer_msgs__cpp
[1.530s] [ 12%] Built target robominer_msgs__rosidl_generator_c
[1.590s] [ 24%] Built target robominer_msgs__rosidl_typesupport_introspection_cpp
[1.634s] [ 35%] Built target robominer_msgs__rosidl_typesupport_c
[1.691s] [ 47%] Built target robominer_msgs__rosidl_typesupport_introspection_c
[1.753s] [ 58%] Built target robominer_msgs__rosidl_typesupport_fastrtps_cpp
[1.824s] [ 70%] Built target robominer_msgs__rosidl_typesupport_cpp
[1.912s] [ 82%] Built target robominer_msgs__rosidl_typesupport_fastrtps_c
[1.944s] [ 82%] Built target robominer_msgs
[1.978s] [ 83%] Built target robominer_msgs__py
[2.091s] [ 94%] Built target robominer_msgs__python
[2.179s] [ 96%] Built target robominer_msgs__rosidl_typesupport_fastrtps_c__pyext
[2.235s] [ 98%] Built target robominer_msgs__rosidl_typesupport_introspection_c__pyext
[2.297s] [100%] Built target robominer_msgs__rosidl_typesupport_c__pyext
[2.333s] Invoked command in '/home/jaime/RM3_ws/build/robominer_msgs' returned '0': /usr/bin/cmake --build /home/jaime/RM3_ws/build/robominer_msgs -- -j8 -l8
[2.787s] Invoking command in '/home/jaime/RM3_ws/build/robominer_msgs': /usr/bin/cmake --install /home/jaime/RM3_ws/build/robominer_msgs
[2.806s] -- Install configuration: ""
[2.807s] -- Execute custom install script
[2.808s] -- Up-to-date symlink: /home/jaime/RM3_ws/install/robominer_msgs/share/ament_index/resource_index/rosidl_interfaces/robominer_msgs
[2.810s] -- Up-to-date symlink: /home/jaime/RM3_ws/install/robominer_msgs/include/robominer_msgs/msg/detail/fiducial_transform__functions.h
[2.810s] -- Up-to-date symlink: /home/jaime/RM3_ws/install/robominer_msgs/include/robominer_msgs/msg/detail/fiducial_transform__struct.h
[2.811s] -- Up-to-date symlink: /home/jaime/RM3_ws/install/robominer_msgs/include/robominer_msgs/msg/detail/fiducial_transform__type_support.h
[2.811s] -- Up-to-date symlink: /home/jaime/RM3_ws/install/robominer_msgs/include/robominer_msgs/msg/detail/fiducial_transform_array__functions.h
[2.812s] -- Up-to-date symlink: /home/jaime/RM3_ws/install/robominer_msgs/include/robominer_msgs/msg/detail/fiducial_transform_array__struct.h
[2.812s] -- Up-to-date symlink: /home/jaime/RM3_ws/install/robominer_msgs/include/robominer_msgs/msg/detail/fiducial_transform_array__type_support.h
[2.813s] -- Up-to-date symlink: /home/jaime/RM3_ws/install/robominer_msgs/include/robominer_msgs/msg/detail/motor_module_command__functions.h
[2.814s] -- Up-to-date symlink: /home/jaime/RM3_ws/install/robominer_msgs/include/robominer_msgs/msg/detail/motor_module_command__struct.h
[2.814s] -- Up-to-date symlink: /home/jaime/RM3_ws/install/robominer_msgs/include/robominer_msgs/msg/detail/motor_module_command__type_support.h
[2.815s] -- Up-to-date symlink: /home/jaime/RM3_ws/install/robominer_msgs/include/robominer_msgs/msg/detail/motor_module_feedback__functions.h
[2.816s] -- Up-to-date symlink: /home/jaime/RM3_ws/install/robominer_msgs/include/robominer_msgs/msg/detail/motor_module_feedback__struct.h
[2.817s] -- Up-to-date symlink: /home/jaime/RM3_ws/install/robominer_msgs/include/robominer_msgs/msg/detail/motor_module_feedback__type_support.h
[2.817s] -- Up-to-date symlink: /home/jaime/RM3_ws/install/robominer_msgs/include/robominer_msgs/msg/detail/spectrometer_calibration__functions.h
[2.817s] -- Up-to-date symlink: /home/jaime/RM3_ws/install/robominer_msgs/include/robominer_msgs/msg/detail/spectrometer_calibration__struct.h
[2.817s] -- Up-to-date symlink: /home/jaime/RM3_ws/install/robominer_msgs/include/robominer_msgs/msg/detail/spectrometer_calibration__type_support.h
[2.818s] -- Up-to-date symlink: /home/jaime/RM3_ws/install/robominer_msgs/include/robominer_msgs/msg/detail/spectrometer_frequency_command__functions.h
[2.818s] -- Up-to-date symlink: /home/jaime/RM3_ws/install/robominer_msgs/include/robominer_msgs/msg/detail/spectrometer_frequency_command__struct.h
[2.819s] -- Up-to-date symlink: /home/jaime/RM3_ws/install/robominer_msgs/include/robominer_msgs/msg/detail/spectrometer_frequency_command__type_support.h
[2.820s] -- Up-to-date symlink: /home/jaime/RM3_ws/install/robominer_msgs/include/robominer_msgs/msg/detail/spectrometer_measurement__functions.h
[2.820s] -- Up-to-date symlink: /home/jaime/RM3_ws/install/robominer_msgs/include/robominer_msgs/msg/detail/spectrometer_measurement__struct.h
[2.820s] -- Up-to-date symlink: /home/jaime/RM3_ws/install/robominer_msgs/include/robominer_msgs/msg/detail/spectrometer_measurement__type_support.h
[2.821s] -- Up-to-date symlink: /home/jaime/RM3_ws/install/robominer_msgs/include/robominer_msgs/msg/detail/whisker__functions.h
[2.821s] -- Up-to-date symlink: /home/jaime/RM3_ws/install/robominer_msgs/include/robominer_msgs/msg/detail/whisker__struct.h
[2.822s] -- Up-to-date symlink: /home/jaime/RM3_ws/install/robominer_msgs/include/robominer_msgs/msg/detail/whisker__type_support.h
[2.822s] -- Up-to-date symlink: /home/jaime/RM3_ws/install/robominer_msgs/include/robominer_msgs/msg/detail/whisker_array__functions.h
[2.823s] -- Up-to-date symlink: /home/jaime/RM3_ws/install/robominer_msgs/include/robominer_msgs/msg/detail/whisker_array__struct.h
[2.823s] -- Up-to-date symlink: /home/jaime/RM3_ws/install/robominer_msgs/include/robominer_msgs/msg/detail/whisker_array__type_support.h
[2.823s] -- Up-to-date symlink: /home/jaime/RM3_ws/install/robominer_msgs/include/robominer_msgs/msg/detail/whisker_pos_in_grid__functions.h
[2.824s] -- Up-to-date symlink: /home/jaime/RM3_ws/install/robominer_msgs/include/robominer_msgs/msg/detail/whisker_pos_in_grid__struct.h
[2.824s] -- Up-to-date symlink: /home/jaime/RM3_ws/install/robominer_msgs/include/robominer_msgs/msg/detail/whisker_pos_in_grid__type_support.h
[2.825s] -- Up-to-date symlink: /home/jaime/RM3_ws/install/robominer_msgs/include/robominer_msgs/msg/fiducial_transform.h
[2.825s] -- Up-to-date symlink: /home/jaime/RM3_ws/install/robominer_msgs/include/robominer_msgs/msg/fiducial_transform_array.h
[2.825s] -- Up-to-date symlink: /home/jaime/RM3_ws/install/robominer_msgs/include/robominer_msgs/msg/motor_module_command.h
[2.826s] -- Up-to-date symlink: /home/jaime/RM3_ws/install/robominer_msgs/include/robominer_msgs/msg/motor_module_feedback.h
[2.826s] -- Up-to-date symlink: /home/jaime/RM3_ws/install/robominer_msgs/include/robominer_msgs/msg/rosidl_generator_c__visibility_control.h
[2.827s] -- Up-to-date symlink: /home/jaime/RM3_ws/install/robominer_msgs/include/robominer_msgs/msg/spectrometer_calibration.h
[2.827s] -- Up-to-date symlink: /home/jaime/RM3_ws/install/robominer_msgs/include/robominer_msgs/msg/spectrometer_frequency_command.h
[2.827s] -- Up-to-date symlink: /home/jaime/RM3_ws/install/robominer_msgs/include/robominer_msgs/msg/spectrometer_measurement.h
[2.828s] -- Up-to-date symlink: /home/jaime/RM3_ws/install/robominer_msgs/include/robominer_msgs/msg/whisker.h
[2.828s] -- Up-to-date symlink: /home/jaime/RM3_ws/install/robominer_msgs/include/robominer_msgs/msg/whisker_array.h
[2.829s] -- Up-to-date symlink: /home/jaime/RM3_ws/install/robominer_msgs/include/robominer_msgs/msg/whisker_pos_in_grid.h
[2.830s] -- Up-to-date symlink: /home/jaime/RM3_ws/install/robominer_msgs/share/robominer_msgs/environment/library_path.sh
[2.830s] -- Up-to-date symlink: /home/jaime/RM3_ws/install/robominer_msgs/share/robominer_msgs/environment/library_path.dsv
[2.832s] -- Up-to-date symlink: /home/jaime/RM3_ws/install/robominer_msgs/include/robominer_msgs/msg/detail/fiducial_transform__rosidl_typesupport_fastrtps_c.h
[2.833s] -- Up-to-date symlink: /home/jaime/RM3_ws/install/robominer_msgs/include/robominer_msgs/msg/detail/fiducial_transform_array__rosidl_typesupport_fastrtps_c.h
[2.834s] -- Up-to-date symlink: /home/jaime/RM3_ws/install/robominer_msgs/include/robominer_msgs/msg/detail/motor_module_command__rosidl_typesupport_fastrtps_c.h
[2.834s] -- Up-to-date symlink: /home/jaime/RM3_ws/install/robominer_msgs/include/robominer_msgs/msg/detail/motor_module_feedback__rosidl_typesupport_fastrtps_c.h
[2.835s] -- Up-to-date symlink: /home/jaime/RM3_ws/install/robominer_msgs/include/robominer_msgs/msg/detail/spectrometer_calibration__rosidl_typesupport_fastrtps_c.h
[2.835s] -- Up-to-date symlink: /home/jaime/RM3_ws/install/robominer_msgs/include/robominer_msgs/msg/detail/spectrometer_frequency_command__rosidl_typesupport_fastrtps_c.h
[2.836s] -- Up-to-date symlink: /home/jaime/RM3_ws/install/robominer_msgs/include/robominer_msgs/msg/detail/spectrometer_measurement__rosidl_typesupport_fastrtps_c.h
[2.836s] -- Up-to-date symlink: /home/jaime/RM3_ws/install/robominer_msgs/include/robominer_msgs/msg/detail/whisker__rosidl_typesupport_fastrtps_c.h
[2.837s] -- Up-to-date symlink: /home/jaime/RM3_ws/install/robominer_msgs/include/robominer_msgs/msg/detail/whisker_array__rosidl_typesupport_fastrtps_c.h
[2.838s] -- Up-to-date symlink: /home/jaime/RM3_ws/install/robominer_msgs/include/robominer_msgs/msg/detail/whisker_pos_in_grid__rosidl_typesupport_fastrtps_c.h
[2.838s] -- Up-to-date symlink: /home/jaime/RM3_ws/install/robominer_msgs/include/robominer_msgs/msg/rosidl_typesupport_fastrtps_c__visibility_control.h
[2.839s] -- Up-to-date symlink: /home/jaime/RM3_ws/install/robominer_msgs/lib/librobominer_msgs__rosidl_typesupport_fastrtps_c.so
[2.841s] -- Up-to-date symlink: /home/jaime/RM3_ws/install/robominer_msgs/include/robominer_msgs/msg/detail/fiducial_transform__rosidl_typesupport_fastrtps_cpp.hpp
[2.842s] -- Up-to-date symlink: /home/jaime/RM3_ws/install/robominer_msgs/include/robominer_msgs/msg/detail/fiducial_transform_array__rosidl_typesupport_fastrtps_cpp.hpp
[2.842s] -- Up-to-date symlink: /home/jaime/RM3_ws/install/robominer_msgs/include/robominer_msgs/msg/detail/motor_module_command__rosidl_typesupport_fastrtps_cpp.hpp
[2.843s] -- Up-to-date symlink: /home/jaime/RM3_ws/install/robominer_msgs/include/robominer_msgs/msg/detail/motor_module_feedback__rosidl_typesupport_fastrtps_cpp.hpp
[2.844s] -- Up-to-date symlink: /home/jaime/RM3_ws/install/robominer_msgs/include/robominer_msgs/msg/detail/spectrometer_calibration__rosidl_typesupport_fastrtps_cpp.hpp
[2.845s] -- Up-to-date symlink: /home/jaime/RM3_ws/install/robominer_msgs/include/robominer_msgs/msg/detail/spectrometer_frequency_command__rosidl_typesupport_fastrtps_cpp.hpp
[2.846s] -- Up-to-date symlink: /home/jaime/RM3_ws/install/robominer_msgs/include/robominer_msgs/msg/detail/spectrometer_measurement__rosidl_typesupport_fastrtps_cpp.hpp
[2.847s] -- Up-to-date symlink: /home/jaime/RM3_ws/install/robominer_msgs/include/robominer_msgs/msg/detail/whisker__rosidl_typesupport_fastrtps_cpp.hpp
[2.848s] -- Up-to-date symlink: /home/jaime/RM3_ws/install/robominer_msgs/include/robominer_msgs/msg/detail/whisker_array__rosidl_typesupport_fastrtps_cpp.hpp
[2.850s] -- Up-to-date symlink: /home/jaime/RM3_ws/install/robominer_msgs/include/robominer_msgs/msg/detail/whisker_pos_in_grid__rosidl_typesupport_fastrtps_cpp.hpp
[2.850s] -- Up-to-date symlink: /home/jaime/RM3_ws/install/robominer_msgs/include/robominer_msgs/msg/rosidl_typesupport_fastrtps_cpp__visibility_control.h
[2.850s] -- Up-to-date symlink: /home/jaime/RM3_ws/install/robominer_msgs/lib/librobominer_msgs__rosidl_typesupport_fastrtps_cpp.so
[2.851s] -- Up-to-date symlink: /home/jaime/RM3_ws/install/robominer_msgs/include/robominer_msgs/msg/detail/fiducial_transform__rosidl_typesupport_introspection_c.h
[2.853s] -- Up-to-date symlink: /home/jaime/RM3_ws/install/robominer_msgs/include/robominer_msgs/msg/detail/fiducial_transform_array__rosidl_typesupport_introspection_c.h
[2.853s] -- Up-to-date symlink: /home/jaime/RM3_ws/install/robominer_msgs/include/robominer_msgs/msg/detail/motor_module_command__rosidl_typesupport_introspection_c.h
[2.854s] -- Up-to-date symlink: /home/jaime/RM3_ws/install/robominer_msgs/include/robominer_msgs/msg/detail/motor_module_feedback__rosidl_typesupport_introspection_c.h
[2.854s] -- Up-to-date symlink: /home/jaime/RM3_ws/install/robominer_msgs/include/robominer_msgs/msg/detail/spectrometer_calibration__rosidl_typesupport_introspection_c.h
[2.855s] -- Up-to-date symlink: /home/jaime/RM3_ws/install/robominer_msgs/include/robominer_msgs/msg/detail/spectrometer_frequency_command__rosidl_typesupport_introspection_c.h
[2.864s] -- Up-to-date symlink: /home/jaime/RM3_ws/install/robominer_msgs/include/robominer_msgs/msg/detail/spectrometer_measurement__rosidl_typesupport_introspection_c.h
[2.865s] -- Up-to-date symlink: /home/jaime/RM3_ws/install/robominer_msgs/include/robominer_msgs/msg/detail/whisker__rosidl_typesupport_introspection_c.h
[2.865s] -- Up-to-date symlink: /home/jaime/RM3_ws/install/robominer_msgs/include/robominer_msgs/msg/detail/whisker_array__rosidl_typesupport_introspection_c.h
[2.865s] -- Up-to-date symlink: /home/jaime/RM3_ws/install/robominer_msgs/include/robominer_msgs/msg/detail/whisker_pos_in_grid__rosidl_typesupport_introspection_c.h
[2.866s] -- Up-to-date symlink: /home/jaime/RM3_ws/install/robominer_msgs/include/robominer_msgs/msg/rosidl_typesupport_introspection_c__visibility_control.h
[2.866s] -- Up-to-date symlink: /home/jaime/RM3_ws/install/robominer_msgs/include/robominer_msgs/msg/detail/fiducial_transform__builder.hpp
[2.866s] -- Up-to-date symlink: /home/jaime/RM3_ws/install/robominer_msgs/include/robominer_msgs/msg/detail/fiducial_transform__struct.hpp
[2.866s] -- Up-to-date symlink: /home/jaime/RM3_ws/install/robominer_msgs/include/robominer_msgs/msg/detail/fiducial_transform__traits.hpp
[2.867s] -- Up-to-date symlink: /home/jaime/RM3_ws/install/robominer_msgs/include/robominer_msgs/msg/detail/fiducial_transform_array__builder.hpp
[2.867s] -- Up-to-date symlink: /home/jaime/RM3_ws/install/robominer_msgs/include/robominer_msgs/msg/detail/fiducial_transform_array__struct.hpp
[2.867s] -- Up-to-date symlink: /home/jaime/RM3_ws/install/robominer_msgs/include/robominer_msgs/msg/detail/fiducial_transform_array__traits.hpp
[2.867s] -- Up-to-date symlink: /home/jaime/RM3_ws/install/robominer_msgs/include/robominer_msgs/msg/detail/motor_module_command__builder.hpp
[2.867s] -- Up-to-date symlink: /home/jaime/RM3_ws/install/robominer_msgs/include/robominer_msgs/msg/detail/motor_module_command__struct.hpp
[2.867s] -- Up-to-date symlink: /home/jaime/RM3_ws/install/robominer_msgs/include/robominer_msgs/msg/detail/motor_module_command__traits.hpp
[2.867s] -- Up-to-date symlink: /home/jaime/RM3_ws/install/robominer_msgs/include/robominer_msgs/msg/detail/motor_module_feedback__builder.hpp
[2.868s] -- Up-to-date symlink: /home/jaime/RM3_ws/install/robominer_msgs/include/robominer_msgs/msg/detail/motor_module_feedback__struct.hpp
[2.868s] -- Up-to-date symlink: /home/jaime/RM3_ws/install/robominer_msgs/include/robominer_msgs/msg/detail/motor_module_feedback__traits.hpp
[2.868s] -- Up-to-date symlink: /home/jaime/RM3_ws/install/robominer_msgs/include/robominer_msgs/msg/detail/spectrometer_calibration__builder.hpp
[2.869s] -- Up-to-date symlink: /home/jaime/RM3_ws/install/robominer_msgs/include/robominer_msgs/msg/detail/spectrometer_calibration__struct.hpp
[2.869s] -- Up-to-date symlink: /home/jaime/RM3_ws/install/robominer_msgs/include/robominer_msgs/msg/detail/spectrometer_calibration__traits.hpp
[2.869s] -- Up-to-date symlink: /home/jaime/RM3_ws/install/robominer_msgs/include/robominer_msgs/msg/detail/spectrometer_frequency_command__builder.hpp
[2.870s] -- Up-to-date symlink: /home/jaime/RM3_ws/install/robominer_msgs/include/robominer_msgs/msg/detail/spectrometer_frequency_command__struct.hpp
[2.870s] -- Up-to-date symlink: /home/jaime/RM3_ws/install/robominer_msgs/include/robominer_msgs/msg/detail/spectrometer_frequency_command__traits.hpp
[2.871s] -- Up-to-date symlink: /home/jaime/RM3_ws/install/robominer_msgs/include/robominer_msgs/msg/detail/spectrometer_measurement__builder.hpp
[2.871s] -- Up-to-date symlink: /home/jaime/RM3_ws/install/robominer_msgs/include/robominer_msgs/msg/detail/spectrometer_measurement__struct.hpp
[2.872s] -- Up-to-date symlink: /home/jaime/RM3_ws/install/robominer_msgs/include/robominer_msgs/msg/detail/spectrometer_measurement__traits.hpp
[2.873s] -- Up-to-date symlink: /home/jaime/RM3_ws/install/robominer_msgs/include/robominer_msgs/msg/detail/whisker__builder.hpp
[2.873s] -- Up-to-date symlink: /home/jaime/RM3_ws/install/robominer_msgs/include/robominer_msgs/msg/detail/whisker__struct.hpp
[2.874s] -- Up-to-date symlink: /home/jaime/RM3_ws/install/robominer_msgs/include/robominer_msgs/msg/detail/whisker__traits.hpp
[2.874s] -- Up-to-date symlink: /home/jaime/RM3_ws/install/robominer_msgs/include/robominer_msgs/msg/detail/whisker_array__builder.hpp
[2.875s] -- Up-to-date symlink: /home/jaime/RM3_ws/install/robominer_msgs/include/robominer_msgs/msg/detail/whisker_array__struct.hpp
[2.875s] -- Up-to-date symlink: /home/jaime/RM3_ws/install/robominer_msgs/include/robominer_msgs/msg/detail/whisker_array__traits.hpp
[2.875s] -- Up-to-date symlink: /home/jaime/RM3_ws/install/robominer_msgs/include/robominer_msgs/msg/detail/whisker_pos_in_grid__builder.hpp
[2.875s] -- Up-to-date symlink: /home/jaime/RM3_ws/install/robominer_msgs/include/robominer_msgs/msg/detail/whisker_pos_in_grid__struct.hpp
[2.877s] -- Up-to-date symlink: /home/jaime/RM3_ws/install/robominer_msgs/include/robominer_msgs/msg/detail/whisker_pos_in_grid__traits.hpp
[2.877s] -- Up-to-date symlink: /home/jaime/RM3_ws/install/robominer_msgs/include/robominer_msgs/msg/fiducial_transform.hpp
[2.878s] -- Up-to-date symlink: /home/jaime/RM3_ws/install/robominer_msgs/include/robominer_msgs/msg/fiducial_transform_array.hpp
[2.878s] -- Up-to-date symlink: /home/jaime/RM3_ws/install/robominer_msgs/include/robominer_msgs/msg/motor_module_command.hpp
[2.878s] -- Up-to-date symlink: /home/jaime/RM3_ws/install/robominer_msgs/include/robominer_msgs/msg/motor_module_feedback.hpp
[2.878s] -- Up-to-date symlink: /home/jaime/RM3_ws/install/robominer_msgs/include/robominer_msgs/msg/spectrometer_calibration.hpp
[2.878s] -- Up-to-date symlink: /home/jaime/RM3_ws/install/robominer_msgs/include/robominer_msgs/msg/spectrometer_frequency_command.hpp
[2.879s] -- Up-to-date symlink: /home/jaime/RM3_ws/install/robominer_msgs/include/robominer_msgs/msg/spectrometer_measurement.hpp
[2.879s] -- Up-to-date symlink: /home/jaime/RM3_ws/install/robominer_msgs/include/robominer_msgs/msg/whisker.hpp
[2.879s] -- Up-to-date symlink: /home/jaime/RM3_ws/install/robominer_msgs/include/robominer_msgs/msg/whisker_array.hpp
[2.879s] -- Up-to-date symlink: /home/jaime/RM3_ws/install/robominer_msgs/include/robominer_msgs/msg/whisker_pos_in_grid.hpp
[2.880s] -- Up-to-date symlink: /home/jaime/RM3_ws/install/robominer_msgs/include/robominer_msgs/msg/detail/fiducial_transform__rosidl_typesupport_introspection_cpp.hpp
[2.880s] -- Up-to-date symlink: /home/jaime/RM3_ws/install/robominer_msgs/include/robominer_msgs/msg/detail/fiducial_transform_array__rosidl_typesupport_introspection_cpp.hpp
[2.881s] -- Up-to-date symlink: /home/jaime/RM3_ws/install/robominer_msgs/include/robominer_msgs/msg/detail/motor_module_command__rosidl_typesupport_introspection_cpp.hpp
[2.881s] -- Up-to-date symlink: /home/jaime/RM3_ws/install/robominer_msgs/include/robominer_msgs/msg/detail/motor_module_feedback__rosidl_typesupport_introspection_cpp.hpp
[2.882s] -- Up-to-date symlink: /home/jaime/RM3_ws/install/robominer_msgs/include/robominer_msgs/msg/detail/spectrometer_calibration__rosidl_typesupport_introspection_cpp.hpp
[2.882s] -- Up-to-date symlink: /home/jaime/RM3_ws/install/robominer_msgs/include/robominer_msgs/msg/detail/spectrometer_frequency_command__rosidl_typesupport_introspection_cpp.hpp
[2.884s] -- Up-to-date symlink: /home/jaime/RM3_ws/install/robominer_msgs/include/robominer_msgs/msg/detail/spectrometer_measurement__rosidl_typesupport_introspection_cpp.hpp
[2.884s] -- Up-to-date symlink: /home/jaime/RM3_ws/install/robominer_msgs/include/robominer_msgs/msg/detail/whisker__rosidl_typesupport_introspection_cpp.hpp
[2.885s] -- Up-to-date symlink: /home/jaime/RM3_ws/install/robominer_msgs/include/robominer_msgs/msg/detail/whisker_array__rosidl_typesupport_introspection_cpp.hpp
[2.885s] -- Up-to-date symlink: /home/jaime/RM3_ws/install/robominer_msgs/include/robominer_msgs/msg/detail/whisker_pos_in_grid__rosidl_typesupport_introspection_cpp.hpp
[2.886s] -- Up-to-date symlink: /home/jaime/RM3_ws/install/robominer_msgs/share/robominer_msgs/environment/pythonpath.sh
[2.898s] -- Up-to-date symlink: /home/jaime/RM3_ws/install/robominer_msgs/share/robominer_msgs/environment/pythonpath.dsv
[2.899s] -- Up-to-date symlink: /home/jaime/RM3_ws/install/robominer_msgs/lib/python3.8/site-packages/robominer_msgs/__init__.py
[2.899s] -- Up-to-date symlink: /home/jaime/RM3_ws/install/robominer_msgs/lib/python3.8/site-packages/robominer_msgs/msg/__init__.py
[2.899s] -- Up-to-date symlink: /home/jaime/RM3_ws/install/robominer_msgs/lib/python3.8/site-packages/robominer_msgs/msg/_fiducial_transform.py
[2.899s] -- Up-to-date symlink: /home/jaime/RM3_ws/install/robominer_msgs/lib/python3.8/site-packages/robominer_msgs/msg/_fiducial_transform_array.py
[2.900s] -- Up-to-date symlink: /home/jaime/RM3_ws/install/robominer_msgs/lib/python3.8/site-packages/robominer_msgs/msg/_motor_module_command.py
[2.901s] -- Up-to-date symlink: /home/jaime/RM3_ws/install/robominer_msgs/lib/python3.8/site-packages/robominer_msgs/msg/_motor_module_feedback.py
[2.901s] -- Up-to-date symlink: /home/jaime/RM3_ws/install/robominer_msgs/lib/python3.8/site-packages/robominer_msgs/msg/_spectrometer_calibration.py
[2.902s] -- Up-to-date symlink: /home/jaime/RM3_ws/install/robominer_msgs/lib/python3.8/site-packages/robominer_msgs/msg/_spectrometer_frequency_command.py
[2.902s] -- Up-to-date symlink: /home/jaime/RM3_ws/install/robominer_msgs/lib/python3.8/site-packages/robominer_msgs/msg/_spectrometer_measurement.py
[2.902s] -- Up-to-date symlink: /home/jaime/RM3_ws/install/robominer_msgs/lib/python3.8/site-packages/robominer_msgs/msg/_whisker.py
[2.903s] -- Up-to-date symlink: /home/jaime/RM3_ws/install/robominer_msgs/lib/python3.8/site-packages/robominer_msgs/msg/_whisker_array.py
[2.903s] -- Up-to-date symlink: /home/jaime/RM3_ws/install/robominer_msgs/lib/python3.8/site-packages/robominer_msgs/msg/_whisker_pos_in_grid.py
[2.903s] -- Up-to-date symlink: /home/jaime/RM3_ws/install/robominer_msgs/lib/python3.8/site-packages/robominer_msgs/robominer_msgs_s__rosidl_typesupport_fastrtps_c.cpython-38-x86_64-linux-gnu.so
[2.903s] -- Up-to-date symlink: /home/jaime/RM3_ws/install/robominer_msgs/lib/python3.8/site-packages/robominer_msgs/robominer_msgs_s__rosidl_typesupport_introspection_c.cpython-38-x86_64-linux-gnu.so
[2.904s] -- Up-to-date symlink: /home/jaime/RM3_ws/install/robominer_msgs/lib/python3.8/site-packages/robominer_msgs/robominer_msgs_s__rosidl_typesupport_c.cpython-38-x86_64-linux-gnu.so
[2.904s] -- Up-to-date symlink: /home/jaime/RM3_ws/install/robominer_msgs/lib/librobominer_msgs__python.so
[2.904s] -- Up-to-date symlink: /home/jaime/RM3_ws/install/robominer_msgs/share/robominer_msgs/msg/MotorModuleFeedback.idl
[2.905s] -- Up-to-date symlink: /home/jaime/RM3_ws/install/robominer_msgs/share/robominer_msgs/msg/MotorModuleCommand.idl
[2.905s] -- Up-to-date symlink: /home/jaime/RM3_ws/install/robominer_msgs/share/robominer_msgs/msg/WhiskerPosInGrid.idl
[2.905s] -- Up-to-date symlink: /home/jaime/RM3_ws/install/robominer_msgs/share/robominer_msgs/msg/Whisker.idl
[2.905s] -- Up-to-date symlink: /home/jaime/RM3_ws/install/robominer_msgs/share/robominer_msgs/msg/WhiskerArray.idl
[2.906s] -- Up-to-date symlink: /home/jaime/RM3_ws/install/robominer_msgs/share/robominer_msgs/msg/SpectrometerMeasurement.idl
[2.906s] -- Up-to-date symlink: /home/jaime/RM3_ws/install/robominer_msgs/share/robominer_msgs/msg/SpectrometerCalibration.idl
[2.906s] -- Up-to-date symlink: /home/jaime/RM3_ws/install/robominer_msgs/share/robominer_msgs/msg/SpectrometerFrequencyCommand.idl
[2.907s] -- Up-to-date symlink: /home/jaime/RM3_ws/install/robominer_msgs/share/robominer_msgs/msg/FiducialTransform.idl
[2.907s] -- Up-to-date symlink: /home/jaime/RM3_ws/install/robominer_msgs/share/robominer_msgs/msg/FiducialTransformArray.idl
[2.908s] -- Up-to-date symlink: /home/jaime/RM3_ws/install/robominer_msgs/share/robominer_msgs/msg/MotorModuleFeedback.msg
[2.908s] -- Up-to-date symlink: /home/jaime/RM3_ws/install/robominer_msgs/share/robominer_msgs/msg/MotorModuleCommand.msg
[2.908s] -- Up-to-date symlink: /home/jaime/RM3_ws/install/robominer_msgs/share/robominer_msgs/msg/WhiskerPosInGrid.msg
[2.909s] -- Up-to-date symlink: /home/jaime/RM3_ws/install/robominer_msgs/share/robominer_msgs/msg/Whisker.msg
[2.909s] -- Up-to-date symlink: /home/jaime/RM3_ws/install/robominer_msgs/share/robominer_msgs/msg/WhiskerArray.msg
[2.910s] -- Up-to-date symlink: /home/jaime/RM3_ws/install/robominer_msgs/share/robominer_msgs/msg/SpectrometerMeasurement.msg
[2.910s] -- Up-to-date symlink: /home/jaime/RM3_ws/install/robominer_msgs/share/robominer_msgs/msg/SpectrometerCalibration.msg
[2.910s] -- Up-to-date symlink: /home/jaime/RM3_ws/install/robominer_msgs/share/robominer_msgs/msg/SpectrometerFrequencyCommand.msg
[2.910s] -- Up-to-date symlink: /home/jaime/RM3_ws/install/robominer_msgs/share/robominer_msgs/msg/FiducialTransform.msg
[2.910s] -- Up-to-date symlink: /home/jaime/RM3_ws/install/robominer_msgs/share/robominer_msgs/msg/FiducialTransformArray.msg
[2.911s] -- Up-to-date symlink: /home/jaime/RM3_ws/install/robominer_msgs/share/ament_index/resource_index/package_run_dependencies/robominer_msgs
[2.912s] -- Up-to-date symlink: /home/jaime/RM3_ws/install/robominer_msgs/share/ament_index/resource_index/parent_prefix_path/robominer_msgs
[2.912s] -- Up-to-date symlink: /home/jaime/RM3_ws/install/robominer_msgs/share/robominer_msgs/environment/ament_prefix_path.sh
[2.913s] -- Up-to-date symlink: /home/jaime/RM3_ws/install/robominer_msgs/share/robominer_msgs/environment/ament_prefix_path.dsv
[2.913s] -- Up-to-date symlink: /home/jaime/RM3_ws/install/robominer_msgs/share/robominer_msgs/environment/path.sh
[2.913s] -- Up-to-date symlink: /home/jaime/RM3_ws/install/robominer_msgs/share/robominer_msgs/environment/path.dsv
[2.913s] -- Up-to-date symlink: /home/jaime/RM3_ws/install/robominer_msgs/share/robominer_msgs/local_setup.bash
[2.913s] -- Up-to-date symlink: /home/jaime/RM3_ws/install/robominer_msgs/share/robominer_msgs/local_setup.sh
[2.913s] -- Up-to-date symlink: /home/jaime/RM3_ws/install/robominer_msgs/share/robominer_msgs/local_setup.zsh
[2.914s] -- Up-to-date symlink: /home/jaime/RM3_ws/install/robominer_msgs/share/robominer_msgs/local_setup.dsv
[2.914s] -- Symlinking: /home/jaime/RM3_ws/install/robominer_msgs/share/robominer_msgs/package.dsv
[2.920s] -- Up-to-date symlink: /home/jaime/RM3_ws/install/robominer_msgs/share/ament_index/resource_index/packages/robominer_msgs
[2.920s] -- Up-to-date symlink: /home/jaime/RM3_ws/install/robominer_msgs/share/robominer_msgs/cmake/rosidl_cmake-extras.cmake
[2.920s] -- Up-to-date symlink: /home/jaime/RM3_ws/install/robominer_msgs/share/robominer_msgs/cmake/ament_cmake_export_dependencies-extras.cmake
[2.922s] -- Up-to-date symlink: /home/jaime/RM3_ws/install/robominer_msgs/share/robominer_msgs/cmake/ament_cmake_export_libraries-extras.cmake
[2.922s] -- Up-to-date symlink: /home/jaime/RM3_ws/install/robominer_msgs/share/robominer_msgs/cmake/ament_cmake_export_targets-extras.cmake
[2.924s] -- Up-to-date symlink: /home/jaime/RM3_ws/install/robominer_msgs/share/robominer_msgs/cmake/ament_cmake_export_include_directories-extras.cmake
[2.924s] -- Up-to-date symlink: /home/jaime/RM3_ws/install/robominer_msgs/share/robominer_msgs/cmake/rosidl_cmake_export_typesupport_libraries-extras.cmake
[2.925s] -- Up-to-date symlink: /home/jaime/RM3_ws/install/robominer_msgs/share/robominer_msgs/cmake/rosidl_cmake_export_typesupport_targets-extras.cmake
[2.925s] -- Up-to-date symlink: /home/jaime/RM3_ws/install/robominer_msgs/share/robominer_msgs/cmake/robominer_msgsConfig.cmake
[2.926s] -- Up-to-date symlink: /home/jaime/RM3_ws/install/robominer_msgs/share/robominer_msgs/cmake/robominer_msgsConfig-version.cmake
[2.927s] -- Up-to-date symlink: /home/jaime/RM3_ws/install/robominer_msgs/share/robominer_msgs/package.xml
[2.927s] -- Up-to-date: /home/jaime/RM3_ws/install/robominer_msgs/lib/librobominer_msgs__rosidl_generator_c.so
[2.927s] -- Up-to-date: /home/jaime/RM3_ws/install/robominer_msgs/lib/librobominer_msgs__rosidl_typesupport_introspection_c.so
[2.932s] -- Up-to-date: /home/jaime/RM3_ws/install/robominer_msgs/lib/librobominer_msgs__rosidl_typesupport_c.so
[2.933s] -- Up-to-date: /home/jaime/RM3_ws/install/robominer_msgs/lib/librobominer_msgs__rosidl_typesupport_introspection_cpp.so
[2.934s] -- Up-to-date: /home/jaime/RM3_ws/install/robominer_msgs/lib/librobominer_msgs__rosidl_typesupport_cpp.so
[3.013s] -- Up-to-date: /home/jaime/RM3_ws/install/robominer_msgs/share/robominer_msgs/cmake/robominer_msgs__rosidl_generator_cExport.cmake
[3.014s] -- Up-to-date: /home/jaime/RM3_ws/install/robominer_msgs/share/robominer_msgs/cmake/robominer_msgs__rosidl_generator_cExport-noconfig.cmake
[3.014s] -- Up-to-date: /home/jaime/RM3_ws/install/robominer_msgs/share/robominer_msgs/cmake/robominer_msgs__rosidl_typesupport_introspection_cExport.cmake
[3.015s] -- Up-to-date: /home/jaime/RM3_ws/install/robominer_msgs/share/robominer_msgs/cmake/robominer_msgs__rosidl_typesupport_introspection_cExport-noconfig.cmake
[3.015s] -- Up-to-date: /home/jaime/RM3_ws/install/robominer_msgs/share/robominer_msgs/cmake/robominer_msgs__rosidl_typesupport_cExport.cmake
[3.015s] -- Up-to-date: /home/jaime/RM3_ws/install/robominer_msgs/share/robominer_msgs/cmake/robominer_msgs__rosidl_typesupport_cExport-noconfig.cmake
[3.023s] -- Up-to-date: /home/jaime/RM3_ws/install/robominer_msgs/share/robominer_msgs/cmake/robominer_msgs__rosidl_generator_cppExport.cmake
[3.024s] -- Up-to-date: /home/jaime/RM3_ws/install/robominer_msgs/share/robominer_msgs/cmake/robominer_msgs__rosidl_typesupport_introspection_cppExport.cmake
[3.024s] -- Up-to-date: /home/jaime/RM3_ws/install/robominer_msgs/share/robominer_msgs/cmake/robominer_msgs__rosidl_typesupport_introspection_cppExport-noconfig.cmake
[3.024s] -- Up-to-date: /home/jaime/RM3_ws/install/robominer_msgs/share/robominer_msgs/cmake/robominer_msgs__rosidl_typesupport_cppExport.cmake
[3.025s] -- Up-to-date: /home/jaime/RM3_ws/install/robominer_msgs/share/robominer_msgs/cmake/robominer_msgs__rosidl_typesupport_cppExport-noconfig.cmake
[3.060s] Invoked command in '/home/jaime/RM3_ws/build/robominer_msgs' returned '0': /usr/bin/cmake --install /home/jaime/RM3_ws/build/robominer_msgs
