[0.114s] Invoking command in '/home/jaime/RM3_ws/build/controller_manager_msgs': CMAKE_PREFIX_PATH=/opt/ros/foxy /usr/bin/cmake --build /home/jaime/RM3_ws/build/controller_manager_msgs -- -j8 -l8
[1.263s] [  0%] Built target controller_manager_msgs__cpp
[1.263s] [ 12%] Built target controller_manager_msgs__rosidl_generator_c
[1.263s] [ 24%] Built target controller_manager_msgs__rosidl_typesupport_introspection_cpp
[1.263s] [ 36%] Built target controller_manager_msgs__rosidl_typesupport_cpp
[1.263s] [ 60%] Built target controller_manager_msgs__rosidl_typesupport_fastrtps_cpp
[1.264s] [ 60%] Built target controller_manager_msgs__rosidl_typesupport_introspection_c
[1.264s] [ 72%] Built target controller_manager_msgs__rosidl_typesupport_c
[1.264s] [ 84%] Built target controller_manager_msgs__rosidl_typesupport_fastrtps_c
[1.264s] [ 84%] Built target controller_manager_msgs
[1.264s] [ 85%] Built target controller_manager_msgs__py
[1.264s] [ 96%] Built target controller_manager_msgs__python
[1.265s] [ 97%] Built target controller_manager_msgs__rosidl_typesupport_c__pyext
[1.265s] [ 98%] Built target controller_manager_msgs__rosidl_typesupport_fastrtps_c__pyext
[1.265s] [100%] Built target controller_manager_msgs__rosidl_typesupport_introspection_c__pyext
[1.301s] Invoked command in '/home/jaime/RM3_ws/build/controller_manager_msgs' returned '0': CMAKE_PREFIX_PATH=/opt/ros/foxy /usr/bin/cmake --build /home/jaime/RM3_ws/build/controller_manager_msgs -- -j8 -l8
[2.832s] Invoking command in '/home/jaime/RM3_ws/build/controller_manager_msgs': CMAKE_PREFIX_PATH=/opt/ros/foxy /usr/bin/cmake --install /home/jaime/RM3_ws/build/controller_manager_msgs
[2.872s] -- Install configuration: ""
[2.872s] -- Execute custom install script
[2.873s] -- Up-to-date symlink: /home/jaime/RM3_ws/install/controller_manager_msgs/share/ament_index/resource_index/rosidl_interfaces/controller_manager_msgs
[2.877s] -- Up-to-date symlink: /home/jaime/RM3_ws/install/controller_manager_msgs/include/controller_manager_msgs/msg/controller_state.h
[2.877s] -- Up-to-date symlink: /home/jaime/RM3_ws/install/controller_manager_msgs/include/controller_manager_msgs/msg/detail/controller_state__functions.h
[2.881s] -- Up-to-date symlink: /home/jaime/RM3_ws/install/controller_manager_msgs/include/controller_manager_msgs/msg/detail/controller_state__struct.h
[2.881s] -- Up-to-date symlink: /home/jaime/RM3_ws/install/controller_manager_msgs/include/controller_manager_msgs/msg/detail/controller_state__type_support.h
[2.892s] -- Up-to-date symlink: /home/jaime/RM3_ws/install/controller_manager_msgs/include/controller_manager_msgs/msg/detail/hardware_interface__functions.h
[2.892s] -- Up-to-date symlink: /home/jaime/RM3_ws/install/controller_manager_msgs/include/controller_manager_msgs/msg/detail/hardware_interface__struct.h
[2.892s] -- Up-to-date symlink: /home/jaime/RM3_ws/install/controller_manager_msgs/include/controller_manager_msgs/msg/detail/hardware_interface__type_support.h
[2.892s] -- Up-to-date symlink: /home/jaime/RM3_ws/install/controller_manager_msgs/include/controller_manager_msgs/msg/hardware_interface.h
[2.892s] -- Up-to-date symlink: /home/jaime/RM3_ws/install/controller_manager_msgs/include/controller_manager_msgs/msg/rosidl_generator_c__visibility_control.h
[2.893s] -- Up-to-date symlink: /home/jaime/RM3_ws/install/controller_manager_msgs/include/controller_manager_msgs/srv/configure_controller.h
[2.896s] -- Up-to-date symlink: /home/jaime/RM3_ws/install/controller_manager_msgs/include/controller_manager_msgs/srv/configure_start_controller.h
[2.898s] -- Up-to-date symlink: /home/jaime/RM3_ws/install/controller_manager_msgs/include/controller_manager_msgs/srv/detail/configure_controller__functions.h
[2.898s] -- Up-to-date symlink: /home/jaime/RM3_ws/install/controller_manager_msgs/include/controller_manager_msgs/srv/detail/configure_controller__struct.h
[2.900s] -- Up-to-date symlink: /home/jaime/RM3_ws/install/controller_manager_msgs/include/controller_manager_msgs/srv/detail/configure_controller__type_support.h
[2.901s] -- Up-to-date symlink: /home/jaime/RM3_ws/install/controller_manager_msgs/include/controller_manager_msgs/srv/detail/configure_start_controller__functions.h
[2.901s] -- Up-to-date symlink: /home/jaime/RM3_ws/install/controller_manager_msgs/include/controller_manager_msgs/srv/detail/configure_start_controller__struct.h
[2.902s] -- Up-to-date symlink: /home/jaime/RM3_ws/install/controller_manager_msgs/include/controller_manager_msgs/srv/detail/configure_start_controller__type_support.h
[2.903s] -- Up-to-date symlink: /home/jaime/RM3_ws/install/controller_manager_msgs/include/controller_manager_msgs/srv/detail/list_controller_types__functions.h
[2.904s] -- Up-to-date symlink: /home/jaime/RM3_ws/install/controller_manager_msgs/include/controller_manager_msgs/srv/detail/list_controller_types__struct.h
[2.905s] -- Up-to-date symlink: /home/jaime/RM3_ws/install/controller_manager_msgs/include/controller_manager_msgs/srv/detail/list_controller_types__type_support.h
[2.906s] -- Up-to-date symlink: /home/jaime/RM3_ws/install/controller_manager_msgs/include/controller_manager_msgs/srv/detail/list_controllers__functions.h
[2.907s] -- Up-to-date symlink: /home/jaime/RM3_ws/install/controller_manager_msgs/include/controller_manager_msgs/srv/detail/list_controllers__struct.h
[2.908s] -- Up-to-date symlink: /home/jaime/RM3_ws/install/controller_manager_msgs/include/controller_manager_msgs/srv/detail/list_controllers__type_support.h
[2.908s] -- Up-to-date symlink: /home/jaime/RM3_ws/install/controller_manager_msgs/include/controller_manager_msgs/srv/detail/list_hardware_interfaces__functions.h
[2.909s] -- Up-to-date symlink: /home/jaime/RM3_ws/install/controller_manager_msgs/include/controller_manager_msgs/srv/detail/list_hardware_interfaces__struct.h
[2.910s] -- Up-to-date symlink: /home/jaime/RM3_ws/install/controller_manager_msgs/include/controller_manager_msgs/srv/detail/list_hardware_interfaces__type_support.h
[2.911s] -- Up-to-date symlink: /home/jaime/RM3_ws/install/controller_manager_msgs/include/controller_manager_msgs/srv/detail/load_configure_controller__functions.h
[2.914s] -- Up-to-date symlink: /home/jaime/RM3_ws/install/controller_manager_msgs/include/controller_manager_msgs/srv/detail/load_configure_controller__struct.h
[2.915s] -- Up-to-date symlink: /home/jaime/RM3_ws/install/controller_manager_msgs/include/controller_manager_msgs/srv/detail/load_configure_controller__type_support.h
[2.916s] -- Up-to-date symlink: /home/jaime/RM3_ws/install/controller_manager_msgs/include/controller_manager_msgs/srv/detail/load_controller__functions.h
[2.917s] -- Up-to-date symlink: /home/jaime/RM3_ws/install/controller_manager_msgs/include/controller_manager_msgs/srv/detail/load_controller__struct.h
[2.917s] -- Up-to-date symlink: /home/jaime/RM3_ws/install/controller_manager_msgs/include/controller_manager_msgs/srv/detail/load_controller__type_support.h
[2.919s] -- Up-to-date symlink: /home/jaime/RM3_ws/install/controller_manager_msgs/include/controller_manager_msgs/srv/detail/load_start_controller__functions.h
[2.919s] -- Up-to-date symlink: /home/jaime/RM3_ws/install/controller_manager_msgs/include/controller_manager_msgs/srv/detail/load_start_controller__struct.h
[2.919s] -- Up-to-date symlink: /home/jaime/RM3_ws/install/controller_manager_msgs/include/controller_manager_msgs/srv/detail/load_start_controller__type_support.h
[2.922s] -- Up-to-date symlink: /home/jaime/RM3_ws/install/controller_manager_msgs/include/controller_manager_msgs/srv/detail/reload_controller_libraries__functions.h
[2.926s] -- Up-to-date symlink: /home/jaime/RM3_ws/install/controller_manager_msgs/include/controller_manager_msgs/srv/detail/reload_controller_libraries__struct.h
[2.927s] -- Up-to-date symlink: /home/jaime/RM3_ws/install/controller_manager_msgs/include/controller_manager_msgs/srv/detail/reload_controller_libraries__type_support.h
[2.927s] -- Up-to-date symlink: /home/jaime/RM3_ws/install/controller_manager_msgs/include/controller_manager_msgs/srv/detail/switch_controller__functions.h
[2.927s] -- Up-to-date symlink: /home/jaime/RM3_ws/install/controller_manager_msgs/include/controller_manager_msgs/srv/detail/switch_controller__struct.h
[2.928s] -- Up-to-date symlink: /home/jaime/RM3_ws/install/controller_manager_msgs/include/controller_manager_msgs/srv/detail/switch_controller__type_support.h
[2.929s] -- Up-to-date symlink: /home/jaime/RM3_ws/install/controller_manager_msgs/include/controller_manager_msgs/srv/detail/unload_controller__functions.h
[2.929s] -- Up-to-date symlink: /home/jaime/RM3_ws/install/controller_manager_msgs/include/controller_manager_msgs/srv/detail/unload_controller__struct.h
[2.930s] -- Up-to-date symlink: /home/jaime/RM3_ws/install/controller_manager_msgs/include/controller_manager_msgs/srv/detail/unload_controller__type_support.h
[2.931s] -- Up-to-date symlink: /home/jaime/RM3_ws/install/controller_manager_msgs/include/controller_manager_msgs/srv/list_controller_types.h
[2.932s] -- Up-to-date symlink: /home/jaime/RM3_ws/install/controller_manager_msgs/include/controller_manager_msgs/srv/list_controllers.h
[2.932s] -- Up-to-date symlink: /home/jaime/RM3_ws/install/controller_manager_msgs/include/controller_manager_msgs/srv/list_hardware_interfaces.h
[2.933s] -- Up-to-date symlink: /home/jaime/RM3_ws/install/controller_manager_msgs/include/controller_manager_msgs/srv/load_configure_controller.h
[2.935s] -- Up-to-date symlink: /home/jaime/RM3_ws/install/controller_manager_msgs/include/controller_manager_msgs/srv/load_controller.h
[2.935s] -- Up-to-date symlink: /home/jaime/RM3_ws/install/controller_manager_msgs/include/controller_manager_msgs/srv/load_start_controller.h
[2.936s] -- Up-to-date symlink: /home/jaime/RM3_ws/install/controller_manager_msgs/include/controller_manager_msgs/srv/reload_controller_libraries.h
[2.937s] -- Up-to-date symlink: /home/jaime/RM3_ws/install/controller_manager_msgs/include/controller_manager_msgs/srv/switch_controller.h
[2.937s] -- Up-to-date symlink: /home/jaime/RM3_ws/install/controller_manager_msgs/include/controller_manager_msgs/srv/unload_controller.h
[2.938s] -- Up-to-date symlink: /home/jaime/RM3_ws/install/controller_manager_msgs/share/controller_manager_msgs/environment/library_path.sh
[2.938s] -- Up-to-date symlink: /home/jaime/RM3_ws/install/controller_manager_msgs/share/controller_manager_msgs/environment/library_path.dsv
[2.940s] -- Up-to-date symlink: /home/jaime/RM3_ws/install/controller_manager_msgs/include/controller_manager_msgs/msg/detail/controller_state__rosidl_typesupport_fastrtps_c.h
[2.941s] -- Up-to-date symlink: /home/jaime/RM3_ws/install/controller_manager_msgs/include/controller_manager_msgs/msg/detail/hardware_interface__rosidl_typesupport_fastrtps_c.h
[2.942s] -- Up-to-date symlink: /home/jaime/RM3_ws/install/controller_manager_msgs/include/controller_manager_msgs/msg/rosidl_typesupport_fastrtps_c__visibility_control.h
[2.942s] -- Up-to-date symlink: /home/jaime/RM3_ws/install/controller_manager_msgs/include/controller_manager_msgs/srv/detail/configure_controller__rosidl_typesupport_fastrtps_c.h
[2.943s] -- Up-to-date symlink: /home/jaime/RM3_ws/install/controller_manager_msgs/include/controller_manager_msgs/srv/detail/configure_start_controller__rosidl_typesupport_fastrtps_c.h
[2.943s] -- Up-to-date symlink: /home/jaime/RM3_ws/install/controller_manager_msgs/include/controller_manager_msgs/srv/detail/list_controller_types__rosidl_typesupport_fastrtps_c.h
[2.944s] -- Up-to-date symlink: /home/jaime/RM3_ws/install/controller_manager_msgs/include/controller_manager_msgs/srv/detail/list_controllers__rosidl_typesupport_fastrtps_c.h
[2.945s] -- Up-to-date symlink: /home/jaime/RM3_ws/install/controller_manager_msgs/include/controller_manager_msgs/srv/detail/list_hardware_interfaces__rosidl_typesupport_fastrtps_c.h
[2.945s] -- Up-to-date symlink: /home/jaime/RM3_ws/install/controller_manager_msgs/include/controller_manager_msgs/srv/detail/load_configure_controller__rosidl_typesupport_fastrtps_c.h
[2.948s] -- Up-to-date symlink: /home/jaime/RM3_ws/install/controller_manager_msgs/include/controller_manager_msgs/srv/detail/load_controller__rosidl_typesupport_fastrtps_c.h
[2.948s] -- Up-to-date symlink: /home/jaime/RM3_ws/install/controller_manager_msgs/include/controller_manager_msgs/srv/detail/load_start_controller__rosidl_typesupport_fastrtps_c.h
[2.949s] -- Up-to-date symlink: /home/jaime/RM3_ws/install/controller_manager_msgs/include/controller_manager_msgs/srv/detail/reload_controller_libraries__rosidl_typesupport_fastrtps_c.h
[2.950s] -- Up-to-date symlink: /home/jaime/RM3_ws/install/controller_manager_msgs/include/controller_manager_msgs/srv/detail/switch_controller__rosidl_typesupport_fastrtps_c.h
[2.951s] -- Up-to-date symlink: /home/jaime/RM3_ws/install/controller_manager_msgs/include/controller_manager_msgs/srv/detail/unload_controller__rosidl_typesupport_fastrtps_c.h
[2.958s] -- Up-to-date symlink: /home/jaime/RM3_ws/install/controller_manager_msgs/lib/libcontroller_manager_msgs__rosidl_typesupport_fastrtps_c.so
[2.963s] -- Up-to-date symlink: /home/jaime/RM3_ws/install/controller_manager_msgs/include/controller_manager_msgs/msg/detail/controller_state__rosidl_typesupport_fastrtps_cpp.hpp
[2.970s] -- Up-to-date symlink: /home/jaime/RM3_ws/install/controller_manager_msgs/include/controller_manager_msgs/msg/detail/hardware_interface__rosidl_typesupport_fastrtps_cpp.hpp
[2.970s] -- Up-to-date symlink: /home/jaime/RM3_ws/install/controller_manager_msgs/include/controller_manager_msgs/msg/rosidl_typesupport_fastrtps_cpp__visibility_control.h
[2.971s] -- Up-to-date symlink: /home/jaime/RM3_ws/install/controller_manager_msgs/include/controller_manager_msgs/srv/detail/configure_controller__rosidl_typesupport_fastrtps_cpp.hpp
[2.971s] -- Up-to-date symlink: /home/jaime/RM3_ws/install/controller_manager_msgs/include/controller_manager_msgs/srv/detail/configure_start_controller__rosidl_typesupport_fastrtps_cpp.hpp
[2.973s] -- Up-to-date symlink: /home/jaime/RM3_ws/install/controller_manager_msgs/include/controller_manager_msgs/srv/detail/list_controller_types__rosidl_typesupport_fastrtps_cpp.hpp
[2.973s] -- Up-to-date symlink: /home/jaime/RM3_ws/install/controller_manager_msgs/include/controller_manager_msgs/srv/detail/list_controllers__rosidl_typesupport_fastrtps_cpp.hpp
[2.993s] -- Up-to-date symlink: /home/jaime/RM3_ws/install/controller_manager_msgs/include/controller_manager_msgs/srv/detail/list_hardware_interfaces__rosidl_typesupport_fastrtps_cpp.hpp
[2.993s] -- Up-to-date symlink: /home/jaime/RM3_ws/install/controller_manager_msgs/include/controller_manager_msgs/srv/detail/load_configure_controller__rosidl_typesupport_fastrtps_cpp.hpp
[2.994s] -- Up-to-date symlink: /home/jaime/RM3_ws/install/controller_manager_msgs/include/controller_manager_msgs/srv/detail/load_controller__rosidl_typesupport_fastrtps_cpp.hpp
[2.994s] -- Up-to-date symlink: /home/jaime/RM3_ws/install/controller_manager_msgs/include/controller_manager_msgs/srv/detail/load_start_controller__rosidl_typesupport_fastrtps_cpp.hpp
[3.000s] -- Up-to-date symlink: /home/jaime/RM3_ws/install/controller_manager_msgs/include/controller_manager_msgs/srv/detail/reload_controller_libraries__rosidl_typesupport_fastrtps_cpp.hpp
[3.000s] -- Up-to-date symlink: /home/jaime/RM3_ws/install/controller_manager_msgs/include/controller_manager_msgs/srv/detail/switch_controller__rosidl_typesupport_fastrtps_cpp.hpp
[3.000s] -- Up-to-date symlink: /home/jaime/RM3_ws/install/controller_manager_msgs/include/controller_manager_msgs/srv/detail/unload_controller__rosidl_typesupport_fastrtps_cpp.hpp
[3.000s] -- Up-to-date symlink: /home/jaime/RM3_ws/install/controller_manager_msgs/lib/libcontroller_manager_msgs__rosidl_typesupport_fastrtps_cpp.so
[3.001s] -- Up-to-date symlink: /home/jaime/RM3_ws/install/controller_manager_msgs/include/controller_manager_msgs/msg/detail/controller_state__rosidl_typesupport_introspection_c.h
[3.001s] -- Up-to-date symlink: /home/jaime/RM3_ws/install/controller_manager_msgs/include/controller_manager_msgs/msg/detail/hardware_interface__rosidl_typesupport_introspection_c.h
[3.001s] -- Up-to-date symlink: /home/jaime/RM3_ws/install/controller_manager_msgs/include/controller_manager_msgs/msg/rosidl_typesupport_introspection_c__visibility_control.h
[3.001s] -- Up-to-date symlink: /home/jaime/RM3_ws/install/controller_manager_msgs/include/controller_manager_msgs/srv/detail/configure_controller__rosidl_typesupport_introspection_c.h
[3.002s] -- Up-to-date symlink: /home/jaime/RM3_ws/install/controller_manager_msgs/include/controller_manager_msgs/srv/detail/configure_start_controller__rosidl_typesupport_introspection_c.h
[3.002s] -- Up-to-date symlink: /home/jaime/RM3_ws/install/controller_manager_msgs/include/controller_manager_msgs/srv/detail/list_controller_types__rosidl_typesupport_introspection_c.h
[3.003s] -- Up-to-date symlink: /home/jaime/RM3_ws/install/controller_manager_msgs/include/controller_manager_msgs/srv/detail/list_controllers__rosidl_typesupport_introspection_c.h
[3.003s] -- Up-to-date symlink: /home/jaime/RM3_ws/install/controller_manager_msgs/include/controller_manager_msgs/srv/detail/list_hardware_interfaces__rosidl_typesupport_introspection_c.h
[3.004s] -- Up-to-date symlink: /home/jaime/RM3_ws/install/controller_manager_msgs/include/controller_manager_msgs/srv/detail/load_configure_controller__rosidl_typesupport_introspection_c.h
[3.004s] -- Up-to-date symlink: /home/jaime/RM3_ws/install/controller_manager_msgs/include/controller_manager_msgs/srv/detail/load_controller__rosidl_typesupport_introspection_c.h
[3.004s] -- Up-to-date symlink: /home/jaime/RM3_ws/install/controller_manager_msgs/include/controller_manager_msgs/srv/detail/load_start_controller__rosidl_typesupport_introspection_c.h
[3.005s] -- Up-to-date symlink: /home/jaime/RM3_ws/install/controller_manager_msgs/include/controller_manager_msgs/srv/detail/reload_controller_libraries__rosidl_typesupport_introspection_c.h
[3.005s] -- Up-to-date symlink: /home/jaime/RM3_ws/install/controller_manager_msgs/include/controller_manager_msgs/srv/detail/switch_controller__rosidl_typesupport_introspection_c.h
[3.005s] -- Up-to-date symlink: /home/jaime/RM3_ws/install/controller_manager_msgs/include/controller_manager_msgs/srv/detail/unload_controller__rosidl_typesupport_introspection_c.h
[3.005s] -- Up-to-date symlink: /home/jaime/RM3_ws/install/controller_manager_msgs/include/controller_manager_msgs/msg/controller_state.hpp
[3.006s] -- Up-to-date symlink: /home/jaime/RM3_ws/install/controller_manager_msgs/include/controller_manager_msgs/msg/detail/controller_state__builder.hpp
[3.009s] -- Up-to-date symlink: /home/jaime/RM3_ws/install/controller_manager_msgs/include/controller_manager_msgs/msg/detail/controller_state__struct.hpp
[3.010s] -- Up-to-date symlink: /home/jaime/RM3_ws/install/controller_manager_msgs/include/controller_manager_msgs/msg/detail/controller_state__traits.hpp
[3.010s] -- Up-to-date symlink: /home/jaime/RM3_ws/install/controller_manager_msgs/include/controller_manager_msgs/msg/detail/hardware_interface__builder.hpp
[3.010s] -- Up-to-date symlink: /home/jaime/RM3_ws/install/controller_manager_msgs/include/controller_manager_msgs/msg/detail/hardware_interface__struct.hpp
[3.010s] -- Up-to-date symlink: /home/jaime/RM3_ws/install/controller_manager_msgs/include/controller_manager_msgs/msg/detail/hardware_interface__traits.hpp
[3.010s] -- Up-to-date symlink: /home/jaime/RM3_ws/install/controller_manager_msgs/include/controller_manager_msgs/msg/hardware_interface.hpp
[3.011s] -- Up-to-date symlink: /home/jaime/RM3_ws/install/controller_manager_msgs/include/controller_manager_msgs/srv/configure_controller.hpp
[3.011s] -- Up-to-date symlink: /home/jaime/RM3_ws/install/controller_manager_msgs/include/controller_manager_msgs/srv/configure_start_controller.hpp
[3.012s] -- Up-to-date symlink: /home/jaime/RM3_ws/install/controller_manager_msgs/include/controller_manager_msgs/srv/detail/configure_controller__builder.hpp
[3.013s] -- Up-to-date symlink: /home/jaime/RM3_ws/install/controller_manager_msgs/include/controller_manager_msgs/srv/detail/configure_controller__struct.hpp
[3.013s] -- Up-to-date symlink: /home/jaime/RM3_ws/install/controller_manager_msgs/include/controller_manager_msgs/srv/detail/configure_controller__traits.hpp
[3.033s] -- Up-to-date symlink: /home/jaime/RM3_ws/install/controller_manager_msgs/include/controller_manager_msgs/srv/detail/configure_start_controller__builder.hpp
[3.034s] -- Up-to-date symlink: /home/jaime/RM3_ws/install/controller_manager_msgs/include/controller_manager_msgs/srv/detail/configure_start_controller__struct.hpp
[3.035s] -- Up-to-date symlink: /home/jaime/RM3_ws/install/controller_manager_msgs/include/controller_manager_msgs/srv/detail/configure_start_controller__traits.hpp
[3.036s] -- Up-to-date symlink: /home/jaime/RM3_ws/install/controller_manager_msgs/include/controller_manager_msgs/srv/detail/list_controller_types__builder.hpp
[3.037s] -- Up-to-date symlink: /home/jaime/RM3_ws/install/controller_manager_msgs/include/controller_manager_msgs/srv/detail/list_controller_types__struct.hpp
[3.038s] -- Up-to-date symlink: /home/jaime/RM3_ws/install/controller_manager_msgs/include/controller_manager_msgs/srv/detail/list_controller_types__traits.hpp
[3.038s] -- Up-to-date symlink: /home/jaime/RM3_ws/install/controller_manager_msgs/include/controller_manager_msgs/srv/detail/list_controllers__builder.hpp
[3.039s] -- Up-to-date symlink: /home/jaime/RM3_ws/install/controller_manager_msgs/include/controller_manager_msgs/srv/detail/list_controllers__struct.hpp
[3.041s] -- Up-to-date symlink: /home/jaime/RM3_ws/install/controller_manager_msgs/include/controller_manager_msgs/srv/detail/list_controllers__traits.hpp
[3.042s] -- Up-to-date symlink: /home/jaime/RM3_ws/install/controller_manager_msgs/include/controller_manager_msgs/srv/detail/list_hardware_interfaces__builder.hpp
[3.043s] -- Up-to-date symlink: /home/jaime/RM3_ws/install/controller_manager_msgs/include/controller_manager_msgs/srv/detail/list_hardware_interfaces__struct.hpp
[3.044s] -- Up-to-date symlink: /home/jaime/RM3_ws/install/controller_manager_msgs/include/controller_manager_msgs/srv/detail/list_hardware_interfaces__traits.hpp
[3.044s] -- Up-to-date symlink: /home/jaime/RM3_ws/install/controller_manager_msgs/include/controller_manager_msgs/srv/detail/load_configure_controller__builder.hpp
[3.045s] -- Up-to-date symlink: /home/jaime/RM3_ws/install/controller_manager_msgs/include/controller_manager_msgs/srv/detail/load_configure_controller__struct.hpp
[3.046s] -- Up-to-date symlink: /home/jaime/RM3_ws/install/controller_manager_msgs/include/controller_manager_msgs/srv/detail/load_configure_controller__traits.hpp
[3.047s] -- Up-to-date symlink: /home/jaime/RM3_ws/install/controller_manager_msgs/include/controller_manager_msgs/srv/detail/load_controller__builder.hpp
[3.048s] -- Up-to-date symlink: /home/jaime/RM3_ws/install/controller_manager_msgs/include/controller_manager_msgs/srv/detail/load_controller__struct.hpp
[3.049s] -- Up-to-date symlink: /home/jaime/RM3_ws/install/controller_manager_msgs/include/controller_manager_msgs/srv/detail/load_controller__traits.hpp
[3.050s] -- Up-to-date symlink: /home/jaime/RM3_ws/install/controller_manager_msgs/include/controller_manager_msgs/srv/detail/load_start_controller__builder.hpp
[3.067s] -- Up-to-date symlink: /home/jaime/RM3_ws/install/controller_manager_msgs/include/controller_manager_msgs/srv/detail/load_start_controller__struct.hpp
[3.069s] -- Up-to-date symlink: /home/jaime/RM3_ws/install/controller_manager_msgs/include/controller_manager_msgs/srv/detail/load_start_controller__traits.hpp
[3.069s] -- Up-to-date symlink: /home/jaime/RM3_ws/install/controller_manager_msgs/include/controller_manager_msgs/srv/detail/reload_controller_libraries__builder.hpp
[3.069s] -- Up-to-date symlink: /home/jaime/RM3_ws/install/controller_manager_msgs/include/controller_manager_msgs/srv/detail/reload_controller_libraries__struct.hpp
[3.069s] -- Up-to-date symlink: /home/jaime/RM3_ws/install/controller_manager_msgs/include/controller_manager_msgs/srv/detail/reload_controller_libraries__traits.hpp
[3.069s] -- Up-to-date symlink: /home/jaime/RM3_ws/install/controller_manager_msgs/include/controller_manager_msgs/srv/detail/switch_controller__builder.hpp
[3.070s] -- Up-to-date symlink: /home/jaime/RM3_ws/install/controller_manager_msgs/include/controller_manager_msgs/srv/detail/switch_controller__struct.hpp
[3.070s] -- Up-to-date symlink: /home/jaime/RM3_ws/install/controller_manager_msgs/include/controller_manager_msgs/srv/detail/switch_controller__traits.hpp
[3.070s] -- Up-to-date symlink: /home/jaime/RM3_ws/install/controller_manager_msgs/include/controller_manager_msgs/srv/detail/unload_controller__builder.hpp
[3.070s] -- Up-to-date symlink: /home/jaime/RM3_ws/install/controller_manager_msgs/include/controller_manager_msgs/srv/detail/unload_controller__struct.hpp
[3.070s] -- Up-to-date symlink: /home/jaime/RM3_ws/install/controller_manager_msgs/include/controller_manager_msgs/srv/detail/unload_controller__traits.hpp
[3.070s] -- Up-to-date symlink: /home/jaime/RM3_ws/install/controller_manager_msgs/include/controller_manager_msgs/srv/list_controller_types.hpp
[3.070s] -- Up-to-date symlink: /home/jaime/RM3_ws/install/controller_manager_msgs/include/controller_manager_msgs/srv/list_controllers.hpp
[3.070s] -- Up-to-date symlink: /home/jaime/RM3_ws/install/controller_manager_msgs/include/controller_manager_msgs/srv/list_hardware_interfaces.hpp
[3.071s] -- Up-to-date symlink: /home/jaime/RM3_ws/install/controller_manager_msgs/include/controller_manager_msgs/srv/load_configure_controller.hpp
[3.071s] -- Up-to-date symlink: /home/jaime/RM3_ws/install/controller_manager_msgs/include/controller_manager_msgs/srv/load_controller.hpp
[3.071s] -- Up-to-date symlink: /home/jaime/RM3_ws/install/controller_manager_msgs/include/controller_manager_msgs/srv/load_start_controller.hpp
[3.071s] -- Up-to-date symlink: /home/jaime/RM3_ws/install/controller_manager_msgs/include/controller_manager_msgs/srv/reload_controller_libraries.hpp
[3.071s] -- Up-to-date symlink: /home/jaime/RM3_ws/install/controller_manager_msgs/include/controller_manager_msgs/srv/switch_controller.hpp
[3.071s] -- Up-to-date symlink: /home/jaime/RM3_ws/install/controller_manager_msgs/include/controller_manager_msgs/srv/unload_controller.hpp
[3.071s] -- Up-to-date symlink: /home/jaime/RM3_ws/install/controller_manager_msgs/include/controller_manager_msgs/msg/detail/controller_state__rosidl_typesupport_introspection_cpp.hpp
[3.071s] -- Up-to-date symlink: /home/jaime/RM3_ws/install/controller_manager_msgs/include/controller_manager_msgs/msg/detail/hardware_interface__rosidl_typesupport_introspection_cpp.hpp
[3.071s] -- Up-to-date symlink: /home/jaime/RM3_ws/install/controller_manager_msgs/include/controller_manager_msgs/srv/detail/configure_controller__rosidl_typesupport_introspection_cpp.hpp
[3.080s] -- Up-to-date symlink: /home/jaime/RM3_ws/install/controller_manager_msgs/include/controller_manager_msgs/srv/detail/configure_start_controller__rosidl_typesupport_introspection_cpp.hpp
[3.080s] -- Up-to-date symlink: /home/jaime/RM3_ws/install/controller_manager_msgs/include/controller_manager_msgs/srv/detail/list_controller_types__rosidl_typesupport_introspection_cpp.hpp
[3.080s] -- Up-to-date symlink: /home/jaime/RM3_ws/install/controller_manager_msgs/include/controller_manager_msgs/srv/detail/list_controllers__rosidl_typesupport_introspection_cpp.hpp
[3.080s] -- Up-to-date symlink: /home/jaime/RM3_ws/install/controller_manager_msgs/include/controller_manager_msgs/srv/detail/list_hardware_interfaces__rosidl_typesupport_introspection_cpp.hpp
[3.080s] -- Up-to-date symlink: /home/jaime/RM3_ws/install/controller_manager_msgs/include/controller_manager_msgs/srv/detail/load_configure_controller__rosidl_typesupport_introspection_cpp.hpp
[3.080s] -- Up-to-date symlink: /home/jaime/RM3_ws/install/controller_manager_msgs/include/controller_manager_msgs/srv/detail/load_controller__rosidl_typesupport_introspection_cpp.hpp
[3.081s] -- Up-to-date symlink: /home/jaime/RM3_ws/install/controller_manager_msgs/include/controller_manager_msgs/srv/detail/load_start_controller__rosidl_typesupport_introspection_cpp.hpp
[3.081s] -- Up-to-date symlink: /home/jaime/RM3_ws/install/controller_manager_msgs/include/controller_manager_msgs/srv/detail/reload_controller_libraries__rosidl_typesupport_introspection_cpp.hpp
[3.081s] -- Up-to-date symlink: /home/jaime/RM3_ws/install/controller_manager_msgs/include/controller_manager_msgs/srv/detail/switch_controller__rosidl_typesupport_introspection_cpp.hpp
[3.081s] -- Up-to-date symlink: /home/jaime/RM3_ws/install/controller_manager_msgs/include/controller_manager_msgs/srv/detail/unload_controller__rosidl_typesupport_introspection_cpp.hpp
[3.084s] -- Up-to-date symlink: /home/jaime/RM3_ws/install/controller_manager_msgs/share/controller_manager_msgs/environment/pythonpath.sh
[3.084s] -- Up-to-date symlink: /home/jaime/RM3_ws/install/controller_manager_msgs/share/controller_manager_msgs/environment/pythonpath.dsv
[3.084s] -- Up-to-date symlink: /home/jaime/RM3_ws/install/controller_manager_msgs/lib/python3.8/site-packages/controller_manager_msgs/__init__.py
[3.084s] -- Up-to-date symlink: /home/jaime/RM3_ws/install/controller_manager_msgs/lib/python3.8/site-packages/controller_manager_msgs/msg/__init__.py
[3.084s] -- Up-to-date symlink: /home/jaime/RM3_ws/install/controller_manager_msgs/lib/python3.8/site-packages/controller_manager_msgs/msg/_controller_state.py
[3.085s] -- Up-to-date symlink: /home/jaime/RM3_ws/install/controller_manager_msgs/lib/python3.8/site-packages/controller_manager_msgs/msg/_hardware_interface.py
[3.085s] -- Up-to-date symlink: /home/jaime/RM3_ws/install/controller_manager_msgs/lib/python3.8/site-packages/controller_manager_msgs/srv/__init__.py
[3.085s] -- Up-to-date symlink: /home/jaime/RM3_ws/install/controller_manager_msgs/lib/python3.8/site-packages/controller_manager_msgs/srv/_configure_controller.py
[3.085s] -- Up-to-date symlink: /home/jaime/RM3_ws/install/controller_manager_msgs/lib/python3.8/site-packages/controller_manager_msgs/srv/_configure_start_controller.py
[3.085s] -- Up-to-date symlink: /home/jaime/RM3_ws/install/controller_manager_msgs/lib/python3.8/site-packages/controller_manager_msgs/srv/_list_controller_types.py
[3.085s] -- Up-to-date symlink: /home/jaime/RM3_ws/install/controller_manager_msgs/lib/python3.8/site-packages/controller_manager_msgs/srv/_list_controllers.py
[3.086s] -- Up-to-date symlink: /home/jaime/RM3_ws/install/controller_manager_msgs/lib/python3.8/site-packages/controller_manager_msgs/srv/_list_hardware_interfaces.py
[3.086s] -- Up-to-date symlink: /home/jaime/RM3_ws/install/controller_manager_msgs/lib/python3.8/site-packages/controller_manager_msgs/srv/_load_configure_controller.py
[3.086s] -- Up-to-date symlink: /home/jaime/RM3_ws/install/controller_manager_msgs/lib/python3.8/site-packages/controller_manager_msgs/srv/_load_controller.py
[3.086s] -- Up-to-date symlink: /home/jaime/RM3_ws/install/controller_manager_msgs/lib/python3.8/site-packages/controller_manager_msgs/srv/_load_start_controller.py
[3.086s] -- Up-to-date symlink: /home/jaime/RM3_ws/install/controller_manager_msgs/lib/python3.8/site-packages/controller_manager_msgs/srv/_reload_controller_libraries.py
[3.086s] -- Up-to-date symlink: /home/jaime/RM3_ws/install/controller_manager_msgs/lib/python3.8/site-packages/controller_manager_msgs/srv/_switch_controller.py
[3.086s] -- Up-to-date symlink: /home/jaime/RM3_ws/install/controller_manager_msgs/lib/python3.8/site-packages/controller_manager_msgs/srv/_unload_controller.py
[3.086s] -- Up-to-date symlink: /home/jaime/RM3_ws/install/controller_manager_msgs/lib/python3.8/site-packages/controller_manager_msgs/controller_manager_msgs_s__rosidl_typesupport_fastrtps_c.cpython-38-x86_64-linux-gnu.so
[3.092s] -- Up-to-date symlink: /home/jaime/RM3_ws/install/controller_manager_msgs/lib/python3.8/site-packages/controller_manager_msgs/controller_manager_msgs_s__rosidl_typesupport_introspection_c.cpython-38-x86_64-linux-gnu.so
[3.092s] -- Up-to-date symlink: /home/jaime/RM3_ws/install/controller_manager_msgs/lib/python3.8/site-packages/controller_manager_msgs/controller_manager_msgs_s__rosidl_typesupport_c.cpython-38-x86_64-linux-gnu.so
[3.092s] -- Up-to-date symlink: /home/jaime/RM3_ws/install/controller_manager_msgs/lib/libcontroller_manager_msgs__python.so
[3.092s] -- Up-to-date symlink: /home/jaime/RM3_ws/install/controller_manager_msgs/share/controller_manager_msgs/msg/ControllerState.idl
[3.092s] -- Up-to-date symlink: /home/jaime/RM3_ws/install/controller_manager_msgs/share/controller_manager_msgs/msg/HardwareInterface.idl
[3.097s] -- Up-to-date symlink: /home/jaime/RM3_ws/install/controller_manager_msgs/share/controller_manager_msgs/srv/ConfigureController.idl
[3.097s] -- Up-to-date symlink: /home/jaime/RM3_ws/install/controller_manager_msgs/share/controller_manager_msgs/srv/ConfigureStartController.idl
[3.097s] -- Up-to-date symlink: /home/jaime/RM3_ws/install/controller_manager_msgs/share/controller_manager_msgs/srv/ListControllers.idl
[3.104s] -- Up-to-date symlink: /home/jaime/RM3_ws/install/controller_manager_msgs/share/controller_manager_msgs/srv/ListControllerTypes.idl
[3.105s] -- Up-to-date symlink: /home/jaime/RM3_ws/install/controller_manager_msgs/share/controller_manager_msgs/srv/ListHardwareInterfaces.idl
[3.105s] -- Up-to-date symlink: /home/jaime/RM3_ws/install/controller_manager_msgs/share/controller_manager_msgs/srv/LoadConfigureController.idl
[3.105s] -- Up-to-date symlink: /home/jaime/RM3_ws/install/controller_manager_msgs/share/controller_manager_msgs/srv/LoadController.idl
[3.106s] -- Up-to-date symlink: /home/jaime/RM3_ws/install/controller_manager_msgs/share/controller_manager_msgs/srv/LoadStartController.idl
[3.110s] -- Up-to-date symlink: /home/jaime/RM3_ws/install/controller_manager_msgs/share/controller_manager_msgs/srv/ReloadControllerLibraries.idl
[3.110s] -- Up-to-date symlink: /home/jaime/RM3_ws/install/controller_manager_msgs/share/controller_manager_msgs/srv/SwitchController.idl
[3.110s] -- Up-to-date symlink: /home/jaime/RM3_ws/install/controller_manager_msgs/share/controller_manager_msgs/srv/UnloadController.idl
[3.110s] -- Up-to-date symlink: /home/jaime/RM3_ws/install/controller_manager_msgs/share/controller_manager_msgs/msg/ControllerState.msg
[3.112s] -- Up-to-date symlink: /home/jaime/RM3_ws/install/controller_manager_msgs/share/controller_manager_msgs/msg/HardwareInterface.msg
[3.113s] -- Up-to-date symlink: /home/jaime/RM3_ws/install/controller_manager_msgs/share/controller_manager_msgs/srv/ConfigureController.srv
[3.114s] -- Up-to-date symlink: /home/jaime/RM3_ws/install/controller_manager_msgs/share/controller_manager_msgs/srv/ConfigureController_Request.msg
[3.115s] -- Up-to-date symlink: /home/jaime/RM3_ws/install/controller_manager_msgs/share/controller_manager_msgs/srv/ConfigureController_Response.msg
[3.117s] -- Up-to-date symlink: /home/jaime/RM3_ws/install/controller_manager_msgs/share/controller_manager_msgs/srv/ConfigureStartController.srv
[3.121s] -- Up-to-date symlink: /home/jaime/RM3_ws/install/controller_manager_msgs/share/controller_manager_msgs/srv/ConfigureStartController_Request.msg
[3.142s] -- Up-to-date symlink: /home/jaime/RM3_ws/install/controller_manager_msgs/share/controller_manager_msgs/srv/ConfigureStartController_Response.msg
[3.142s] -- Up-to-date symlink: /home/jaime/RM3_ws/install/controller_manager_msgs/share/controller_manager_msgs/srv/ListControllers.srv
[3.142s] -- Up-to-date symlink: /home/jaime/RM3_ws/install/controller_manager_msgs/share/controller_manager_msgs/srv/ListControllers_Request.msg
[3.142s] -- Up-to-date symlink: /home/jaime/RM3_ws/install/controller_manager_msgs/share/controller_manager_msgs/srv/ListControllers_Response.msg
[3.143s] -- Up-to-date symlink: /home/jaime/RM3_ws/install/controller_manager_msgs/share/controller_manager_msgs/srv/ListControllerTypes.srv
[3.143s] -- Up-to-date symlink: /home/jaime/RM3_ws/install/controller_manager_msgs/share/controller_manager_msgs/srv/ListControllerTypes_Request.msg
[3.143s] -- Up-to-date symlink: /home/jaime/RM3_ws/install/controller_manager_msgs/share/controller_manager_msgs/srv/ListControllerTypes_Response.msg
[3.143s] -- Up-to-date symlink: /home/jaime/RM3_ws/install/controller_manager_msgs/share/controller_manager_msgs/srv/ListHardwareInterfaces.srv
[3.143s] -- Up-to-date symlink: /home/jaime/RM3_ws/install/controller_manager_msgs/share/controller_manager_msgs/srv/ListHardwareInterfaces_Request.msg
[3.143s] -- Up-to-date symlink: /home/jaime/RM3_ws/install/controller_manager_msgs/share/controller_manager_msgs/srv/ListHardwareInterfaces_Response.msg
[3.143s] -- Up-to-date symlink: /home/jaime/RM3_ws/install/controller_manager_msgs/share/controller_manager_msgs/srv/LoadConfigureController.srv
[3.143s] -- Up-to-date symlink: /home/jaime/RM3_ws/install/controller_manager_msgs/share/controller_manager_msgs/srv/LoadConfigureController_Request.msg
[3.143s] -- Up-to-date symlink: /home/jaime/RM3_ws/install/controller_manager_msgs/share/controller_manager_msgs/srv/LoadConfigureController_Response.msg
[3.143s] -- Up-to-date symlink: /home/jaime/RM3_ws/install/controller_manager_msgs/share/controller_manager_msgs/srv/LoadController.srv
[3.143s] -- Up-to-date symlink: /home/jaime/RM3_ws/install/controller_manager_msgs/share/controller_manager_msgs/srv/LoadController_Request.msg
[3.143s] -- Up-to-date symlink: /home/jaime/RM3_ws/install/controller_manager_msgs/share/controller_manager_msgs/srv/LoadController_Response.msg
[3.144s] -- Up-to-date symlink: /home/jaime/RM3_ws/install/controller_manager_msgs/share/controller_manager_msgs/srv/LoadStartController.srv
[3.144s] -- Up-to-date symlink: /home/jaime/RM3_ws/install/controller_manager_msgs/share/controller_manager_msgs/srv/LoadStartController_Request.msg
[3.144s] -- Up-to-date symlink: /home/jaime/RM3_ws/install/controller_manager_msgs/share/controller_manager_msgs/srv/LoadStartController_Response.msg
[3.144s] -- Up-to-date symlink: /home/jaime/RM3_ws/install/controller_manager_msgs/share/controller_manager_msgs/srv/ReloadControllerLibraries.srv
[3.144s] -- Up-to-date symlink: /home/jaime/RM3_ws/install/controller_manager_msgs/share/controller_manager_msgs/srv/ReloadControllerLibraries_Request.msg
[3.146s] -- Up-to-date symlink: /home/jaime/RM3_ws/install/controller_manager_msgs/share/controller_manager_msgs/srv/ReloadControllerLibraries_Response.msg
[3.147s] -- Up-to-date symlink: /home/jaime/RM3_ws/install/controller_manager_msgs/share/controller_manager_msgs/srv/SwitchController.srv
[3.147s] -- Up-to-date symlink: /home/jaime/RM3_ws/install/controller_manager_msgs/share/controller_manager_msgs/srv/SwitchController_Request.msg
[3.166s] -- Up-to-date symlink: /home/jaime/RM3_ws/install/controller_manager_msgs/share/controller_manager_msgs/srv/SwitchController_Response.msg
[3.166s] -- Up-to-date symlink: /home/jaime/RM3_ws/install/controller_manager_msgs/share/controller_manager_msgs/srv/UnloadController.srv
[3.166s] -- Up-to-date symlink: /home/jaime/RM3_ws/install/controller_manager_msgs/share/controller_manager_msgs/srv/UnloadController_Request.msg
[3.166s] -- Up-to-date symlink: /home/jaime/RM3_ws/install/controller_manager_msgs/share/controller_manager_msgs/srv/UnloadController_Response.msg
[3.167s] -- Up-to-date symlink: /home/jaime/RM3_ws/install/controller_manager_msgs/share/ament_index/resource_index/package_run_dependencies/controller_manager_msgs
[3.167s] -- Up-to-date symlink: /home/jaime/RM3_ws/install/controller_manager_msgs/share/ament_index/resource_index/parent_prefix_path/controller_manager_msgs
[3.167s] -- Up-to-date symlink: /home/jaime/RM3_ws/install/controller_manager_msgs/share/controller_manager_msgs/environment/ament_prefix_path.sh
[3.167s] -- Up-to-date symlink: /home/jaime/RM3_ws/install/controller_manager_msgs/share/controller_manager_msgs/environment/ament_prefix_path.dsv
[3.167s] -- Up-to-date symlink: /home/jaime/RM3_ws/install/controller_manager_msgs/share/controller_manager_msgs/environment/path.sh
[3.167s] -- Up-to-date symlink: /home/jaime/RM3_ws/install/controller_manager_msgs/share/controller_manager_msgs/environment/path.dsv
[3.167s] -- Up-to-date symlink: /home/jaime/RM3_ws/install/controller_manager_msgs/share/controller_manager_msgs/local_setup.bash
[3.168s] -- Up-to-date symlink: /home/jaime/RM3_ws/install/controller_manager_msgs/share/controller_manager_msgs/local_setup.sh
[3.168s] -- Up-to-date symlink: /home/jaime/RM3_ws/install/controller_manager_msgs/share/controller_manager_msgs/local_setup.zsh
[3.168s] -- Up-to-date symlink: /home/jaime/RM3_ws/install/controller_manager_msgs/share/controller_manager_msgs/local_setup.dsv
[3.168s] -- Symlinking: /home/jaime/RM3_ws/install/controller_manager_msgs/share/controller_manager_msgs/package.dsv
[3.175s] -- Up-to-date symlink: /home/jaime/RM3_ws/install/controller_manager_msgs/share/ament_index/resource_index/packages/controller_manager_msgs
[3.176s] -- Up-to-date symlink: /home/jaime/RM3_ws/install/controller_manager_msgs/share/controller_manager_msgs/cmake/rosidl_cmake-extras.cmake
[3.177s] -- Up-to-date symlink: /home/jaime/RM3_ws/install/controller_manager_msgs/share/controller_manager_msgs/cmake/ament_cmake_export_dependencies-extras.cmake
[3.184s] -- Up-to-date symlink: /home/jaime/RM3_ws/install/controller_manager_msgs/share/controller_manager_msgs/cmake/ament_cmake_export_libraries-extras.cmake
[3.185s] -- Up-to-date symlink: /home/jaime/RM3_ws/install/controller_manager_msgs/share/controller_manager_msgs/cmake/ament_cmake_export_targets-extras.cmake
[3.186s] -- Up-to-date symlink: /home/jaime/RM3_ws/install/controller_manager_msgs/share/controller_manager_msgs/cmake/ament_cmake_export_include_directories-extras.cmake
[3.193s] -- Up-to-date symlink: /home/jaime/RM3_ws/install/controller_manager_msgs/share/controller_manager_msgs/cmake/rosidl_cmake_export_typesupport_libraries-extras.cmake
[3.193s] -- Up-to-date symlink: /home/jaime/RM3_ws/install/controller_manager_msgs/share/controller_manager_msgs/cmake/rosidl_cmake_export_typesupport_targets-extras.cmake
[3.193s] -- Up-to-date symlink: /home/jaime/RM3_ws/install/controller_manager_msgs/share/controller_manager_msgs/cmake/controller_manager_msgsConfig.cmake
[3.193s] -- Up-to-date symlink: /home/jaime/RM3_ws/install/controller_manager_msgs/share/controller_manager_msgs/cmake/controller_manager_msgsConfig-version.cmake
[3.193s] -- Up-to-date symlink: /home/jaime/RM3_ws/install/controller_manager_msgs/share/controller_manager_msgs/package.xml
[3.193s] -- Up-to-date: /home/jaime/RM3_ws/install/controller_manager_msgs/lib/libcontroller_manager_msgs__rosidl_generator_c.so
[3.201s] -- Up-to-date: /home/jaime/RM3_ws/install/controller_manager_msgs/lib/libcontroller_manager_msgs__rosidl_typesupport_introspection_c.so
[3.201s] -- Up-to-date: /home/jaime/RM3_ws/install/controller_manager_msgs/lib/libcontroller_manager_msgs__rosidl_typesupport_c.so
[3.202s] -- Up-to-date: /home/jaime/RM3_ws/install/controller_manager_msgs/lib/libcontroller_manager_msgs__rosidl_typesupport_introspection_cpp.so
[3.202s] -- Up-to-date: /home/jaime/RM3_ws/install/controller_manager_msgs/lib/libcontroller_manager_msgs__rosidl_typesupport_cpp.so
[3.346s] -- Up-to-date: /home/jaime/RM3_ws/install/controller_manager_msgs/share/controller_manager_msgs/cmake/controller_manager_msgs__rosidl_generator_cExport.cmake
[3.346s] -- Up-to-date: /home/jaime/RM3_ws/install/controller_manager_msgs/share/controller_manager_msgs/cmake/controller_manager_msgs__rosidl_generator_cExport-noconfig.cmake
[3.347s] -- Up-to-date: /home/jaime/RM3_ws/install/controller_manager_msgs/share/controller_manager_msgs/cmake/controller_manager_msgs__rosidl_typesupport_introspection_cExport.cmake
[3.347s] -- Up-to-date: /home/jaime/RM3_ws/install/controller_manager_msgs/share/controller_manager_msgs/cmake/controller_manager_msgs__rosidl_typesupport_introspection_cExport-noconfig.cmake
[3.349s] -- Up-to-date: /home/jaime/RM3_ws/install/controller_manager_msgs/share/controller_manager_msgs/cmake/controller_manager_msgs__rosidl_typesupport_cExport.cmake
[3.349s] -- Up-to-date: /home/jaime/RM3_ws/install/controller_manager_msgs/share/controller_manager_msgs/cmake/controller_manager_msgs__rosidl_typesupport_cExport-noconfig.cmake
[3.350s] -- Up-to-date: /home/jaime/RM3_ws/install/controller_manager_msgs/share/controller_manager_msgs/cmake/controller_manager_msgs__rosidl_generator_cppExport.cmake
[3.352s] -- Up-to-date: /home/jaime/RM3_ws/install/controller_manager_msgs/share/controller_manager_msgs/cmake/controller_manager_msgs__rosidl_typesupport_introspection_cppExport.cmake
[3.352s] -- Up-to-date: /home/jaime/RM3_ws/install/controller_manager_msgs/share/controller_manager_msgs/cmake/controller_manager_msgs__rosidl_typesupport_introspection_cppExport-noconfig.cmake
[3.352s] -- Up-to-date: /home/jaime/RM3_ws/install/controller_manager_msgs/share/controller_manager_msgs/cmake/controller_manager_msgs__rosidl_typesupport_cppExport.cmake
[3.352s] -- Up-to-date: /home/jaime/RM3_ws/install/controller_manager_msgs/share/controller_manager_msgs/cmake/controller_manager_msgs__rosidl_typesupport_cppExport-noconfig.cmake
[3.368s] Invoked command in '/home/jaime/RM3_ws/build/controller_manager_msgs' returned '0': CMAKE_PREFIX_PATH=/opt/ros/foxy /usr/bin/cmake --install /home/jaime/RM3_ws/build/controller_manager_msgs
