[0.061s] Invoking command in '/home/jaime/RM3_ws/build/controller_manager_msgs': CMAKE_PREFIX_PATH=/opt/ros/foxy /usr/bin/cmake /home/jaime/RM3_ws/src/ros2_control/controller_manager_msgs -DCMAKE_INSTALL_PREFIX=/home/jaime/RM3_ws/install/controller_manager_msgs
[0.961s] -- Found ament_cmake: 0.9.9 (/opt/ros/foxy/share/ament_cmake/cmake)
[0.961s] -- Found PythonInterp: /usr/bin/python3 (found suitable version "3.8.10", minimum required is "3") 
[0.961s] -- Using PYTHON_EXECUTABLE: /usr/bin/python3
[0.961s] -- Override CMake install command with custom implementation using symlinks instead of copying resources
[0.961s] -- Found builtin_interfaces: 1.0.0 (/opt/ros/foxy/share/builtin_interfaces/cmake)
[0.962s] -- Using all available rosidl_typesupport_c: rosidl_typesupport_fastrtps_c;rosidl_typesupport_introspection_c
[0.962s] -- Found rosidl_adapter: 1.2.1 (/opt/ros/foxy/share/rosidl_adapter/cmake)
[0.962s] -- Using all available rosidl_typesupport_cpp: rosidl_typesupport_fastrtps_cpp;rosidl_typesupport_introspection_cpp
[0.964s] -- Found rosidl_default_generators: 1.0.1 (/opt/ros/foxy/share/rosidl_default_generators/cmake)
[0.964s] -- Found ament_lint_auto: 0.9.6 (/opt/ros/foxy/share/ament_lint_auto/cmake)
[0.964s] -- Found PythonInterp: /usr/bin/python3 (found version "3.8.10") 
[0.965s] -- Found ament_cmake_ros: 0.9.2 (/opt/ros/foxy/share/ament_cmake_ros/cmake)
[0.965s] -- Using all available rosidl_typesupport_c: rosidl_typesupport_fastrtps_c;rosidl_typesupport_introspection_c
[0.965s] -- Using all available rosidl_typesupport_cpp: rosidl_typesupport_fastrtps_cpp;rosidl_typesupport_introspection_cpp
[0.982s] -- Found PythonInterp: /usr/bin/python3 (found suitable version "3.8.10", minimum required is "3.5") 
[0.982s] -- Found python_cmake_module: 0.8.1 (/opt/ros/foxy/share/python_cmake_module/cmake)
[1.007s] -- Using PYTHON_EXECUTABLE: /usr/bin/python3
[1.008s] -- Using PYTHON_INCLUDE_DIRS: /usr/include/python3.8
[1.008s] -- Using PYTHON_LIBRARIES: /usr/lib/x86_64-linux-gnu/libpython3.8.so
[1.043s] -- Added test 'copyright' to check source files copyright and LICENSE
[1.045s] -- Added test 'lint_cmake' to check CMake code style
[1.046s] -- Added test 'xmllint' to check XML markup files
[1.053s] -- Configuring done
[1.138s] -- Generating done
[1.143s] -- Build files have been written to: /home/jaime/RM3_ws/build/controller_manager_msgs
