[0.092s] Invoking command in '/home/jaime/RM3_ws/build/controller_interface': AMENT_PREFIX_PATH=/home/jaime/RM3_ws/install/hardware_interface CMAKE_PREFIX_PATH=/home/jaime/RM3_ws/install/hardware_interface LD_LIBRARY_PATH=/home/jaime/RM3_ws/install/hardware_interface/lib /usr/bin/cmake --build /home/jaime/RM3_ws/build/controller_interface -- -j8 -l8
[0.202s] [ 13%] Built target gmock_main
[0.211s] [ 33%] Built target gmock
[0.275s] [ 46%] Built target controller_interface
[0.310s] [ 60%] Built target test_imu_sensor
[0.316s] [ 73%] Built target test_semantic_component_interface
[0.325s] [ 86%] Built target test_force_torque_sensor
[0.383s] [100%] Built target test_controller_with_options
[0.406s] Invoked command in '/home/jaime/RM3_ws/build/controller_interface' returned '0': AMENT_PREFIX_PATH=/home/jaime/RM3_ws/install/hardware_interface CMAKE_PREFIX_PATH=/home/jaime/RM3_ws/install/hardware_interface LD_LIBRARY_PATH=/home/jaime/RM3_ws/install/hardware_interface/lib /usr/bin/cmake --build /home/jaime/RM3_ws/build/controller_interface -- -j8 -l8
[0.482s] Invoking command in '/home/jaime/RM3_ws/build/controller_interface': AMENT_PREFIX_PATH=/home/jaime/RM3_ws/install/hardware_interface CMAKE_PREFIX_PATH=/home/jaime/RM3_ws/install/hardware_interface LD_LIBRARY_PATH=/home/jaime/RM3_ws/install/hardware_interface/lib /usr/bin/cmake --install /home/jaime/RM3_ws/build/controller_interface
[0.500s] -- Install configuration: ""
[0.500s] -- Execute custom install script
[0.501s] -- Up-to-date symlink: /home/jaime/RM3_ws/install/controller_interface/include/controller_interface/controller_interface.hpp
[0.502s] -- Up-to-date symlink: /home/jaime/RM3_ws/install/controller_interface/include/controller_interface/controller_state_names.hpp
[0.502s] -- Up-to-date symlink: /home/jaime/RM3_ws/install/controller_interface/include/controller_interface/helpers.hpp
[0.503s] -- Up-to-date symlink: /home/jaime/RM3_ws/install/controller_interface/include/controller_interface/visibility_control.h
[0.503s] -- Up-to-date symlink: /home/jaime/RM3_ws/install/controller_interface/include/semantic_components/force_torque_sensor.hpp
[0.504s] -- Up-to-date symlink: /home/jaime/RM3_ws/install/controller_interface/include/semantic_components/imu_sensor.hpp
[0.505s] -- Up-to-date symlink: /home/jaime/RM3_ws/install/controller_interface/include/semantic_components/semantic_component_interface.hpp
[0.505s] -- Up-to-date symlink: /home/jaime/RM3_ws/install/controller_interface/lib/libcontroller_interface.so
[0.505s] -- Up-to-date symlink: /home/jaime/RM3_ws/install/controller_interface/share/controller_interface/environment/library_path.sh
[0.506s] -- Up-to-date symlink: /home/jaime/RM3_ws/install/controller_interface/share/controller_interface/environment/library_path.dsv
[0.506s] -- Up-to-date symlink: /home/jaime/RM3_ws/install/controller_interface/share/ament_index/resource_index/package_run_dependencies/controller_interface
[0.507s] -- Up-to-date symlink: /home/jaime/RM3_ws/install/controller_interface/share/ament_index/resource_index/parent_prefix_path/controller_interface
[0.507s] -- Up-to-date symlink: /home/jaime/RM3_ws/install/controller_interface/share/controller_interface/environment/ament_prefix_path.sh
[0.508s] -- Up-to-date symlink: /home/jaime/RM3_ws/install/controller_interface/share/controller_interface/environment/ament_prefix_path.dsv
[0.509s] -- Up-to-date symlink: /home/jaime/RM3_ws/install/controller_interface/share/controller_interface/environment/path.sh
[0.509s] -- Up-to-date symlink: /home/jaime/RM3_ws/install/controller_interface/share/controller_interface/environment/path.dsv
[0.510s] -- Up-to-date symlink: /home/jaime/RM3_ws/install/controller_interface/share/controller_interface/local_setup.bash
[0.510s] -- Up-to-date symlink: /home/jaime/RM3_ws/install/controller_interface/share/controller_interface/local_setup.sh
[0.510s] -- Up-to-date symlink: /home/jaime/RM3_ws/install/controller_interface/share/controller_interface/local_setup.zsh
[0.511s] -- Up-to-date symlink: /home/jaime/RM3_ws/install/controller_interface/share/controller_interface/local_setup.dsv
[0.511s] -- Symlinking: /home/jaime/RM3_ws/install/controller_interface/share/controller_interface/package.dsv
[0.520s] -- Up-to-date symlink: /home/jaime/RM3_ws/install/controller_interface/share/ament_index/resource_index/packages/controller_interface
[0.520s] -- Up-to-date symlink: /home/jaime/RM3_ws/install/controller_interface/share/controller_interface/cmake/ament_cmake_export_dependencies-extras.cmake
[0.521s] -- Up-to-date symlink: /home/jaime/RM3_ws/install/controller_interface/share/controller_interface/cmake/ament_cmake_export_include_directories-extras.cmake
[0.521s] -- Up-to-date symlink: /home/jaime/RM3_ws/install/controller_interface/share/controller_interface/cmake/ament_cmake_export_libraries-extras.cmake
[0.531s] -- Up-to-date symlink: /home/jaime/RM3_ws/install/controller_interface/share/controller_interface/cmake/controller_interfaceConfig.cmake
[0.531s] -- Up-to-date symlink: /home/jaime/RM3_ws/install/controller_interface/share/controller_interface/cmake/controller_interfaceConfig-version.cmake
[0.531s] -- Up-to-date symlink: /home/jaime/RM3_ws/install/controller_interface/share/controller_interface/package.xml
[0.601s] Invoked command in '/home/jaime/RM3_ws/build/controller_interface' returned '0': AMENT_PREFIX_PATH=/home/jaime/RM3_ws/install/hardware_interface CMAKE_PREFIX_PATH=/home/jaime/RM3_ws/install/hardware_interface LD_LIBRARY_PATH=/home/jaime/RM3_ws/install/hardware_interface/lib /usr/bin/cmake --install /home/jaime/RM3_ws/build/controller_interface
