[0.093s] Invoking command in '/home/jaime/RM3_ws/build/rtabmap': CMAKE_PREFIX_PATH=/opt/ros/foxy /usr/bin/cmake --build /home/jaime/RM3_ws/build/rtabmap -- -j8 -l8
[0.973s] [  4%] Built target rtabmap_utilite
[0.974s] [  5%] Built target res_tool
[0.974s] [  6%] Built target imagesJoiner
[0.974s] [  6%] Built target extractObject
[0.975s] [ 44%] Built target rtabmap_core
[0.975s] [ 45%] Built target consoleApp
[0.975s] [ 46%] Built target recovery
[0.975s] [ 46%] Built target reprocess
[0.975s] [ 47%] Built target detectMoreLoopClosures
[0.975s] [ 48%] Built target euroc_dataset
[0.975s] [ 49%] Built target export
[0.976s] [ 49%] Built target info
[0.976s] [ 50%] Built target cleanupLocalGrids
[0.976s] [ 51%] Built target globalBundleAdjustment
[0.976s] [ 88%] Built target rtabmap_gui
[0.976s] [ 89%] Built target rgbd_camera
[0.976s] [ 89%] Built target bow_mapping
[0.976s] [ 89%] Built target rgbd_dataset
[0.977s] [ 90%] Built target report
[0.977s] [ 91%] Built target databaseViewer
[0.977s] [ 91%] Built target epipolar_geometry
[0.977s] [ 91%] Built target odometryViewer
[0.977s] [ 91%] Built target dataRecorder
[0.977s] [ 92%] Built target calibration
[0.978s] [ 92%] Built target matcher
[0.978s] [ 94%] Built target rgbd_mapping
[0.978s] [ 96%] Built target wifi_mapping
[0.978s] [ 98%] Built target noEventsExample
[0.978s] [ 99%] Built target kitti_dataset
[0.978s] [ 99%] Built target rtabmap
[0.978s] [100%] Built target stereoEval
[0.978s] [100%] Built target camera
[0.984s] Invoked command in '/home/jaime/RM3_ws/build/rtabmap' returned '0': CMAKE_PREFIX_PATH=/opt/ros/foxy /usr/bin/cmake --build /home/jaime/RM3_ws/build/rtabmap -- -j8 -l8
[1.115s] Invoking command in '/home/jaime/RM3_ws/build/rtabmap': CMAKE_PREFIX_PATH=/opt/ros/foxy /usr/bin/cmake --install /home/jaime/RM3_ws/build/rtabmap
[1.143s] -- Install configuration: "Release"
[1.143s] -- Up-to-date: /home/jaime/RM3_ws/install/rtabmap/lib/rtabmap-0.20/RTABMapConfig.cmake
[1.143s] -- Up-to-date: /home/jaime/RM3_ws/install/rtabmap/lib/rtabmap-0.20/RTABMapConfigVersion.cmake
[1.143s] -- Up-to-date: /home/jaime/RM3_ws/install/rtabmap/share/rtabmap/package.xml
[1.143s] -- Up-to-date: /home/jaime/RM3_ws/install/rtabmap/lib/librtabmap_utilite.so.0.20.18
[1.143s] -- Up-to-date: /home/jaime/RM3_ws/install/rtabmap/lib/librtabmap_utilite.so.0.20
[1.143s] -- Up-to-date: /home/jaime/RM3_ws/install/rtabmap/lib/librtabmap_utilite.so
[1.144s] -- Up-to-date: /home/jaime/RM3_ws/install/rtabmap/include/rtabmap-0.20
[1.144s] -- Up-to-date: /home/jaime/RM3_ws/install/rtabmap/include/rtabmap-0.20/rtabmap
[1.144s] -- Up-to-date: /home/jaime/RM3_ws/install/rtabmap/include/rtabmap-0.20/rtabmap/utilite
[1.144s] -- Up-to-date: /home/jaime/RM3_ws/install/rtabmap/include/rtabmap-0.20/rtabmap/utilite/UThread.h
[1.144s] -- Up-to-date: /home/jaime/RM3_ws/install/rtabmap/include/rtabmap-0.20/rtabmap/utilite/USemaphore.h
[1.144s] -- Up-to-date: /home/jaime/RM3_ws/install/rtabmap/include/rtabmap-0.20/rtabmap/utilite/UThreadNode.h
[1.145s] -- Up-to-date: /home/jaime/RM3_ws/install/rtabmap/include/rtabmap-0.20/rtabmap/utilite/UEvent.h
[1.145s] -- Up-to-date: /home/jaime/RM3_ws/install/rtabmap/include/rtabmap-0.20/rtabmap/utilite/UMutex.h
[1.145s] -- Up-to-date: /home/jaime/RM3_ws/install/rtabmap/include/rtabmap-0.20/rtabmap/utilite/UVariant.h
[1.146s] -- Up-to-date: /home/jaime/RM3_ws/install/rtabmap/include/rtabmap-0.20/rtabmap/utilite/UEventsManager.h
[1.146s] -- Up-to-date: /home/jaime/RM3_ws/install/rtabmap/include/rtabmap-0.20/rtabmap/utilite/ULogger.h
[1.146s] -- Up-to-date: /home/jaime/RM3_ws/install/rtabmap/include/rtabmap-0.20/rtabmap/utilite/UDestroyer.h
[1.147s] -- Up-to-date: /home/jaime/RM3_ws/install/rtabmap/include/rtabmap-0.20/rtabmap/utilite/UProcessInfo.h
[1.147s] -- Up-to-date: /home/jaime/RM3_ws/install/rtabmap/include/rtabmap-0.20/rtabmap/utilite/UTimer.h
[1.147s] -- Up-to-date: /home/jaime/RM3_ws/install/rtabmap/include/rtabmap-0.20/rtabmap/utilite/UFile.h
[1.148s] -- Up-to-date: /home/jaime/RM3_ws/install/rtabmap/include/rtabmap-0.20/rtabmap/utilite/UConversion.h
[1.148s] -- Up-to-date: /home/jaime/RM3_ws/install/rtabmap/include/rtabmap-0.20/rtabmap/utilite/UThreadC.h
[1.148s] -- Up-to-date: /home/jaime/RM3_ws/install/rtabmap/include/rtabmap-0.20/rtabmap/utilite/UMath.h
[1.149s] -- Up-to-date: /home/jaime/RM3_ws/install/rtabmap/include/rtabmap-0.20/rtabmap/utilite/UDirectory.h
[1.149s] -- Up-to-date: /home/jaime/RM3_ws/install/rtabmap/include/rtabmap-0.20/rtabmap/utilite/Posix
[1.149s] -- Up-to-date: /home/jaime/RM3_ws/install/rtabmap/include/rtabmap-0.20/rtabmap/utilite/Posix/UThreadC.h
[1.150s] -- Up-to-date: /home/jaime/RM3_ws/install/rtabmap/include/rtabmap-0.20/rtabmap/utilite/UException.h
[1.150s] -- Up-to-date: /home/jaime/RM3_ws/install/rtabmap/include/rtabmap-0.20/rtabmap/utilite/UObjDeletionThread.h
[1.150s] -- Up-to-date: /home/jaime/RM3_ws/install/rtabmap/include/rtabmap-0.20/rtabmap/utilite/Win32
[1.150s] -- Up-to-date: /home/jaime/RM3_ws/install/rtabmap/include/rtabmap-0.20/rtabmap/utilite/Win32/UWin32.h
[1.150s] -- Up-to-date: /home/jaime/RM3_ws/install/rtabmap/include/rtabmap-0.20/rtabmap/utilite/Win32/UThreadC.h
[1.150s] -- Up-to-date: /home/jaime/RM3_ws/install/rtabmap/include/rtabmap-0.20/rtabmap/utilite/UEventsHandler.h
[1.150s] -- Up-to-date: /home/jaime/RM3_ws/install/rtabmap/include/rtabmap-0.20/rtabmap/utilite/UtiLite.h
[1.150s] -- Up-to-date: /home/jaime/RM3_ws/install/rtabmap/include/rtabmap-0.20/rtabmap/utilite/UStl.h
[1.150s] -- Up-to-date: /home/jaime/RM3_ws/install/rtabmap/include/rtabmap-0.20/rtabmap/utilite/UtiLiteExp.h
[1.150s] -- Up-to-date: /home/jaime/RM3_ws/install/rtabmap/include/rtabmap-0.20/rtabmap/utilite/UEventsSender.h
[1.151s] -- Up-to-date: /home/jaime/RM3_ws/install/rtabmap/bin/rtabmap-res_tool-0.3.0
[1.151s] -- Up-to-date: /home/jaime/RM3_ws/install/rtabmap/bin/rtabmap-res_tool
[1.151s] -- Up-to-date: /home/jaime/RM3_ws/install/rtabmap/lib/librtabmap_core.so.0.20.18
[1.151s] -- Up-to-date: /home/jaime/RM3_ws/install/rtabmap/lib/librtabmap_core.so.0.20
[1.151s] -- Up-to-date: /home/jaime/RM3_ws/install/rtabmap/lib/librtabmap_core.so
[1.151s] -- Up-to-date: /home/jaime/RM3_ws/install/rtabmap/include/rtabmap-0.20
[1.151s] -- Up-to-date: /home/jaime/RM3_ws/install/rtabmap/include/rtabmap-0.20/rtabmap
[1.151s] -- Up-to-date: /home/jaime/RM3_ws/install/rtabmap/include/rtabmap-0.20/rtabmap/core
[1.151s] -- Up-to-date: /home/jaime/RM3_ws/install/rtabmap/include/rtabmap-0.20/rtabmap/core/SensorData.h
[1.151s] -- Up-to-date: /home/jaime/RM3_ws/install/rtabmap/include/rtabmap-0.20/rtabmap/core/stereo
[1.152s] -- Up-to-date: /home/jaime/RM3_ws/install/rtabmap/include/rtabmap-0.20/rtabmap/core/stereo/StereoSGBM.h
[1.152s] -- Up-to-date: /home/jaime/RM3_ws/install/rtabmap/include/rtabmap-0.20/rtabmap/core/stereo/StereoBM.h
[1.152s] -- Up-to-date: /home/jaime/RM3_ws/install/rtabmap/include/rtabmap-0.20/rtabmap/core/stereo/stereoRectifyFisheye.h
[1.152s] -- Up-to-date: /home/jaime/RM3_ws/install/rtabmap/include/rtabmap-0.20/rtabmap/core/RtabmapExp.h
[1.152s] -- Up-to-date: /home/jaime/RM3_ws/install/rtabmap/include/rtabmap-0.20/rtabmap/core/CameraEvent.h
[1.152s] -- Up-to-date: /home/jaime/RM3_ws/install/rtabmap/include/rtabmap-0.20/rtabmap/core/IMUThread.h
[1.152s] -- Up-to-date: /home/jaime/RM3_ws/install/rtabmap/include/rtabmap-0.20/rtabmap/core/Link.h
[1.152s] -- Up-to-date: /home/jaime/RM3_ws/install/rtabmap/include/rtabmap-0.20/rtabmap/core/util3d.h
[1.152s] -- Up-to-date: /home/jaime/RM3_ws/install/rtabmap/include/rtabmap-0.20/rtabmap/core/Graph.h
[1.152s] -- Up-to-date: /home/jaime/RM3_ws/install/rtabmap/include/rtabmap-0.20/rtabmap/core/GlobalDescriptor.h
[1.153s] -- Up-to-date: /home/jaime/RM3_ws/install/rtabmap/include/rtabmap-0.20/rtabmap/core/IMUFilter.h
[1.153s] -- Up-to-date: /home/jaime/RM3_ws/install/rtabmap/include/rtabmap-0.20/rtabmap/core/PDALWriter.h
[1.153s] -- Up-to-date: /home/jaime/RM3_ws/install/rtabmap/include/rtabmap-0.20/rtabmap/core/CameraStereo.h
[1.153s] -- Up-to-date: /home/jaime/RM3_ws/install/rtabmap/include/rtabmap-0.20/rtabmap/core/Transform.h
[1.153s] -- Up-to-date: /home/jaime/RM3_ws/install/rtabmap/include/rtabmap-0.20/rtabmap/core/util3d_filtering.h
[1.154s] -- Up-to-date: /home/jaime/RM3_ws/install/rtabmap/include/rtabmap-0.20/rtabmap/core/BayesFilter.h
[1.154s] -- Up-to-date: /home/jaime/RM3_ws/install/rtabmap/include/rtabmap-0.20/rtabmap/core/MarkerDetector.h
[1.154s] -- Up-to-date: /home/jaime/RM3_ws/install/rtabmap/include/rtabmap-0.20/rtabmap/core/Registration.h
[1.154s] -- Up-to-date: /home/jaime/RM3_ws/install/rtabmap/include/rtabmap-0.20/rtabmap/core/Features2d.h
[1.155s] -- Up-to-date: /home/jaime/RM3_ws/install/rtabmap/include/rtabmap-0.20/rtabmap/core/util3d_mapping.h
[1.155s] -- Up-to-date: /home/jaime/RM3_ws/install/rtabmap/include/rtabmap-0.20/rtabmap/core/RegistrationIcp.h
[1.156s] -- Up-to-date: /home/jaime/RM3_ws/install/rtabmap/include/rtabmap-0.20/rtabmap/core/ProgressState.h
[1.156s] -- Up-to-date: /home/jaime/RM3_ws/install/rtabmap/include/rtabmap-0.20/rtabmap/core/util3d_motion_estimation.h
[1.156s] -- Up-to-date: /home/jaime/RM3_ws/install/rtabmap/include/rtabmap-0.20/rtabmap/core/GPS.h
[1.156s] -- Up-to-date: /home/jaime/RM3_ws/install/rtabmap/include/rtabmap-0.20/rtabmap/core/optimizer
[1.156s] -- Up-to-date: /home/jaime/RM3_ws/install/rtabmap/include/rtabmap-0.20/rtabmap/core/optimizer/OptimizerCeres.h
[1.156s] -- Up-to-date: /home/jaime/RM3_ws/install/rtabmap/include/rtabmap-0.20/rtabmap/core/optimizer/OptimizerGTSAM.h
[1.157s] -- Up-to-date: /home/jaime/RM3_ws/install/rtabmap/include/rtabmap-0.20/rtabmap/core/optimizer/OptimizerTORO.h
[1.157s] -- Up-to-date: /home/jaime/RM3_ws/install/rtabmap/include/rtabmap-0.20/rtabmap/core/optimizer/OptimizerG2O.h
[1.158s] -- Up-to-date: /home/jaime/RM3_ws/install/rtabmap/include/rtabmap-0.20/rtabmap/core/optimizer/OptimizerCVSBA.h
[1.158s] -- Up-to-date: /home/jaime/RM3_ws/install/rtabmap/include/rtabmap-0.20/rtabmap/core/util3d_registration.h
[1.159s] -- Up-to-date: /home/jaime/RM3_ws/install/rtabmap/include/rtabmap-0.20/rtabmap/core/RegistrationInfo.h
[1.164s] -- Up-to-date: /home/jaime/RM3_ws/install/rtabmap/include/rtabmap-0.20/rtabmap/core/Rtabmap.h
[1.165s] -- Up-to-date: /home/jaime/RM3_ws/install/rtabmap/include/rtabmap-0.20/rtabmap/core/DBReader.h
[1.165s] -- Up-to-date: /home/jaime/RM3_ws/install/rtabmap/include/rtabmap-0.20/rtabmap/core/StereoCameraModel.h
[1.165s] -- Up-to-date: /home/jaime/RM3_ws/install/rtabmap/include/rtabmap-0.20/rtabmap/core/ParamEvent.h
[1.166s] -- Up-to-date: /home/jaime/RM3_ws/install/rtabmap/include/rtabmap-0.20/rtabmap/core/util3d_transforms.h
[1.166s] -- Up-to-date: /home/jaime/RM3_ws/install/rtabmap/include/rtabmap-0.20/rtabmap/core/RtabmapThread.h
[1.166s] -- Up-to-date: /home/jaime/RM3_ws/install/rtabmap/include/rtabmap-0.20/rtabmap/core/Recovery.h
[1.166s] -- Up-to-date: /home/jaime/RM3_ws/install/rtabmap/include/rtabmap-0.20/rtabmap/core/CameraThread.h
[1.167s] -- Up-to-date: /home/jaime/RM3_ws/install/rtabmap/include/rtabmap-0.20/rtabmap/core/OdometryEvent.h
[1.167s] -- Up-to-date: /home/jaime/RM3_ws/install/rtabmap/include/rtabmap-0.20/rtabmap/core/Camera.h
[1.167s] -- Up-to-date: /home/jaime/RM3_ws/install/rtabmap/include/rtabmap-0.20/rtabmap/core/IMU.h
[1.167s] -- Up-to-date: /home/jaime/RM3_ws/install/rtabmap/include/rtabmap-0.20/rtabmap/core/Memory.h
[1.167s] -- Up-to-date: /home/jaime/RM3_ws/install/rtabmap/include/rtabmap-0.20/rtabmap/core/OctoMap.h
[1.167s] -- Up-to-date: /home/jaime/RM3_ws/install/rtabmap/include/rtabmap-0.20/rtabmap/core/VWDictionary.h
[1.167s] -- Up-to-date: /home/jaime/RM3_ws/install/rtabmap/include/rtabmap-0.20/rtabmap/core/camera
[1.167s] -- Up-to-date: /home/jaime/RM3_ws/install/rtabmap/include/rtabmap-0.20/rtabmap/core/camera/CameraStereoZed.h
[1.168s] -- Up-to-date: /home/jaime/RM3_ws/install/rtabmap/include/rtabmap-0.20/rtabmap/core/camera/CameraVideo.h
[1.168s] -- Up-to-date: /home/jaime/RM3_ws/install/rtabmap/include/rtabmap-0.20/rtabmap/core/camera/CameraStereoVideo.h
[1.168s] -- Up-to-date: /home/jaime/RM3_ws/install/rtabmap/include/rtabmap-0.20/rtabmap/core/camera/CameraStereoZedOC.h
[1.168s] -- Up-to-date: /home/jaime/RM3_ws/install/rtabmap/include/rtabmap-0.20/rtabmap/core/camera/CameraImages.h
[1.168s] -- Up-to-date: /home/jaime/RM3_ws/install/rtabmap/include/rtabmap-0.20/rtabmap/core/camera/CameraStereoFlyCapture2.h
[1.169s] -- Up-to-date: /home/jaime/RM3_ws/install/rtabmap/include/rtabmap-0.20/rtabmap/core/camera/CameraRealSense.h
[1.169s] -- Up-to-date: /home/jaime/RM3_ws/install/rtabmap/include/rtabmap-0.20/rtabmap/core/camera/CameraK4W2.h
[1.169s] -- Up-to-date: /home/jaime/RM3_ws/install/rtabmap/include/rtabmap-0.20/rtabmap/core/camera/CameraStereoTara.h
[1.169s] -- Up-to-date: /home/jaime/RM3_ws/install/rtabmap/include/rtabmap-0.20/rtabmap/core/camera/CameraFreenect2.h
[1.169s] -- Up-to-date: /home/jaime/RM3_ws/install/rtabmap/include/rtabmap-0.20/rtabmap/core/camera/CameraFreenect.h
[1.170s] -- Up-to-date: /home/jaime/RM3_ws/install/rtabmap/include/rtabmap-0.20/rtabmap/core/camera/CameraRealSense2.h
[1.170s] -- Up-to-date: /home/jaime/RM3_ws/install/rtabmap/include/rtabmap-0.20/rtabmap/core/camera/CameraOpenNICV.h
[1.170s] -- Up-to-date: /home/jaime/RM3_ws/install/rtabmap/include/rtabmap-0.20/rtabmap/core/camera/CameraStereoImages.h
[1.170s] -- Up-to-date: /home/jaime/RM3_ws/install/rtabmap/include/rtabmap-0.20/rtabmap/core/camera/CameraRGBDImages.h
[1.170s] -- Up-to-date: /home/jaime/RM3_ws/install/rtabmap/include/rtabmap-0.20/rtabmap/core/camera/CameraK4A.h
[1.171s] -- Up-to-date: /home/jaime/RM3_ws/install/rtabmap/include/rtabmap-0.20/rtabmap/core/camera/CameraOpenni.h
[1.172s] -- Up-to-date: /home/jaime/RM3_ws/install/rtabmap/include/rtabmap-0.20/rtabmap/core/camera/CameraDepthAI.h
[1.172s] -- Up-to-date: /home/jaime/RM3_ws/install/rtabmap/include/rtabmap-0.20/rtabmap/core/camera/CameraOpenNI2.h
[1.172s] -- Up-to-date: /home/jaime/RM3_ws/install/rtabmap/include/rtabmap-0.20/rtabmap/core/camera/CameraStereoDC1394.h
[1.172s] -- Up-to-date: /home/jaime/RM3_ws/install/rtabmap/include/rtabmap-0.20/rtabmap/core/camera/CameraMyntEye.h
[1.172s] -- Up-to-date: /home/jaime/RM3_ws/install/rtabmap/include/rtabmap-0.20/rtabmap/core/VisualWord.h
[1.172s] -- Up-to-date: /home/jaime/RM3_ws/install/rtabmap/include/rtabmap-0.20/rtabmap/core/PythonInterface.h
[1.172s] -- Up-to-date: /home/jaime/RM3_ws/install/rtabmap/include/rtabmap-0.20/rtabmap/core/DBDriverSqlite3.h
[1.172s] -- Up-to-date: /home/jaime/RM3_ws/install/rtabmap/include/rtabmap-0.20/rtabmap/core/Image.h
[1.173s] -- Up-to-date: /home/jaime/RM3_ws/install/rtabmap/include/rtabmap-0.20/rtabmap/core/util3d_correspondences.h
[1.173s] -- Up-to-date: /home/jaime/RM3_ws/install/rtabmap/include/rtabmap-0.20/rtabmap/core/RtabmapEvent.h
[1.173s] -- Up-to-date: /home/jaime/RM3_ws/install/rtabmap/include/rtabmap-0.20/rtabmap/core/Statistics.h
[1.173s] -- Up-to-date: /home/jaime/RM3_ws/install/rtabmap/include/rtabmap-0.20/rtabmap/core/util3d_surface.h
[1.173s] -- Up-to-date: /home/jaime/RM3_ws/install/rtabmap/include/rtabmap-0.20/rtabmap/core/RegistrationVis.h
[1.173s] -- Up-to-date: /home/jaime/RM3_ws/install/rtabmap/include/rtabmap-0.20/rtabmap/core/DBDriver.h
[1.173s] -- Up-to-date: /home/jaime/RM3_ws/install/rtabmap/include/rtabmap-0.20/rtabmap/core/CameraRGBD.h
[1.173s] -- Up-to-date: /home/jaime/RM3_ws/install/rtabmap/include/rtabmap-0.20/rtabmap/core/StereoDense.h
[1.173s] -- Up-to-date: /home/jaime/RM3_ws/install/rtabmap/include/rtabmap-0.20/rtabmap/core/util3d_features.h
[1.174s] -- Up-to-date: /home/jaime/RM3_ws/install/rtabmap/include/rtabmap-0.20/rtabmap/core/ParticleFilter.h
[1.174s] -- Up-to-date: /home/jaime/RM3_ws/install/rtabmap/include/rtabmap-0.20/rtabmap/core/Landmark.h
[1.174s] -- Up-to-date: /home/jaime/RM3_ws/install/rtabmap/include/rtabmap-0.20/rtabmap/core/Stereo.h
[1.174s] -- Up-to-date: /home/jaime/RM3_ws/install/rtabmap/include/rtabmap-0.20/rtabmap/core/util2d.h
[1.174s] -- Up-to-date: /home/jaime/RM3_ws/install/rtabmap/include/rtabmap-0.20/rtabmap/core/UserDataEvent.h
[1.174s] -- Up-to-date: /home/jaime/RM3_ws/install/rtabmap/include/rtabmap-0.20/rtabmap/core/FlannIndex.h
[1.174s] -- Up-to-date: /home/jaime/RM3_ws/install/rtabmap/include/rtabmap-0.20/rtabmap/core/LaserScan.h
[1.175s] -- Up-to-date: /home/jaime/RM3_ws/install/rtabmap/include/rtabmap-0.20/rtabmap/core/GainCompensator.h
[1.175s] -- Up-to-date: /home/jaime/RM3_ws/install/rtabmap/include/rtabmap-0.20/rtabmap/core/Compression.h
[1.175s] -- Up-to-date: /home/jaime/RM3_ws/install/rtabmap/include/rtabmap-0.20/rtabmap/core/Parameters.h
[1.175s] -- Up-to-date: /home/jaime/RM3_ws/install/rtabmap/include/rtabmap-0.20/rtabmap/core/Optimizer.h
[1.176s] -- Up-to-date: /home/jaime/RM3_ws/install/rtabmap/include/rtabmap-0.20/rtabmap/core/GeodeticCoords.h
[1.176s] -- Up-to-date: /home/jaime/RM3_ws/install/rtabmap/include/rtabmap-0.20/rtabmap/core/CameraRGB.h
[1.176s] -- Up-to-date: /home/jaime/RM3_ws/install/rtabmap/include/rtabmap-0.20/rtabmap/core/CameraInfo.h
[1.176s] -- Up-to-date: /home/jaime/RM3_ws/install/rtabmap/include/rtabmap-0.20/rtabmap/core/OdometryThread.h
[1.176s] -- Up-to-date: /home/jaime/RM3_ws/install/rtabmap/include/rtabmap-0.20/rtabmap/core/Odometry.h
[1.176s] -- Up-to-date: /home/jaime/RM3_ws/install/rtabmap/include/rtabmap-0.20/rtabmap/core/odometry
[1.176s] -- Up-to-date: /home/jaime/RM3_ws/install/rtabmap/include/rtabmap-0.20/rtabmap/core/odometry/OdometryMono.h
[1.176s] -- Up-to-date: /home/jaime/RM3_ws/install/rtabmap/include/rtabmap-0.20/rtabmap/core/odometry/OdometryLOAM.h
[1.177s] -- Up-to-date: /home/jaime/RM3_ws/install/rtabmap/include/rtabmap-0.20/rtabmap/core/odometry/OdometryF2M.h
[1.177s] -- Up-to-date: /home/jaime/RM3_ws/install/rtabmap/include/rtabmap-0.20/rtabmap/core/odometry/OdometryOpenVINS.h
[1.177s] -- Up-to-date: /home/jaime/RM3_ws/install/rtabmap/include/rtabmap-0.20/rtabmap/core/odometry/OdometryViso2.h
[1.178s] -- Up-to-date: /home/jaime/RM3_ws/install/rtabmap/include/rtabmap-0.20/rtabmap/core/odometry/OdometryDVO.h
[1.179s] -- Up-to-date: /home/jaime/RM3_ws/install/rtabmap/include/rtabmap-0.20/rtabmap/core/odometry/OdometryVINS.h
[1.179s] -- Up-to-date: /home/jaime/RM3_ws/install/rtabmap/include/rtabmap-0.20/rtabmap/core/odometry/OdometryMSCKF.h
[1.179s] -- Up-to-date: /home/jaime/RM3_ws/install/rtabmap/include/rtabmap-0.20/rtabmap/core/odometry/OdometryOkvis.h
[1.179s] -- Up-to-date: /home/jaime/RM3_ws/install/rtabmap/include/rtabmap-0.20/rtabmap/core/odometry/OdometryFLOAM.h
[1.179s] -- Up-to-date: /home/jaime/RM3_ws/install/rtabmap/include/rtabmap-0.20/rtabmap/core/odometry/OdometryF2F.h
[1.179s] -- Up-to-date: /home/jaime/RM3_ws/install/rtabmap/include/rtabmap-0.20/rtabmap/core/odometry/OdometryORBSLAM.h
[1.179s] -- Up-to-date: /home/jaime/RM3_ws/install/rtabmap/include/rtabmap-0.20/rtabmap/core/odometry/OdometryOpen3D.h
[1.180s] -- Up-to-date: /home/jaime/RM3_ws/install/rtabmap/include/rtabmap-0.20/rtabmap/core/odometry/OdometryFovis.h
[1.180s] -- Up-to-date: /home/jaime/RM3_ws/install/rtabmap/include/rtabmap-0.20/rtabmap/core/impl
[1.180s] -- Up-to-date: /home/jaime/RM3_ws/install/rtabmap/include/rtabmap-0.20/rtabmap/core/impl/util3d_surface.hpp
[1.180s] -- Up-to-date: /home/jaime/RM3_ws/install/rtabmap/include/rtabmap-0.20/rtabmap/core/impl/util3d_mapping.hpp
[1.180s] -- Up-to-date: /home/jaime/RM3_ws/install/rtabmap/include/rtabmap-0.20/rtabmap/core/impl/OccupancyGrid.hpp
[1.180s] -- Up-to-date: /home/jaime/RM3_ws/install/rtabmap/include/rtabmap-0.20/rtabmap/core/impl/util3d.hpp
[1.180s] -- Up-to-date: /home/jaime/RM3_ws/install/rtabmap/include/rtabmap-0.20/rtabmap/core/EpipolarGeometry.h
[1.180s] -- Up-to-date: /home/jaime/RM3_ws/install/rtabmap/include/rtabmap-0.20/rtabmap/core/clams
[1.180s] -- Up-to-date: /home/jaime/RM3_ws/install/rtabmap/include/rtabmap-0.20/rtabmap/core/clams/slam_calibrator.h
[1.180s] -- Up-to-date: /home/jaime/RM3_ws/install/rtabmap/include/rtabmap-0.20/rtabmap/core/clams/discrete_depth_distortion_model.h
[1.180s] -- Up-to-date: /home/jaime/RM3_ws/install/rtabmap/include/rtabmap-0.20/rtabmap/core/clams/frame_projector.h
[1.181s] -- Up-to-date: /home/jaime/RM3_ws/install/rtabmap/include/rtabmap-0.20/rtabmap/core/OdometryInfo.h
[1.181s] -- Up-to-date: /home/jaime/RM3_ws/install/rtabmap/include/rtabmap-0.20/rtabmap/core/CameraModel.h
[1.181s] -- Up-to-date: /home/jaime/RM3_ws/install/rtabmap/include/rtabmap-0.20/rtabmap/core/EnvSensor.h
[1.181s] -- Up-to-date: /home/jaime/RM3_ws/install/rtabmap/include/rtabmap-0.20/rtabmap/core/OccupancyGrid.h
[1.182s] -- Up-to-date: /home/jaime/RM3_ws/install/rtabmap/include/rtabmap-0.20/rtabmap/core/Signature.h
[1.182s] -- Up-to-date: /home/jaime/RM3_ws/install/rtabmap/include/rtabmap-0.20
[1.182s] -- Up-to-date: /home/jaime/RM3_ws/install/rtabmap/include/rtabmap-0.20/rtabmap
[1.182s] -- Up-to-date: /home/jaime/RM3_ws/install/rtabmap/include/rtabmap-0.20/rtabmap/core
[1.182s] -- Up-to-date: /home/jaime/RM3_ws/install/rtabmap/include/rtabmap-0.20/rtabmap/core/Version.h
[1.182s] -- Up-to-date: /home/jaime/RM3_ws/install/rtabmap/lib/librtabmap_gui.so.0.20.18
[1.182s] -- Up-to-date: /home/jaime/RM3_ws/install/rtabmap/lib/librtabmap_gui.so.0.20
[1.182s] -- Up-to-date: /home/jaime/RM3_ws/install/rtabmap/lib/librtabmap_gui.so
[1.182s] -- Up-to-date: /home/jaime/RM3_ws/install/rtabmap/include/rtabmap-0.20
[1.182s] -- Up-to-date: /home/jaime/RM3_ws/install/rtabmap/include/rtabmap-0.20/rtabmap
[1.182s] -- Up-to-date: /home/jaime/RM3_ws/install/rtabmap/include/rtabmap-0.20/rtabmap/utilite
[1.182s] -- Up-to-date: /home/jaime/RM3_ws/install/rtabmap/include/rtabmap-0.20/rtabmap/utilite/UPlot.h
[1.183s] -- Up-to-date: /home/jaime/RM3_ws/install/rtabmap/include/rtabmap-0.20/rtabmap/utilite/UCv2Qt.h
[1.183s] -- Up-to-date: /home/jaime/RM3_ws/install/rtabmap/include/rtabmap-0.20/rtabmap/utilite/UImageView.h
[1.183s] -- Up-to-date: /home/jaime/RM3_ws/install/rtabmap/include/rtabmap-0.20/rtabmap/gui
[1.183s] -- Up-to-date: /home/jaime/RM3_ws/install/rtabmap/include/rtabmap-0.20/rtabmap/gui/ImageView.h
[1.183s] -- Up-to-date: /home/jaime/RM3_ws/install/rtabmap/include/rtabmap-0.20/rtabmap/gui/ParametersToolBox.h
[1.183s] -- Up-to-date: /home/jaime/RM3_ws/install/rtabmap/include/rtabmap-0.20/rtabmap/gui/LoopClosureViewer.h
[1.183s] -- Up-to-date: /home/jaime/RM3_ws/install/rtabmap/include/rtabmap-0.20/rtabmap/gui/CreateSimpleCalibrationDialog.h
[1.183s] -- Up-to-date: /home/jaime/RM3_ws/install/rtabmap/include/rtabmap-0.20/rtabmap/gui/EditMapArea.h
[1.183s] -- Up-to-date: /home/jaime/RM3_ws/install/rtabmap/include/rtabmap-0.20/rtabmap/gui/ExportBundlerDialog.h
[1.183s] -- Up-to-date: /home/jaime/RM3_ws/install/rtabmap/include/rtabmap-0.20/rtabmap/gui/ExportDialog.h
[1.183s] -- Up-to-date: /home/jaime/RM3_ws/install/rtabmap/include/rtabmap-0.20/rtabmap/gui/CloudViewer.h
[1.183s] -- Up-to-date: /home/jaime/RM3_ws/install/rtabmap/include/rtabmap-0.20/rtabmap/gui/DepthCalibrationDialog.h
[1.183s] -- Up-to-date: /home/jaime/RM3_ws/install/rtabmap/include/rtabmap-0.20/rtabmap/gui/PreferencesDialog.h
[1.184s] -- Up-to-date: /home/jaime/RM3_ws/install/rtabmap/include/rtabmap-0.20/rtabmap/gui/MapVisibilityWidget.h
[1.184s] -- Up-to-date: /home/jaime/RM3_ws/install/rtabmap/include/rtabmap-0.20/rtabmap/gui/AboutDialog.h
[1.184s] -- Up-to-date: /home/jaime/RM3_ws/install/rtabmap/include/rtabmap-0.20/rtabmap/gui/CalibrationDialog.h
[1.184s] -- Up-to-date: /home/jaime/RM3_ws/install/rtabmap/include/rtabmap-0.20/rtabmap/gui/PostProcessingDialog.h
[1.184s] -- Up-to-date: /home/jaime/RM3_ws/install/rtabmap/include/rtabmap-0.20/rtabmap/gui/KeypointItem.h
[1.184s] -- Up-to-date: /home/jaime/RM3_ws/install/rtabmap/include/rtabmap-0.20/rtabmap/gui/DataRecorder.h
[1.185s] -- Up-to-date: /home/jaime/RM3_ws/install/rtabmap/include/rtabmap-0.20/rtabmap/gui/StatsToolBox.h
[1.185s] -- Up-to-date: /home/jaime/RM3_ws/install/rtabmap/include/rtabmap-0.20/rtabmap/gui/EditDepthArea.h
[1.185s] -- Up-to-date: /home/jaime/RM3_ws/install/rtabmap/include/rtabmap-0.20/rtabmap/gui/GraphViewer.h
[1.185s] -- Up-to-date: /home/jaime/RM3_ws/install/rtabmap/include/rtabmap-0.20/rtabmap/gui/CameraViewer.h
[1.186s] -- Up-to-date: /home/jaime/RM3_ws/install/rtabmap/include/rtabmap-0.20/rtabmap/gui/ExportCloudsDialog.h
[1.186s] -- Up-to-date: /home/jaime/RM3_ws/install/rtabmap/include/rtabmap-0.20/rtabmap/gui/DatabaseViewer.h
[1.186s] -- Up-to-date: /home/jaime/RM3_ws/install/rtabmap/include/rtabmap-0.20/rtabmap/gui/RtabmapGuiExp.h
[1.186s] -- Up-to-date: /home/jaime/RM3_ws/install/rtabmap/include/rtabmap-0.20/rtabmap/gui/PdfPlot.h
[1.186s] -- Up-to-date: /home/jaime/RM3_ws/install/rtabmap/include/rtabmap-0.20/rtabmap/gui/CloudViewerCellPicker.h
[1.186s] -- Up-to-date: /home/jaime/RM3_ws/install/rtabmap/include/rtabmap-0.20/rtabmap/gui/ProgressDialog.h
[1.186s] -- Up-to-date: /home/jaime/RM3_ws/install/rtabmap/include/rtabmap-0.20/rtabmap/gui/ConsoleWidget.h
[1.186s] -- Up-to-date: /home/jaime/RM3_ws/install/rtabmap/include/rtabmap-0.20/rtabmap/gui/TexturingState.h
[1.187s] -- Up-to-date: /home/jaime/RM3_ws/install/rtabmap/include/rtabmap-0.20/rtabmap/gui/RecoveryState.h
[1.187s] -- Up-to-date: /home/jaime/RM3_ws/install/rtabmap/include/rtabmap-0.20/rtabmap/gui/CloudViewerInteractorStyle.h
[1.187s] -- Up-to-date: /home/jaime/RM3_ws/install/rtabmap/include/rtabmap-0.20/rtabmap/gui/MainWindow.h
[1.187s] -- Up-to-date: /home/jaime/RM3_ws/install/rtabmap/include/rtabmap-0.20/rtabmap/gui/EditConstraintDialog.h
[1.187s] -- Up-to-date: /home/jaime/RM3_ws/install/rtabmap/include/rtabmap-0.20/rtabmap/gui/OdometryViewer.h
[1.187s] -- Up-to-date: /home/jaime/RM3_ws/install/rtabmap/bin/rtabmap
[1.187s] -- Up-to-date: /home/jaime/RM3_ws/install/rtabmap/bin/rtabmap-console
[1.187s] -- Up-to-date: /home/jaime/RM3_ws/install/rtabmap/bin/rtabmap-extractObject
[1.187s] -- Up-to-date: /home/jaime/RM3_ws/install/rtabmap/bin/rtabmap-camera
[1.187s] -- Up-to-date: /home/jaime/RM3_ws/install/rtabmap/bin/rtabmap-kitti_dataset
[1.187s] -- Up-to-date: /home/jaime/RM3_ws/install/rtabmap/bin/rtabmap-rgbd_dataset
[1.188s] -- Up-to-date: /home/jaime/RM3_ws/install/rtabmap/bin/rtabmap-euroc_dataset
[1.188s] -- Up-to-date: /home/jaime/RM3_ws/install/rtabmap/bin/rtabmap-recovery
[1.188s] -- Up-to-date: /home/jaime/RM3_ws/install/rtabmap/bin/rtabmap-reprocess
[1.188s] -- Up-to-date: /home/jaime/RM3_ws/install/rtabmap/bin/rtabmap-detectMoreLoopClosures
[1.188s] -- Up-to-date: /home/jaime/RM3_ws/install/rtabmap/bin/rtabmap-export
[1.188s] -- Up-to-date: /home/jaime/RM3_ws/install/rtabmap/bin/rtabmap-report
[1.188s] -- Up-to-date: /home/jaime/RM3_ws/install/rtabmap/bin/rtabmap-info
[1.188s] -- Up-to-date: /home/jaime/RM3_ws/install/rtabmap/bin/rtabmap-cleanupLocalGrids
[1.189s] -- Up-to-date: /home/jaime/RM3_ws/install/rtabmap/bin/rtabmap-globalBundleAdjustment
[1.189s] -- Up-to-date: /home/jaime/RM3_ws/install/rtabmap/bin/rtabmap-rgbd_camera
[1.189s] -- Up-to-date: /home/jaime/RM3_ws/install/rtabmap/bin/rtabmap-databaseViewer
[1.189s] -- Up-to-date: /home/jaime/RM3_ws/install/rtabmap/bin/rtabmap-odometryViewer
[1.189s] -- Up-to-date: /home/jaime/RM3_ws/install/rtabmap/bin/rtabmap-dataRecorder
[1.189s] -- Up-to-date: /home/jaime/RM3_ws/install/rtabmap/bin/rtabmap-calibration
[1.203s] Invoked command in '/home/jaime/RM3_ws/build/rtabmap' returned '0': CMAKE_PREFIX_PATH=/opt/ros/foxy /usr/bin/cmake --install /home/jaime/RM3_ws/build/rtabmap
