[0.022s] Invoking command in '/home/jaime/RM3_ws/build/rtabmap_ros': CMAKE_PREFIX_PATH=/home/jaime/RM3_ws/install/rtabmap:/opt/ros/foxy LD_LIBRARY_PATH=/home/jaime/RM3_ws/install/rtabmap/lib:${LD_LIBRARY_PATH} PATH=/home/jaime/RM3_ws/install/rtabmap/bin:${PATH} PKG_CONFIG_PATH=/home/jaime/RM3_ws/install/rtabmap/lib/x86_64-linux-gnu/pkgconfig:/home/jaime/RM3_ws/install/rtabmap/lib/pkgconfig /usr/bin/cmake --build /home/jaime/RM3_ws/build/rtabmap_ros -- -j8 -l8
[0.176s] [ 10%] Built target rtabmap_ros__rosidl_generator_c
[0.206s] [ 10%] Built target rtabmap_ros__cpp
[0.265s] [ 20%] Built target rtabmap_ros__rosidl_typesupport_introspection_c
[0.315s] [ 30%] Built target rtabmap_ros__rosidl_typesupport_introspection_cpp
[0.371s] [ 40%] Built target rtabmap_ros__rosidl_typesupport_cpp
[0.445s] [ 50%] Built target rtabmap_ros__rosidl_typesupport_fastrtps_cpp
[0.499s] [ 59%] Built target rtabmap_ros__rosidl_typesupport_c
[0.578s] [ 68%] Built target rtabmap_ros__rosidl_typesupport_fastrtps_c
[0.609s] [ 68%] Built target rtabmap_ros
[0.709s] [ 69%] Built target rtabmap_common
[0.742s] [ 69%] Built target rtabmap_ros__py
[0.872s] [ 71%] Built target rtabmap_sync
[0.946s] [ 81%] Built target rtabmap_ros__python
[1.023s] [ 81%] Built target rtabmap
[1.065s] [ 82%] Built target rtabmap_ros__rosidl_typesupport_c__pyext
[1.108s] [ 82%] Built target rtabmap_ros__rosidl_typesupport_introspection_c__pyext
[1.153s] [ 83%] Built target rtabmap_ros__rosidl_typesupport_fastrtps_c__pyext
[1.247s] [ 85%] Built target rtabmapviz
[1.459s] [ 89%] Built target rtabmap_plugins
[1.625s] [ 92%] Built target rtabmap_rviz_plugins
[1.687s] [ 93%] Built target rtabmap_point_cloud_aggregator
[1.754s] [ 93%] Built target rtabmap_rgbd_sync
[1.825s] [ 93%] Built target rtabmap_obstacles_detection
[1.889s] [ 94%] Built target rtabmap_rgbdx_sync
[1.957s] [ 94%] Built target rtabmap_rgbd_odometry
[2.024s] [ 95%] Built target rtabmap_icp_odometry
[2.074s] [ 96%] Built target rtabmap_rgb_sync
[2.131s] [ 97%] Built target rtabmap_rgbd_relay
[2.225s] [ 97%] Built target rtabmap_stereo_odometry
[2.281s] [ 98%] Built target rtabmap_point_cloud_xyz
[2.337s] [ 98%] Built target rtabmap_point_cloud_xyzrgb
[2.384s] [ 99%] Built target rtabmap_stereo_sync
[2.466s] [ 99%] Built target rtabmap_point_cloud_assembler
[2.511s] [100%] Built target rtabmap_pointcloud_to_depthimage
[2.719s] Invoked command in '/home/jaime/RM3_ws/build/rtabmap_ros' returned '0': CMAKE_PREFIX_PATH=/home/jaime/RM3_ws/install/rtabmap:/opt/ros/foxy LD_LIBRARY_PATH=/home/jaime/RM3_ws/install/rtabmap/lib:${LD_LIBRARY_PATH} PATH=/home/jaime/RM3_ws/install/rtabmap/bin:${PATH} PKG_CONFIG_PATH=/home/jaime/RM3_ws/install/rtabmap/lib/x86_64-linux-gnu/pkgconfig:/home/jaime/RM3_ws/install/rtabmap/lib/pkgconfig /usr/bin/cmake --build /home/jaime/RM3_ws/build/rtabmap_ros -- -j8 -l8
[3.829s] Invoking command in '/home/jaime/RM3_ws/build/rtabmap_ros': CMAKE_PREFIX_PATH=/home/jaime/RM3_ws/install/rtabmap:/opt/ros/foxy LD_LIBRARY_PATH=/home/jaime/RM3_ws/install/rtabmap/lib:${LD_LIBRARY_PATH} PATH=/home/jaime/RM3_ws/install/rtabmap/bin:${PATH} PKG_CONFIG_PATH=/home/jaime/RM3_ws/install/rtabmap/lib/x86_64-linux-gnu/pkgconfig:/home/jaime/RM3_ws/install/rtabmap/lib/pkgconfig /usr/bin/cmake --install /home/jaime/RM3_ws/build/rtabmap_ros
[3.841s] -- Install configuration: ""
[3.842s] -- Execute custom install script
[3.842s] -- Up-to-date symlink: /home/jaime/RM3_ws/install/rtabmap_ros/share/ament_index/resource_index/rosidl_interfaces/rtabmap_ros
[3.848s] -- Up-to-date symlink: /home/jaime/RM3_ws/install/rtabmap_ros/include/rtabmap_ros/msg/detail/env_sensor__functions.h
[3.848s] -- Up-to-date symlink: /home/jaime/RM3_ws/install/rtabmap_ros/include/rtabmap_ros/msg/detail/env_sensor__struct.h
[3.848s] -- Up-to-date symlink: /home/jaime/RM3_ws/install/rtabmap_ros/include/rtabmap_ros/msg/detail/env_sensor__type_support.h
[3.848s] -- Up-to-date symlink: /home/jaime/RM3_ws/install/rtabmap_ros/include/rtabmap_ros/msg/detail/global_descriptor__functions.h
[3.849s] -- Up-to-date symlink: /home/jaime/RM3_ws/install/rtabmap_ros/include/rtabmap_ros/msg/detail/global_descriptor__struct.h
[3.849s] -- Up-to-date symlink: /home/jaime/RM3_ws/install/rtabmap_ros/include/rtabmap_ros/msg/detail/global_descriptor__type_support.h
[3.849s] -- Up-to-date symlink: /home/jaime/RM3_ws/install/rtabmap_ros/include/rtabmap_ros/msg/detail/goal__functions.h
[3.850s] -- Up-to-date symlink: /home/jaime/RM3_ws/install/rtabmap_ros/include/rtabmap_ros/msg/detail/goal__struct.h
[3.850s] -- Up-to-date symlink: /home/jaime/RM3_ws/install/rtabmap_ros/include/rtabmap_ros/msg/detail/goal__type_support.h
[3.850s] -- Up-to-date symlink: /home/jaime/RM3_ws/install/rtabmap_ros/include/rtabmap_ros/msg/detail/gps__functions.h
[3.851s] -- Up-to-date symlink: /home/jaime/RM3_ws/install/rtabmap_ros/include/rtabmap_ros/msg/detail/gps__struct.h
[3.851s] -- Up-to-date symlink: /home/jaime/RM3_ws/install/rtabmap_ros/include/rtabmap_ros/msg/detail/gps__type_support.h
[3.851s] -- Up-to-date symlink: /home/jaime/RM3_ws/install/rtabmap_ros/include/rtabmap_ros/msg/detail/info__functions.h
[3.851s] -- Up-to-date symlink: /home/jaime/RM3_ws/install/rtabmap_ros/include/rtabmap_ros/msg/detail/info__struct.h
[3.852s] -- Up-to-date symlink: /home/jaime/RM3_ws/install/rtabmap_ros/include/rtabmap_ros/msg/detail/info__type_support.h
[3.852s] -- Up-to-date symlink: /home/jaime/RM3_ws/install/rtabmap_ros/include/rtabmap_ros/msg/detail/key_point__functions.h
[3.852s] -- Up-to-date symlink: /home/jaime/RM3_ws/install/rtabmap_ros/include/rtabmap_ros/msg/detail/key_point__struct.h
[3.852s] -- Up-to-date symlink: /home/jaime/RM3_ws/install/rtabmap_ros/include/rtabmap_ros/msg/detail/key_point__type_support.h
[3.853s] -- Up-to-date symlink: /home/jaime/RM3_ws/install/rtabmap_ros/include/rtabmap_ros/msg/detail/link__functions.h
[3.854s] -- Up-to-date symlink: /home/jaime/RM3_ws/install/rtabmap_ros/include/rtabmap_ros/msg/detail/link__struct.h
[3.855s] -- Up-to-date symlink: /home/jaime/RM3_ws/install/rtabmap_ros/include/rtabmap_ros/msg/detail/link__type_support.h
[3.855s] -- Up-to-date symlink: /home/jaime/RM3_ws/install/rtabmap_ros/include/rtabmap_ros/msg/detail/map_data__functions.h
[3.855s] -- Up-to-date symlink: /home/jaime/RM3_ws/install/rtabmap_ros/include/rtabmap_ros/msg/detail/map_data__struct.h
[3.855s] -- Up-to-date symlink: /home/jaime/RM3_ws/install/rtabmap_ros/include/rtabmap_ros/msg/detail/map_data__type_support.h
[3.856s] -- Up-to-date symlink: /home/jaime/RM3_ws/install/rtabmap_ros/include/rtabmap_ros/msg/detail/map_graph__functions.h
[3.856s] -- Up-to-date symlink: /home/jaime/RM3_ws/install/rtabmap_ros/include/rtabmap_ros/msg/detail/map_graph__struct.h
[3.856s] -- Up-to-date symlink: /home/jaime/RM3_ws/install/rtabmap_ros/include/rtabmap_ros/msg/detail/map_graph__type_support.h
[3.856s] -- Up-to-date symlink: /home/jaime/RM3_ws/install/rtabmap_ros/include/rtabmap_ros/msg/detail/node_data__functions.h
[3.857s] -- Up-to-date symlink: /home/jaime/RM3_ws/install/rtabmap_ros/include/rtabmap_ros/msg/detail/node_data__struct.h
[3.857s] -- Up-to-date symlink: /home/jaime/RM3_ws/install/rtabmap_ros/include/rtabmap_ros/msg/detail/node_data__type_support.h
[3.858s] -- Up-to-date symlink: /home/jaime/RM3_ws/install/rtabmap_ros/include/rtabmap_ros/msg/detail/odom_info__functions.h
[3.858s] -- Up-to-date symlink: /home/jaime/RM3_ws/install/rtabmap_ros/include/rtabmap_ros/msg/detail/odom_info__struct.h
[3.858s] -- Up-to-date symlink: /home/jaime/RM3_ws/install/rtabmap_ros/include/rtabmap_ros/msg/detail/odom_info__type_support.h
[3.859s] -- Up-to-date symlink: /home/jaime/RM3_ws/install/rtabmap_ros/include/rtabmap_ros/msg/detail/path__functions.h
[3.859s] -- Up-to-date symlink: /home/jaime/RM3_ws/install/rtabmap_ros/include/rtabmap_ros/msg/detail/path__struct.h
[3.859s] -- Up-to-date symlink: /home/jaime/RM3_ws/install/rtabmap_ros/include/rtabmap_ros/msg/detail/path__type_support.h
[3.859s] -- Up-to-date symlink: /home/jaime/RM3_ws/install/rtabmap_ros/include/rtabmap_ros/msg/detail/point2f__functions.h
[3.860s] -- Up-to-date symlink: /home/jaime/RM3_ws/install/rtabmap_ros/include/rtabmap_ros/msg/detail/point2f__struct.h
[3.860s] -- Up-to-date symlink: /home/jaime/RM3_ws/install/rtabmap_ros/include/rtabmap_ros/msg/detail/point2f__type_support.h
[3.860s] -- Up-to-date symlink: /home/jaime/RM3_ws/install/rtabmap_ros/include/rtabmap_ros/msg/detail/point3f__functions.h
[3.860s] -- Up-to-date symlink: /home/jaime/RM3_ws/install/rtabmap_ros/include/rtabmap_ros/msg/detail/point3f__struct.h
[3.861s] -- Up-to-date symlink: /home/jaime/RM3_ws/install/rtabmap_ros/include/rtabmap_ros/msg/detail/point3f__type_support.h
[3.861s] -- Up-to-date symlink: /home/jaime/RM3_ws/install/rtabmap_ros/include/rtabmap_ros/msg/detail/rgbd_image__functions.h
[3.861s] -- Up-to-date symlink: /home/jaime/RM3_ws/install/rtabmap_ros/include/rtabmap_ros/msg/detail/rgbd_image__struct.h
[3.861s] -- Up-to-date symlink: /home/jaime/RM3_ws/install/rtabmap_ros/include/rtabmap_ros/msg/detail/rgbd_image__type_support.h
[3.862s] -- Up-to-date symlink: /home/jaime/RM3_ws/install/rtabmap_ros/include/rtabmap_ros/msg/detail/rgbd_images__functions.h
[3.862s] -- Up-to-date symlink: /home/jaime/RM3_ws/install/rtabmap_ros/include/rtabmap_ros/msg/detail/rgbd_images__struct.h
[3.862s] -- Up-to-date symlink: /home/jaime/RM3_ws/install/rtabmap_ros/include/rtabmap_ros/msg/detail/rgbd_images__type_support.h
[3.863s] -- Up-to-date symlink: /home/jaime/RM3_ws/install/rtabmap_ros/include/rtabmap_ros/msg/detail/scan_descriptor__functions.h
[3.863s] -- Up-to-date symlink: /home/jaime/RM3_ws/install/rtabmap_ros/include/rtabmap_ros/msg/detail/scan_descriptor__struct.h
[3.863s] -- Up-to-date symlink: /home/jaime/RM3_ws/install/rtabmap_ros/include/rtabmap_ros/msg/detail/scan_descriptor__type_support.h
[3.863s] -- Up-to-date symlink: /home/jaime/RM3_ws/install/rtabmap_ros/include/rtabmap_ros/msg/detail/user_data__functions.h
[3.865s] -- Up-to-date symlink: /home/jaime/RM3_ws/install/rtabmap_ros/include/rtabmap_ros/msg/detail/user_data__struct.h
[3.865s] -- Up-to-date symlink: /home/jaime/RM3_ws/install/rtabmap_ros/include/rtabmap_ros/msg/detail/user_data__type_support.h
[3.866s] -- Up-to-date symlink: /home/jaime/RM3_ws/install/rtabmap_ros/include/rtabmap_ros/msg/env_sensor.h
[3.866s] -- Up-to-date symlink: /home/jaime/RM3_ws/install/rtabmap_ros/include/rtabmap_ros/msg/global_descriptor.h
[3.866s] -- Up-to-date symlink: /home/jaime/RM3_ws/install/rtabmap_ros/include/rtabmap_ros/msg/goal.h
[3.867s] -- Up-to-date symlink: /home/jaime/RM3_ws/install/rtabmap_ros/include/rtabmap_ros/msg/gps.h
[3.867s] -- Up-to-date symlink: /home/jaime/RM3_ws/install/rtabmap_ros/include/rtabmap_ros/msg/info.h
[3.867s] -- Up-to-date symlink: /home/jaime/RM3_ws/install/rtabmap_ros/include/rtabmap_ros/msg/key_point.h
[3.867s] -- Up-to-date symlink: /home/jaime/RM3_ws/install/rtabmap_ros/include/rtabmap_ros/msg/link.h
[3.868s] -- Up-to-date symlink: /home/jaime/RM3_ws/install/rtabmap_ros/include/rtabmap_ros/msg/map_data.h
[3.868s] -- Up-to-date symlink: /home/jaime/RM3_ws/install/rtabmap_ros/include/rtabmap_ros/msg/map_graph.h
[3.868s] -- Up-to-date symlink: /home/jaime/RM3_ws/install/rtabmap_ros/include/rtabmap_ros/msg/node_data.h
[3.868s] -- Up-to-date symlink: /home/jaime/RM3_ws/install/rtabmap_ros/include/rtabmap_ros/msg/odom_info.h
[3.869s] -- Up-to-date symlink: /home/jaime/RM3_ws/install/rtabmap_ros/include/rtabmap_ros/msg/path.h
[3.869s] -- Up-to-date symlink: /home/jaime/RM3_ws/install/rtabmap_ros/include/rtabmap_ros/msg/point2f.h
[3.870s] -- Up-to-date symlink: /home/jaime/RM3_ws/install/rtabmap_ros/include/rtabmap_ros/msg/point3f.h
[3.870s] -- Up-to-date symlink: /home/jaime/RM3_ws/install/rtabmap_ros/include/rtabmap_ros/msg/rgbd_image.h
[3.870s] -- Up-to-date symlink: /home/jaime/RM3_ws/install/rtabmap_ros/include/rtabmap_ros/msg/rgbd_images.h
[3.870s] -- Up-to-date symlink: /home/jaime/RM3_ws/install/rtabmap_ros/include/rtabmap_ros/msg/rosidl_generator_c__visibility_control.h
[3.871s] -- Up-to-date symlink: /home/jaime/RM3_ws/install/rtabmap_ros/include/rtabmap_ros/msg/scan_descriptor.h
[3.871s] -- Up-to-date symlink: /home/jaime/RM3_ws/install/rtabmap_ros/include/rtabmap_ros/msg/user_data.h
[3.871s] -- Up-to-date symlink: /home/jaime/RM3_ws/install/rtabmap_ros/include/rtabmap_ros/srv/add_link.h
[3.872s] -- Up-to-date symlink: /home/jaime/RM3_ws/install/rtabmap_ros/include/rtabmap_ros/srv/cleanup_local_grids.h
[3.872s] -- Up-to-date symlink: /home/jaime/RM3_ws/install/rtabmap_ros/include/rtabmap_ros/srv/detail/add_link__functions.h
[3.872s] -- Up-to-date symlink: /home/jaime/RM3_ws/install/rtabmap_ros/include/rtabmap_ros/srv/detail/add_link__struct.h
[3.873s] -- Up-to-date symlink: /home/jaime/RM3_ws/install/rtabmap_ros/include/rtabmap_ros/srv/detail/add_link__type_support.h
[3.873s] -- Up-to-date symlink: /home/jaime/RM3_ws/install/rtabmap_ros/include/rtabmap_ros/srv/detail/cleanup_local_grids__functions.h
[3.874s] -- Up-to-date symlink: /home/jaime/RM3_ws/install/rtabmap_ros/include/rtabmap_ros/srv/detail/cleanup_local_grids__struct.h
[3.874s] -- Up-to-date symlink: /home/jaime/RM3_ws/install/rtabmap_ros/include/rtabmap_ros/srv/detail/cleanup_local_grids__type_support.h
[3.875s] -- Up-to-date symlink: /home/jaime/RM3_ws/install/rtabmap_ros/include/rtabmap_ros/srv/detail/detect_more_loop_closures__functions.h
[3.875s] -- Up-to-date symlink: /home/jaime/RM3_ws/install/rtabmap_ros/include/rtabmap_ros/srv/detail/detect_more_loop_closures__struct.h
[3.875s] -- Up-to-date symlink: /home/jaime/RM3_ws/install/rtabmap_ros/include/rtabmap_ros/srv/detail/detect_more_loop_closures__type_support.h
[3.875s] -- Up-to-date symlink: /home/jaime/RM3_ws/install/rtabmap_ros/include/rtabmap_ros/srv/detail/get_map2__functions.h
[3.876s] -- Up-to-date symlink: /home/jaime/RM3_ws/install/rtabmap_ros/include/rtabmap_ros/srv/detail/get_map2__struct.h
[3.876s] -- Up-to-date symlink: /home/jaime/RM3_ws/install/rtabmap_ros/include/rtabmap_ros/srv/detail/get_map2__type_support.h
[3.876s] -- Up-to-date symlink: /home/jaime/RM3_ws/install/rtabmap_ros/include/rtabmap_ros/srv/detail/get_map__functions.h
[3.876s] -- Up-to-date symlink: /home/jaime/RM3_ws/install/rtabmap_ros/include/rtabmap_ros/srv/detail/get_map__struct.h
[3.877s] -- Up-to-date symlink: /home/jaime/RM3_ws/install/rtabmap_ros/include/rtabmap_ros/srv/detail/get_map__type_support.h
[3.882s] -- Up-to-date symlink: /home/jaime/RM3_ws/install/rtabmap_ros/include/rtabmap_ros/srv/detail/get_node_data__functions.h
[3.883s] -- Up-to-date symlink: /home/jaime/RM3_ws/install/rtabmap_ros/include/rtabmap_ros/srv/detail/get_node_data__struct.h
[3.883s] -- Up-to-date symlink: /home/jaime/RM3_ws/install/rtabmap_ros/include/rtabmap_ros/srv/detail/get_node_data__type_support.h
[3.883s] -- Up-to-date symlink: /home/jaime/RM3_ws/install/rtabmap_ros/include/rtabmap_ros/srv/detail/get_nodes_in_radius__functions.h
[3.883s] -- Up-to-date symlink: /home/jaime/RM3_ws/install/rtabmap_ros/include/rtabmap_ros/srv/detail/get_nodes_in_radius__struct.h
[3.884s] -- Up-to-date symlink: /home/jaime/RM3_ws/install/rtabmap_ros/include/rtabmap_ros/srv/detail/get_nodes_in_radius__type_support.h
[3.884s] -- Up-to-date symlink: /home/jaime/RM3_ws/install/rtabmap_ros/include/rtabmap_ros/srv/detail/get_plan__functions.h
[3.885s] -- Up-to-date symlink: /home/jaime/RM3_ws/install/rtabmap_ros/include/rtabmap_ros/srv/detail/get_plan__struct.h
[3.885s] -- Up-to-date symlink: /home/jaime/RM3_ws/install/rtabmap_ros/include/rtabmap_ros/srv/detail/get_plan__type_support.h
[3.885s] -- Up-to-date symlink: /home/jaime/RM3_ws/install/rtabmap_ros/include/rtabmap_ros/srv/detail/global_bundle_adjustment__functions.h
[3.885s] -- Up-to-date symlink: /home/jaime/RM3_ws/install/rtabmap_ros/include/rtabmap_ros/srv/detail/global_bundle_adjustment__struct.h
[3.885s] -- Up-to-date symlink: /home/jaime/RM3_ws/install/rtabmap_ros/include/rtabmap_ros/srv/detail/global_bundle_adjustment__type_support.h
[3.885s] -- Up-to-date symlink: /home/jaime/RM3_ws/install/rtabmap_ros/include/rtabmap_ros/srv/detail/list_labels__functions.h
[3.885s] -- Up-to-date symlink: /home/jaime/RM3_ws/install/rtabmap_ros/include/rtabmap_ros/srv/detail/list_labels__struct.h
[3.886s] -- Up-to-date symlink: /home/jaime/RM3_ws/install/rtabmap_ros/include/rtabmap_ros/srv/detail/list_labels__type_support.h
[3.886s] -- Up-to-date symlink: /home/jaime/RM3_ws/install/rtabmap_ros/include/rtabmap_ros/srv/detail/load_database__functions.h
[3.886s] -- Up-to-date symlink: /home/jaime/RM3_ws/install/rtabmap_ros/include/rtabmap_ros/srv/detail/load_database__struct.h
[3.886s] -- Up-to-date symlink: /home/jaime/RM3_ws/install/rtabmap_ros/include/rtabmap_ros/srv/detail/load_database__type_support.h
[3.886s] -- Up-to-date symlink: /home/jaime/RM3_ws/install/rtabmap_ros/include/rtabmap_ros/srv/detail/publish_map__functions.h
[3.887s] -- Up-to-date symlink: /home/jaime/RM3_ws/install/rtabmap_ros/include/rtabmap_ros/srv/detail/publish_map__struct.h
[3.887s] -- Up-to-date symlink: /home/jaime/RM3_ws/install/rtabmap_ros/include/rtabmap_ros/srv/detail/publish_map__type_support.h
[3.887s] -- Up-to-date symlink: /home/jaime/RM3_ws/install/rtabmap_ros/include/rtabmap_ros/srv/detail/remove_label__functions.h
[3.887s] -- Up-to-date symlink: /home/jaime/RM3_ws/install/rtabmap_ros/include/rtabmap_ros/srv/detail/remove_label__struct.h
[3.888s] -- Up-to-date symlink: /home/jaime/RM3_ws/install/rtabmap_ros/include/rtabmap_ros/srv/detail/remove_label__type_support.h
[3.888s] -- Up-to-date symlink: /home/jaime/RM3_ws/install/rtabmap_ros/include/rtabmap_ros/srv/detail/reset_pose__functions.h
[3.889s] -- Up-to-date symlink: /home/jaime/RM3_ws/install/rtabmap_ros/include/rtabmap_ros/srv/detail/reset_pose__struct.h
[3.890s] -- Up-to-date symlink: /home/jaime/RM3_ws/install/rtabmap_ros/include/rtabmap_ros/srv/detail/reset_pose__type_support.h
[3.890s] -- Up-to-date symlink: /home/jaime/RM3_ws/install/rtabmap_ros/include/rtabmap_ros/srv/detail/set_goal__functions.h
[3.890s] -- Up-to-date symlink: /home/jaime/RM3_ws/install/rtabmap_ros/include/rtabmap_ros/srv/detail/set_goal__struct.h
[3.890s] -- Up-to-date symlink: /home/jaime/RM3_ws/install/rtabmap_ros/include/rtabmap_ros/srv/detail/set_goal__type_support.h
[3.891s] -- Up-to-date symlink: /home/jaime/RM3_ws/install/rtabmap_ros/include/rtabmap_ros/srv/detail/set_label__functions.h
[3.891s] -- Up-to-date symlink: /home/jaime/RM3_ws/install/rtabmap_ros/include/rtabmap_ros/srv/detail/set_label__struct.h
[3.891s] -- Up-to-date symlink: /home/jaime/RM3_ws/install/rtabmap_ros/include/rtabmap_ros/srv/detail/set_label__type_support.h
[3.891s] -- Up-to-date symlink: /home/jaime/RM3_ws/install/rtabmap_ros/include/rtabmap_ros/srv/detect_more_loop_closures.h
[3.892s] -- Up-to-date symlink: /home/jaime/RM3_ws/install/rtabmap_ros/include/rtabmap_ros/srv/get_map.h
[3.892s] -- Up-to-date symlink: /home/jaime/RM3_ws/install/rtabmap_ros/include/rtabmap_ros/srv/get_map2.h
[3.892s] -- Up-to-date symlink: /home/jaime/RM3_ws/install/rtabmap_ros/include/rtabmap_ros/srv/get_node_data.h
[3.892s] -- Up-to-date symlink: /home/jaime/RM3_ws/install/rtabmap_ros/include/rtabmap_ros/srv/get_nodes_in_radius.h
[3.893s] -- Up-to-date symlink: /home/jaime/RM3_ws/install/rtabmap_ros/include/rtabmap_ros/srv/get_plan.h
[3.893s] -- Up-to-date symlink: /home/jaime/RM3_ws/install/rtabmap_ros/include/rtabmap_ros/srv/global_bundle_adjustment.h
[3.894s] -- Up-to-date symlink: /home/jaime/RM3_ws/install/rtabmap_ros/include/rtabmap_ros/srv/list_labels.h
[3.894s] -- Up-to-date symlink: /home/jaime/RM3_ws/install/rtabmap_ros/include/rtabmap_ros/srv/load_database.h
[3.894s] -- Up-to-date symlink: /home/jaime/RM3_ws/install/rtabmap_ros/include/rtabmap_ros/srv/publish_map.h
[3.894s] -- Up-to-date symlink: /home/jaime/RM3_ws/install/rtabmap_ros/include/rtabmap_ros/srv/remove_label.h
[3.895s] -- Up-to-date symlink: /home/jaime/RM3_ws/install/rtabmap_ros/include/rtabmap_ros/srv/reset_pose.h
[3.895s] -- Up-to-date symlink: /home/jaime/RM3_ws/install/rtabmap_ros/include/rtabmap_ros/srv/set_goal.h
[3.895s] -- Up-to-date symlink: /home/jaime/RM3_ws/install/rtabmap_ros/include/rtabmap_ros/srv/set_label.h
[3.895s] -- Up-to-date symlink: /home/jaime/RM3_ws/install/rtabmap_ros/share/rtabmap_ros/environment/library_path.sh
[3.896s] -- Up-to-date symlink: /home/jaime/RM3_ws/install/rtabmap_ros/share/rtabmap_ros/environment/library_path.dsv
[3.896s] -- Up-to-date symlink: /home/jaime/RM3_ws/install/rtabmap_ros/include/rtabmap_ros/msg/detail/env_sensor__rosidl_typesupport_fastrtps_c.h
[3.896s] -- Up-to-date symlink: /home/jaime/RM3_ws/install/rtabmap_ros/include/rtabmap_ros/msg/detail/global_descriptor__rosidl_typesupport_fastrtps_c.h
[3.896s] -- Up-to-date symlink: /home/jaime/RM3_ws/install/rtabmap_ros/include/rtabmap_ros/msg/detail/goal__rosidl_typesupport_fastrtps_c.h
[3.896s] -- Up-to-date symlink: /home/jaime/RM3_ws/install/rtabmap_ros/include/rtabmap_ros/msg/detail/gps__rosidl_typesupport_fastrtps_c.h
[3.897s] -- Up-to-date symlink: /home/jaime/RM3_ws/install/rtabmap_ros/include/rtabmap_ros/msg/detail/info__rosidl_typesupport_fastrtps_c.h
[3.897s] -- Up-to-date symlink: /home/jaime/RM3_ws/install/rtabmap_ros/include/rtabmap_ros/msg/detail/key_point__rosidl_typesupport_fastrtps_c.h
[3.897s] -- Up-to-date symlink: /home/jaime/RM3_ws/install/rtabmap_ros/include/rtabmap_ros/msg/detail/link__rosidl_typesupport_fastrtps_c.h
[3.897s] -- Up-to-date symlink: /home/jaime/RM3_ws/install/rtabmap_ros/include/rtabmap_ros/msg/detail/map_data__rosidl_typesupport_fastrtps_c.h
[3.899s] -- Up-to-date symlink: /home/jaime/RM3_ws/install/rtabmap_ros/include/rtabmap_ros/msg/detail/map_graph__rosidl_typesupport_fastrtps_c.h
[3.899s] -- Up-to-date symlink: /home/jaime/RM3_ws/install/rtabmap_ros/include/rtabmap_ros/msg/detail/node_data__rosidl_typesupport_fastrtps_c.h
[3.899s] -- Up-to-date symlink: /home/jaime/RM3_ws/install/rtabmap_ros/include/rtabmap_ros/msg/detail/odom_info__rosidl_typesupport_fastrtps_c.h
[3.900s] -- Up-to-date symlink: /home/jaime/RM3_ws/install/rtabmap_ros/include/rtabmap_ros/msg/detail/path__rosidl_typesupport_fastrtps_c.h
[3.900s] -- Up-to-date symlink: /home/jaime/RM3_ws/install/rtabmap_ros/include/rtabmap_ros/msg/detail/point2f__rosidl_typesupport_fastrtps_c.h
[3.900s] -- Up-to-date symlink: /home/jaime/RM3_ws/install/rtabmap_ros/include/rtabmap_ros/msg/detail/point3f__rosidl_typesupport_fastrtps_c.h
[3.900s] -- Up-to-date symlink: /home/jaime/RM3_ws/install/rtabmap_ros/include/rtabmap_ros/msg/detail/rgbd_image__rosidl_typesupport_fastrtps_c.h
[3.900s] -- Up-to-date symlink: /home/jaime/RM3_ws/install/rtabmap_ros/include/rtabmap_ros/msg/detail/rgbd_images__rosidl_typesupport_fastrtps_c.h
[3.900s] -- Up-to-date symlink: /home/jaime/RM3_ws/install/rtabmap_ros/include/rtabmap_ros/msg/detail/scan_descriptor__rosidl_typesupport_fastrtps_c.h
[3.900s] -- Up-to-date symlink: /home/jaime/RM3_ws/install/rtabmap_ros/include/rtabmap_ros/msg/detail/user_data__rosidl_typesupport_fastrtps_c.h
[3.900s] -- Up-to-date symlink: /home/jaime/RM3_ws/install/rtabmap_ros/include/rtabmap_ros/msg/rosidl_typesupport_fastrtps_c__visibility_control.h
[3.901s] -- Up-to-date symlink: /home/jaime/RM3_ws/install/rtabmap_ros/include/rtabmap_ros/srv/detail/add_link__rosidl_typesupport_fastrtps_c.h
[3.901s] -- Up-to-date symlink: /home/jaime/RM3_ws/install/rtabmap_ros/include/rtabmap_ros/srv/detail/cleanup_local_grids__rosidl_typesupport_fastrtps_c.h
[3.901s] -- Up-to-date symlink: /home/jaime/RM3_ws/install/rtabmap_ros/include/rtabmap_ros/srv/detail/detect_more_loop_closures__rosidl_typesupport_fastrtps_c.h
[3.901s] -- Up-to-date symlink: /home/jaime/RM3_ws/install/rtabmap_ros/include/rtabmap_ros/srv/detail/get_map2__rosidl_typesupport_fastrtps_c.h
[3.902s] -- Up-to-date symlink: /home/jaime/RM3_ws/install/rtabmap_ros/include/rtabmap_ros/srv/detail/get_map__rosidl_typesupport_fastrtps_c.h
[3.902s] -- Up-to-date symlink: /home/jaime/RM3_ws/install/rtabmap_ros/include/rtabmap_ros/srv/detail/get_node_data__rosidl_typesupport_fastrtps_c.h
[3.902s] -- Up-to-date symlink: /home/jaime/RM3_ws/install/rtabmap_ros/include/rtabmap_ros/srv/detail/get_nodes_in_radius__rosidl_typesupport_fastrtps_c.h
[3.902s] -- Up-to-date symlink: /home/jaime/RM3_ws/install/rtabmap_ros/include/rtabmap_ros/srv/detail/get_plan__rosidl_typesupport_fastrtps_c.h
[3.902s] -- Up-to-date symlink: /home/jaime/RM3_ws/install/rtabmap_ros/include/rtabmap_ros/srv/detail/global_bundle_adjustment__rosidl_typesupport_fastrtps_c.h
[3.903s] -- Up-to-date symlink: /home/jaime/RM3_ws/install/rtabmap_ros/include/rtabmap_ros/srv/detail/list_labels__rosidl_typesupport_fastrtps_c.h
[3.903s] -- Up-to-date symlink: /home/jaime/RM3_ws/install/rtabmap_ros/include/rtabmap_ros/srv/detail/load_database__rosidl_typesupport_fastrtps_c.h
[3.903s] -- Up-to-date symlink: /home/jaime/RM3_ws/install/rtabmap_ros/include/rtabmap_ros/srv/detail/publish_map__rosidl_typesupport_fastrtps_c.h
[3.904s] -- Up-to-date symlink: /home/jaime/RM3_ws/install/rtabmap_ros/include/rtabmap_ros/srv/detail/remove_label__rosidl_typesupport_fastrtps_c.h
[3.904s] -- Up-to-date symlink: /home/jaime/RM3_ws/install/rtabmap_ros/include/rtabmap_ros/srv/detail/reset_pose__rosidl_typesupport_fastrtps_c.h
[3.904s] -- Up-to-date symlink: /home/jaime/RM3_ws/install/rtabmap_ros/include/rtabmap_ros/srv/detail/set_goal__rosidl_typesupport_fastrtps_c.h
[3.904s] -- Up-to-date symlink: /home/jaime/RM3_ws/install/rtabmap_ros/include/rtabmap_ros/srv/detail/set_label__rosidl_typesupport_fastrtps_c.h
[3.904s] -- Up-to-date symlink: /home/jaime/RM3_ws/install/rtabmap_ros/lib/librtabmap_ros__rosidl_typesupport_fastrtps_c.so
[3.906s] -- Up-to-date symlink: /home/jaime/RM3_ws/install/rtabmap_ros/include/rtabmap_ros/msg/detail/env_sensor__rosidl_typesupport_fastrtps_cpp.hpp
[3.906s] -- Up-to-date symlink: /home/jaime/RM3_ws/install/rtabmap_ros/include/rtabmap_ros/msg/detail/global_descriptor__rosidl_typesupport_fastrtps_cpp.hpp
[3.906s] -- Up-to-date symlink: /home/jaime/RM3_ws/install/rtabmap_ros/include/rtabmap_ros/msg/detail/goal__rosidl_typesupport_fastrtps_cpp.hpp
[3.906s] -- Up-to-date symlink: /home/jaime/RM3_ws/install/rtabmap_ros/include/rtabmap_ros/msg/detail/gps__rosidl_typesupport_fastrtps_cpp.hpp
[3.907s] -- Up-to-date symlink: /home/jaime/RM3_ws/install/rtabmap_ros/include/rtabmap_ros/msg/detail/info__rosidl_typesupport_fastrtps_cpp.hpp
[3.907s] -- Up-to-date symlink: /home/jaime/RM3_ws/install/rtabmap_ros/include/rtabmap_ros/msg/detail/key_point__rosidl_typesupport_fastrtps_cpp.hpp
[3.907s] -- Up-to-date symlink: /home/jaime/RM3_ws/install/rtabmap_ros/include/rtabmap_ros/msg/detail/link__rosidl_typesupport_fastrtps_cpp.hpp
[3.907s] -- Up-to-date symlink: /home/jaime/RM3_ws/install/rtabmap_ros/include/rtabmap_ros/msg/detail/map_data__rosidl_typesupport_fastrtps_cpp.hpp
[3.908s] -- Up-to-date symlink: /home/jaime/RM3_ws/install/rtabmap_ros/include/rtabmap_ros/msg/detail/map_graph__rosidl_typesupport_fastrtps_cpp.hpp
[3.908s] -- Up-to-date symlink: /home/jaime/RM3_ws/install/rtabmap_ros/include/rtabmap_ros/msg/detail/node_data__rosidl_typesupport_fastrtps_cpp.hpp
[3.908s] -- Up-to-date symlink: /home/jaime/RM3_ws/install/rtabmap_ros/include/rtabmap_ros/msg/detail/odom_info__rosidl_typesupport_fastrtps_cpp.hpp
[3.909s] -- Up-to-date symlink: /home/jaime/RM3_ws/install/rtabmap_ros/include/rtabmap_ros/msg/detail/path__rosidl_typesupport_fastrtps_cpp.hpp
[3.909s] -- Up-to-date symlink: /home/jaime/RM3_ws/install/rtabmap_ros/include/rtabmap_ros/msg/detail/point2f__rosidl_typesupport_fastrtps_cpp.hpp
[3.909s] -- Up-to-date symlink: /home/jaime/RM3_ws/install/rtabmap_ros/include/rtabmap_ros/msg/detail/point3f__rosidl_typesupport_fastrtps_cpp.hpp
[3.909s] -- Up-to-date symlink: /home/jaime/RM3_ws/install/rtabmap_ros/include/rtabmap_ros/msg/detail/rgbd_image__rosidl_typesupport_fastrtps_cpp.hpp
[3.911s] -- Up-to-date symlink: /home/jaime/RM3_ws/install/rtabmap_ros/include/rtabmap_ros/msg/detail/rgbd_images__rosidl_typesupport_fastrtps_cpp.hpp
[3.911s] -- Up-to-date symlink: /home/jaime/RM3_ws/install/rtabmap_ros/include/rtabmap_ros/msg/detail/scan_descriptor__rosidl_typesupport_fastrtps_cpp.hpp
[3.911s] -- Up-to-date symlink: /home/jaime/RM3_ws/install/rtabmap_ros/include/rtabmap_ros/msg/detail/user_data__rosidl_typesupport_fastrtps_cpp.hpp
[3.911s] -- Up-to-date symlink: /home/jaime/RM3_ws/install/rtabmap_ros/include/rtabmap_ros/msg/rosidl_typesupport_fastrtps_cpp__visibility_control.h
[3.911s] -- Up-to-date symlink: /home/jaime/RM3_ws/install/rtabmap_ros/include/rtabmap_ros/srv/detail/add_link__rosidl_typesupport_fastrtps_cpp.hpp
[3.912s] -- Up-to-date symlink: /home/jaime/RM3_ws/install/rtabmap_ros/include/rtabmap_ros/srv/detail/cleanup_local_grids__rosidl_typesupport_fastrtps_cpp.hpp
[3.912s] -- Up-to-date symlink: /home/jaime/RM3_ws/install/rtabmap_ros/include/rtabmap_ros/srv/detail/detect_more_loop_closures__rosidl_typesupport_fastrtps_cpp.hpp
[3.912s] -- Up-to-date symlink: /home/jaime/RM3_ws/install/rtabmap_ros/include/rtabmap_ros/srv/detail/get_map2__rosidl_typesupport_fastrtps_cpp.hpp
[3.912s] -- Up-to-date symlink: /home/jaime/RM3_ws/install/rtabmap_ros/include/rtabmap_ros/srv/detail/get_map__rosidl_typesupport_fastrtps_cpp.hpp
[3.913s] -- Up-to-date symlink: /home/jaime/RM3_ws/install/rtabmap_ros/include/rtabmap_ros/srv/detail/get_node_data__rosidl_typesupport_fastrtps_cpp.hpp
[3.913s] -- Up-to-date symlink: /home/jaime/RM3_ws/install/rtabmap_ros/include/rtabmap_ros/srv/detail/get_nodes_in_radius__rosidl_typesupport_fastrtps_cpp.hpp
[3.913s] -- Up-to-date symlink: /home/jaime/RM3_ws/install/rtabmap_ros/include/rtabmap_ros/srv/detail/get_plan__rosidl_typesupport_fastrtps_cpp.hpp
[3.914s] -- Up-to-date symlink: /home/jaime/RM3_ws/install/rtabmap_ros/include/rtabmap_ros/srv/detail/global_bundle_adjustment__rosidl_typesupport_fastrtps_cpp.hpp
[3.914s] -- Up-to-date symlink: /home/jaime/RM3_ws/install/rtabmap_ros/include/rtabmap_ros/srv/detail/list_labels__rosidl_typesupport_fastrtps_cpp.hpp
[3.914s] -- Up-to-date symlink: /home/jaime/RM3_ws/install/rtabmap_ros/include/rtabmap_ros/srv/detail/load_database__rosidl_typesupport_fastrtps_cpp.hpp
[3.914s] -- Up-to-date symlink: /home/jaime/RM3_ws/install/rtabmap_ros/include/rtabmap_ros/srv/detail/publish_map__rosidl_typesupport_fastrtps_cpp.hpp
[3.914s] -- Up-to-date symlink: /home/jaime/RM3_ws/install/rtabmap_ros/include/rtabmap_ros/srv/detail/remove_label__rosidl_typesupport_fastrtps_cpp.hpp
[3.915s] -- Up-to-date symlink: /home/jaime/RM3_ws/install/rtabmap_ros/include/rtabmap_ros/srv/detail/reset_pose__rosidl_typesupport_fastrtps_cpp.hpp
[3.915s] -- Up-to-date symlink: /home/jaime/RM3_ws/install/rtabmap_ros/include/rtabmap_ros/srv/detail/set_goal__rosidl_typesupport_fastrtps_cpp.hpp
[3.915s] -- Up-to-date symlink: /home/jaime/RM3_ws/install/rtabmap_ros/include/rtabmap_ros/srv/detail/set_label__rosidl_typesupport_fastrtps_cpp.hpp
[3.915s] -- Up-to-date symlink: /home/jaime/RM3_ws/install/rtabmap_ros/lib/librtabmap_ros__rosidl_typesupport_fastrtps_cpp.so
[3.916s] -- Up-to-date symlink: /home/jaime/RM3_ws/install/rtabmap_ros/include/rtabmap_ros/msg/detail/env_sensor__rosidl_typesupport_introspection_c.h
[3.916s] -- Up-to-date symlink: /home/jaime/RM3_ws/install/rtabmap_ros/include/rtabmap_ros/msg/detail/global_descriptor__rosidl_typesupport_introspection_c.h
[3.917s] -- Up-to-date symlink: /home/jaime/RM3_ws/install/rtabmap_ros/include/rtabmap_ros/msg/detail/goal__rosidl_typesupport_introspection_c.h
[3.918s] -- Up-to-date symlink: /home/jaime/RM3_ws/install/rtabmap_ros/include/rtabmap_ros/msg/detail/gps__rosidl_typesupport_introspection_c.h
[3.918s] -- Up-to-date symlink: /home/jaime/RM3_ws/install/rtabmap_ros/include/rtabmap_ros/msg/detail/info__rosidl_typesupport_introspection_c.h
[3.918s] -- Up-to-date symlink: /home/jaime/RM3_ws/install/rtabmap_ros/include/rtabmap_ros/msg/detail/key_point__rosidl_typesupport_introspection_c.h
[3.919s] -- Up-to-date symlink: /home/jaime/RM3_ws/install/rtabmap_ros/include/rtabmap_ros/msg/detail/link__rosidl_typesupport_introspection_c.h
[3.919s] -- Up-to-date symlink: /home/jaime/RM3_ws/install/rtabmap_ros/include/rtabmap_ros/msg/detail/map_data__rosidl_typesupport_introspection_c.h
[3.921s] -- Up-to-date symlink: /home/jaime/RM3_ws/install/rtabmap_ros/include/rtabmap_ros/msg/detail/map_graph__rosidl_typesupport_introspection_c.h
[3.924s] -- Up-to-date symlink: /home/jaime/RM3_ws/install/rtabmap_ros/include/rtabmap_ros/msg/detail/node_data__rosidl_typesupport_introspection_c.h
[3.924s] -- Up-to-date symlink: /home/jaime/RM3_ws/install/rtabmap_ros/include/rtabmap_ros/msg/detail/odom_info__rosidl_typesupport_introspection_c.h
[3.925s] -- Up-to-date symlink: /home/jaime/RM3_ws/install/rtabmap_ros/include/rtabmap_ros/msg/detail/path__rosidl_typesupport_introspection_c.h
[3.925s] -- Up-to-date symlink: /home/jaime/RM3_ws/install/rtabmap_ros/include/rtabmap_ros/msg/detail/point2f__rosidl_typesupport_introspection_c.h
[3.925s] -- Up-to-date symlink: /home/jaime/RM3_ws/install/rtabmap_ros/include/rtabmap_ros/msg/detail/point3f__rosidl_typesupport_introspection_c.h
[3.925s] -- Up-to-date symlink: /home/jaime/RM3_ws/install/rtabmap_ros/include/rtabmap_ros/msg/detail/rgbd_image__rosidl_typesupport_introspection_c.h
[3.925s] -- Up-to-date symlink: /home/jaime/RM3_ws/install/rtabmap_ros/include/rtabmap_ros/msg/detail/rgbd_images__rosidl_typesupport_introspection_c.h
[3.926s] -- Up-to-date symlink: /home/jaime/RM3_ws/install/rtabmap_ros/include/rtabmap_ros/msg/detail/scan_descriptor__rosidl_typesupport_introspection_c.h
[3.926s] -- Up-to-date symlink: /home/jaime/RM3_ws/install/rtabmap_ros/include/rtabmap_ros/msg/detail/user_data__rosidl_typesupport_introspection_c.h
[3.926s] -- Up-to-date symlink: /home/jaime/RM3_ws/install/rtabmap_ros/include/rtabmap_ros/msg/rosidl_typesupport_introspection_c__visibility_control.h
[3.926s] -- Up-to-date symlink: /home/jaime/RM3_ws/install/rtabmap_ros/include/rtabmap_ros/srv/detail/add_link__rosidl_typesupport_introspection_c.h
[3.926s] -- Up-to-date symlink: /home/jaime/RM3_ws/install/rtabmap_ros/include/rtabmap_ros/srv/detail/cleanup_local_grids__rosidl_typesupport_introspection_c.h
[3.926s] -- Up-to-date symlink: /home/jaime/RM3_ws/install/rtabmap_ros/include/rtabmap_ros/srv/detail/detect_more_loop_closures__rosidl_typesupport_introspection_c.h
[3.926s] -- Up-to-date symlink: /home/jaime/RM3_ws/install/rtabmap_ros/include/rtabmap_ros/srv/detail/get_map2__rosidl_typesupport_introspection_c.h
[3.927s] -- Up-to-date symlink: /home/jaime/RM3_ws/install/rtabmap_ros/include/rtabmap_ros/srv/detail/get_map__rosidl_typesupport_introspection_c.h
[3.927s] -- Up-to-date symlink: /home/jaime/RM3_ws/install/rtabmap_ros/include/rtabmap_ros/srv/detail/get_node_data__rosidl_typesupport_introspection_c.h
[3.927s] -- Up-to-date symlink: /home/jaime/RM3_ws/install/rtabmap_ros/include/rtabmap_ros/srv/detail/get_nodes_in_radius__rosidl_typesupport_introspection_c.h
[3.927s] -- Up-to-date symlink: /home/jaime/RM3_ws/install/rtabmap_ros/include/rtabmap_ros/srv/detail/get_plan__rosidl_typesupport_introspection_c.h
[3.928s] -- Up-to-date symlink: /home/jaime/RM3_ws/install/rtabmap_ros/include/rtabmap_ros/srv/detail/global_bundle_adjustment__rosidl_typesupport_introspection_c.h
[3.928s] -- Up-to-date symlink: /home/jaime/RM3_ws/install/rtabmap_ros/include/rtabmap_ros/srv/detail/list_labels__rosidl_typesupport_introspection_c.h
[3.928s] -- Up-to-date symlink: /home/jaime/RM3_ws/install/rtabmap_ros/include/rtabmap_ros/srv/detail/load_database__rosidl_typesupport_introspection_c.h
[3.928s] -- Up-to-date symlink: /home/jaime/RM3_ws/install/rtabmap_ros/include/rtabmap_ros/srv/detail/publish_map__rosidl_typesupport_introspection_c.h
[3.928s] -- Up-to-date symlink: /home/jaime/RM3_ws/install/rtabmap_ros/include/rtabmap_ros/srv/detail/remove_label__rosidl_typesupport_introspection_c.h
[3.928s] -- Up-to-date symlink: /home/jaime/RM3_ws/install/rtabmap_ros/include/rtabmap_ros/srv/detail/reset_pose__rosidl_typesupport_introspection_c.h
[3.928s] -- Up-to-date symlink: /home/jaime/RM3_ws/install/rtabmap_ros/include/rtabmap_ros/srv/detail/set_goal__rosidl_typesupport_introspection_c.h
[3.929s] -- Up-to-date symlink: /home/jaime/RM3_ws/install/rtabmap_ros/include/rtabmap_ros/srv/detail/set_label__rosidl_typesupport_introspection_c.h
[3.932s] -- Up-to-date symlink: /home/jaime/RM3_ws/install/rtabmap_ros/include/rtabmap_ros/msg/detail/env_sensor__builder.hpp
[3.932s] -- Up-to-date symlink: /home/jaime/RM3_ws/install/rtabmap_ros/include/rtabmap_ros/msg/detail/env_sensor__struct.hpp
[3.933s] -- Up-to-date symlink: /home/jaime/RM3_ws/install/rtabmap_ros/include/rtabmap_ros/msg/detail/env_sensor__traits.hpp
[3.933s] -- Up-to-date symlink: /home/jaime/RM3_ws/install/rtabmap_ros/include/rtabmap_ros/msg/detail/global_descriptor__builder.hpp
[3.933s] -- Up-to-date symlink: /home/jaime/RM3_ws/install/rtabmap_ros/include/rtabmap_ros/msg/detail/global_descriptor__struct.hpp
[3.934s] -- Up-to-date symlink: /home/jaime/RM3_ws/install/rtabmap_ros/include/rtabmap_ros/msg/detail/global_descriptor__traits.hpp
[3.934s] -- Up-to-date symlink: /home/jaime/RM3_ws/install/rtabmap_ros/include/rtabmap_ros/msg/detail/goal__builder.hpp
[3.934s] -- Up-to-date symlink: /home/jaime/RM3_ws/install/rtabmap_ros/include/rtabmap_ros/msg/detail/goal__struct.hpp
[3.934s] -- Up-to-date symlink: /home/jaime/RM3_ws/install/rtabmap_ros/include/rtabmap_ros/msg/detail/goal__traits.hpp
[3.935s] -- Up-to-date symlink: /home/jaime/RM3_ws/install/rtabmap_ros/include/rtabmap_ros/msg/detail/gps__builder.hpp
[3.935s] -- Up-to-date symlink: /home/jaime/RM3_ws/install/rtabmap_ros/include/rtabmap_ros/msg/detail/gps__struct.hpp
[3.936s] -- Up-to-date symlink: /home/jaime/RM3_ws/install/rtabmap_ros/include/rtabmap_ros/msg/detail/gps__traits.hpp
[3.936s] -- Up-to-date symlink: /home/jaime/RM3_ws/install/rtabmap_ros/include/rtabmap_ros/msg/detail/info__builder.hpp
[3.937s] -- Up-to-date symlink: /home/jaime/RM3_ws/install/rtabmap_ros/include/rtabmap_ros/msg/detail/info__struct.hpp
[3.937s] -- Up-to-date symlink: /home/jaime/RM3_ws/install/rtabmap_ros/include/rtabmap_ros/msg/detail/info__traits.hpp
[3.938s] -- Up-to-date symlink: /home/jaime/RM3_ws/install/rtabmap_ros/include/rtabmap_ros/msg/detail/key_point__builder.hpp
[3.938s] -- Up-to-date symlink: /home/jaime/RM3_ws/install/rtabmap_ros/include/rtabmap_ros/msg/detail/key_point__struct.hpp
[3.938s] -- Up-to-date symlink: /home/jaime/RM3_ws/install/rtabmap_ros/include/rtabmap_ros/msg/detail/key_point__traits.hpp
[3.939s] -- Up-to-date symlink: /home/jaime/RM3_ws/install/rtabmap_ros/include/rtabmap_ros/msg/detail/link__builder.hpp
[3.939s] -- Up-to-date symlink: /home/jaime/RM3_ws/install/rtabmap_ros/include/rtabmap_ros/msg/detail/link__struct.hpp
[3.940s] -- Up-to-date symlink: /home/jaime/RM3_ws/install/rtabmap_ros/include/rtabmap_ros/msg/detail/link__traits.hpp
[3.940s] -- Up-to-date symlink: /home/jaime/RM3_ws/install/rtabmap_ros/include/rtabmap_ros/msg/detail/map_data__builder.hpp
[3.941s] -- Up-to-date symlink: /home/jaime/RM3_ws/install/rtabmap_ros/include/rtabmap_ros/msg/detail/map_data__struct.hpp
[3.941s] -- Up-to-date symlink: /home/jaime/RM3_ws/install/rtabmap_ros/include/rtabmap_ros/msg/detail/map_data__traits.hpp
[3.941s] -- Up-to-date symlink: /home/jaime/RM3_ws/install/rtabmap_ros/include/rtabmap_ros/msg/detail/map_graph__builder.hpp
[3.942s] -- Up-to-date symlink: /home/jaime/RM3_ws/install/rtabmap_ros/include/rtabmap_ros/msg/detail/map_graph__struct.hpp
[3.942s] -- Up-to-date symlink: /home/jaime/RM3_ws/install/rtabmap_ros/include/rtabmap_ros/msg/detail/map_graph__traits.hpp
[3.942s] -- Up-to-date symlink: /home/jaime/RM3_ws/install/rtabmap_ros/include/rtabmap_ros/msg/detail/node_data__builder.hpp
[3.943s] -- Up-to-date symlink: /home/jaime/RM3_ws/install/rtabmap_ros/include/rtabmap_ros/msg/detail/node_data__struct.hpp
[3.943s] -- Up-to-date symlink: /home/jaime/RM3_ws/install/rtabmap_ros/include/rtabmap_ros/msg/detail/node_data__traits.hpp
[3.944s] -- Up-to-date symlink: /home/jaime/RM3_ws/install/rtabmap_ros/include/rtabmap_ros/msg/detail/odom_info__builder.hpp
[3.944s] -- Up-to-date symlink: /home/jaime/RM3_ws/install/rtabmap_ros/include/rtabmap_ros/msg/detail/odom_info__struct.hpp
[3.944s] -- Up-to-date symlink: /home/jaime/RM3_ws/install/rtabmap_ros/include/rtabmap_ros/msg/detail/odom_info__traits.hpp
[3.944s] -- Up-to-date symlink: /home/jaime/RM3_ws/install/rtabmap_ros/include/rtabmap_ros/msg/detail/path__builder.hpp
[3.945s] -- Up-to-date symlink: /home/jaime/RM3_ws/install/rtabmap_ros/include/rtabmap_ros/msg/detail/path__struct.hpp
[3.945s] -- Up-to-date symlink: /home/jaime/RM3_ws/install/rtabmap_ros/include/rtabmap_ros/msg/detail/path__traits.hpp
[3.945s] -- Up-to-date symlink: /home/jaime/RM3_ws/install/rtabmap_ros/include/rtabmap_ros/msg/detail/point2f__builder.hpp
[3.946s] -- Up-to-date symlink: /home/jaime/RM3_ws/install/rtabmap_ros/include/rtabmap_ros/msg/detail/point2f__struct.hpp
[3.946s] -- Up-to-date symlink: /home/jaime/RM3_ws/install/rtabmap_ros/include/rtabmap_ros/msg/detail/point2f__traits.hpp
[3.946s] -- Up-to-date symlink: /home/jaime/RM3_ws/install/rtabmap_ros/include/rtabmap_ros/msg/detail/point3f__builder.hpp
[3.946s] -- Up-to-date symlink: /home/jaime/RM3_ws/install/rtabmap_ros/include/rtabmap_ros/msg/detail/point3f__struct.hpp
[3.947s] -- Up-to-date symlink: /home/jaime/RM3_ws/install/rtabmap_ros/include/rtabmap_ros/msg/detail/point3f__traits.hpp
[3.947s] -- Up-to-date symlink: /home/jaime/RM3_ws/install/rtabmap_ros/include/rtabmap_ros/msg/detail/rgbd_image__builder.hpp
[3.947s] -- Up-to-date symlink: /home/jaime/RM3_ws/install/rtabmap_ros/include/rtabmap_ros/msg/detail/rgbd_image__struct.hpp
[3.948s] -- Up-to-date symlink: /home/jaime/RM3_ws/install/rtabmap_ros/include/rtabmap_ros/msg/detail/rgbd_image__traits.hpp
[3.948s] -- Up-to-date symlink: /home/jaime/RM3_ws/install/rtabmap_ros/include/rtabmap_ros/msg/detail/rgbd_images__builder.hpp
[3.959s] -- Up-to-date symlink: /home/jaime/RM3_ws/install/rtabmap_ros/include/rtabmap_ros/msg/detail/rgbd_images__struct.hpp
[3.959s] -- Up-to-date symlink: /home/jaime/RM3_ws/install/rtabmap_ros/include/rtabmap_ros/msg/detail/rgbd_images__traits.hpp
[3.959s] -- Up-to-date symlink: /home/jaime/RM3_ws/install/rtabmap_ros/include/rtabmap_ros/msg/detail/scan_descriptor__builder.hpp
[3.960s] -- Up-to-date symlink: /home/jaime/RM3_ws/install/rtabmap_ros/include/rtabmap_ros/msg/detail/scan_descriptor__struct.hpp
[3.960s] -- Up-to-date symlink: /home/jaime/RM3_ws/install/rtabmap_ros/include/rtabmap_ros/msg/detail/scan_descriptor__traits.hpp
[3.960s] -- Up-to-date symlink: /home/jaime/RM3_ws/install/rtabmap_ros/include/rtabmap_ros/msg/detail/user_data__builder.hpp
[3.961s] -- Up-to-date symlink: /home/jaime/RM3_ws/install/rtabmap_ros/include/rtabmap_ros/msg/detail/user_data__struct.hpp
[3.961s] -- Up-to-date symlink: /home/jaime/RM3_ws/install/rtabmap_ros/include/rtabmap_ros/msg/detail/user_data__traits.hpp
[3.961s] -- Up-to-date symlink: /home/jaime/RM3_ws/install/rtabmap_ros/include/rtabmap_ros/msg/env_sensor.hpp
[3.961s] -- Up-to-date symlink: /home/jaime/RM3_ws/install/rtabmap_ros/include/rtabmap_ros/msg/global_descriptor.hpp
[3.962s] -- Up-to-date symlink: /home/jaime/RM3_ws/install/rtabmap_ros/include/rtabmap_ros/msg/goal.hpp
[3.962s] -- Up-to-date symlink: /home/jaime/RM3_ws/install/rtabmap_ros/include/rtabmap_ros/msg/gps.hpp
[3.962s] -- Up-to-date symlink: /home/jaime/RM3_ws/install/rtabmap_ros/include/rtabmap_ros/msg/info.hpp
[3.962s] -- Up-to-date symlink: /home/jaime/RM3_ws/install/rtabmap_ros/include/rtabmap_ros/msg/key_point.hpp
[3.963s] -- Up-to-date symlink: /home/jaime/RM3_ws/install/rtabmap_ros/include/rtabmap_ros/msg/link.hpp
[3.963s] -- Up-to-date symlink: /home/jaime/RM3_ws/install/rtabmap_ros/include/rtabmap_ros/msg/map_data.hpp
[3.964s] -- Up-to-date symlink: /home/jaime/RM3_ws/install/rtabmap_ros/include/rtabmap_ros/msg/map_graph.hpp
[3.964s] -- Up-to-date symlink: /home/jaime/RM3_ws/install/rtabmap_ros/include/rtabmap_ros/msg/node_data.hpp
[3.965s] -- Up-to-date symlink: /home/jaime/RM3_ws/install/rtabmap_ros/include/rtabmap_ros/msg/odom_info.hpp
[3.965s] -- Up-to-date symlink: /home/jaime/RM3_ws/install/rtabmap_ros/include/rtabmap_ros/msg/path.hpp
[3.965s] -- Up-to-date symlink: /home/jaime/RM3_ws/install/rtabmap_ros/include/rtabmap_ros/msg/point2f.hpp
[3.966s] -- Up-to-date symlink: /home/jaime/RM3_ws/install/rtabmap_ros/include/rtabmap_ros/msg/point3f.hpp
[3.966s] -- Up-to-date symlink: /home/jaime/RM3_ws/install/rtabmap_ros/include/rtabmap_ros/msg/rgbd_image.hpp
[3.966s] -- Up-to-date symlink: /home/jaime/RM3_ws/install/rtabmap_ros/include/rtabmap_ros/msg/rgbd_images.hpp
[3.966s] -- Up-to-date symlink: /home/jaime/RM3_ws/install/rtabmap_ros/include/rtabmap_ros/msg/scan_descriptor.hpp
[3.967s] -- Up-to-date symlink: /home/jaime/RM3_ws/install/rtabmap_ros/include/rtabmap_ros/msg/user_data.hpp
[3.967s] -- Up-to-date symlink: /home/jaime/RM3_ws/install/rtabmap_ros/include/rtabmap_ros/srv/add_link.hpp
[3.967s] -- Up-to-date symlink: /home/jaime/RM3_ws/install/rtabmap_ros/include/rtabmap_ros/srv/cleanup_local_grids.hpp
[3.968s] -- Up-to-date symlink: /home/jaime/RM3_ws/install/rtabmap_ros/include/rtabmap_ros/srv/detail/add_link__builder.hpp
[3.969s] -- Up-to-date symlink: /home/jaime/RM3_ws/install/rtabmap_ros/include/rtabmap_ros/srv/detail/add_link__struct.hpp
[3.969s] -- Up-to-date symlink: /home/jaime/RM3_ws/install/rtabmap_ros/include/rtabmap_ros/srv/detail/add_link__traits.hpp
[3.969s] -- Up-to-date symlink: /home/jaime/RM3_ws/install/rtabmap_ros/include/rtabmap_ros/srv/detail/cleanup_local_grids__builder.hpp
[3.969s] -- Up-to-date symlink: /home/jaime/RM3_ws/install/rtabmap_ros/include/rtabmap_ros/srv/detail/cleanup_local_grids__struct.hpp
[3.970s] -- Up-to-date symlink: /home/jaime/RM3_ws/install/rtabmap_ros/include/rtabmap_ros/srv/detail/cleanup_local_grids__traits.hpp
[3.970s] -- Up-to-date symlink: /home/jaime/RM3_ws/install/rtabmap_ros/include/rtabmap_ros/srv/detail/detect_more_loop_closures__builder.hpp
[3.970s] -- Up-to-date symlink: /home/jaime/RM3_ws/install/rtabmap_ros/include/rtabmap_ros/srv/detail/detect_more_loop_closures__struct.hpp
[3.970s] -- Up-to-date symlink: /home/jaime/RM3_ws/install/rtabmap_ros/include/rtabmap_ros/srv/detail/detect_more_loop_closures__traits.hpp
[3.971s] -- Up-to-date symlink: /home/jaime/RM3_ws/install/rtabmap_ros/include/rtabmap_ros/srv/detail/get_map2__builder.hpp
[3.971s] -- Up-to-date symlink: /home/jaime/RM3_ws/install/rtabmap_ros/include/rtabmap_ros/srv/detail/get_map2__struct.hpp
[3.972s] -- Up-to-date symlink: /home/jaime/RM3_ws/install/rtabmap_ros/include/rtabmap_ros/srv/detail/get_map2__traits.hpp
[3.972s] -- Up-to-date symlink: /home/jaime/RM3_ws/install/rtabmap_ros/include/rtabmap_ros/srv/detail/get_map__builder.hpp
[3.972s] -- Up-to-date symlink: /home/jaime/RM3_ws/install/rtabmap_ros/include/rtabmap_ros/srv/detail/get_map__struct.hpp
[3.972s] -- Up-to-date symlink: /home/jaime/RM3_ws/install/rtabmap_ros/include/rtabmap_ros/srv/detail/get_map__traits.hpp
[3.972s] -- Up-to-date symlink: /home/jaime/RM3_ws/install/rtabmap_ros/include/rtabmap_ros/srv/detail/get_node_data__builder.hpp
[3.972s] -- Up-to-date symlink: /home/jaime/RM3_ws/install/rtabmap_ros/include/rtabmap_ros/srv/detail/get_node_data__struct.hpp
[3.972s] -- Up-to-date symlink: /home/jaime/RM3_ws/install/rtabmap_ros/include/rtabmap_ros/srv/detail/get_node_data__traits.hpp
[3.973s] -- Up-to-date symlink: /home/jaime/RM3_ws/install/rtabmap_ros/include/rtabmap_ros/srv/detail/get_nodes_in_radius__builder.hpp
[3.973s] -- Up-to-date symlink: /home/jaime/RM3_ws/install/rtabmap_ros/include/rtabmap_ros/srv/detail/get_nodes_in_radius__struct.hpp
[3.973s] -- Up-to-date symlink: /home/jaime/RM3_ws/install/rtabmap_ros/include/rtabmap_ros/srv/detail/get_nodes_in_radius__traits.hpp
[3.978s] -- Up-to-date symlink: /home/jaime/RM3_ws/install/rtabmap_ros/include/rtabmap_ros/srv/detail/get_plan__builder.hpp
[3.978s] -- Up-to-date symlink: /home/jaime/RM3_ws/install/rtabmap_ros/include/rtabmap_ros/srv/detail/get_plan__struct.hpp
[3.978s] -- Up-to-date symlink: /home/jaime/RM3_ws/install/rtabmap_ros/include/rtabmap_ros/srv/detail/get_plan__traits.hpp
[3.979s] -- Up-to-date symlink: /home/jaime/RM3_ws/install/rtabmap_ros/include/rtabmap_ros/srv/detail/global_bundle_adjustment__builder.hpp
[3.979s] -- Up-to-date symlink: /home/jaime/RM3_ws/install/rtabmap_ros/include/rtabmap_ros/srv/detail/global_bundle_adjustment__struct.hpp
[3.979s] -- Up-to-date symlink: /home/jaime/RM3_ws/install/rtabmap_ros/include/rtabmap_ros/srv/detail/global_bundle_adjustment__traits.hpp
[3.980s] -- Up-to-date symlink: /home/jaime/RM3_ws/install/rtabmap_ros/include/rtabmap_ros/srv/detail/list_labels__builder.hpp
[3.980s] -- Up-to-date symlink: /home/jaime/RM3_ws/install/rtabmap_ros/include/rtabmap_ros/srv/detail/list_labels__struct.hpp
[3.980s] -- Up-to-date symlink: /home/jaime/RM3_ws/install/rtabmap_ros/include/rtabmap_ros/srv/detail/list_labels__traits.hpp
[3.980s] -- Up-to-date symlink: /home/jaime/RM3_ws/install/rtabmap_ros/include/rtabmap_ros/srv/detail/load_database__builder.hpp
[3.981s] -- Up-to-date symlink: /home/jaime/RM3_ws/install/rtabmap_ros/include/rtabmap_ros/srv/detail/load_database__struct.hpp
[3.981s] -- Up-to-date symlink: /home/jaime/RM3_ws/install/rtabmap_ros/include/rtabmap_ros/srv/detail/load_database__traits.hpp
[3.982s] -- Up-to-date symlink: /home/jaime/RM3_ws/install/rtabmap_ros/include/rtabmap_ros/srv/detail/publish_map__builder.hpp
[3.982s] -- Up-to-date symlink: /home/jaime/RM3_ws/install/rtabmap_ros/include/rtabmap_ros/srv/detail/publish_map__struct.hpp
[3.982s] -- Up-to-date symlink: /home/jaime/RM3_ws/install/rtabmap_ros/include/rtabmap_ros/srv/detail/publish_map__traits.hpp
[3.983s] -- Up-to-date symlink: /home/jaime/RM3_ws/install/rtabmap_ros/include/rtabmap_ros/srv/detail/remove_label__builder.hpp
[3.983s] -- Up-to-date symlink: /home/jaime/RM3_ws/install/rtabmap_ros/include/rtabmap_ros/srv/detail/remove_label__struct.hpp
[3.983s] -- Up-to-date symlink: /home/jaime/RM3_ws/install/rtabmap_ros/include/rtabmap_ros/srv/detail/remove_label__traits.hpp
[3.983s] -- Up-to-date symlink: /home/jaime/RM3_ws/install/rtabmap_ros/include/rtabmap_ros/srv/detail/reset_pose__builder.hpp
[3.984s] -- Up-to-date symlink: /home/jaime/RM3_ws/install/rtabmap_ros/include/rtabmap_ros/srv/detail/reset_pose__struct.hpp
[3.984s] -- Up-to-date symlink: /home/jaime/RM3_ws/install/rtabmap_ros/include/rtabmap_ros/srv/detail/reset_pose__traits.hpp
[3.984s] -- Up-to-date symlink: /home/jaime/RM3_ws/install/rtabmap_ros/include/rtabmap_ros/srv/detail/set_goal__builder.hpp
[3.985s] -- Up-to-date symlink: /home/jaime/RM3_ws/install/rtabmap_ros/include/rtabmap_ros/srv/detail/set_goal__struct.hpp
[3.985s] -- Up-to-date symlink: /home/jaime/RM3_ws/install/rtabmap_ros/include/rtabmap_ros/srv/detail/set_goal__traits.hpp
[3.985s] -- Up-to-date symlink: /home/jaime/RM3_ws/install/rtabmap_ros/include/rtabmap_ros/srv/detail/set_label__builder.hpp
[3.985s] -- Up-to-date symlink: /home/jaime/RM3_ws/install/rtabmap_ros/include/rtabmap_ros/srv/detail/set_label__struct.hpp
[3.986s] -- Up-to-date symlink: /home/jaime/RM3_ws/install/rtabmap_ros/include/rtabmap_ros/srv/detail/set_label__traits.hpp
[3.986s] -- Up-to-date symlink: /home/jaime/RM3_ws/install/rtabmap_ros/include/rtabmap_ros/srv/detect_more_loop_closures.hpp
[3.986s] -- Up-to-date symlink: /home/jaime/RM3_ws/install/rtabmap_ros/include/rtabmap_ros/srv/get_map.hpp
[3.987s] -- Up-to-date symlink: /home/jaime/RM3_ws/install/rtabmap_ros/include/rtabmap_ros/srv/get_map2.hpp
[3.987s] -- Up-to-date symlink: /home/jaime/RM3_ws/install/rtabmap_ros/include/rtabmap_ros/srv/get_node_data.hpp
[3.987s] -- Up-to-date symlink: /home/jaime/RM3_ws/install/rtabmap_ros/include/rtabmap_ros/srv/get_nodes_in_radius.hpp
[3.987s] -- Up-to-date symlink: /home/jaime/RM3_ws/install/rtabmap_ros/include/rtabmap_ros/srv/get_plan.hpp
[3.987s] -- Up-to-date symlink: /home/jaime/RM3_ws/install/rtabmap_ros/include/rtabmap_ros/srv/global_bundle_adjustment.hpp
[3.988s] -- Up-to-date symlink: /home/jaime/RM3_ws/install/rtabmap_ros/include/rtabmap_ros/srv/list_labels.hpp
[3.988s] -- Up-to-date symlink: /home/jaime/RM3_ws/install/rtabmap_ros/include/rtabmap_ros/srv/load_database.hpp
[3.988s] -- Up-to-date symlink: /home/jaime/RM3_ws/install/rtabmap_ros/include/rtabmap_ros/srv/publish_map.hpp
[3.988s] -- Up-to-date symlink: /home/jaime/RM3_ws/install/rtabmap_ros/include/rtabmap_ros/srv/remove_label.hpp
[3.988s] -- Up-to-date symlink: /home/jaime/RM3_ws/install/rtabmap_ros/include/rtabmap_ros/srv/reset_pose.hpp
[3.990s] -- Up-to-date symlink: /home/jaime/RM3_ws/install/rtabmap_ros/include/rtabmap_ros/srv/set_goal.hpp
[3.990s] -- Up-to-date symlink: /home/jaime/RM3_ws/install/rtabmap_ros/include/rtabmap_ros/srv/set_label.hpp
[3.991s] -- Up-to-date symlink: /home/jaime/RM3_ws/install/rtabmap_ros/include/rtabmap_ros/msg/detail/env_sensor__rosidl_typesupport_introspection_cpp.hpp
[3.991s] -- Up-to-date symlink: /home/jaime/RM3_ws/install/rtabmap_ros/include/rtabmap_ros/msg/detail/global_descriptor__rosidl_typesupport_introspection_cpp.hpp
[3.991s] -- Up-to-date symlink: /home/jaime/RM3_ws/install/rtabmap_ros/include/rtabmap_ros/msg/detail/goal__rosidl_typesupport_introspection_cpp.hpp
[3.991s] -- Up-to-date symlink: /home/jaime/RM3_ws/install/rtabmap_ros/include/rtabmap_ros/msg/detail/gps__rosidl_typesupport_introspection_cpp.hpp
[3.991s] -- Up-to-date symlink: /home/jaime/RM3_ws/install/rtabmap_ros/include/rtabmap_ros/msg/detail/info__rosidl_typesupport_introspection_cpp.hpp
[3.992s] -- Up-to-date symlink: /home/jaime/RM3_ws/install/rtabmap_ros/include/rtabmap_ros/msg/detail/key_point__rosidl_typesupport_introspection_cpp.hpp
[3.992s] -- Up-to-date symlink: /home/jaime/RM3_ws/install/rtabmap_ros/include/rtabmap_ros/msg/detail/link__rosidl_typesupport_introspection_cpp.hpp
[3.992s] -- Up-to-date symlink: /home/jaime/RM3_ws/install/rtabmap_ros/include/rtabmap_ros/msg/detail/map_data__rosidl_typesupport_introspection_cpp.hpp
[3.992s] -- Up-to-date symlink: /home/jaime/RM3_ws/install/rtabmap_ros/include/rtabmap_ros/msg/detail/map_graph__rosidl_typesupport_introspection_cpp.hpp
[3.993s] -- Up-to-date symlink: /home/jaime/RM3_ws/install/rtabmap_ros/include/rtabmap_ros/msg/detail/node_data__rosidl_typesupport_introspection_cpp.hpp
[3.993s] -- Up-to-date symlink: /home/jaime/RM3_ws/install/rtabmap_ros/include/rtabmap_ros/msg/detail/odom_info__rosidl_typesupport_introspection_cpp.hpp
[3.994s] -- Up-to-date symlink: /home/jaime/RM3_ws/install/rtabmap_ros/include/rtabmap_ros/msg/detail/path__rosidl_typesupport_introspection_cpp.hpp
[3.994s] -- Up-to-date symlink: /home/jaime/RM3_ws/install/rtabmap_ros/include/rtabmap_ros/msg/detail/point2f__rosidl_typesupport_introspection_cpp.hpp
[3.994s] -- Up-to-date symlink: /home/jaime/RM3_ws/install/rtabmap_ros/include/rtabmap_ros/msg/detail/point3f__rosidl_typesupport_introspection_cpp.hpp
[3.994s] -- Up-to-date symlink: /home/jaime/RM3_ws/install/rtabmap_ros/include/rtabmap_ros/msg/detail/rgbd_image__rosidl_typesupport_introspection_cpp.hpp
[3.995s] -- Up-to-date symlink: /home/jaime/RM3_ws/install/rtabmap_ros/include/rtabmap_ros/msg/detail/rgbd_images__rosidl_typesupport_introspection_cpp.hpp
[3.995s] -- Up-to-date symlink: /home/jaime/RM3_ws/install/rtabmap_ros/include/rtabmap_ros/msg/detail/scan_descriptor__rosidl_typesupport_introspection_cpp.hpp
[3.995s] -- Up-to-date symlink: /home/jaime/RM3_ws/install/rtabmap_ros/include/rtabmap_ros/msg/detail/user_data__rosidl_typesupport_introspection_cpp.hpp
[3.995s] -- Up-to-date symlink: /home/jaime/RM3_ws/install/rtabmap_ros/include/rtabmap_ros/srv/detail/add_link__rosidl_typesupport_introspection_cpp.hpp
[3.996s] -- Up-to-date symlink: /home/jaime/RM3_ws/install/rtabmap_ros/include/rtabmap_ros/srv/detail/cleanup_local_grids__rosidl_typesupport_introspection_cpp.hpp
[3.996s] -- Up-to-date symlink: /home/jaime/RM3_ws/install/rtabmap_ros/include/rtabmap_ros/srv/detail/detect_more_loop_closures__rosidl_typesupport_introspection_cpp.hpp
[3.996s] -- Up-to-date symlink: /home/jaime/RM3_ws/install/rtabmap_ros/include/rtabmap_ros/srv/detail/get_map2__rosidl_typesupport_introspection_cpp.hpp
[3.998s] -- Up-to-date symlink: /home/jaime/RM3_ws/install/rtabmap_ros/include/rtabmap_ros/srv/detail/get_map__rosidl_typesupport_introspection_cpp.hpp
[3.998s] -- Up-to-date symlink: /home/jaime/RM3_ws/install/rtabmap_ros/include/rtabmap_ros/srv/detail/get_node_data__rosidl_typesupport_introspection_cpp.hpp
[3.998s] -- Up-to-date symlink: /home/jaime/RM3_ws/install/rtabmap_ros/include/rtabmap_ros/srv/detail/get_nodes_in_radius__rosidl_typesupport_introspection_cpp.hpp
[3.999s] -- Up-to-date symlink: /home/jaime/RM3_ws/install/rtabmap_ros/include/rtabmap_ros/srv/detail/get_plan__rosidl_typesupport_introspection_cpp.hpp
[3.999s] -- Up-to-date symlink: /home/jaime/RM3_ws/install/rtabmap_ros/include/rtabmap_ros/srv/detail/global_bundle_adjustment__rosidl_typesupport_introspection_cpp.hpp
[3.999s] -- Up-to-date symlink: /home/jaime/RM3_ws/install/rtabmap_ros/include/rtabmap_ros/srv/detail/list_labels__rosidl_typesupport_introspection_cpp.hpp
[3.999s] -- Up-to-date symlink: /home/jaime/RM3_ws/install/rtabmap_ros/include/rtabmap_ros/srv/detail/load_database__rosidl_typesupport_introspection_cpp.hpp
[4.000s] -- Up-to-date symlink: /home/jaime/RM3_ws/install/rtabmap_ros/include/rtabmap_ros/srv/detail/publish_map__rosidl_typesupport_introspection_cpp.hpp
[4.000s] -- Up-to-date symlink: /home/jaime/RM3_ws/install/rtabmap_ros/include/rtabmap_ros/srv/detail/remove_label__rosidl_typesupport_introspection_cpp.hpp
[4.000s] -- Up-to-date symlink: /home/jaime/RM3_ws/install/rtabmap_ros/include/rtabmap_ros/srv/detail/reset_pose__rosidl_typesupport_introspection_cpp.hpp
[4.000s] -- Up-to-date symlink: /home/jaime/RM3_ws/install/rtabmap_ros/include/rtabmap_ros/srv/detail/set_goal__rosidl_typesupport_introspection_cpp.hpp
[4.001s] -- Up-to-date symlink: /home/jaime/RM3_ws/install/rtabmap_ros/include/rtabmap_ros/srv/detail/set_label__rosidl_typesupport_introspection_cpp.hpp
[4.001s] -- Up-to-date symlink: /home/jaime/RM3_ws/install/rtabmap_ros/share/rtabmap_ros/environment/pythonpath.sh
[4.002s] -- Up-to-date symlink: /home/jaime/RM3_ws/install/rtabmap_ros/share/rtabmap_ros/environment/pythonpath.dsv
[4.002s] -- Up-to-date symlink: /home/jaime/RM3_ws/install/rtabmap_ros/lib/python3.8/site-packages/rtabmap_ros/__init__.py
[4.002s] -- Up-to-date symlink: /home/jaime/RM3_ws/install/rtabmap_ros/lib/python3.8/site-packages/rtabmap_ros/msg/__init__.py
[4.002s] -- Up-to-date symlink: /home/jaime/RM3_ws/install/rtabmap_ros/lib/python3.8/site-packages/rtabmap_ros/msg/_env_sensor.py
[4.002s] -- Up-to-date symlink: /home/jaime/RM3_ws/install/rtabmap_ros/lib/python3.8/site-packages/rtabmap_ros/msg/_global_descriptor.py
[4.003s] -- Up-to-date symlink: /home/jaime/RM3_ws/install/rtabmap_ros/lib/python3.8/site-packages/rtabmap_ros/msg/_goal.py
[4.003s] -- Up-to-date symlink: /home/jaime/RM3_ws/install/rtabmap_ros/lib/python3.8/site-packages/rtabmap_ros/msg/_gps.py
[4.003s] -- Up-to-date symlink: /home/jaime/RM3_ws/install/rtabmap_ros/lib/python3.8/site-packages/rtabmap_ros/msg/_info.py
[4.003s] -- Up-to-date symlink: /home/jaime/RM3_ws/install/rtabmap_ros/lib/python3.8/site-packages/rtabmap_ros/msg/_key_point.py
[4.004s] -- Up-to-date symlink: /home/jaime/RM3_ws/install/rtabmap_ros/lib/python3.8/site-packages/rtabmap_ros/msg/_link.py
[4.004s] -- Up-to-date symlink: /home/jaime/RM3_ws/install/rtabmap_ros/lib/python3.8/site-packages/rtabmap_ros/msg/_map_data.py
[4.004s] -- Up-to-date symlink: /home/jaime/RM3_ws/install/rtabmap_ros/lib/python3.8/site-packages/rtabmap_ros/msg/_map_graph.py
[4.004s] -- Up-to-date symlink: /home/jaime/RM3_ws/install/rtabmap_ros/lib/python3.8/site-packages/rtabmap_ros/msg/_node_data.py
[4.005s] -- Up-to-date symlink: /home/jaime/RM3_ws/install/rtabmap_ros/lib/python3.8/site-packages/rtabmap_ros/msg/_odom_info.py
[4.005s] -- Up-to-date symlink: /home/jaime/RM3_ws/install/rtabmap_ros/lib/python3.8/site-packages/rtabmap_ros/msg/_path.py
[4.005s] -- Up-to-date symlink: /home/jaime/RM3_ws/install/rtabmap_ros/lib/python3.8/site-packages/rtabmap_ros/msg/_point2f.py
[4.006s] -- Up-to-date symlink: /home/jaime/RM3_ws/install/rtabmap_ros/lib/python3.8/site-packages/rtabmap_ros/msg/_point3f.py
[4.006s] -- Up-to-date symlink: /home/jaime/RM3_ws/install/rtabmap_ros/lib/python3.8/site-packages/rtabmap_ros/msg/_rgbd_image.py
[4.006s] -- Up-to-date symlink: /home/jaime/RM3_ws/install/rtabmap_ros/lib/python3.8/site-packages/rtabmap_ros/msg/_rgbd_images.py
[4.007s] -- Up-to-date symlink: /home/jaime/RM3_ws/install/rtabmap_ros/lib/python3.8/site-packages/rtabmap_ros/msg/_scan_descriptor.py
[4.007s] -- Up-to-date symlink: /home/jaime/RM3_ws/install/rtabmap_ros/lib/python3.8/site-packages/rtabmap_ros/msg/_user_data.py
[4.007s] -- Up-to-date symlink: /home/jaime/RM3_ws/install/rtabmap_ros/lib/python3.8/site-packages/rtabmap_ros/srv/__init__.py
[4.008s] -- Up-to-date symlink: /home/jaime/RM3_ws/install/rtabmap_ros/lib/python3.8/site-packages/rtabmap_ros/srv/_add_link.py
[4.008s] -- Up-to-date symlink: /home/jaime/RM3_ws/install/rtabmap_ros/lib/python3.8/site-packages/rtabmap_ros/srv/_cleanup_local_grids.py
[4.008s] -- Up-to-date symlink: /home/jaime/RM3_ws/install/rtabmap_ros/lib/python3.8/site-packages/rtabmap_ros/srv/_detect_more_loop_closures.py
[4.009s] -- Up-to-date symlink: /home/jaime/RM3_ws/install/rtabmap_ros/lib/python3.8/site-packages/rtabmap_ros/srv/_get_map.py
[4.009s] -- Up-to-date symlink: /home/jaime/RM3_ws/install/rtabmap_ros/lib/python3.8/site-packages/rtabmap_ros/srv/_get_map2.py
[4.009s] -- Up-to-date symlink: /home/jaime/RM3_ws/install/rtabmap_ros/lib/python3.8/site-packages/rtabmap_ros/srv/_get_node_data.py
[4.009s] -- Up-to-date symlink: /home/jaime/RM3_ws/install/rtabmap_ros/lib/python3.8/site-packages/rtabmap_ros/srv/_get_nodes_in_radius.py
[4.010s] -- Up-to-date symlink: /home/jaime/RM3_ws/install/rtabmap_ros/lib/python3.8/site-packages/rtabmap_ros/srv/_get_plan.py
[4.010s] -- Up-to-date symlink: /home/jaime/RM3_ws/install/rtabmap_ros/lib/python3.8/site-packages/rtabmap_ros/srv/_global_bundle_adjustment.py
[4.010s] -- Up-to-date symlink: /home/jaime/RM3_ws/install/rtabmap_ros/lib/python3.8/site-packages/rtabmap_ros/srv/_list_labels.py
[4.010s] -- Up-to-date symlink: /home/jaime/RM3_ws/install/rtabmap_ros/lib/python3.8/site-packages/rtabmap_ros/srv/_load_database.py
[4.011s] -- Up-to-date symlink: /home/jaime/RM3_ws/install/rtabmap_ros/lib/python3.8/site-packages/rtabmap_ros/srv/_publish_map.py
[4.011s] -- Up-to-date symlink: /home/jaime/RM3_ws/install/rtabmap_ros/lib/python3.8/site-packages/rtabmap_ros/srv/_remove_label.py
[4.011s] -- Up-to-date symlink: /home/jaime/RM3_ws/install/rtabmap_ros/lib/python3.8/site-packages/rtabmap_ros/srv/_reset_pose.py
[4.012s] -- Up-to-date symlink: /home/jaime/RM3_ws/install/rtabmap_ros/lib/python3.8/site-packages/rtabmap_ros/srv/_set_goal.py
[4.012s] -- Up-to-date symlink: /home/jaime/RM3_ws/install/rtabmap_ros/lib/python3.8/site-packages/rtabmap_ros/srv/_set_label.py
[4.012s] -- Up-to-date symlink: /home/jaime/RM3_ws/install/rtabmap_ros/lib/python3.8/site-packages/rtabmap_ros/rtabmap_ros_s__rosidl_typesupport_fastrtps_c.cpython-38-x86_64-linux-gnu.so
[4.013s] -- Up-to-date symlink: /home/jaime/RM3_ws/install/rtabmap_ros/lib/python3.8/site-packages/rtabmap_ros/rtabmap_ros_s__rosidl_typesupport_introspection_c.cpython-38-x86_64-linux-gnu.so
[4.013s] -- Up-to-date symlink: /home/jaime/RM3_ws/install/rtabmap_ros/lib/python3.8/site-packages/rtabmap_ros/rtabmap_ros_s__rosidl_typesupport_c.cpython-38-x86_64-linux-gnu.so
[4.013s] -- Up-to-date symlink: /home/jaime/RM3_ws/install/rtabmap_ros/lib/librtabmap_ros__python.so
[4.013s] -- Up-to-date symlink: /home/jaime/RM3_ws/install/rtabmap_ros/share/rtabmap_ros/msg/Info.idl
[4.014s] -- Up-to-date symlink: /home/jaime/RM3_ws/install/rtabmap_ros/share/rtabmap_ros/msg/KeyPoint.idl
[4.014s] -- Up-to-date symlink: /home/jaime/RM3_ws/install/rtabmap_ros/share/rtabmap_ros/msg/GlobalDescriptor.idl
[4.014s] -- Up-to-date symlink: /home/jaime/RM3_ws/install/rtabmap_ros/share/rtabmap_ros/msg/ScanDescriptor.idl
[4.014s] -- Up-to-date symlink: /home/jaime/RM3_ws/install/rtabmap_ros/share/rtabmap_ros/msg/MapData.idl
[4.014s] -- Up-to-date symlink: /home/jaime/RM3_ws/install/rtabmap_ros/share/rtabmap_ros/msg/MapGraph.idl
[4.015s] -- Up-to-date symlink: /home/jaime/RM3_ws/install/rtabmap_ros/share/rtabmap_ros/msg/NodeData.idl
[4.015s] -- Up-to-date symlink: /home/jaime/RM3_ws/install/rtabmap_ros/share/rtabmap_ros/msg/Link.idl
[4.015s] -- Up-to-date symlink: /home/jaime/RM3_ws/install/rtabmap_ros/share/rtabmap_ros/msg/OdomInfo.idl
[4.015s] -- Up-to-date symlink: /home/jaime/RM3_ws/install/rtabmap_ros/share/rtabmap_ros/msg/Point2f.idl
[4.016s] -- Up-to-date symlink: /home/jaime/RM3_ws/install/rtabmap_ros/share/rtabmap_ros/msg/Point3f.idl
[4.016s] -- Up-to-date symlink: /home/jaime/RM3_ws/install/rtabmap_ros/share/rtabmap_ros/msg/Goal.idl
[4.016s] -- Up-to-date symlink: /home/jaime/RM3_ws/install/rtabmap_ros/share/rtabmap_ros/msg/RGBDImage.idl
[4.016s] -- Up-to-date symlink: /home/jaime/RM3_ws/install/rtabmap_ros/share/rtabmap_ros/msg/RGBDImages.idl
[4.017s] -- Up-to-date symlink: /home/jaime/RM3_ws/install/rtabmap_ros/share/rtabmap_ros/msg/UserData.idl
[4.017s] -- Up-to-date symlink: /home/jaime/RM3_ws/install/rtabmap_ros/share/rtabmap_ros/msg/GPS.idl
[4.017s] -- Up-to-date symlink: /home/jaime/RM3_ws/install/rtabmap_ros/share/rtabmap_ros/msg/Path.idl
[4.018s] -- Up-to-date symlink: /home/jaime/RM3_ws/install/rtabmap_ros/share/rtabmap_ros/msg/EnvSensor.idl
[4.018s] -- Up-to-date symlink: /home/jaime/RM3_ws/install/rtabmap_ros/share/rtabmap_ros/srv/GetMap.idl
[4.018s] -- Up-to-date symlink: /home/jaime/RM3_ws/install/rtabmap_ros/share/rtabmap_ros/srv/GetMap2.idl
[4.019s] -- Up-to-date symlink: /home/jaime/RM3_ws/install/rtabmap_ros/share/rtabmap_ros/srv/ListLabels.idl
[4.019s] -- Up-to-date symlink: /home/jaime/RM3_ws/install/rtabmap_ros/share/rtabmap_ros/srv/PublishMap.idl
[4.019s] -- Up-to-date symlink: /home/jaime/RM3_ws/install/rtabmap_ros/share/rtabmap_ros/srv/ResetPose.idl
[4.020s] -- Up-to-date symlink: /home/jaime/RM3_ws/install/rtabmap_ros/share/rtabmap_ros/srv/SetGoal.idl
[4.020s] -- Up-to-date symlink: /home/jaime/RM3_ws/install/rtabmap_ros/share/rtabmap_ros/srv/SetLabel.idl
[4.020s] -- Up-to-date symlink: /home/jaime/RM3_ws/install/rtabmap_ros/share/rtabmap_ros/srv/RemoveLabel.idl
[4.020s] -- Up-to-date symlink: /home/jaime/RM3_ws/install/rtabmap_ros/share/rtabmap_ros/srv/GetPlan.idl
[4.021s] -- Up-to-date symlink: /home/jaime/RM3_ws/install/rtabmap_ros/share/rtabmap_ros/srv/AddLink.idl
[4.021s] -- Up-to-date symlink: /home/jaime/RM3_ws/install/rtabmap_ros/share/rtabmap_ros/srv/GetNodeData.idl
[4.021s] -- Up-to-date symlink: /home/jaime/RM3_ws/install/rtabmap_ros/share/rtabmap_ros/srv/GetNodesInRadius.idl
[4.022s] -- Up-to-date symlink: /home/jaime/RM3_ws/install/rtabmap_ros/share/rtabmap_ros/srv/LoadDatabase.idl
[4.022s] -- Up-to-date symlink: /home/jaime/RM3_ws/install/rtabmap_ros/share/rtabmap_ros/srv/DetectMoreLoopClosures.idl
[4.022s] -- Up-to-date symlink: /home/jaime/RM3_ws/install/rtabmap_ros/share/rtabmap_ros/srv/GlobalBundleAdjustment.idl
[4.022s] -- Up-to-date symlink: /home/jaime/RM3_ws/install/rtabmap_ros/share/rtabmap_ros/srv/CleanupLocalGrids.idl
[4.023s] -- Up-to-date symlink: /home/jaime/RM3_ws/install/rtabmap_ros/share/rtabmap_ros/msg/Info.msg
[4.023s] -- Up-to-date symlink: /home/jaime/RM3_ws/install/rtabmap_ros/share/rtabmap_ros/msg/KeyPoint.msg
[4.023s] -- Up-to-date symlink: /home/jaime/RM3_ws/install/rtabmap_ros/share/rtabmap_ros/msg/GlobalDescriptor.msg
[4.029s] -- Up-to-date symlink: /home/jaime/RM3_ws/install/rtabmap_ros/share/rtabmap_ros/msg/ScanDescriptor.msg
[4.029s] -- Up-to-date symlink: /home/jaime/RM3_ws/install/rtabmap_ros/share/rtabmap_ros/msg/MapData.msg
[4.029s] -- Up-to-date symlink: /home/jaime/RM3_ws/install/rtabmap_ros/share/rtabmap_ros/msg/MapGraph.msg
[4.030s] -- Up-to-date symlink: /home/jaime/RM3_ws/install/rtabmap_ros/share/rtabmap_ros/msg/NodeData.msg
[4.030s] -- Up-to-date symlink: /home/jaime/RM3_ws/install/rtabmap_ros/share/rtabmap_ros/msg/Link.msg
[4.030s] -- Up-to-date symlink: /home/jaime/RM3_ws/install/rtabmap_ros/share/rtabmap_ros/msg/OdomInfo.msg
[4.030s] -- Up-to-date symlink: /home/jaime/RM3_ws/install/rtabmap_ros/share/rtabmap_ros/msg/Point2f.msg
[4.031s] -- Up-to-date symlink: /home/jaime/RM3_ws/install/rtabmap_ros/share/rtabmap_ros/msg/Point3f.msg
[4.031s] -- Up-to-date symlink: /home/jaime/RM3_ws/install/rtabmap_ros/share/rtabmap_ros/msg/Goal.msg
[4.031s] -- Up-to-date symlink: /home/jaime/RM3_ws/install/rtabmap_ros/share/rtabmap_ros/msg/RGBDImage.msg
[4.032s] -- Up-to-date symlink: /home/jaime/RM3_ws/install/rtabmap_ros/share/rtabmap_ros/msg/RGBDImages.msg
[4.032s] -- Up-to-date symlink: /home/jaime/RM3_ws/install/rtabmap_ros/share/rtabmap_ros/msg/UserData.msg
[4.032s] -- Up-to-date symlink: /home/jaime/RM3_ws/install/rtabmap_ros/share/rtabmap_ros/msg/GPS.msg
[4.033s] -- Up-to-date symlink: /home/jaime/RM3_ws/install/rtabmap_ros/share/rtabmap_ros/msg/Path.msg
[4.033s] -- Up-to-date symlink: /home/jaime/RM3_ws/install/rtabmap_ros/share/rtabmap_ros/msg/EnvSensor.msg
[4.033s] -- Up-to-date symlink: /home/jaime/RM3_ws/install/rtabmap_ros/share/rtabmap_ros/srv/GetMap.srv
[4.033s] -- Up-to-date symlink: /home/jaime/RM3_ws/install/rtabmap_ros/share/rtabmap_ros/srv/GetMap_Request.msg
[4.034s] -- Up-to-date symlink: /home/jaime/RM3_ws/install/rtabmap_ros/share/rtabmap_ros/srv/GetMap_Response.msg
[4.034s] -- Up-to-date symlink: /home/jaime/RM3_ws/install/rtabmap_ros/share/rtabmap_ros/srv/GetMap2.srv
[4.034s] -- Up-to-date symlink: /home/jaime/RM3_ws/install/rtabmap_ros/share/rtabmap_ros/srv/GetMap2_Request.msg
[4.034s] -- Up-to-date symlink: /home/jaime/RM3_ws/install/rtabmap_ros/share/rtabmap_ros/srv/GetMap2_Response.msg
[4.035s] -- Up-to-date symlink: /home/jaime/RM3_ws/install/rtabmap_ros/share/rtabmap_ros/srv/ListLabels.srv
[4.035s] -- Up-to-date symlink: /home/jaime/RM3_ws/install/rtabmap_ros/share/rtabmap_ros/srv/ListLabels_Request.msg
[4.035s] -- Up-to-date symlink: /home/jaime/RM3_ws/install/rtabmap_ros/share/rtabmap_ros/srv/ListLabels_Response.msg
[4.035s] -- Up-to-date symlink: /home/jaime/RM3_ws/install/rtabmap_ros/share/rtabmap_ros/srv/PublishMap.srv
[4.036s] -- Up-to-date symlink: /home/jaime/RM3_ws/install/rtabmap_ros/share/rtabmap_ros/srv/PublishMap_Request.msg
[4.036s] -- Up-to-date symlink: /home/jaime/RM3_ws/install/rtabmap_ros/share/rtabmap_ros/srv/PublishMap_Response.msg
[4.036s] -- Up-to-date symlink: /home/jaime/RM3_ws/install/rtabmap_ros/share/rtabmap_ros/srv/ResetPose.srv
[4.036s] -- Up-to-date symlink: /home/jaime/RM3_ws/install/rtabmap_ros/share/rtabmap_ros/srv/ResetPose_Request.msg
[4.039s] -- Up-to-date symlink: /home/jaime/RM3_ws/install/rtabmap_ros/share/rtabmap_ros/srv/ResetPose_Response.msg
[4.040s] -- Up-to-date symlink: /home/jaime/RM3_ws/install/rtabmap_ros/share/rtabmap_ros/srv/SetGoal.srv
[4.040s] -- Up-to-date symlink: /home/jaime/RM3_ws/install/rtabmap_ros/share/rtabmap_ros/srv/SetGoal_Request.msg
[4.041s] -- Up-to-date symlink: /home/jaime/RM3_ws/install/rtabmap_ros/share/rtabmap_ros/srv/SetGoal_Response.msg
[4.041s] -- Up-to-date symlink: /home/jaime/RM3_ws/install/rtabmap_ros/share/rtabmap_ros/srv/SetLabel.srv
[4.041s] -- Up-to-date symlink: /home/jaime/RM3_ws/install/rtabmap_ros/share/rtabmap_ros/srv/SetLabel_Request.msg
[4.042s] -- Up-to-date symlink: /home/jaime/RM3_ws/install/rtabmap_ros/share/rtabmap_ros/srv/SetLabel_Response.msg
[4.042s] -- Up-to-date symlink: /home/jaime/RM3_ws/install/rtabmap_ros/share/rtabmap_ros/srv/RemoveLabel.srv
[4.042s] -- Up-to-date symlink: /home/jaime/RM3_ws/install/rtabmap_ros/share/rtabmap_ros/srv/RemoveLabel_Request.msg
[4.043s] -- Up-to-date symlink: /home/jaime/RM3_ws/install/rtabmap_ros/share/rtabmap_ros/srv/RemoveLabel_Response.msg
[4.043s] -- Up-to-date symlink: /home/jaime/RM3_ws/install/rtabmap_ros/share/rtabmap_ros/srv/GetPlan.srv
[4.044s] -- Up-to-date symlink: /home/jaime/RM3_ws/install/rtabmap_ros/share/rtabmap_ros/srv/GetPlan_Request.msg
[4.045s] -- Up-to-date symlink: /home/jaime/RM3_ws/install/rtabmap_ros/share/rtabmap_ros/srv/GetPlan_Response.msg
[4.046s] -- Up-to-date symlink: /home/jaime/RM3_ws/install/rtabmap_ros/share/rtabmap_ros/srv/AddLink.srv
[4.046s] -- Up-to-date symlink: /home/jaime/RM3_ws/install/rtabmap_ros/share/rtabmap_ros/srv/AddLink_Request.msg
[4.048s] -- Up-to-date symlink: /home/jaime/RM3_ws/install/rtabmap_ros/share/rtabmap_ros/srv/AddLink_Response.msg
[4.050s] -- Up-to-date symlink: /home/jaime/RM3_ws/install/rtabmap_ros/share/rtabmap_ros/srv/GetNodeData.srv
[4.050s] -- Up-to-date symlink: /home/jaime/RM3_ws/install/rtabmap_ros/share/rtabmap_ros/srv/GetNodeData_Request.msg
[4.050s] -- Up-to-date symlink: /home/jaime/RM3_ws/install/rtabmap_ros/share/rtabmap_ros/srv/GetNodeData_Response.msg
[4.051s] -- Up-to-date symlink: /home/jaime/RM3_ws/install/rtabmap_ros/share/rtabmap_ros/srv/GetNodesInRadius.srv
[4.051s] -- Up-to-date symlink: /home/jaime/RM3_ws/install/rtabmap_ros/share/rtabmap_ros/srv/GetNodesInRadius_Request.msg
[4.051s] -- Up-to-date symlink: /home/jaime/RM3_ws/install/rtabmap_ros/share/rtabmap_ros/srv/GetNodesInRadius_Response.msg
[4.052s] -- Up-to-date symlink: /home/jaime/RM3_ws/install/rtabmap_ros/share/rtabmap_ros/srv/LoadDatabase.srv
[4.052s] -- Up-to-date symlink: /home/jaime/RM3_ws/install/rtabmap_ros/share/rtabmap_ros/srv/LoadDatabase_Request.msg
[4.052s] -- Up-to-date symlink: /home/jaime/RM3_ws/install/rtabmap_ros/share/rtabmap_ros/srv/LoadDatabase_Response.msg
[4.053s] -- Up-to-date symlink: /home/jaime/RM3_ws/install/rtabmap_ros/share/rtabmap_ros/srv/DetectMoreLoopClosures.srv
[4.053s] -- Up-to-date symlink: /home/jaime/RM3_ws/install/rtabmap_ros/share/rtabmap_ros/srv/DetectMoreLoopClosures_Request.msg
[4.053s] -- Up-to-date symlink: /home/jaime/RM3_ws/install/rtabmap_ros/share/rtabmap_ros/srv/DetectMoreLoopClosures_Response.msg
[4.053s] -- Up-to-date symlink: /home/jaime/RM3_ws/install/rtabmap_ros/share/rtabmap_ros/srv/GlobalBundleAdjustment.srv
[4.054s] -- Up-to-date symlink: /home/jaime/RM3_ws/install/rtabmap_ros/share/rtabmap_ros/srv/GlobalBundleAdjustment_Request.msg
[4.054s] -- Up-to-date symlink: /home/jaime/RM3_ws/install/rtabmap_ros/share/rtabmap_ros/srv/GlobalBundleAdjustment_Response.msg
[4.054s] -- Up-to-date symlink: /home/jaime/RM3_ws/install/rtabmap_ros/share/rtabmap_ros/srv/CleanupLocalGrids.srv
[4.054s] -- Up-to-date symlink: /home/jaime/RM3_ws/install/rtabmap_ros/share/rtabmap_ros/srv/CleanupLocalGrids_Request.msg
[4.055s] -- Up-to-date symlink: /home/jaime/RM3_ws/install/rtabmap_ros/share/rtabmap_ros/srv/CleanupLocalGrids_Response.msg
[4.055s] -- Up-to-date symlink: /home/jaime/RM3_ws/install/rtabmap_ros/share/rtabmap_ros//rviz_plugins.xml
[4.055s] -- Up-to-date symlink: /home/jaime/RM3_ws/install/rtabmap_ros/lib/librtabmap_sync.so
[4.056s] -- Up-to-date symlink: /home/jaime/RM3_ws/install/rtabmap_ros/lib/librtabmap_common.so
[4.056s] -- Up-to-date symlink: /home/jaime/RM3_ws/install/rtabmap_ros/lib/librtabmap_plugins.so
[4.056s] -- Up-to-date symlink: /home/jaime/RM3_ws/install/rtabmap_ros/lib/rtabmap_ros/rtabmap
[4.057s] -- Up-to-date symlink: /home/jaime/RM3_ws/install/rtabmap_ros/lib/rtabmap_ros/rgbd_odometry
[4.057s] -- Up-to-date symlink: /home/jaime/RM3_ws/install/rtabmap_ros/lib/rtabmap_ros/icp_odometry
[4.058s] -- Up-to-date symlink: /home/jaime/RM3_ws/install/rtabmap_ros/lib/rtabmap_ros/stereo_odometry
[4.058s] -- Up-to-date symlink: /home/jaime/RM3_ws/install/rtabmap_ros/lib/rtabmap_ros/pointcloud_to_depthimage
[4.058s] -- Up-to-date symlink: /home/jaime/RM3_ws/install/rtabmap_ros/lib/rtabmap_ros/point_cloud_xyz
[4.058s] -- Up-to-date symlink: /home/jaime/RM3_ws/install/rtabmap_ros/lib/rtabmap_ros/point_cloud_xyzrgb
[4.059s] -- Up-to-date symlink: /home/jaime/RM3_ws/install/rtabmap_ros/lib/rtabmap_ros/obstacles_detection
[4.059s] -- Up-to-date symlink: /home/jaime/RM3_ws/install/rtabmap_ros/lib/rtabmap_ros/point_cloud_aggregator
[4.059s] -- Up-to-date symlink: /home/jaime/RM3_ws/install/rtabmap_ros/lib/rtabmap_ros/point_cloud_assembler
[4.060s] -- Up-to-date symlink: /home/jaime/RM3_ws/install/rtabmap_ros/lib/rtabmap_ros/rgbd_sync
[4.060s] -- Up-to-date symlink: /home/jaime/RM3_ws/install/rtabmap_ros/lib/rtabmap_ros/rgbdx_sync
[4.060s] -- Up-to-date symlink: /home/jaime/RM3_ws/install/rtabmap_ros/lib/rtabmap_ros/stereo_sync
[4.060s] -- Up-to-date symlink: /home/jaime/RM3_ws/install/rtabmap_ros/lib/rtabmap_ros/rgb_sync
[4.061s] -- Up-to-date symlink: /home/jaime/RM3_ws/install/rtabmap_ros/lib/rtabmap_ros/rgbd_relay
[4.061s] -- Up-to-date symlink: /home/jaime/RM3_ws/install/rtabmap_ros/lib/rtabmap_ros/rtabmapviz
[4.061s] -- Up-to-date symlink: /home/jaime/RM3_ws/install/rtabmap_ros/share/rtabmap_ros/launch/./.gitignore
[4.062s] -- Up-to-date symlink: /home/jaime/RM3_ws/install/rtabmap_ros/share/rtabmap_ros/launch/./config/rgbd.rviz
[4.063s] -- Up-to-date symlink: /home/jaime/RM3_ws/install/rtabmap_ros/share/rtabmap_ros/launch/./realsense_d400.launch.py
[4.064s] -- Up-to-date symlink: /home/jaime/RM3_ws/install/rtabmap_ros/share/rtabmap_ros/launch/./rtabmap.launch.py
[4.064s] -- Up-to-date symlink: /home/jaime/RM3_ws/install/rtabmap_ros/share/rtabmap_ros/launch/./turtlebot3_rgbd.launch.py
[4.064s] -- Up-to-date symlink: /home/jaime/RM3_ws/install/rtabmap_ros/share/rtabmap_ros/launch/./turtlebot3_rgbd_sync.launch.py
[4.066s] -- Up-to-date symlink: /home/jaime/RM3_ws/install/rtabmap_ros/share/rtabmap_ros/launch/./turtlebot3_scan.launch.py
[4.066s] -- Up-to-date symlink: /home/jaime/RM3_ws/install/rtabmap_ros/share/ament_index/resource_index/package_run_dependencies/rtabmap_ros
[4.066s] -- Up-to-date symlink: /home/jaime/RM3_ws/install/rtabmap_ros/share/ament_index/resource_index/parent_prefix_path/rtabmap_ros
[4.066s] -- Up-to-date symlink: /home/jaime/RM3_ws/install/rtabmap_ros/share/rtabmap_ros/environment/ament_prefix_path.sh
[4.066s] -- Up-to-date symlink: /home/jaime/RM3_ws/install/rtabmap_ros/share/rtabmap_ros/environment/ament_prefix_path.dsv
[4.067s] -- Up-to-date symlink: /home/jaime/RM3_ws/install/rtabmap_ros/share/rtabmap_ros/environment/path.sh
[4.067s] -- Up-to-date symlink: /home/jaime/RM3_ws/install/rtabmap_ros/share/rtabmap_ros/environment/path.dsv
[4.067s] -- Up-to-date symlink: /home/jaime/RM3_ws/install/rtabmap_ros/share/rtabmap_ros/local_setup.bash
[4.067s] -- Up-to-date symlink: /home/jaime/RM3_ws/install/rtabmap_ros/share/rtabmap_ros/local_setup.sh
[4.067s] -- Up-to-date symlink: /home/jaime/RM3_ws/install/rtabmap_ros/share/rtabmap_ros/local_setup.zsh
[4.067s] -- Up-to-date symlink: /home/jaime/RM3_ws/install/rtabmap_ros/share/rtabmap_ros/local_setup.dsv
[4.068s] -- Symlinking: /home/jaime/RM3_ws/install/rtabmap_ros/share/rtabmap_ros/package.dsv
[4.078s] -- Up-to-date symlink: /home/jaime/RM3_ws/install/rtabmap_ros/share/ament_index/resource_index/packages/rtabmap_ros
[4.078s] -- Up-to-date symlink: /home/jaime/RM3_ws/install/rtabmap_ros/share/ament_index/resource_index/rviz_common__pluginlib__plugin/rtabmap_ros
[4.079s] -- Up-to-date symlink: /home/jaime/RM3_ws/install/rtabmap_ros/share/ament_index/resource_index/rclcpp_components/rtabmap_ros
[4.080s] -- Up-to-date symlink: /home/jaime/RM3_ws/install/rtabmap_ros/share/rtabmap_ros/cmake/rosidl_cmake-extras.cmake
[4.080s] -- Up-to-date symlink: /home/jaime/RM3_ws/install/rtabmap_ros/share/rtabmap_ros/cmake/ament_cmake_export_dependencies-extras.cmake
[4.081s] -- Up-to-date symlink: /home/jaime/RM3_ws/install/rtabmap_ros/share/rtabmap_ros/cmake/ament_cmake_export_libraries-extras.cmake
[4.082s] -- Up-to-date symlink: /home/jaime/RM3_ws/install/rtabmap_ros/share/rtabmap_ros/cmake/ament_cmake_export_targets-extras.cmake
[4.082s] -- Up-to-date symlink: /home/jaime/RM3_ws/install/rtabmap_ros/share/rtabmap_ros/cmake/ament_cmake_export_include_directories-extras.cmake
[4.083s] -- Up-to-date symlink: /home/jaime/RM3_ws/install/rtabmap_ros/share/rtabmap_ros/cmake/rosidl_cmake_export_typesupport_libraries-extras.cmake
[4.083s] -- Up-to-date symlink: /home/jaime/RM3_ws/install/rtabmap_ros/share/rtabmap_ros/cmake/rosidl_cmake_export_typesupport_targets-extras.cmake
[4.083s] -- Up-to-date symlink: /home/jaime/RM3_ws/install/rtabmap_ros/share/rtabmap_ros/cmake/rtabmap_rosConfig.cmake
[4.084s] -- Up-to-date symlink: /home/jaime/RM3_ws/install/rtabmap_ros/share/rtabmap_ros/cmake/rtabmap_rosConfig-version.cmake
[4.084s] -- Up-to-date symlink: /home/jaime/RM3_ws/install/rtabmap_ros/share/rtabmap_ros/package.xml
[4.085s] -- Up-to-date: /home/jaime/RM3_ws/install/rtabmap_ros/lib/librtabmap_ros__rosidl_generator_c.so
[4.085s] -- Up-to-date: /home/jaime/RM3_ws/install/rtabmap_ros/lib/librtabmap_ros__rosidl_typesupport_introspection_c.so
[4.086s] -- Up-to-date: /home/jaime/RM3_ws/install/rtabmap_ros/lib/librtabmap_ros__rosidl_typesupport_c.so
[4.086s] -- Up-to-date: /home/jaime/RM3_ws/install/rtabmap_ros/lib/librtabmap_ros__rosidl_typesupport_introspection_cpp.so
[4.087s] -- Up-to-date: /home/jaime/RM3_ws/install/rtabmap_ros/lib/librtabmap_ros__rosidl_typesupport_cpp.so
[4.153s] -- Up-to-date: /home/jaime/RM3_ws/install/rtabmap_ros/include/rtabmap_ros
[4.154s] -- Up-to-date: /home/jaime/RM3_ws/install/rtabmap_ros/include/rtabmap_ros/CoreWrapper.h
[4.155s] -- Up-to-date: /home/jaime/RM3_ws/install/rtabmap_ros/include/rtabmap_ros/MsgConversion.h
[4.155s] -- Up-to-date: /home/jaime/RM3_ws/install/rtabmap_ros/include/rtabmap_ros/CommonDataSubscriber.h
[4.155s] -- Up-to-date: /home/jaime/RM3_ws/install/rtabmap_ros/include/rtabmap_ros/PluginInterface.h
[4.155s] -- Up-to-date: /home/jaime/RM3_ws/install/rtabmap_ros/include/rtabmap_ros/GuiWrapper.h
[4.155s] -- Up-to-date: /home/jaime/RM3_ws/install/rtabmap_ros/include/rtabmap_ros/MapsManager.h
[4.155s] -- Up-to-date: /home/jaime/RM3_ws/install/rtabmap_ros/include/rtabmap_ros/visibility.h
[4.156s] -- Up-to-date: /home/jaime/RM3_ws/install/rtabmap_ros/include/rtabmap_ros/OdometryROS.h
[4.156s] -- Up-to-date: /home/jaime/RM3_ws/install/rtabmap_ros/include/rtabmap_ros/GetTopicName.h
[4.156s] -- Up-to-date: /home/jaime/RM3_ws/install/rtabmap_ros/include/rtabmap_ros/PreferencesDialogROS.h
[4.156s] -- Up-to-date: /home/jaime/RM3_ws/install/rtabmap_ros/include/rtabmap_ros/CommonDataSubscriberDefines.h
[4.157s] -- Up-to-date: /home/jaime/RM3_ws/install/rtabmap_ros/lib/librtabmap_rviz_plugins.so
[4.157s] -- Up-to-date: /home/jaime/RM3_ws/install/rtabmap_ros/share/rtabmap_ros/cmake/rtabmap_ros__rosidl_generator_cExport.cmake
[4.157s] -- Up-to-date: /home/jaime/RM3_ws/install/rtabmap_ros/share/rtabmap_ros/cmake/rtabmap_ros__rosidl_generator_cExport-noconfig.cmake
[4.157s] -- Up-to-date: /home/jaime/RM3_ws/install/rtabmap_ros/share/rtabmap_ros/cmake/rtabmap_ros__rosidl_typesupport_introspection_cExport.cmake
[4.158s] -- Up-to-date: /home/jaime/RM3_ws/install/rtabmap_ros/share/rtabmap_ros/cmake/rtabmap_ros__rosidl_typesupport_introspection_cExport-noconfig.cmake
[4.158s] -- Up-to-date: /home/jaime/RM3_ws/install/rtabmap_ros/share/rtabmap_ros/cmake/rtabmap_ros__rosidl_typesupport_cExport.cmake
[4.158s] -- Up-to-date: /home/jaime/RM3_ws/install/rtabmap_ros/share/rtabmap_ros/cmake/rtabmap_ros__rosidl_typesupport_cExport-noconfig.cmake
[4.158s] -- Up-to-date: /home/jaime/RM3_ws/install/rtabmap_ros/share/rtabmap_ros/cmake/rtabmap_ros__rosidl_generator_cppExport.cmake
[4.158s] -- Up-to-date: /home/jaime/RM3_ws/install/rtabmap_ros/share/rtabmap_ros/cmake/rtabmap_ros__rosidl_typesupport_introspection_cppExport.cmake
[4.158s] -- Up-to-date: /home/jaime/RM3_ws/install/rtabmap_ros/share/rtabmap_ros/cmake/rtabmap_ros__rosidl_typesupport_introspection_cppExport-noconfig.cmake
[4.159s] -- Up-to-date: /home/jaime/RM3_ws/install/rtabmap_ros/share/rtabmap_ros/cmake/rtabmap_ros__rosidl_typesupport_cppExport.cmake
[4.159s] -- Up-to-date: /home/jaime/RM3_ws/install/rtabmap_ros/share/rtabmap_ros/cmake/rtabmap_ros__rosidl_typesupport_cppExport-noconfig.cmake
[4.166s] Invoked command in '/home/jaime/RM3_ws/build/rtabmap_ros' returned '0': CMAKE_PREFIX_PATH=/home/jaime/RM3_ws/install/rtabmap:/opt/ros/foxy LD_LIBRARY_PATH=/home/jaime/RM3_ws/install/rtabmap/lib:${LD_LIBRARY_PATH} PATH=/home/jaime/RM3_ws/install/rtabmap/bin:${PATH} PKG_CONFIG_PATH=/home/jaime/RM3_ws/install/rtabmap/lib/x86_64-linux-gnu/pkgconfig:/home/jaime/RM3_ws/install/rtabmap/lib/pkgconfig /usr/bin/cmake --install /home/jaime/RM3_ws/build/rtabmap_ros
