[0.016s] Invoking command in '/home/jaime/RM3_ws/build/transmission_interface': AMENT_PREFIX_PATH=/home/jaime/RM3_ws/install/hardware_interface:${AMENT_PREFIX_PATH} CMAKE_PREFIX_PATH=/home/jaime/RM3_ws/install/hardware_interface:/home/jaime/RM3_ws/install/robominer_msgs/share/robominer_msgs/cmake:/opt/ros/foxy LD_LIBRARY_PATH=/home/jaime/RM3_ws/install/hardware_interface/lib:${LD_LIBRARY_PATH} /usr/bin/cmake --build /home/jaime/RM3_ws/build/transmission_interface -- -j8 -l8
[0.065s] [ 27%] Built target gmock
[0.066s] [ 45%] Built target gmock_main
[0.091s] [ 81%] Built target test_differential_transmission
[0.091s] [ 81%] Built target test_simple_transmission
[0.095s] [100%] Built target test_four_bar_linkage_transmission
[0.109s] Invoked command in '/home/jaime/RM3_ws/build/transmission_interface' returned '0': AMENT_PREFIX_PATH=/home/jaime/RM3_ws/install/hardware_interface:${AMENT_PREFIX_PATH} CMAKE_PREFIX_PATH=/home/jaime/RM3_ws/install/hardware_interface:/home/jaime/RM3_ws/install/robominer_msgs/share/robominer_msgs/cmake:/opt/ros/foxy LD_LIBRARY_PATH=/home/jaime/RM3_ws/install/hardware_interface/lib:${LD_LIBRARY_PATH} /usr/bin/cmake --build /home/jaime/RM3_ws/build/transmission_interface -- -j8 -l8
[0.137s] Invoking command in '/home/jaime/RM3_ws/build/transmission_interface': AMENT_PREFIX_PATH=/home/jaime/RM3_ws/install/hardware_interface:${AMENT_PREFIX_PATH} CMAKE_PREFIX_PATH=/home/jaime/RM3_ws/install/hardware_interface:/home/jaime/RM3_ws/install/robominer_msgs/share/robominer_msgs/cmake:/opt/ros/foxy LD_LIBRARY_PATH=/home/jaime/RM3_ws/install/hardware_interface/lib:${LD_LIBRARY_PATH} /usr/bin/cmake --install /home/jaime/RM3_ws/build/transmission_interface
[0.145s] -- Install configuration: ""
[0.145s] -- Execute custom install script
[0.146s] -- Up-to-date symlink: /home/jaime/RM3_ws/install/transmission_interface/include/transmission_interface/accessor.hpp
[0.146s] -- Up-to-date symlink: /home/jaime/RM3_ws/install/transmission_interface/include/transmission_interface/differential_transmission.hpp
[0.146s] -- Up-to-date symlink: /home/jaime/RM3_ws/install/transmission_interface/include/transmission_interface/exception.hpp
[0.146s] -- Up-to-date symlink: /home/jaime/RM3_ws/install/transmission_interface/include/transmission_interface/four_bar_linkage_transmission.hpp
[0.147s] -- Up-to-date symlink: /home/jaime/RM3_ws/install/transmission_interface/include/transmission_interface/handle.hpp
[0.147s] -- Up-to-date symlink: /home/jaime/RM3_ws/install/transmission_interface/include/transmission_interface/simple_transmission.hpp
[0.147s] -- Up-to-date symlink: /home/jaime/RM3_ws/install/transmission_interface/include/transmission_interface/transmission.hpp
[0.147s] -- Up-to-date symlink: /home/jaime/RM3_ws/install/transmission_interface/include/transmission_interface/transmission_parser.hpp
[0.148s] -- Up-to-date symlink: /home/jaime/RM3_ws/install/transmission_interface/include/transmission_interface/visibility_control.h
[0.148s] -- Up-to-date symlink: /home/jaime/RM3_ws/install/transmission_interface/share/ament_index/resource_index/package_run_dependencies/transmission_interface
[0.148s] -- Up-to-date symlink: /home/jaime/RM3_ws/install/transmission_interface/share/ament_index/resource_index/parent_prefix_path/transmission_interface
[0.149s] -- Up-to-date symlink: /home/jaime/RM3_ws/install/transmission_interface/share/transmission_interface/environment/ament_prefix_path.sh
[0.149s] -- Up-to-date symlink: /home/jaime/RM3_ws/install/transmission_interface/share/transmission_interface/environment/ament_prefix_path.dsv
[0.149s] -- Up-to-date symlink: /home/jaime/RM3_ws/install/transmission_interface/share/transmission_interface/environment/path.sh
[0.149s] -- Up-to-date symlink: /home/jaime/RM3_ws/install/transmission_interface/share/transmission_interface/environment/path.dsv
[0.149s] -- Up-to-date symlink: /home/jaime/RM3_ws/install/transmission_interface/share/transmission_interface/local_setup.bash
[0.150s] -- Up-to-date symlink: /home/jaime/RM3_ws/install/transmission_interface/share/transmission_interface/local_setup.sh
[0.150s] -- Up-to-date symlink: /home/jaime/RM3_ws/install/transmission_interface/share/transmission_interface/local_setup.zsh
[0.150s] -- Up-to-date symlink: /home/jaime/RM3_ws/install/transmission_interface/share/transmission_interface/local_setup.dsv
[0.150s] -- Symlinking: /home/jaime/RM3_ws/install/transmission_interface/share/transmission_interface/package.dsv
[0.159s] -- Up-to-date symlink: /home/jaime/RM3_ws/install/transmission_interface/share/ament_index/resource_index/packages/transmission_interface
[0.159s] -- Up-to-date symlink: /home/jaime/RM3_ws/install/transmission_interface/share/transmission_interface/cmake/ament_cmake_export_include_directories-extras.cmake
[0.160s] -- Up-to-date symlink: /home/jaime/RM3_ws/install/transmission_interface/share/transmission_interface/cmake/ament_cmake_export_dependencies-extras.cmake
[0.160s] -- Up-to-date symlink: /home/jaime/RM3_ws/install/transmission_interface/share/transmission_interface/cmake/transmission_interfaceConfig.cmake
[0.160s] -- Up-to-date symlink: /home/jaime/RM3_ws/install/transmission_interface/share/transmission_interface/cmake/transmission_interfaceConfig-version.cmake
[0.161s] -- Up-to-date symlink: /home/jaime/RM3_ws/install/transmission_interface/share/transmission_interface/package.xml
[0.164s] Invoked command in '/home/jaime/RM3_ws/build/transmission_interface' returned '0': AMENT_PREFIX_PATH=/home/jaime/RM3_ws/install/hardware_interface:${AMENT_PREFIX_PATH} CMAKE_PREFIX_PATH=/home/jaime/RM3_ws/install/hardware_interface:/home/jaime/RM3_ws/install/robominer_msgs/share/robominer_msgs/cmake:/opt/ros/foxy LD_LIBRARY_PATH=/home/jaime/RM3_ws/install/hardware_interface/lib:${LD_LIBRARY_PATH} /usr/bin/cmake --install /home/jaime/RM3_ws/build/transmission_interface
