[0.078s] Invoking command in '/home/jaime/RM3_ws/build/joint_state_broadcaster': AMENT_PREFIX_PATH=/home/jaime/RM3_ws/install/controller_manager:/home/jaime/RM3_ws/install/controller_interface:/home/jaime/RM3_ws/install/hardware_interface:/home/jaime/RM3_ws/install/ros2_control_test_assets:/home/jaime/RM3_ws/install/controller_manager_msgs:${AMENT_PREFIX_PATH} CMAKE_PREFIX_PATH=/home/jaime/RM3_ws/install/controller_manager:/home/jaime/RM3_ws/install/controller_interface:/home/jaime/RM3_ws/install/hardware_interface:/home/jaime/RM3_ws/install/ros2_control_test_assets:/home/jaime/RM3_ws/install/controller_manager_msgs:/opt/ros/foxy LD_LIBRARY_PATH=/home/jaime/RM3_ws/install/controller_manager/lib:/home/jaime/RM3_ws/install/controller_interface/lib:/home/jaime/RM3_ws/install/hardware_interface/lib:/home/jaime/RM3_ws/install/controller_manager_msgs/lib:${LD_LIBRARY_PATH} PYTHONPATH=/home/jaime/RM3_ws/install/controller_manager/lib/python3.8/site-packages:/home/jaime/RM3_ws/install/controller_manager_msgs/lib/python3.8/site-packages:${PYTHONPATH} /usr/bin/cmake /home/jaime/RM3_ws/src/ros2_controllers/joint_state_broadcaster -DAMENT_CMAKE_SYMLINK_INSTALL=1 -DCMAKE_INSTALL_PREFIX=/home/jaime/RM3_ws/install/joint_state_broadcaster
[0.130s] -- Found ament_cmake: 0.9.9 (/opt/ros/foxy/share/ament_cmake/cmake)
[0.131s] -- Using PYTHON_EXECUTABLE: /usr/bin/python3
[0.360s] -- Override CMake install command with custom implementation using symlinks instead of copying resources
[0.368s] -- Found control_msgs: 2.5.1 (/opt/ros/foxy/share/control_msgs/cmake)
[0.396s] -- Using all available rosidl_typesupport_c: rosidl_typesupport_fastrtps_c;rosidl_typesupport_introspection_c
[0.400s] -- Found rosidl_adapter: 1.2.1 (/opt/ros/foxy/share/rosidl_adapter/cmake)
[0.557s] -- Using all available rosidl_typesupport_cpp: rosidl_typesupport_fastrtps_cpp;rosidl_typesupport_introspection_cpp
[1.138s] -- Found controller_interface: 0.10.1 (/home/jaime/RM3_ws/install/controller_interface/share/controller_interface/cmake)
[1.257s] -- Found rmw_implementation_cmake: 1.0.3 (/opt/ros/foxy/share/rmw_implementation_cmake/cmake)
[1.259s] -- Using RMW implementation 'rmw_fastrtps_cpp' as default
[1.595s] -- Found realtime_tools: 2.2.0 (/opt/ros/foxy/share/realtime_tools/cmake)
[1.679s] -- Found ament_cmake_gmock: 0.9.9 (/opt/ros/foxy/share/ament_cmake_gmock/cmake)
[1.679s] -- Found controller_manager: 0.10.1 (/home/jaime/RM3_ws/install/controller_manager/share/controller_manager/cmake)
[1.752s] -- Found ros2_control_test_assets: 0.10.1 (/home/jaime/RM3_ws/install/ros2_control_test_assets/share/ros2_control_test_assets/cmake)
[1.754s] -- Found gmock sources under '/opt/ros/foxy/src/gmock_vendor': C++ tests using 'Google Mock' will be built
[1.756s] -- Found ament_cmake_gtest: 0.9.9 (/opt/ros/foxy/share/ament_cmake_gtest/cmake)
[1.757s] -- Found gtest sources under '/opt/ros/foxy/src/gtest_vendor': C++ tests using 'Google Test' will be built
[1.956s] -- Configuring done
[2.040s] -- Generating done
[2.044s] -- Build files have been written to: /home/jaime/RM3_ws/build/joint_state_broadcaster
[2.062s] Invoked command in '/home/jaime/RM3_ws/build/joint_state_broadcaster' returned '0': AMENT_PREFIX_PATH=/home/jaime/RM3_ws/install/controller_manager:/home/jaime/RM3_ws/install/controller_interface:/home/jaime/RM3_ws/install/hardware_interface:/home/jaime/RM3_ws/install/ros2_control_test_assets:/home/jaime/RM3_ws/install/controller_manager_msgs:${AMENT_PREFIX_PATH} CMAKE_PREFIX_PATH=/home/jaime/RM3_ws/install/controller_manager:/home/jaime/RM3_ws/install/controller_interface:/home/jaime/RM3_ws/install/hardware_interface:/home/jaime/RM3_ws/install/ros2_control_test_assets:/home/jaime/RM3_ws/install/controller_manager_msgs:/opt/ros/foxy LD_LIBRARY_PATH=/home/jaime/RM3_ws/install/controller_manager/lib:/home/jaime/RM3_ws/install/controller_interface/lib:/home/jaime/RM3_ws/install/hardware_interface/lib:/home/jaime/RM3_ws/install/controller_manager_msgs/lib:${LD_LIBRARY_PATH} PYTHONPATH=/home/jaime/RM3_ws/install/controller_manager/lib/python3.8/site-packages:/home/jaime/RM3_ws/install/controller_manager_msgs/lib/python3.8/site-packages:${PYTHONPATH} /usr/bin/cmake /home/jaime/RM3_ws/src/ros2_controllers/joint_state_broadcaster -DAMENT_CMAKE_SYMLINK_INSTALL=1 -DCMAKE_INSTALL_PREFIX=/home/jaime/RM3_ws/install/joint_state_broadcaster
[2.063s] Invoking command in '/home/jaime/RM3_ws/build/joint_state_broadcaster': AMENT_PREFIX_PATH=/home/jaime/RM3_ws/install/controller_manager:/home/jaime/RM3_ws/install/controller_interface:/home/jaime/RM3_ws/install/hardware_interface:/home/jaime/RM3_ws/install/ros2_control_test_assets:/home/jaime/RM3_ws/install/controller_manager_msgs:${AMENT_PREFIX_PATH} CMAKE_PREFIX_PATH=/home/jaime/RM3_ws/install/controller_manager:/home/jaime/RM3_ws/install/controller_interface:/home/jaime/RM3_ws/install/hardware_interface:/home/jaime/RM3_ws/install/ros2_control_test_assets:/home/jaime/RM3_ws/install/controller_manager_msgs:/opt/ros/foxy LD_LIBRARY_PATH=/home/jaime/RM3_ws/install/controller_manager/lib:/home/jaime/RM3_ws/install/controller_interface/lib:/home/jaime/RM3_ws/install/hardware_interface/lib:/home/jaime/RM3_ws/install/controller_manager_msgs/lib:${LD_LIBRARY_PATH} PYTHONPATH=/home/jaime/RM3_ws/install/controller_manager/lib/python3.8/site-packages:/home/jaime/RM3_ws/install/controller_manager_msgs/lib/python3.8/site-packages:${PYTHONPATH} /usr/bin/cmake --build /home/jaime/RM3_ws/build/joint_state_broadcaster
[2.124s] [ 18%] Built target gmock_main
[2.136s] [ 45%] Built target gmock
[2.176s] [ 63%] Built target joint_state_broadcaster
[2.195s] [ 81%] Built target test_load_joint_state_broadcaster
[2.223s] [100%] Built target test_joint_state_broadcaster
[2.234s] Invoked command in '/home/jaime/RM3_ws/build/joint_state_broadcaster' returned '0': AMENT_PREFIX_PATH=/home/jaime/RM3_ws/install/controller_manager:/home/jaime/RM3_ws/install/controller_interface:/home/jaime/RM3_ws/install/hardware_interface:/home/jaime/RM3_ws/install/ros2_control_test_assets:/home/jaime/RM3_ws/install/controller_manager_msgs:${AMENT_PREFIX_PATH} CMAKE_PREFIX_PATH=/home/jaime/RM3_ws/install/controller_manager:/home/jaime/RM3_ws/install/controller_interface:/home/jaime/RM3_ws/install/hardware_interface:/home/jaime/RM3_ws/install/ros2_control_test_assets:/home/jaime/RM3_ws/install/controller_manager_msgs:/opt/ros/foxy LD_LIBRARY_PATH=/home/jaime/RM3_ws/install/controller_manager/lib:/home/jaime/RM3_ws/install/controller_interface/lib:/home/jaime/RM3_ws/install/hardware_interface/lib:/home/jaime/RM3_ws/install/controller_manager_msgs/lib:${LD_LIBRARY_PATH} PYTHONPATH=/home/jaime/RM3_ws/install/controller_manager/lib/python3.8/site-packages:/home/jaime/RM3_ws/install/controller_manager_msgs/lib/python3.8/site-packages:${PYTHONPATH} /usr/bin/cmake --build /home/jaime/RM3_ws/build/joint_state_broadcaster
[2.309s] Invoking command in '/home/jaime/RM3_ws/build/joint_state_broadcaster': AMENT_PREFIX_PATH=/home/jaime/RM3_ws/install/controller_manager:/home/jaime/RM3_ws/install/controller_interface:/home/jaime/RM3_ws/install/hardware_interface:/home/jaime/RM3_ws/install/ros2_control_test_assets:/home/jaime/RM3_ws/install/controller_manager_msgs:${AMENT_PREFIX_PATH} CMAKE_PREFIX_PATH=/home/jaime/RM3_ws/install/controller_manager:/home/jaime/RM3_ws/install/controller_interface:/home/jaime/RM3_ws/install/hardware_interface:/home/jaime/RM3_ws/install/ros2_control_test_assets:/home/jaime/RM3_ws/install/controller_manager_msgs:/opt/ros/foxy LD_LIBRARY_PATH=/home/jaime/RM3_ws/install/controller_manager/lib:/home/jaime/RM3_ws/install/controller_interface/lib:/home/jaime/RM3_ws/install/hardware_interface/lib:/home/jaime/RM3_ws/install/controller_manager_msgs/lib:${LD_LIBRARY_PATH} PYTHONPATH=/home/jaime/RM3_ws/install/controller_manager/lib/python3.8/site-packages:/home/jaime/RM3_ws/install/controller_manager_msgs/lib/python3.8/site-packages:${PYTHONPATH} /usr/bin/cmake --install /home/jaime/RM3_ws/build/joint_state_broadcaster
[2.430s] -- Install configuration: ""
[2.430s] -- Execute custom install script
[2.430s] -- Up-to-date symlink: /home/jaime/RM3_ws/install/joint_state_broadcaster/share/joint_state_broadcaster//joint_state_plugin.xml
[2.434s] -- Up-to-date symlink: /home/jaime/RM3_ws/install/joint_state_broadcaster/include/joint_state_broadcaster/joint_state_broadcaster.hpp
[2.434s] -- Up-to-date symlink: /home/jaime/RM3_ws/install/joint_state_broadcaster/include/joint_state_broadcaster/visibility_control.h
[2.434s] -- Up-to-date symlink: /home/jaime/RM3_ws/install/joint_state_broadcaster/lib/libjoint_state_broadcaster.so
[2.434s] -- Up-to-date symlink: /home/jaime/RM3_ws/install/joint_state_broadcaster/share/joint_state_broadcaster/environment/library_path.sh
[2.434s] -- Up-to-date symlink: /home/jaime/RM3_ws/install/joint_state_broadcaster/share/joint_state_broadcaster/environment/library_path.dsv
[2.435s] -- Up-to-date symlink: /home/jaime/RM3_ws/install/joint_state_broadcaster/share/ament_index/resource_index/package_run_dependencies/joint_state_broadcaster
[2.435s] -- Up-to-date symlink: /home/jaime/RM3_ws/install/joint_state_broadcaster/share/ament_index/resource_index/parent_prefix_path/joint_state_broadcaster
[2.435s] -- Up-to-date symlink: /home/jaime/RM3_ws/install/joint_state_broadcaster/share/joint_state_broadcaster/environment/ament_prefix_path.sh
[2.435s] -- Up-to-date symlink: /home/jaime/RM3_ws/install/joint_state_broadcaster/share/joint_state_broadcaster/environment/ament_prefix_path.dsv
[2.435s] -- Up-to-date symlink: /home/jaime/RM3_ws/install/joint_state_broadcaster/share/joint_state_broadcaster/environment/path.sh
[2.435s] -- Up-to-date symlink: /home/jaime/RM3_ws/install/joint_state_broadcaster/share/joint_state_broadcaster/environment/path.dsv
[2.435s] -- Up-to-date symlink: /home/jaime/RM3_ws/install/joint_state_broadcaster/share/joint_state_broadcaster/local_setup.bash
[2.435s] -- Up-to-date symlink: /home/jaime/RM3_ws/install/joint_state_broadcaster/share/joint_state_broadcaster/local_setup.sh
[2.435s] -- Up-to-date symlink: /home/jaime/RM3_ws/install/joint_state_broadcaster/share/joint_state_broadcaster/local_setup.zsh
[2.435s] -- Up-to-date symlink: /home/jaime/RM3_ws/install/joint_state_broadcaster/share/joint_state_broadcaster/local_setup.dsv
[2.435s] -- Symlinking: /home/jaime/RM3_ws/install/joint_state_broadcaster/share/joint_state_broadcaster/package.dsv
[2.435s] -- Up-to-date symlink: /home/jaime/RM3_ws/install/joint_state_broadcaster/share/ament_index/resource_index/packages/joint_state_broadcaster
[2.436s] -- Up-to-date symlink: /home/jaime/RM3_ws/install/joint_state_broadcaster/share/ament_index/resource_index/controller_interface__pluginlib__plugin/joint_state_broadcaster
[2.436s] -- Up-to-date symlink: /home/jaime/RM3_ws/install/joint_state_broadcaster/share/joint_state_broadcaster/cmake/ament_cmake_export_dependencies-extras.cmake
[2.436s] -- Up-to-date symlink: /home/jaime/RM3_ws/install/joint_state_broadcaster/share/joint_state_broadcaster/cmake/ament_cmake_export_include_directories-extras.cmake
[2.436s] -- Up-to-date symlink: /home/jaime/RM3_ws/install/joint_state_broadcaster/share/joint_state_broadcaster/cmake/ament_cmake_export_libraries-extras.cmake
[2.436s] -- Up-to-date symlink: /home/jaime/RM3_ws/install/joint_state_broadcaster/share/joint_state_broadcaster/cmake/joint_state_broadcasterConfig.cmake
[2.436s] -- Up-to-date symlink: /home/jaime/RM3_ws/install/joint_state_broadcaster/share/joint_state_broadcaster/cmake/joint_state_broadcasterConfig-version.cmake
[2.436s] -- Up-to-date symlink: /home/jaime/RM3_ws/install/joint_state_broadcaster/share/joint_state_broadcaster/package.xml
[2.449s] Invoked command in '/home/jaime/RM3_ws/build/joint_state_broadcaster' returned '0': AMENT_PREFIX_PATH=/home/jaime/RM3_ws/install/controller_manager:/home/jaime/RM3_ws/install/controller_interface:/home/jaime/RM3_ws/install/hardware_interface:/home/jaime/RM3_ws/install/ros2_control_test_assets:/home/jaime/RM3_ws/install/controller_manager_msgs:${AMENT_PREFIX_PATH} CMAKE_PREFIX_PATH=/home/jaime/RM3_ws/install/controller_manager:/home/jaime/RM3_ws/install/controller_interface:/home/jaime/RM3_ws/install/hardware_interface:/home/jaime/RM3_ws/install/ros2_control_test_assets:/home/jaime/RM3_ws/install/controller_manager_msgs:/opt/ros/foxy LD_LIBRARY_PATH=/home/jaime/RM3_ws/install/controller_manager/lib:/home/jaime/RM3_ws/install/controller_interface/lib:/home/jaime/RM3_ws/install/hardware_interface/lib:/home/jaime/RM3_ws/install/controller_manager_msgs/lib:${LD_LIBRARY_PATH} PYTHONPATH=/home/jaime/RM3_ws/install/controller_manager/lib/python3.8/site-packages:/home/jaime/RM3_ws/install/controller_manager_msgs/lib/python3.8/site-packages:${PYTHONPATH} /usr/bin/cmake --install /home/jaime/RM3_ws/build/joint_state_broadcaster
