[4.157s] Invoking command in '/home/jaime/RM3_ws/build/robominer_bringup': PYTHONPATH=/home/jaime/RM3_ws/install/robominer_bringup/lib/python3.8/site-packages:${PYTHONPATH} /usr/bin/python3 setup.py develop --prefix /home/jaime/RM3_ws/install/robominer_bringup --uninstall --editable --build-directory /home/jaime/RM3_ws/build/robominer_bringup/build
[5.071s] running develop
[5.765s] Invoked command in '/home/jaime/RM3_ws/build/robominer_bringup' returned '0': PYTHONPATH=/home/jaime/RM3_ws/install/robominer_bringup/lib/python3.8/site-packages:${PYTHONPATH} /usr/bin/python3 setup.py develop --prefix /home/jaime/RM3_ws/install/robominer_bringup --uninstall --editable --build-directory /home/jaime/RM3_ws/build/robominer_bringup/build
[5.772s] Invoking command in '/home/jaime/RM3_ws/src/TALTECH_RM3_ROS_PACKAGES/robominer_bringup': PYTHONPATH=/home/jaime/RM3_ws/install/robominer_bringup/lib/python3.8/site-packages:${PYTHONPATH} /usr/bin/python3 setup.py egg_info --egg-base ../../../build/robominer_bringup build --build-base /home/jaime/RM3_ws/build/robominer_bringup/build install --prefix /home/jaime/RM3_ws/install/robominer_bringup --record /home/jaime/RM3_ws/build/robominer_bringup/install.log --single-version-externally-managed
[6.536s] running egg_info
[6.545s] writing ../../../build/robominer_bringup/robominer_bringup.egg-info/PKG-INFO
[6.545s] writing dependency_links to ../../../build/robominer_bringup/robominer_bringup.egg-info/dependency_links.txt
[6.545s] writing entry points to ../../../build/robominer_bringup/robominer_bringup.egg-info/entry_points.txt
[6.546s] writing requirements to ../../../build/robominer_bringup/robominer_bringup.egg-info/requires.txt
[6.546s] writing top-level names to ../../../build/robominer_bringup/robominer_bringup.egg-info/top_level.txt
[6.681s] reading manifest file '../../../build/robominer_bringup/robominer_bringup.egg-info/SOURCES.txt'
[6.682s] writing manifest file '../../../build/robominer_bringup/robominer_bringup.egg-info/SOURCES.txt'
[6.682s] running build
[6.683s] running build_py
[6.683s] running install
[6.684s] running install_lib
[6.694s] running install_data
[6.697s] running install_egg_info
[6.698s] removing '/home/jaime/RM3_ws/install/robominer_bringup/lib/python3.8/site-packages/robominer_bringup-0.0.0-py3.8.egg-info' (and everything under it)
[6.698s] Copying ../../../build/robominer_bringup/robominer_bringup.egg-info to /home/jaime/RM3_ws/install/robominer_bringup/lib/python3.8/site-packages/robominer_bringup-0.0.0-py3.8.egg-info
[6.699s] running install_scripts
[6.755s] writing list of installed files to '/home/jaime/RM3_ws/build/robominer_bringup/install.log'
[6.944s] Invoked command in '/home/jaime/RM3_ws/src/TALTECH_RM3_ROS_PACKAGES/robominer_bringup' returned '0': PYTHONPATH=/home/jaime/RM3_ws/install/robominer_bringup/lib/python3.8/site-packages:${PYTHONPATH} /usr/bin/python3 setup.py egg_info --egg-base ../../../build/robominer_bringup build --build-base /home/jaime/RM3_ws/build/robominer_bringup/build install --prefix /home/jaime/RM3_ws/install/robominer_bringup --record /home/jaime/RM3_ws/build/robominer_bringup/install.log --single-version-externally-managed
