[0.065s] Invoking command in '/home/jaime/RM3_ws/build/joint_state_controller': AMENT_PREFIX_PATH=/home/jaime/RM3_ws/install/joint_state_broadcaster:/home/jaime/RM3_ws/install/controller_manager:/home/jaime/RM3_ws/install/controller_interface:/home/jaime/RM3_ws/install/hardware_interface:/home/jaime/RM3_ws/install/ros2_control_test_assets:/home/jaime/RM3_ws/install/controller_manager_msgs:${AMENT_PREFIX_PATH} CMAKE_PREFIX_PATH=/home/jaime/RM3_ws/install/joint_state_broadcaster:/home/jaime/RM3_ws/install/controller_manager:/home/jaime/RM3_ws/install/controller_interface:/home/jaime/RM3_ws/install/hardware_interface:/home/jaime/RM3_ws/install/ros2_control_test_assets:/home/jaime/RM3_ws/install/controller_manager_msgs:/opt/ros/foxy LD_LIBRARY_PATH=/home/jaime/RM3_ws/install/joint_state_broadcaster/lib:/home/jaime/RM3_ws/install/controller_manager/lib:/home/jaime/RM3_ws/install/controller_interface/lib:/home/jaime/RM3_ws/install/hardware_interface/lib:/home/jaime/RM3_ws/install/controller_manager_msgs/lib:${LD_LIBRARY_PATH} PYTHONPATH=/home/jaime/RM3_ws/install/controller_manager/lib/python3.8/site-packages:/home/jaime/RM3_ws/install/controller_manager_msgs/lib/python3.8/site-packages:${PYTHONPATH} /usr/bin/cmake /home/jaime/RM3_ws/src/ros2_controllers/joint_state_controller -DAMENT_CMAKE_SYMLINK_INSTALL=1 -DCMAKE_INSTALL_PREFIX=/home/jaime/RM3_ws/install/joint_state_controller
[0.083s] -- Found ament_cmake: 0.9.9 (/opt/ros/foxy/share/ament_cmake/cmake)
[0.113s] -- Using PYTHON_EXECUTABLE: /usr/bin/python3
[0.362s] -- Override CMake install command with custom implementation using symlinks instead of copying resources
[0.368s] -- Found joint_state_broadcaster: 0.8.0 (/home/jaime/RM3_ws/install/joint_state_broadcaster/share/joint_state_broadcaster/cmake)
[0.398s] -- Using all available rosidl_typesupport_c: rosidl_typesupport_fastrtps_c;rosidl_typesupport_introspection_c
[0.401s] -- Found rosidl_adapter: 1.2.1 (/opt/ros/foxy/share/rosidl_adapter/cmake)
[0.559s] -- Using all available rosidl_typesupport_cpp: rosidl_typesupport_fastrtps_cpp;rosidl_typesupport_introspection_cpp
[1.252s] -- Found rmw_implementation_cmake: 1.0.3 (/opt/ros/foxy/share/rmw_implementation_cmake/cmake)
[1.254s] -- Using RMW implementation 'rmw_fastrtps_cpp' as default
[1.700s] -- Found ament_cmake_gmock: 0.9.9 (/opt/ros/foxy/share/ament_cmake_gmock/cmake)
[1.701s] -- Found controller_manager: 0.10.1 (/home/jaime/RM3_ws/install/controller_manager/share/controller_manager/cmake)
[1.770s] -- Found ros2_control_test_assets: 0.10.1 (/home/jaime/RM3_ws/install/ros2_control_test_assets/share/ros2_control_test_assets/cmake)
[1.771s] -- Found gmock sources under '/opt/ros/foxy/src/gmock_vendor': C++ tests using 'Google Mock' will be built
[1.774s] -- Found ament_cmake_gtest: 0.9.9 (/opt/ros/foxy/share/ament_cmake_gtest/cmake)
[1.775s] -- Found gtest sources under '/opt/ros/foxy/src/gtest_vendor': C++ tests using 'Google Test' will be built
[1.955s] -- Configuring done
[2.027s] -- Generating done
[2.031s] -- Build files have been written to: /home/jaime/RM3_ws/build/joint_state_controller
[2.049s] Invoked command in '/home/jaime/RM3_ws/build/joint_state_controller' returned '0': AMENT_PREFIX_PATH=/home/jaime/RM3_ws/install/joint_state_broadcaster:/home/jaime/RM3_ws/install/controller_manager:/home/jaime/RM3_ws/install/controller_interface:/home/jaime/RM3_ws/install/hardware_interface:/home/jaime/RM3_ws/install/ros2_control_test_assets:/home/jaime/RM3_ws/install/controller_manager_msgs:${AMENT_PREFIX_PATH} CMAKE_PREFIX_PATH=/home/jaime/RM3_ws/install/joint_state_broadcaster:/home/jaime/RM3_ws/install/controller_manager:/home/jaime/RM3_ws/install/controller_interface:/home/jaime/RM3_ws/install/hardware_interface:/home/jaime/RM3_ws/install/ros2_control_test_assets:/home/jaime/RM3_ws/install/controller_manager_msgs:/opt/ros/foxy LD_LIBRARY_PATH=/home/jaime/RM3_ws/install/joint_state_broadcaster/lib:/home/jaime/RM3_ws/install/controller_manager/lib:/home/jaime/RM3_ws/install/controller_interface/lib:/home/jaime/RM3_ws/install/hardware_interface/lib:/home/jaime/RM3_ws/install/controller_manager_msgs/lib:${LD_LIBRARY_PATH} PYTHONPATH=/home/jaime/RM3_ws/install/controller_manager/lib/python3.8/site-packages:/home/jaime/RM3_ws/install/controller_manager_msgs/lib/python3.8/site-packages:${PYTHONPATH} /usr/bin/cmake /home/jaime/RM3_ws/src/ros2_controllers/joint_state_controller -DAMENT_CMAKE_SYMLINK_INSTALL=1 -DCMAKE_INSTALL_PREFIX=/home/jaime/RM3_ws/install/joint_state_controller
[2.050s] Invoking command in '/home/jaime/RM3_ws/build/joint_state_controller': AMENT_PREFIX_PATH=/home/jaime/RM3_ws/install/joint_state_broadcaster:/home/jaime/RM3_ws/install/controller_manager:/home/jaime/RM3_ws/install/controller_interface:/home/jaime/RM3_ws/install/hardware_interface:/home/jaime/RM3_ws/install/ros2_control_test_assets:/home/jaime/RM3_ws/install/controller_manager_msgs:${AMENT_PREFIX_PATH} CMAKE_PREFIX_PATH=/home/jaime/RM3_ws/install/joint_state_broadcaster:/home/jaime/RM3_ws/install/controller_manager:/home/jaime/RM3_ws/install/controller_interface:/home/jaime/RM3_ws/install/hardware_interface:/home/jaime/RM3_ws/install/ros2_control_test_assets:/home/jaime/RM3_ws/install/controller_manager_msgs:/opt/ros/foxy LD_LIBRARY_PATH=/home/jaime/RM3_ws/install/joint_state_broadcaster/lib:/home/jaime/RM3_ws/install/controller_manager/lib:/home/jaime/RM3_ws/install/controller_interface/lib:/home/jaime/RM3_ws/install/hardware_interface/lib:/home/jaime/RM3_ws/install/controller_manager_msgs/lib:${LD_LIBRARY_PATH} PYTHONPATH=/home/jaime/RM3_ws/install/controller_manager/lib/python3.8/site-packages:/home/jaime/RM3_ws/install/controller_manager_msgs/lib/python3.8/site-packages:${PYTHONPATH} /usr/bin/cmake --build /home/jaime/RM3_ws/build/joint_state_controller
[2.591s] [ 33%] Built target gmock
[2.592s] [ 55%] Built target gmock_main
[2.592s] [ 77%] Built target joint_state_controller
[2.592s] [100%] Built target test_load_joint_state_controller
[2.596s] Invoked command in '/home/jaime/RM3_ws/build/joint_state_controller' returned '0': AMENT_PREFIX_PATH=/home/jaime/RM3_ws/install/joint_state_broadcaster:/home/jaime/RM3_ws/install/controller_manager:/home/jaime/RM3_ws/install/controller_interface:/home/jaime/RM3_ws/install/hardware_interface:/home/jaime/RM3_ws/install/ros2_control_test_assets:/home/jaime/RM3_ws/install/controller_manager_msgs:${AMENT_PREFIX_PATH} CMAKE_PREFIX_PATH=/home/jaime/RM3_ws/install/joint_state_broadcaster:/home/jaime/RM3_ws/install/controller_manager:/home/jaime/RM3_ws/install/controller_interface:/home/jaime/RM3_ws/install/hardware_interface:/home/jaime/RM3_ws/install/ros2_control_test_assets:/home/jaime/RM3_ws/install/controller_manager_msgs:/opt/ros/foxy LD_LIBRARY_PATH=/home/jaime/RM3_ws/install/joint_state_broadcaster/lib:/home/jaime/RM3_ws/install/controller_manager/lib:/home/jaime/RM3_ws/install/controller_interface/lib:/home/jaime/RM3_ws/install/hardware_interface/lib:/home/jaime/RM3_ws/install/controller_manager_msgs/lib:${LD_LIBRARY_PATH} PYTHONPATH=/home/jaime/RM3_ws/install/controller_manager/lib/python3.8/site-packages:/home/jaime/RM3_ws/install/controller_manager_msgs/lib/python3.8/site-packages:${PYTHONPATH} /usr/bin/cmake --build /home/jaime/RM3_ws/build/joint_state_controller
[2.681s] Invoking command in '/home/jaime/RM3_ws/build/joint_state_controller': AMENT_PREFIX_PATH=/home/jaime/RM3_ws/install/joint_state_broadcaster:/home/jaime/RM3_ws/install/controller_manager:/home/jaime/RM3_ws/install/controller_interface:/home/jaime/RM3_ws/install/hardware_interface:/home/jaime/RM3_ws/install/ros2_control_test_assets:/home/jaime/RM3_ws/install/controller_manager_msgs:${AMENT_PREFIX_PATH} CMAKE_PREFIX_PATH=/home/jaime/RM3_ws/install/joint_state_broadcaster:/home/jaime/RM3_ws/install/controller_manager:/home/jaime/RM3_ws/install/controller_interface:/home/jaime/RM3_ws/install/hardware_interface:/home/jaime/RM3_ws/install/ros2_control_test_assets:/home/jaime/RM3_ws/install/controller_manager_msgs:/opt/ros/foxy LD_LIBRARY_PATH=/home/jaime/RM3_ws/install/joint_state_broadcaster/lib:/home/jaime/RM3_ws/install/controller_manager/lib:/home/jaime/RM3_ws/install/controller_interface/lib:/home/jaime/RM3_ws/install/hardware_interface/lib:/home/jaime/RM3_ws/install/controller_manager_msgs/lib:${LD_LIBRARY_PATH} PYTHONPATH=/home/jaime/RM3_ws/install/controller_manager/lib/python3.8/site-packages:/home/jaime/RM3_ws/install/controller_manager_msgs/lib/python3.8/site-packages:${PYTHONPATH} /usr/bin/cmake --install /home/jaime/RM3_ws/build/joint_state_controller
[2.710s] -- Install configuration: ""
[2.710s] -- Execute custom install script
[2.710s] -- Up-to-date symlink: /home/jaime/RM3_ws/install/joint_state_controller/share/joint_state_controller//joint_state_plugin.xml
[2.710s] -- Up-to-date symlink: /home/jaime/RM3_ws/install/joint_state_controller/lib/libjoint_state_controller.so
[2.710s] -- Up-to-date symlink: /home/jaime/RM3_ws/install/joint_state_controller/share/joint_state_controller/environment/library_path.sh
[2.710s] -- Up-to-date symlink: /home/jaime/RM3_ws/install/joint_state_controller/share/joint_state_controller/environment/library_path.dsv
[2.710s] -- Up-to-date symlink: /home/jaime/RM3_ws/install/joint_state_controller/share/ament_index/resource_index/package_run_dependencies/joint_state_controller
[2.711s] -- Up-to-date symlink: /home/jaime/RM3_ws/install/joint_state_controller/share/ament_index/resource_index/parent_prefix_path/joint_state_controller
[2.711s] -- Up-to-date symlink: /home/jaime/RM3_ws/install/joint_state_controller/share/joint_state_controller/environment/ament_prefix_path.sh
[2.711s] -- Up-to-date symlink: /home/jaime/RM3_ws/install/joint_state_controller/share/joint_state_controller/environment/ament_prefix_path.dsv
[2.711s] -- Up-to-date symlink: /home/jaime/RM3_ws/install/joint_state_controller/share/joint_state_controller/environment/path.sh
[2.711s] -- Up-to-date symlink: /home/jaime/RM3_ws/install/joint_state_controller/share/joint_state_controller/environment/path.dsv
[2.711s] -- Up-to-date symlink: /home/jaime/RM3_ws/install/joint_state_controller/share/joint_state_controller/local_setup.bash
[2.711s] -- Up-to-date symlink: /home/jaime/RM3_ws/install/joint_state_controller/share/joint_state_controller/local_setup.sh
[2.711s] -- Up-to-date symlink: /home/jaime/RM3_ws/install/joint_state_controller/share/joint_state_controller/local_setup.zsh
[2.711s] -- Up-to-date symlink: /home/jaime/RM3_ws/install/joint_state_controller/share/joint_state_controller/local_setup.dsv
[2.711s] -- Symlinking: /home/jaime/RM3_ws/install/joint_state_controller/share/joint_state_controller/package.dsv
[2.711s] -- Up-to-date symlink: /home/jaime/RM3_ws/install/joint_state_controller/share/ament_index/resource_index/packages/joint_state_controller
[2.711s] -- Up-to-date symlink: /home/jaime/RM3_ws/install/joint_state_controller/share/ament_index/resource_index/controller_interface__pluginlib__plugin/joint_state_controller
[2.711s] -- Up-to-date symlink: /home/jaime/RM3_ws/install/joint_state_controller/share/joint_state_controller/cmake/ament_cmake_export_dependencies-extras.cmake
[2.712s] -- Up-to-date symlink: /home/jaime/RM3_ws/install/joint_state_controller/share/joint_state_controller/cmake/ament_cmake_export_libraries-extras.cmake
[2.712s] -- Up-to-date symlink: /home/jaime/RM3_ws/install/joint_state_controller/share/joint_state_controller/cmake/joint_state_controllerConfig.cmake
[2.712s] -- Up-to-date symlink: /home/jaime/RM3_ws/install/joint_state_controller/share/joint_state_controller/cmake/joint_state_controllerConfig-version.cmake
[2.712s] -- Up-to-date symlink: /home/jaime/RM3_ws/install/joint_state_controller/share/joint_state_controller/package.xml
[2.733s] Invoked command in '/home/jaime/RM3_ws/build/joint_state_controller' returned '0': AMENT_PREFIX_PATH=/home/jaime/RM3_ws/install/joint_state_broadcaster:/home/jaime/RM3_ws/install/controller_manager:/home/jaime/RM3_ws/install/controller_interface:/home/jaime/RM3_ws/install/hardware_interface:/home/jaime/RM3_ws/install/ros2_control_test_assets:/home/jaime/RM3_ws/install/controller_manager_msgs:${AMENT_PREFIX_PATH} CMAKE_PREFIX_PATH=/home/jaime/RM3_ws/install/joint_state_broadcaster:/home/jaime/RM3_ws/install/controller_manager:/home/jaime/RM3_ws/install/controller_interface:/home/jaime/RM3_ws/install/hardware_interface:/home/jaime/RM3_ws/install/ros2_control_test_assets:/home/jaime/RM3_ws/install/controller_manager_msgs:/opt/ros/foxy LD_LIBRARY_PATH=/home/jaime/RM3_ws/install/joint_state_broadcaster/lib:/home/jaime/RM3_ws/install/controller_manager/lib:/home/jaime/RM3_ws/install/controller_interface/lib:/home/jaime/RM3_ws/install/hardware_interface/lib:/home/jaime/RM3_ws/install/controller_manager_msgs/lib:${LD_LIBRARY_PATH} PYTHONPATH=/home/jaime/RM3_ws/install/controller_manager/lib/python3.8/site-packages:/home/jaime/RM3_ws/install/controller_manager_msgs/lib/python3.8/site-packages:${PYTHONPATH} /usr/bin/cmake --install /home/jaime/RM3_ws/build/joint_state_controller
