[ 10%] Built target rtabmap_ros__rosidl_generator_c
[ 10%] Built target rtabmap_ros__cpp
[ 20%] Built target rtabmap_ros__rosidl_typesupport_introspection_c
[ 29%] Built target rtabmap_ros__rosidl_typesupport_c
[ 39%] Built target rtabmap_ros__rosidl_typesupport_introspection_cpp
[ 49%] Built target rtabmap_ros__rosidl_typesupport_fastrtps_cpp
[ 59%] Built target rtabmap_ros__rosidl_typesupport_cpp
[ 68%] Built target rtabmap_ros__rosidl_typesupport_fastrtps_c
[ 68%] Built target rtabmap_ros
[ 68%] Built target rtabmap_ros__py
[ 69%] Built target rtabmap_common
[ 79%] Built target rtabmap_ros__python
[ 80%] Built target rtabmap_ros__rosidl_typesupport_fastrtps_c__pyext
[ 81%] Built target rtabmap_ros__rosidl_typesupport_c__pyext
[ 81%] Built target rtabmap_ros__rosidl_typesupport_introspection_c__pyext
[ 85%] Built target rtabmap_sync
[ 86%] Built target rtabmap_rviz_plugins
[ 90%] Built target rtabmap_plugins
[ 90%] Built target rtabmap
[ 92%] Built target rtabmapviz
[ 93%] Built target rtabmap_pointcloud_to_depthimage
[ 93%] Built target rtabmap_point_cloud_assembler
[ 94%] Built target rtabmap_stereo_sync
[ 94%] Built target rtabmap_point_cloud_xyzrgb
[ 95%] Built target rtabmap_point_cloud_xyz
[ 95%] Built target rtabmap_stereo_odometry
[ 96%] Built target rtabmap_point_cloud_aggregator
[ 96%] Built target rtabmap_rgbd_odometry
[ 96%] Built target rtabmap_rgbd_sync
[ 96%] Built target rtabmap_obstacles_detection
[ 99%] Built target rtabmap_icp_odometry
[ 99%] Built target rtabmap_rgbdx_sync
[ 99%] Built target rtabmap_rgb_sync
[100%] Built target rtabmap_rgbd_relay
