[0.114s] Invoking command in '/home/jaime/RM3_ws/build/transmission_interface': AMENT_PREFIX_PATH=/home/jaime/RM3_ws/install/hardware_interface CMAKE_PREFIX_PATH=/home/jaime/RM3_ws/install/hardware_interface LD_LIBRARY_PATH=/home/jaime/RM3_ws/install/hardware_interface/lib /usr/bin/cmake --build /home/jaime/RM3_ws/build/transmission_interface -- -j8 -l8
[0.231s] [ 18%] Built target gmock_main
[0.256s] [ 45%] Built target gmock
[0.382s] [ 63%] Built target test_four_bar_linkage_transmission
[0.399s] [ 81%] Built target test_differential_transmission
[0.417s] [100%] Built target test_simple_transmission
[0.435s] Invoked command in '/home/jaime/RM3_ws/build/transmission_interface' returned '0': AMENT_PREFIX_PATH=/home/jaime/RM3_ws/install/hardware_interface CMAKE_PREFIX_PATH=/home/jaime/RM3_ws/install/hardware_interface LD_LIBRARY_PATH=/home/jaime/RM3_ws/install/hardware_interface/lib /usr/bin/cmake --build /home/jaime/RM3_ws/build/transmission_interface -- -j8 -l8
[0.504s] Invoking command in '/home/jaime/RM3_ws/build/transmission_interface': AMENT_PREFIX_PATH=/home/jaime/RM3_ws/install/hardware_interface CMAKE_PREFIX_PATH=/home/jaime/RM3_ws/install/hardware_interface LD_LIBRARY_PATH=/home/jaime/RM3_ws/install/hardware_interface/lib /usr/bin/cmake --install /home/jaime/RM3_ws/build/transmission_interface
[0.514s] -- Install configuration: ""
[0.515s] -- Execute custom install script
[0.516s] -- Up-to-date symlink: /home/jaime/RM3_ws/install/transmission_interface/include/transmission_interface/accessor.hpp
[0.516s] -- Up-to-date symlink: /home/jaime/RM3_ws/install/transmission_interface/include/transmission_interface/differential_transmission.hpp
[0.517s] -- Up-to-date symlink: /home/jaime/RM3_ws/install/transmission_interface/include/transmission_interface/exception.hpp
[0.517s] -- Up-to-date symlink: /home/jaime/RM3_ws/install/transmission_interface/include/transmission_interface/four_bar_linkage_transmission.hpp
[0.520s] -- Up-to-date symlink: /home/jaime/RM3_ws/install/transmission_interface/include/transmission_interface/handle.hpp
[0.520s] -- Up-to-date symlink: /home/jaime/RM3_ws/install/transmission_interface/include/transmission_interface/simple_transmission.hpp
[0.520s] -- Up-to-date symlink: /home/jaime/RM3_ws/install/transmission_interface/include/transmission_interface/transmission.hpp
[0.521s] -- Up-to-date symlink: /home/jaime/RM3_ws/install/transmission_interface/include/transmission_interface/transmission_parser.hpp
[0.521s] -- Up-to-date symlink: /home/jaime/RM3_ws/install/transmission_interface/include/transmission_interface/visibility_control.h
[0.522s] -- Up-to-date symlink: /home/jaime/RM3_ws/install/transmission_interface/share/ament_index/resource_index/package_run_dependencies/transmission_interface
[0.522s] -- Up-to-date symlink: /home/jaime/RM3_ws/install/transmission_interface/share/ament_index/resource_index/parent_prefix_path/transmission_interface
[0.522s] -- Up-to-date symlink: /home/jaime/RM3_ws/install/transmission_interface/share/transmission_interface/environment/ament_prefix_path.sh
[0.523s] -- Up-to-date symlink: /home/jaime/RM3_ws/install/transmission_interface/share/transmission_interface/environment/ament_prefix_path.dsv
[0.523s] -- Up-to-date symlink: /home/jaime/RM3_ws/install/transmission_interface/share/transmission_interface/environment/path.sh
[0.524s] -- Up-to-date symlink: /home/jaime/RM3_ws/install/transmission_interface/share/transmission_interface/environment/path.dsv
[0.524s] -- Up-to-date symlink: /home/jaime/RM3_ws/install/transmission_interface/share/transmission_interface/local_setup.bash
[0.524s] -- Up-to-date symlink: /home/jaime/RM3_ws/install/transmission_interface/share/transmission_interface/local_setup.sh
[0.525s] -- Up-to-date symlink: /home/jaime/RM3_ws/install/transmission_interface/share/transmission_interface/local_setup.zsh
[0.525s] -- Up-to-date symlink: /home/jaime/RM3_ws/install/transmission_interface/share/transmission_interface/local_setup.dsv
[0.526s] -- Symlinking: /home/jaime/RM3_ws/install/transmission_interface/share/transmission_interface/package.dsv
[0.546s] -- Up-to-date symlink: /home/jaime/RM3_ws/install/transmission_interface/share/ament_index/resource_index/packages/transmission_interface
[0.546s] -- Up-to-date symlink: /home/jaime/RM3_ws/install/transmission_interface/share/transmission_interface/cmake/ament_cmake_export_include_directories-extras.cmake
[0.547s] -- Up-to-date symlink: /home/jaime/RM3_ws/install/transmission_interface/share/transmission_interface/cmake/ament_cmake_export_dependencies-extras.cmake
[0.549s] -- Up-to-date symlink: /home/jaime/RM3_ws/install/transmission_interface/share/transmission_interface/cmake/transmission_interfaceConfig.cmake
[0.549s] -- Up-to-date symlink: /home/jaime/RM3_ws/install/transmission_interface/share/transmission_interface/cmake/transmission_interfaceConfig-version.cmake
[0.549s] -- Up-to-date symlink: /home/jaime/RM3_ws/install/transmission_interface/share/transmission_interface/package.xml
[0.557s] Invoked command in '/home/jaime/RM3_ws/build/transmission_interface' returned '0': AMENT_PREFIX_PATH=/home/jaime/RM3_ws/install/hardware_interface CMAKE_PREFIX_PATH=/home/jaime/RM3_ws/install/hardware_interface LD_LIBRARY_PATH=/home/jaime/RM3_ws/install/hardware_interface/lib /usr/bin/cmake --install /home/jaime/RM3_ws/build/transmission_interface
