[0.090s] Invoking command in '/home/jaime/RM3_ws/build/transmission_interface': AMENT_PREFIX_PATH=/home/jaime/RM3_ws/install/hardware_interface:${AMENT_PREFIX_PATH} CMAKE_PREFIX_PATH=/home/jaime/RM3_ws/install/hardware_interface:/opt/ros/foxy LD_LIBRARY_PATH=/home/jaime/RM3_ws/install/hardware_interface/lib:${LD_LIBRARY_PATH} /usr/bin/cmake --build /home/jaime/RM3_ws/build/transmission_interface -- -j8 -l8
[0.184s] [ 27%] Built target gmock
[0.201s] [ 45%] Built target gmock_main
[0.244s] [ 63%] Built target test_four_bar_linkage_transmission
[0.247s] [ 81%] Built target test_differential_transmission
[0.252s] [100%] Built target test_simple_transmission
[0.307s] Invoked command in '/home/jaime/RM3_ws/build/transmission_interface' returned '0': AMENT_PREFIX_PATH=/home/jaime/RM3_ws/install/hardware_interface:${AMENT_PREFIX_PATH} CMAKE_PREFIX_PATH=/home/jaime/RM3_ws/install/hardware_interface:/opt/ros/foxy LD_LIBRARY_PATH=/home/jaime/RM3_ws/install/hardware_interface/lib:${LD_LIBRARY_PATH} /usr/bin/cmake --build /home/jaime/RM3_ws/build/transmission_interface -- -j8 -l8
[0.360s] Invoking command in '/home/jaime/RM3_ws/build/transmission_interface': AMENT_PREFIX_PATH=/home/jaime/RM3_ws/install/hardware_interface:${AMENT_PREFIX_PATH} CMAKE_PREFIX_PATH=/home/jaime/RM3_ws/install/hardware_interface:/opt/ros/foxy LD_LIBRARY_PATH=/home/jaime/RM3_ws/install/hardware_interface/lib:${LD_LIBRARY_PATH} /usr/bin/cmake --install /home/jaime/RM3_ws/build/transmission_interface
[0.369s] -- Install configuration: ""
[0.369s] -- Execute custom install script
[0.370s] -- Up-to-date symlink: /home/jaime/RM3_ws/install/transmission_interface/include/transmission_interface/accessor.hpp
[0.370s] -- Up-to-date symlink: /home/jaime/RM3_ws/install/transmission_interface/include/transmission_interface/differential_transmission.hpp
[0.371s] -- Up-to-date symlink: /home/jaime/RM3_ws/install/transmission_interface/include/transmission_interface/exception.hpp
[0.371s] -- Up-to-date symlink: /home/jaime/RM3_ws/install/transmission_interface/include/transmission_interface/four_bar_linkage_transmission.hpp
[0.372s] -- Up-to-date symlink: /home/jaime/RM3_ws/install/transmission_interface/include/transmission_interface/handle.hpp
[0.372s] -- Up-to-date symlink: /home/jaime/RM3_ws/install/transmission_interface/include/transmission_interface/simple_transmission.hpp
[0.372s] -- Up-to-date symlink: /home/jaime/RM3_ws/install/transmission_interface/include/transmission_interface/transmission.hpp
[0.372s] -- Up-to-date symlink: /home/jaime/RM3_ws/install/transmission_interface/include/transmission_interface/transmission_parser.hpp
[0.373s] -- Up-to-date symlink: /home/jaime/RM3_ws/install/transmission_interface/include/transmission_interface/visibility_control.h
[0.373s] -- Up-to-date symlink: /home/jaime/RM3_ws/install/transmission_interface/share/ament_index/resource_index/package_run_dependencies/transmission_interface
[0.373s] -- Up-to-date symlink: /home/jaime/RM3_ws/install/transmission_interface/share/ament_index/resource_index/parent_prefix_path/transmission_interface
[0.374s] -- Up-to-date symlink: /home/jaime/RM3_ws/install/transmission_interface/share/transmission_interface/environment/ament_prefix_path.sh
[0.375s] -- Up-to-date symlink: /home/jaime/RM3_ws/install/transmission_interface/share/transmission_interface/environment/ament_prefix_path.dsv
[0.375s] -- Up-to-date symlink: /home/jaime/RM3_ws/install/transmission_interface/share/transmission_interface/environment/path.sh
[0.375s] -- Up-to-date symlink: /home/jaime/RM3_ws/install/transmission_interface/share/transmission_interface/environment/path.dsv
[0.376s] -- Up-to-date symlink: /home/jaime/RM3_ws/install/transmission_interface/share/transmission_interface/local_setup.bash
[0.376s] -- Up-to-date symlink: /home/jaime/RM3_ws/install/transmission_interface/share/transmission_interface/local_setup.sh
[0.376s] -- Up-to-date symlink: /home/jaime/RM3_ws/install/transmission_interface/share/transmission_interface/local_setup.zsh
[0.376s] -- Up-to-date symlink: /home/jaime/RM3_ws/install/transmission_interface/share/transmission_interface/local_setup.dsv
[0.377s] -- Symlinking: /home/jaime/RM3_ws/install/transmission_interface/share/transmission_interface/package.dsv
[0.388s] -- Up-to-date symlink: /home/jaime/RM3_ws/install/transmission_interface/share/ament_index/resource_index/packages/transmission_interface
[0.389s] -- Up-to-date symlink: /home/jaime/RM3_ws/install/transmission_interface/share/transmission_interface/cmake/ament_cmake_export_include_directories-extras.cmake
[0.389s] -- Up-to-date symlink: /home/jaime/RM3_ws/install/transmission_interface/share/transmission_interface/cmake/ament_cmake_export_dependencies-extras.cmake
[0.389s] -- Up-to-date symlink: /home/jaime/RM3_ws/install/transmission_interface/share/transmission_interface/cmake/transmission_interfaceConfig.cmake
[0.389s] -- Up-to-date symlink: /home/jaime/RM3_ws/install/transmission_interface/share/transmission_interface/cmake/transmission_interfaceConfig-version.cmake
[0.389s] -- Up-to-date symlink: /home/jaime/RM3_ws/install/transmission_interface/share/transmission_interface/package.xml
[0.401s] Invoked command in '/home/jaime/RM3_ws/build/transmission_interface' returned '0': AMENT_PREFIX_PATH=/home/jaime/RM3_ws/install/hardware_interface:${AMENT_PREFIX_PATH} CMAKE_PREFIX_PATH=/home/jaime/RM3_ws/install/hardware_interface:/opt/ros/foxy LD_LIBRARY_PATH=/home/jaime/RM3_ws/install/hardware_interface/lib:${LD_LIBRARY_PATH} /usr/bin/cmake --install /home/jaime/RM3_ws/build/transmission_interface
