[0.141s] Invoking command in '/home/jaime/RM3_ws/build/force_torque_sensor_broadcaster': AMENT_PREFIX_PATH=/home/jaime/RM3_ws/install/controller_manager:/home/jaime/RM3_ws/install/controller_interface:/home/jaime/RM3_ws/install/hardware_interface:/home/jaime/RM3_ws/install/ros2_control_test_assets:/home/jaime/RM3_ws/install/controller_manager_msgs:${AMENT_PREFIX_PATH} CMAKE_PREFIX_PATH=/home/jaime/RM3_ws/install/controller_manager:/home/jaime/RM3_ws/install/controller_interface:/home/jaime/RM3_ws/install/hardware_interface:/home/jaime/RM3_ws/install/ros2_control_test_assets:/home/jaime/RM3_ws/install/controller_manager_msgs:/opt/ros/foxy LD_LIBRARY_PATH=/home/jaime/RM3_ws/install/controller_manager/lib:/home/jaime/RM3_ws/install/controller_interface/lib:/home/jaime/RM3_ws/install/hardware_interface/lib:/home/jaime/RM3_ws/install/controller_manager_msgs/lib:${LD_LIBRARY_PATH} PYTHONPATH=/home/jaime/RM3_ws/install/controller_manager/lib/python3.8/site-packages:/home/jaime/RM3_ws/install/controller_manager_msgs/lib/python3.8/site-packages:${PYTHONPATH} /usr/bin/cmake --build /home/jaime/RM3_ws/build/force_torque_sensor_broadcaster -- -j8 -l8
[0.261s] [ 18%] Built target gmock_main
[0.261s] [ 45%] Built target gmock
[0.274s] [ 63%] Built target force_torque_sensor_broadcaster
[0.324s] [ 81%] Built target test_load_force_torque_sensor_broadcaster
[0.337s] [100%] Built target test_force_torque_sensor_broadcaster
[0.553s] Invoked command in '/home/jaime/RM3_ws/build/force_torque_sensor_broadcaster' returned '0': AMENT_PREFIX_PATH=/home/jaime/RM3_ws/install/controller_manager:/home/jaime/RM3_ws/install/controller_interface:/home/jaime/RM3_ws/install/hardware_interface:/home/jaime/RM3_ws/install/ros2_control_test_assets:/home/jaime/RM3_ws/install/controller_manager_msgs:${AMENT_PREFIX_PATH} CMAKE_PREFIX_PATH=/home/jaime/RM3_ws/install/controller_manager:/home/jaime/RM3_ws/install/controller_interface:/home/jaime/RM3_ws/install/hardware_interface:/home/jaime/RM3_ws/install/ros2_control_test_assets:/home/jaime/RM3_ws/install/controller_manager_msgs:/opt/ros/foxy LD_LIBRARY_PATH=/home/jaime/RM3_ws/install/controller_manager/lib:/home/jaime/RM3_ws/install/controller_interface/lib:/home/jaime/RM3_ws/install/hardware_interface/lib:/home/jaime/RM3_ws/install/controller_manager_msgs/lib:${LD_LIBRARY_PATH} PYTHONPATH=/home/jaime/RM3_ws/install/controller_manager/lib/python3.8/site-packages:/home/jaime/RM3_ws/install/controller_manager_msgs/lib/python3.8/site-packages:${PYTHONPATH} /usr/bin/cmake --build /home/jaime/RM3_ws/build/force_torque_sensor_broadcaster -- -j8 -l8
[0.604s] Invoking command in '/home/jaime/RM3_ws/build/force_torque_sensor_broadcaster': AMENT_PREFIX_PATH=/home/jaime/RM3_ws/install/controller_manager:/home/jaime/RM3_ws/install/controller_interface:/home/jaime/RM3_ws/install/hardware_interface:/home/jaime/RM3_ws/install/ros2_control_test_assets:/home/jaime/RM3_ws/install/controller_manager_msgs:${AMENT_PREFIX_PATH} CMAKE_PREFIX_PATH=/home/jaime/RM3_ws/install/controller_manager:/home/jaime/RM3_ws/install/controller_interface:/home/jaime/RM3_ws/install/hardware_interface:/home/jaime/RM3_ws/install/ros2_control_test_assets:/home/jaime/RM3_ws/install/controller_manager_msgs:/opt/ros/foxy LD_LIBRARY_PATH=/home/jaime/RM3_ws/install/controller_manager/lib:/home/jaime/RM3_ws/install/controller_interface/lib:/home/jaime/RM3_ws/install/hardware_interface/lib:/home/jaime/RM3_ws/install/controller_manager_msgs/lib:${LD_LIBRARY_PATH} PYTHONPATH=/home/jaime/RM3_ws/install/controller_manager/lib/python3.8/site-packages:/home/jaime/RM3_ws/install/controller_manager_msgs/lib/python3.8/site-packages:${PYTHONPATH} /usr/bin/cmake --install /home/jaime/RM3_ws/build/force_torque_sensor_broadcaster
[0.626s] -- Install configuration: ""
[0.626s] -- Execute custom install script
[0.627s] -- Up-to-date symlink: /home/jaime/RM3_ws/install/force_torque_sensor_broadcaster/share/force_torque_sensor_broadcaster//force_torque_sensor_broadcaster.xml
[0.627s] -- Up-to-date symlink: /home/jaime/RM3_ws/install/force_torque_sensor_broadcaster/lib/libforce_torque_sensor_broadcaster.so
[0.635s] -- Up-to-date symlink: /home/jaime/RM3_ws/install/force_torque_sensor_broadcaster/include/force_torque_sensor_broadcaster/force_torque_sensor_broadcaster.hpp
[0.635s] -- Up-to-date symlink: /home/jaime/RM3_ws/install/force_torque_sensor_broadcaster/include/force_torque_sensor_broadcaster/visibility_control.h
[0.635s] -- Up-to-date symlink: /home/jaime/RM3_ws/install/force_torque_sensor_broadcaster/share/force_torque_sensor_broadcaster/environment/library_path.sh
[0.636s] -- Up-to-date symlink: /home/jaime/RM3_ws/install/force_torque_sensor_broadcaster/share/force_torque_sensor_broadcaster/environment/library_path.dsv
[0.636s] -- Up-to-date symlink: /home/jaime/RM3_ws/install/force_torque_sensor_broadcaster/share/ament_index/resource_index/package_run_dependencies/force_torque_sensor_broadcaster
[0.636s] -- Up-to-date symlink: /home/jaime/RM3_ws/install/force_torque_sensor_broadcaster/share/ament_index/resource_index/parent_prefix_path/force_torque_sensor_broadcaster
[0.636s] -- Up-to-date symlink: /home/jaime/RM3_ws/install/force_torque_sensor_broadcaster/share/force_torque_sensor_broadcaster/environment/ament_prefix_path.sh
[0.637s] -- Up-to-date symlink: /home/jaime/RM3_ws/install/force_torque_sensor_broadcaster/share/force_torque_sensor_broadcaster/environment/ament_prefix_path.dsv
[0.637s] -- Up-to-date symlink: /home/jaime/RM3_ws/install/force_torque_sensor_broadcaster/share/force_torque_sensor_broadcaster/environment/path.sh
[0.638s] -- Up-to-date symlink: /home/jaime/RM3_ws/install/force_torque_sensor_broadcaster/share/force_torque_sensor_broadcaster/environment/path.dsv
[0.638s] -- Up-to-date symlink: /home/jaime/RM3_ws/install/force_torque_sensor_broadcaster/share/force_torque_sensor_broadcaster/local_setup.bash
[0.638s] -- Up-to-date symlink: /home/jaime/RM3_ws/install/force_torque_sensor_broadcaster/share/force_torque_sensor_broadcaster/local_setup.sh
[0.638s] -- Up-to-date symlink: /home/jaime/RM3_ws/install/force_torque_sensor_broadcaster/share/force_torque_sensor_broadcaster/local_setup.zsh
[0.639s] -- Up-to-date symlink: /home/jaime/RM3_ws/install/force_torque_sensor_broadcaster/share/force_torque_sensor_broadcaster/local_setup.dsv
[0.639s] -- Symlinking: /home/jaime/RM3_ws/install/force_torque_sensor_broadcaster/share/force_torque_sensor_broadcaster/package.dsv
[0.651s] -- Up-to-date symlink: /home/jaime/RM3_ws/install/force_torque_sensor_broadcaster/share/ament_index/resource_index/packages/force_torque_sensor_broadcaster
[0.661s] -- Up-to-date symlink: /home/jaime/RM3_ws/install/force_torque_sensor_broadcaster/share/ament_index/resource_index/controller_interface__pluginlib__plugin/force_torque_sensor_broadcaster
[0.662s] -- Up-to-date symlink: /home/jaime/RM3_ws/install/force_torque_sensor_broadcaster/share/force_torque_sensor_broadcaster/cmake/ament_cmake_export_include_directories-extras.cmake
[0.662s] -- Up-to-date symlink: /home/jaime/RM3_ws/install/force_torque_sensor_broadcaster/share/force_torque_sensor_broadcaster/cmake/ament_cmake_export_libraries-extras.cmake
[0.662s] -- Up-to-date symlink: /home/jaime/RM3_ws/install/force_torque_sensor_broadcaster/share/force_torque_sensor_broadcaster/cmake/ament_cmake_export_dependencies-extras.cmake
[0.662s] -- Up-to-date symlink: /home/jaime/RM3_ws/install/force_torque_sensor_broadcaster/share/force_torque_sensor_broadcaster/cmake/force_torque_sensor_broadcasterConfig.cmake
[0.663s] -- Up-to-date symlink: /home/jaime/RM3_ws/install/force_torque_sensor_broadcaster/share/force_torque_sensor_broadcaster/cmake/force_torque_sensor_broadcasterConfig-version.cmake
[0.664s] -- Up-to-date symlink: /home/jaime/RM3_ws/install/force_torque_sensor_broadcaster/share/force_torque_sensor_broadcaster/package.xml
[0.689s] Invoked command in '/home/jaime/RM3_ws/build/force_torque_sensor_broadcaster' returned '0': AMENT_PREFIX_PATH=/home/jaime/RM3_ws/install/controller_manager:/home/jaime/RM3_ws/install/controller_interface:/home/jaime/RM3_ws/install/hardware_interface:/home/jaime/RM3_ws/install/ros2_control_test_assets:/home/jaime/RM3_ws/install/controller_manager_msgs:${AMENT_PREFIX_PATH} CMAKE_PREFIX_PATH=/home/jaime/RM3_ws/install/controller_manager:/home/jaime/RM3_ws/install/controller_interface:/home/jaime/RM3_ws/install/hardware_interface:/home/jaime/RM3_ws/install/ros2_control_test_assets:/home/jaime/RM3_ws/install/controller_manager_msgs:/opt/ros/foxy LD_LIBRARY_PATH=/home/jaime/RM3_ws/install/controller_manager/lib:/home/jaime/RM3_ws/install/controller_interface/lib:/home/jaime/RM3_ws/install/hardware_interface/lib:/home/jaime/RM3_ws/install/controller_manager_msgs/lib:${LD_LIBRARY_PATH} PYTHONPATH=/home/jaime/RM3_ws/install/controller_manager/lib/python3.8/site-packages:/home/jaime/RM3_ws/install/controller_manager_msgs/lib/python3.8/site-packages:${PYTHONPATH} /usr/bin/cmake --install /home/jaime/RM3_ws/build/force_torque_sensor_broadcaster
