[0.107s] Invoking command in '/home/jaime/RM3_ws/build/joint_state_controller': AMENT_PREFIX_PATH=/home/jaime/RM3_ws/install/joint_state_broadcaster:/home/jaime/RM3_ws/install/controller_manager:/home/jaime/RM3_ws/install/controller_interface:/home/jaime/RM3_ws/install/hardware_interface:/home/jaime/RM3_ws/install/ros2_control_test_assets:/home/jaime/RM3_ws/install/controller_manager_msgs:${AMENT_PREFIX_PATH} CMAKE_PREFIX_PATH=/home/jaime/RM3_ws/install/joint_state_broadcaster:/home/jaime/RM3_ws/install/controller_manager:/home/jaime/RM3_ws/install/controller_interface:/home/jaime/RM3_ws/install/hardware_interface:/home/jaime/RM3_ws/install/ros2_control_test_assets:/home/jaime/RM3_ws/install/controller_manager_msgs:/opt/ros/foxy LD_LIBRARY_PATH=/home/jaime/RM3_ws/install/joint_state_broadcaster/lib:/home/jaime/RM3_ws/install/controller_manager/lib:/home/jaime/RM3_ws/install/controller_interface/lib:/home/jaime/RM3_ws/install/hardware_interface/lib:/home/jaime/RM3_ws/install/controller_manager_msgs/lib:${LD_LIBRARY_PATH} PYTHONPATH=/home/jaime/RM3_ws/install/controller_manager/lib/python3.8/site-packages:/home/jaime/RM3_ws/install/controller_manager_msgs/lib/python3.8/site-packages:${PYTHONPATH} /usr/bin/cmake --build /home/jaime/RM3_ws/build/joint_state_controller -- -j8 -l8
[0.195s] [ 22%] Built target gmock_main
[0.196s] [ 55%] Built target gmock
[0.213s] [ 77%] Built target joint_state_controller
[0.252s] [100%] Built target test_load_joint_state_controller
[0.281s] Invoked command in '/home/jaime/RM3_ws/build/joint_state_controller' returned '0': AMENT_PREFIX_PATH=/home/jaime/RM3_ws/install/joint_state_broadcaster:/home/jaime/RM3_ws/install/controller_manager:/home/jaime/RM3_ws/install/controller_interface:/home/jaime/RM3_ws/install/hardware_interface:/home/jaime/RM3_ws/install/ros2_control_test_assets:/home/jaime/RM3_ws/install/controller_manager_msgs:${AMENT_PREFIX_PATH} CMAKE_PREFIX_PATH=/home/jaime/RM3_ws/install/joint_state_broadcaster:/home/jaime/RM3_ws/install/controller_manager:/home/jaime/RM3_ws/install/controller_interface:/home/jaime/RM3_ws/install/hardware_interface:/home/jaime/RM3_ws/install/ros2_control_test_assets:/home/jaime/RM3_ws/install/controller_manager_msgs:/opt/ros/foxy LD_LIBRARY_PATH=/home/jaime/RM3_ws/install/joint_state_broadcaster/lib:/home/jaime/RM3_ws/install/controller_manager/lib:/home/jaime/RM3_ws/install/controller_interface/lib:/home/jaime/RM3_ws/install/hardware_interface/lib:/home/jaime/RM3_ws/install/controller_manager_msgs/lib:${LD_LIBRARY_PATH} PYTHONPATH=/home/jaime/RM3_ws/install/controller_manager/lib/python3.8/site-packages:/home/jaime/RM3_ws/install/controller_manager_msgs/lib/python3.8/site-packages:${PYTHONPATH} /usr/bin/cmake --build /home/jaime/RM3_ws/build/joint_state_controller -- -j8 -l8
[0.345s] Invoking command in '/home/jaime/RM3_ws/build/joint_state_controller': AMENT_PREFIX_PATH=/home/jaime/RM3_ws/install/joint_state_broadcaster:/home/jaime/RM3_ws/install/controller_manager:/home/jaime/RM3_ws/install/controller_interface:/home/jaime/RM3_ws/install/hardware_interface:/home/jaime/RM3_ws/install/ros2_control_test_assets:/home/jaime/RM3_ws/install/controller_manager_msgs:${AMENT_PREFIX_PATH} CMAKE_PREFIX_PATH=/home/jaime/RM3_ws/install/joint_state_broadcaster:/home/jaime/RM3_ws/install/controller_manager:/home/jaime/RM3_ws/install/controller_interface:/home/jaime/RM3_ws/install/hardware_interface:/home/jaime/RM3_ws/install/ros2_control_test_assets:/home/jaime/RM3_ws/install/controller_manager_msgs:/opt/ros/foxy LD_LIBRARY_PATH=/home/jaime/RM3_ws/install/joint_state_broadcaster/lib:/home/jaime/RM3_ws/install/controller_manager/lib:/home/jaime/RM3_ws/install/controller_interface/lib:/home/jaime/RM3_ws/install/hardware_interface/lib:/home/jaime/RM3_ws/install/controller_manager_msgs/lib:${LD_LIBRARY_PATH} PYTHONPATH=/home/jaime/RM3_ws/install/controller_manager/lib/python3.8/site-packages:/home/jaime/RM3_ws/install/controller_manager_msgs/lib/python3.8/site-packages:${PYTHONPATH} /usr/bin/cmake --install /home/jaime/RM3_ws/build/joint_state_controller
[0.358s] -- Install configuration: ""
[0.358s] -- Execute custom install script
[0.361s] -- Up-to-date symlink: /home/jaime/RM3_ws/install/joint_state_controller/share/joint_state_controller//joint_state_plugin.xml
[0.362s] -- Up-to-date symlink: /home/jaime/RM3_ws/install/joint_state_controller/lib/libjoint_state_controller.so
[0.363s] -- Up-to-date symlink: /home/jaime/RM3_ws/install/joint_state_controller/share/joint_state_controller/environment/library_path.sh
[0.367s] -- Up-to-date symlink: /home/jaime/RM3_ws/install/joint_state_controller/share/joint_state_controller/environment/library_path.dsv
[0.367s] -- Up-to-date symlink: /home/jaime/RM3_ws/install/joint_state_controller/share/ament_index/resource_index/package_run_dependencies/joint_state_controller
[0.367s] -- Up-to-date symlink: /home/jaime/RM3_ws/install/joint_state_controller/share/ament_index/resource_index/parent_prefix_path/joint_state_controller
[0.368s] -- Up-to-date symlink: /home/jaime/RM3_ws/install/joint_state_controller/share/joint_state_controller/environment/ament_prefix_path.sh
[0.369s] -- Up-to-date symlink: /home/jaime/RM3_ws/install/joint_state_controller/share/joint_state_controller/environment/ament_prefix_path.dsv
[0.370s] -- Up-to-date symlink: /home/jaime/RM3_ws/install/joint_state_controller/share/joint_state_controller/environment/path.sh
[0.374s] -- Up-to-date symlink: /home/jaime/RM3_ws/install/joint_state_controller/share/joint_state_controller/environment/path.dsv
[0.374s] -- Up-to-date symlink: /home/jaime/RM3_ws/install/joint_state_controller/share/joint_state_controller/local_setup.bash
[0.375s] -- Up-to-date symlink: /home/jaime/RM3_ws/install/joint_state_controller/share/joint_state_controller/local_setup.sh
[0.375s] -- Up-to-date symlink: /home/jaime/RM3_ws/install/joint_state_controller/share/joint_state_controller/local_setup.zsh
[0.376s] -- Up-to-date symlink: /home/jaime/RM3_ws/install/joint_state_controller/share/joint_state_controller/local_setup.dsv
[0.378s] -- Symlinking: /home/jaime/RM3_ws/install/joint_state_controller/share/joint_state_controller/package.dsv
[0.387s] -- Up-to-date symlink: /home/jaime/RM3_ws/install/joint_state_controller/share/ament_index/resource_index/packages/joint_state_controller
[0.389s] -- Up-to-date symlink: /home/jaime/RM3_ws/install/joint_state_controller/share/ament_index/resource_index/controller_interface__pluginlib__plugin/joint_state_controller
[0.390s] -- Up-to-date symlink: /home/jaime/RM3_ws/install/joint_state_controller/share/joint_state_controller/cmake/ament_cmake_export_dependencies-extras.cmake
[0.392s] -- Up-to-date symlink: /home/jaime/RM3_ws/install/joint_state_controller/share/joint_state_controller/cmake/ament_cmake_export_libraries-extras.cmake
[0.393s] -- Up-to-date symlink: /home/jaime/RM3_ws/install/joint_state_controller/share/joint_state_controller/cmake/joint_state_controllerConfig.cmake
[0.393s] -- Up-to-date symlink: /home/jaime/RM3_ws/install/joint_state_controller/share/joint_state_controller/cmake/joint_state_controllerConfig-version.cmake
[0.394s] -- Up-to-date symlink: /home/jaime/RM3_ws/install/joint_state_controller/share/joint_state_controller/package.xml
[0.426s] Invoked command in '/home/jaime/RM3_ws/build/joint_state_controller' returned '0': AMENT_PREFIX_PATH=/home/jaime/RM3_ws/install/joint_state_broadcaster:/home/jaime/RM3_ws/install/controller_manager:/home/jaime/RM3_ws/install/controller_interface:/home/jaime/RM3_ws/install/hardware_interface:/home/jaime/RM3_ws/install/ros2_control_test_assets:/home/jaime/RM3_ws/install/controller_manager_msgs:${AMENT_PREFIX_PATH} CMAKE_PREFIX_PATH=/home/jaime/RM3_ws/install/joint_state_broadcaster:/home/jaime/RM3_ws/install/controller_manager:/home/jaime/RM3_ws/install/controller_interface:/home/jaime/RM3_ws/install/hardware_interface:/home/jaime/RM3_ws/install/ros2_control_test_assets:/home/jaime/RM3_ws/install/controller_manager_msgs:/opt/ros/foxy LD_LIBRARY_PATH=/home/jaime/RM3_ws/install/joint_state_broadcaster/lib:/home/jaime/RM3_ws/install/controller_manager/lib:/home/jaime/RM3_ws/install/controller_interface/lib:/home/jaime/RM3_ws/install/hardware_interface/lib:/home/jaime/RM3_ws/install/controller_manager_msgs/lib:${LD_LIBRARY_PATH} PYTHONPATH=/home/jaime/RM3_ws/install/controller_manager/lib/python3.8/site-packages:/home/jaime/RM3_ws/install/controller_manager_msgs/lib/python3.8/site-packages:${PYTHONPATH} /usr/bin/cmake --install /home/jaime/RM3_ws/build/joint_state_controller
