[0.087s] Invoking command in '/home/jaime/RM3_ws/build/force_torque_sensor_broadcaster': AMENT_PREFIX_PATH=/home/jaime/RM3_ws/install/controller_manager:/home/jaime/RM3_ws/install/controller_interface:/home/jaime/RM3_ws/install/hardware_interface:/home/jaime/RM3_ws/install/ros2_control_test_assets:/home/jaime/RM3_ws/install/controller_manager_msgs CMAKE_PREFIX_PATH=/home/jaime/RM3_ws/install/controller_manager:/home/jaime/RM3_ws/install/controller_interface:/home/jaime/RM3_ws/install/hardware_interface:/home/jaime/RM3_ws/install/ros2_control_test_assets:/home/jaime/RM3_ws/install/controller_manager_msgs LD_LIBRARY_PATH=/home/jaime/RM3_ws/install/controller_manager/lib:/home/jaime/RM3_ws/install/controller_interface/lib:/home/jaime/RM3_ws/install/hardware_interface/lib:/home/jaime/RM3_ws/install/controller_manager_msgs/lib PYTHONPATH=/home/jaime/RM3_ws/install/controller_manager/lib/python3.8/site-packages:/home/jaime/RM3_ws/install/controller_manager_msgs/lib/python3.8/site-packages /usr/bin/cmake --build /home/jaime/RM3_ws/build/force_torque_sensor_broadcaster -- -j8 -l8
[0.174s] [ 27%] Built target gmock
[0.203s] [ 45%] Built target gmock_main
[0.261s] [ 63%] Built target force_torque_sensor_broadcaster
[0.327s] [ 81%] Built target test_load_force_torque_sensor_broadcaster
[0.386s] [100%] Built target test_force_torque_sensor_broadcaster
[0.598s] Invoked command in '/home/jaime/RM3_ws/build/force_torque_sensor_broadcaster' returned '0': AMENT_PREFIX_PATH=/home/jaime/RM3_ws/install/controller_manager:/home/jaime/RM3_ws/install/controller_interface:/home/jaime/RM3_ws/install/hardware_interface:/home/jaime/RM3_ws/install/ros2_control_test_assets:/home/jaime/RM3_ws/install/controller_manager_msgs CMAKE_PREFIX_PATH=/home/jaime/RM3_ws/install/controller_manager:/home/jaime/RM3_ws/install/controller_interface:/home/jaime/RM3_ws/install/hardware_interface:/home/jaime/RM3_ws/install/ros2_control_test_assets:/home/jaime/RM3_ws/install/controller_manager_msgs LD_LIBRARY_PATH=/home/jaime/RM3_ws/install/controller_manager/lib:/home/jaime/RM3_ws/install/controller_interface/lib:/home/jaime/RM3_ws/install/hardware_interface/lib:/home/jaime/RM3_ws/install/controller_manager_msgs/lib PYTHONPATH=/home/jaime/RM3_ws/install/controller_manager/lib/python3.8/site-packages:/home/jaime/RM3_ws/install/controller_manager_msgs/lib/python3.8/site-packages /usr/bin/cmake --build /home/jaime/RM3_ws/build/force_torque_sensor_broadcaster -- -j8 -l8
[0.666s] Invoking command in '/home/jaime/RM3_ws/build/force_torque_sensor_broadcaster': AMENT_PREFIX_PATH=/home/jaime/RM3_ws/install/controller_manager:/home/jaime/RM3_ws/install/controller_interface:/home/jaime/RM3_ws/install/hardware_interface:/home/jaime/RM3_ws/install/ros2_control_test_assets:/home/jaime/RM3_ws/install/controller_manager_msgs CMAKE_PREFIX_PATH=/home/jaime/RM3_ws/install/controller_manager:/home/jaime/RM3_ws/install/controller_interface:/home/jaime/RM3_ws/install/hardware_interface:/home/jaime/RM3_ws/install/ros2_control_test_assets:/home/jaime/RM3_ws/install/controller_manager_msgs LD_LIBRARY_PATH=/home/jaime/RM3_ws/install/controller_manager/lib:/home/jaime/RM3_ws/install/controller_interface/lib:/home/jaime/RM3_ws/install/hardware_interface/lib:/home/jaime/RM3_ws/install/controller_manager_msgs/lib PYTHONPATH=/home/jaime/RM3_ws/install/controller_manager/lib/python3.8/site-packages:/home/jaime/RM3_ws/install/controller_manager_msgs/lib/python3.8/site-packages /usr/bin/cmake --install /home/jaime/RM3_ws/build/force_torque_sensor_broadcaster
[0.690s] -- Install configuration: ""
[0.690s] -- Execute custom install script
[0.691s] -- Up-to-date symlink: /home/jaime/RM3_ws/install/force_torque_sensor_broadcaster/share/force_torque_sensor_broadcaster//force_torque_sensor_broadcaster.xml
[0.691s] -- Up-to-date symlink: /home/jaime/RM3_ws/install/force_torque_sensor_broadcaster/lib/libforce_torque_sensor_broadcaster.so
[0.691s] -- Up-to-date symlink: /home/jaime/RM3_ws/install/force_torque_sensor_broadcaster/include/force_torque_sensor_broadcaster/force_torque_sensor_broadcaster.hpp
[0.692s] -- Up-to-date symlink: /home/jaime/RM3_ws/install/force_torque_sensor_broadcaster/include/force_torque_sensor_broadcaster/visibility_control.h
[0.692s] -- Up-to-date symlink: /home/jaime/RM3_ws/install/force_torque_sensor_broadcaster/share/force_torque_sensor_broadcaster/environment/library_path.sh
[0.693s] -- Up-to-date symlink: /home/jaime/RM3_ws/install/force_torque_sensor_broadcaster/share/force_torque_sensor_broadcaster/environment/library_path.dsv
[0.694s] -- Up-to-date symlink: /home/jaime/RM3_ws/install/force_torque_sensor_broadcaster/share/ament_index/resource_index/package_run_dependencies/force_torque_sensor_broadcaster
[0.694s] -- Up-to-date symlink: /home/jaime/RM3_ws/install/force_torque_sensor_broadcaster/share/ament_index/resource_index/parent_prefix_path/force_torque_sensor_broadcaster
[0.695s] -- Up-to-date symlink: /home/jaime/RM3_ws/install/force_torque_sensor_broadcaster/share/force_torque_sensor_broadcaster/environment/ament_prefix_path.sh
[0.695s] -- Up-to-date symlink: /home/jaime/RM3_ws/install/force_torque_sensor_broadcaster/share/force_torque_sensor_broadcaster/environment/ament_prefix_path.dsv
[0.696s] -- Up-to-date symlink: /home/jaime/RM3_ws/install/force_torque_sensor_broadcaster/share/force_torque_sensor_broadcaster/environment/path.sh
[0.696s] -- Up-to-date symlink: /home/jaime/RM3_ws/install/force_torque_sensor_broadcaster/share/force_torque_sensor_broadcaster/environment/path.dsv
[0.697s] -- Up-to-date symlink: /home/jaime/RM3_ws/install/force_torque_sensor_broadcaster/share/force_torque_sensor_broadcaster/local_setup.bash
[0.698s] -- Up-to-date symlink: /home/jaime/RM3_ws/install/force_torque_sensor_broadcaster/share/force_torque_sensor_broadcaster/local_setup.sh
[0.698s] -- Up-to-date symlink: /home/jaime/RM3_ws/install/force_torque_sensor_broadcaster/share/force_torque_sensor_broadcaster/local_setup.zsh
[0.705s] -- Up-to-date symlink: /home/jaime/RM3_ws/install/force_torque_sensor_broadcaster/share/force_torque_sensor_broadcaster/local_setup.dsv
[0.705s] -- Symlinking: /home/jaime/RM3_ws/install/force_torque_sensor_broadcaster/share/force_torque_sensor_broadcaster/package.dsv
[0.729s] -- Up-to-date symlink: /home/jaime/RM3_ws/install/force_torque_sensor_broadcaster/share/ament_index/resource_index/packages/force_torque_sensor_broadcaster
[0.730s] -- Up-to-date symlink: /home/jaime/RM3_ws/install/force_torque_sensor_broadcaster/share/ament_index/resource_index/controller_interface__pluginlib__plugin/force_torque_sensor_broadcaster
[0.732s] -- Up-to-date symlink: /home/jaime/RM3_ws/install/force_torque_sensor_broadcaster/share/force_torque_sensor_broadcaster/cmake/ament_cmake_export_include_directories-extras.cmake
[0.734s] -- Up-to-date symlink: /home/jaime/RM3_ws/install/force_torque_sensor_broadcaster/share/force_torque_sensor_broadcaster/cmake/ament_cmake_export_libraries-extras.cmake
[0.737s] -- Up-to-date symlink: /home/jaime/RM3_ws/install/force_torque_sensor_broadcaster/share/force_torque_sensor_broadcaster/cmake/ament_cmake_export_dependencies-extras.cmake
[0.739s] -- Up-to-date symlink: /home/jaime/RM3_ws/install/force_torque_sensor_broadcaster/share/force_torque_sensor_broadcaster/cmake/force_torque_sensor_broadcasterConfig.cmake
[0.739s] -- Up-to-date symlink: /home/jaime/RM3_ws/install/force_torque_sensor_broadcaster/share/force_torque_sensor_broadcaster/cmake/force_torque_sensor_broadcasterConfig-version.cmake
[0.739s] -- Up-to-date symlink: /home/jaime/RM3_ws/install/force_torque_sensor_broadcaster/share/force_torque_sensor_broadcaster/package.xml
[0.775s] Invoked command in '/home/jaime/RM3_ws/build/force_torque_sensor_broadcaster' returned '0': AMENT_PREFIX_PATH=/home/jaime/RM3_ws/install/controller_manager:/home/jaime/RM3_ws/install/controller_interface:/home/jaime/RM3_ws/install/hardware_interface:/home/jaime/RM3_ws/install/ros2_control_test_assets:/home/jaime/RM3_ws/install/controller_manager_msgs CMAKE_PREFIX_PATH=/home/jaime/RM3_ws/install/controller_manager:/home/jaime/RM3_ws/install/controller_interface:/home/jaime/RM3_ws/install/hardware_interface:/home/jaime/RM3_ws/install/ros2_control_test_assets:/home/jaime/RM3_ws/install/controller_manager_msgs LD_LIBRARY_PATH=/home/jaime/RM3_ws/install/controller_manager/lib:/home/jaime/RM3_ws/install/controller_interface/lib:/home/jaime/RM3_ws/install/hardware_interface/lib:/home/jaime/RM3_ws/install/controller_manager_msgs/lib PYTHONPATH=/home/jaime/RM3_ws/install/controller_manager/lib/python3.8/site-packages:/home/jaime/RM3_ws/install/controller_manager_msgs/lib/python3.8/site-packages /usr/bin/cmake --install /home/jaime/RM3_ws/build/force_torque_sensor_broadcaster
