[0.148s] DEBUG:colcon:Command line arguments: ['/usr/bin/colcon', 'build']
[0.148s] DEBUG:colcon:Parsed command line arguments: Namespace(allow_overriding=[], ament_cmake_args=None, base_paths=['.'], build_base='build', catkin_cmake_args=None, catkin_skip_building_tests=False, cmake_args=None, cmake_clean_cache=False, cmake_clean_first=False, cmake_force_configure=False, cmake_target=None, cmake_target_skip_unavailable=False, continue_on_error=False, event_handlers=None, executor='parallel', ignore_user_meta=False, install_base='install', log_base=None, log_level=None, main=<bound method BuildVerb.main of <colcon_core.verb.build.BuildVerb object at 0x7ff097d66910>>, merge_install=False, metas=['./colcon.meta'], packages_above=None, packages_above_and_dependencies=None, packages_above_depth=None, packages_end=None, packages_ignore=None, packages_ignore_regex=None, packages_select=None, packages_select_build_failed=False, packages_select_by_dep=None, packages_select_regex=None, packages_select_test_failures=False, packages_skip=None, packages_skip_build_finished=False, packages_skip_by_dep=None, packages_skip_regex=None, packages_skip_test_passed=False, packages_skip_up_to=None, packages_start=None, packages_up_to=None, packages_up_to_regex=None, parallel_workers=8, paths=None, symlink_install=False, test_result_base=None, verb_extension=<colcon_core.verb.build.BuildVerb object at 0x7ff097d66910>, verb_name='build', verb_parser=<colcon_defaults.argument_parser.defaults.DefaultArgumentsDecorator object at 0x7ff097d66e80>)
[0.172s] Level 1:colcon.colcon_core.package_discovery:discover_packages(colcon_meta) check parameters
[0.172s] Level 1:colcon.colcon_core.package_discovery:discover_packages(recursive) check parameters
[0.172s] Level 1:colcon.colcon_core.package_discovery:discover_packages(ignore) check parameters
[0.172s] Level 1:colcon.colcon_core.package_discovery:discover_packages(path) check parameters
[0.172s] Level 1:colcon.colcon_core.package_discovery:discover_packages(colcon_meta) discover
[0.173s] Level 1:colcon.colcon_core.package_discovery:discover_packages(recursive) discover
[0.173s] INFO:colcon.colcon_core.package_discovery:Crawling recursively for packages in '/home/jaime/RM3_ws'
[0.173s] Level 1:colcon.colcon_core.package_identification:_identify(.) by extensions ['ignore', 'ignore_ament_install']
[0.173s] Level 1:colcon.colcon_core.package_identification:_identify(.) by extension 'ignore'
[0.173s] Level 1:colcon.colcon_core.package_identification:_identify(.) by extension 'ignore_ament_install'
[0.173s] Level 1:colcon.colcon_core.package_identification:_identify(.) by extensions ['colcon_pkg']
[0.173s] Level 1:colcon.colcon_core.package_identification:_identify(.) by extension 'colcon_pkg'
[0.173s] Level 1:colcon.colcon_core.package_identification:_identify(.) by extensions ['colcon_meta']
[0.173s] Level 1:colcon.colcon_core.package_identification:_identify(.) by extension 'colcon_meta'
[0.173s] Level 1:colcon.colcon_core.package_identification:_identify(.) by extensions ['ros']
[0.173s] Level 1:colcon.colcon_core.package_identification:_identify(.) by extension 'ros'
[0.185s] Level 1:colcon.colcon_core.package_identification:_identify(.) by extensions ['cmake', 'python']
[0.185s] Level 1:colcon.colcon_core.package_identification:_identify(.) by extension 'cmake'
[0.185s] Level 1:colcon.colcon_core.package_identification:_identify(.) by extension 'python'
[0.185s] Level 1:colcon.colcon_core.package_identification:_identify(.) by extensions ['python_setup_py']
[0.185s] Level 1:colcon.colcon_core.package_identification:_identify(.) by extension 'python_setup_py'
[0.185s] Level 1:colcon.colcon_core.package_identification:_identify(build) by extensions ['ignore', 'ignore_ament_install']
[0.185s] Level 1:colcon.colcon_core.package_identification:_identify(build) by extension 'ignore'
[0.185s] Level 1:colcon.colcon_core.package_identification:_identify(build) ignored
[0.185s] Level 1:colcon.colcon_core.package_identification:_identify(install) by extensions ['ignore', 'ignore_ament_install']
[0.185s] Level 1:colcon.colcon_core.package_identification:_identify(install) by extension 'ignore'
[0.185s] Level 1:colcon.colcon_core.package_identification:_identify(install) ignored
[0.186s] Level 1:colcon.colcon_core.package_identification:_identify(log) by extensions ['ignore', 'ignore_ament_install']
[0.186s] Level 1:colcon.colcon_core.package_identification:_identify(log) by extension 'ignore'
[0.186s] Level 1:colcon.colcon_core.package_identification:_identify(log) ignored
[0.186s] Level 1:colcon.colcon_core.package_identification:_identify(src) by extensions ['ignore', 'ignore_ament_install']
[0.186s] Level 1:colcon.colcon_core.package_identification:_identify(src) by extension 'ignore'
[0.186s] Level 1:colcon.colcon_core.package_identification:_identify(src) by extension 'ignore_ament_install'
[0.186s] Level 1:colcon.colcon_core.package_identification:_identify(src) by extensions ['colcon_pkg']
[0.186s] Level 1:colcon.colcon_core.package_identification:_identify(src) by extension 'colcon_pkg'
[0.186s] Level 1:colcon.colcon_core.package_identification:_identify(src) by extensions ['colcon_meta']
[0.186s] Level 1:colcon.colcon_core.package_identification:_identify(src) by extension 'colcon_meta'
[0.186s] Level 1:colcon.colcon_core.package_identification:_identify(src) by extensions ['ros']
[0.186s] Level 1:colcon.colcon_core.package_identification:_identify(src) by extension 'ros'
[0.186s] Level 1:colcon.colcon_core.package_identification:_identify(src) by extensions ['cmake', 'python']
[0.186s] Level 1:colcon.colcon_core.package_identification:_identify(src) by extension 'cmake'
[0.186s] Level 1:colcon.colcon_core.package_identification:_identify(src) by extension 'python'
[0.186s] Level 1:colcon.colcon_core.package_identification:_identify(src) by extensions ['python_setup_py']
[0.186s] Level 1:colcon.colcon_core.package_identification:_identify(src) by extension 'python_setup_py'
[0.186s] Level 1:colcon.colcon_core.package_identification:_identify(src/TALTECH_RM3_ROS_PACKAGES) by extensions ['ignore', 'ignore_ament_install']
[0.187s] Level 1:colcon.colcon_core.package_identification:_identify(src/TALTECH_RM3_ROS_PACKAGES) by extension 'ignore'
[0.187s] Level 1:colcon.colcon_core.package_identification:_identify(src/TALTECH_RM3_ROS_PACKAGES) by extension 'ignore_ament_install'
[0.187s] Level 1:colcon.colcon_core.package_identification:_identify(src/TALTECH_RM3_ROS_PACKAGES) by extensions ['colcon_pkg']
[0.187s] Level 1:colcon.colcon_core.package_identification:_identify(src/TALTECH_RM3_ROS_PACKAGES) by extension 'colcon_pkg'
[0.187s] Level 1:colcon.colcon_core.package_identification:_identify(src/TALTECH_RM3_ROS_PACKAGES) by extensions ['colcon_meta']
[0.187s] Level 1:colcon.colcon_core.package_identification:_identify(src/TALTECH_RM3_ROS_PACKAGES) by extension 'colcon_meta'
[0.187s] Level 1:colcon.colcon_core.package_identification:_identify(src/TALTECH_RM3_ROS_PACKAGES) by extensions ['ros']
[0.187s] Level 1:colcon.colcon_core.package_identification:_identify(src/TALTECH_RM3_ROS_PACKAGES) by extension 'ros'
[0.187s] Level 1:colcon.colcon_core.package_identification:_identify(src/TALTECH_RM3_ROS_PACKAGES) by extensions ['cmake', 'python']
[0.187s] Level 1:colcon.colcon_core.package_identification:_identify(src/TALTECH_RM3_ROS_PACKAGES) by extension 'cmake'
[0.187s] Level 1:colcon.colcon_core.package_identification:_identify(src/TALTECH_RM3_ROS_PACKAGES) by extension 'python'
[0.187s] Level 1:colcon.colcon_core.package_identification:_identify(src/TALTECH_RM3_ROS_PACKAGES) by extensions ['python_setup_py']
[0.187s] Level 1:colcon.colcon_core.package_identification:_identify(src/TALTECH_RM3_ROS_PACKAGES) by extension 'python_setup_py'
[0.187s] Level 1:colcon.colcon_core.package_identification:_identify(src/TALTECH_RM3_ROS_PACKAGES/robominer_bringup) by extensions ['ignore', 'ignore_ament_install']
[0.187s] Level 1:colcon.colcon_core.package_identification:_identify(src/TALTECH_RM3_ROS_PACKAGES/robominer_bringup) by extension 'ignore'
[0.187s] Level 1:colcon.colcon_core.package_identification:_identify(src/TALTECH_RM3_ROS_PACKAGES/robominer_bringup) by extension 'ignore_ament_install'
[0.187s] Level 1:colcon.colcon_core.package_identification:_identify(src/TALTECH_RM3_ROS_PACKAGES/robominer_bringup) by extensions ['colcon_pkg']
[0.187s] Level 1:colcon.colcon_core.package_identification:_identify(src/TALTECH_RM3_ROS_PACKAGES/robominer_bringup) by extension 'colcon_pkg'
[0.187s] Level 1:colcon.colcon_core.package_identification:_identify(src/TALTECH_RM3_ROS_PACKAGES/robominer_bringup) by extensions ['colcon_meta']
[0.187s] Level 1:colcon.colcon_core.package_identification:_identify(src/TALTECH_RM3_ROS_PACKAGES/robominer_bringup) by extension 'colcon_meta'
[0.187s] Level 1:colcon.colcon_core.package_identification:_identify(src/TALTECH_RM3_ROS_PACKAGES/robominer_bringup) by extensions ['ros']
[0.187s] Level 1:colcon.colcon_core.package_identification:_identify(src/TALTECH_RM3_ROS_PACKAGES/robominer_bringup) by extension 'ros'
[0.191s] DEBUG:colcon.colcon_core.package_identification:Package 'src/TALTECH_RM3_ROS_PACKAGES/robominer_bringup' with type 'ros.ament_python' and name 'robominer_bringup'
[0.192s] Level 1:colcon.colcon_core.package_identification:_identify(src/TALTECH_RM3_ROS_PACKAGES/robominer_drivers) by extensions ['ignore', 'ignore_ament_install']
[0.192s] Level 1:colcon.colcon_core.package_identification:_identify(src/TALTECH_RM3_ROS_PACKAGES/robominer_drivers) by extension 'ignore'
[0.192s] Level 1:colcon.colcon_core.package_identification:_identify(src/TALTECH_RM3_ROS_PACKAGES/robominer_drivers) by extension 'ignore_ament_install'
[0.192s] Level 1:colcon.colcon_core.package_identification:_identify(src/TALTECH_RM3_ROS_PACKAGES/robominer_drivers) by extensions ['colcon_pkg']
[0.192s] Level 1:colcon.colcon_core.package_identification:_identify(src/TALTECH_RM3_ROS_PACKAGES/robominer_drivers) by extension 'colcon_pkg'
[0.192s] Level 1:colcon.colcon_core.package_identification:_identify(src/TALTECH_RM3_ROS_PACKAGES/robominer_drivers) by extensions ['colcon_meta']
[0.192s] Level 1:colcon.colcon_core.package_identification:_identify(src/TALTECH_RM3_ROS_PACKAGES/robominer_drivers) by extension 'colcon_meta'
[0.192s] Level 1:colcon.colcon_core.package_identification:_identify(src/TALTECH_RM3_ROS_PACKAGES/robominer_drivers) by extensions ['ros']
[0.192s] Level 1:colcon.colcon_core.package_identification:_identify(src/TALTECH_RM3_ROS_PACKAGES/robominer_drivers) by extension 'ros'
[0.193s] DEBUG:colcon.colcon_core.package_identification:Package 'src/TALTECH_RM3_ROS_PACKAGES/robominer_drivers' with type 'ros.ament_cmake' and name 'robominer_drivers'
[0.193s] Level 1:colcon.colcon_core.package_identification:_identify(src/TALTECH_RM3_ROS_PACKAGES/robominer_locomotion_control) by extensions ['ignore', 'ignore_ament_install']
[0.193s] Level 1:colcon.colcon_core.package_identification:_identify(src/TALTECH_RM3_ROS_PACKAGES/robominer_locomotion_control) by extension 'ignore'
[0.193s] Level 1:colcon.colcon_core.package_identification:_identify(src/TALTECH_RM3_ROS_PACKAGES/robominer_locomotion_control) by extension 'ignore_ament_install'
[0.193s] Level 1:colcon.colcon_core.package_identification:_identify(src/TALTECH_RM3_ROS_PACKAGES/robominer_locomotion_control) by extensions ['colcon_pkg']
[0.193s] Level 1:colcon.colcon_core.package_identification:_identify(src/TALTECH_RM3_ROS_PACKAGES/robominer_locomotion_control) by extension 'colcon_pkg'
[0.194s] Level 1:colcon.colcon_core.package_identification:_identify(src/TALTECH_RM3_ROS_PACKAGES/robominer_locomotion_control) by extensions ['colcon_meta']
[0.194s] Level 1:colcon.colcon_core.package_identification:_identify(src/TALTECH_RM3_ROS_PACKAGES/robominer_locomotion_control) by extension 'colcon_meta'
[0.194s] Level 1:colcon.colcon_core.package_identification:_identify(src/TALTECH_RM3_ROS_PACKAGES/robominer_locomotion_control) by extensions ['ros']
[0.194s] Level 1:colcon.colcon_core.package_identification:_identify(src/TALTECH_RM3_ROS_PACKAGES/robominer_locomotion_control) by extension 'ros'
[0.194s] DEBUG:colcon.colcon_core.package_identification:Package 'src/TALTECH_RM3_ROS_PACKAGES/robominer_locomotion_control' with type 'ros.ament_python' and name 'robominer_locomotion_control'
[0.194s] Level 1:colcon.colcon_core.package_identification:_identify(src/TALTECH_RM3_ROS_PACKAGES/robominer_msgs) by extensions ['ignore', 'ignore_ament_install']
[0.194s] Level 1:colcon.colcon_core.package_identification:_identify(src/TALTECH_RM3_ROS_PACKAGES/robominer_msgs) by extension 'ignore'
[0.194s] Level 1:colcon.colcon_core.package_identification:_identify(src/TALTECH_RM3_ROS_PACKAGES/robominer_msgs) by extension 'ignore_ament_install'
[0.195s] Level 1:colcon.colcon_core.package_identification:_identify(src/TALTECH_RM3_ROS_PACKAGES/robominer_msgs) by extensions ['colcon_pkg']
[0.195s] Level 1:colcon.colcon_core.package_identification:_identify(src/TALTECH_RM3_ROS_PACKAGES/robominer_msgs) by extension 'colcon_pkg'
[0.195s] Level 1:colcon.colcon_core.package_identification:_identify(src/TALTECH_RM3_ROS_PACKAGES/robominer_msgs) by extensions ['colcon_meta']
[0.195s] Level 1:colcon.colcon_core.package_identification:_identify(src/TALTECH_RM3_ROS_PACKAGES/robominer_msgs) by extension 'colcon_meta'
[0.195s] Level 1:colcon.colcon_core.package_identification:_identify(src/TALTECH_RM3_ROS_PACKAGES/robominer_msgs) by extensions ['ros']
[0.195s] Level 1:colcon.colcon_core.package_identification:_identify(src/TALTECH_RM3_ROS_PACKAGES/robominer_msgs) by extension 'ros'
[0.195s] DEBUG:colcon.colcon_core.package_identification:Package 'src/TALTECH_RM3_ROS_PACKAGES/robominer_msgs' with type 'ros.ament_cmake' and name 'robominer_msgs'
[0.195s] Level 1:colcon.colcon_core.package_discovery:discover_packages(recursive) using defaults
[0.195s] Level 1:colcon.colcon_core.package_discovery:discover_packages(ignore) discover
[0.195s] Level 1:colcon.colcon_core.package_discovery:discover_packages(ignore) using defaults
[0.195s] Level 1:colcon.colcon_core.package_discovery:discover_packages(path) discover
[0.196s] Level 1:colcon.colcon_core.package_discovery:discover_packages(path) using defaults
[0.214s] Level 1:colcon.colcon_core.package_discovery:discover_packages(prefix_path) check parameters
[0.215s] Level 1:colcon.colcon_core.package_discovery:discover_packages(prefix_path) discover
[0.218s] DEBUG:colcon.colcon_installed_package_information.package_discovery:Found 311 installed packages in /opt/ros/foxy
[0.220s] Level 1:colcon.colcon_core.package_discovery:discover_packages(prefix_path) using defaults
[0.316s] Level 5:colcon.colcon_core.verb:set package 'robominer_bringup' build argument 'cmake_args' from command line to 'None'
[0.316s] Level 5:colcon.colcon_core.verb:set package 'robominer_bringup' build argument 'cmake_target' from command line to 'None'
[0.316s] Level 5:colcon.colcon_core.verb:set package 'robominer_bringup' build argument 'cmake_target_skip_unavailable' from command line to 'False'
[0.316s] Level 5:colcon.colcon_core.verb:set package 'robominer_bringup' build argument 'cmake_clean_cache' from command line to 'False'
[0.316s] Level 5:colcon.colcon_core.verb:set package 'robominer_bringup' build argument 'cmake_clean_first' from command line to 'False'
[0.316s] Level 5:colcon.colcon_core.verb:set package 'robominer_bringup' build argument 'cmake_force_configure' from command line to 'False'
[0.316s] Level 5:colcon.colcon_core.verb:set package 'robominer_bringup' build argument 'ament_cmake_args' from command line to 'None'
[0.316s] Level 5:colcon.colcon_core.verb:set package 'robominer_bringup' build argument 'catkin_cmake_args' from command line to 'None'
[0.316s] Level 5:colcon.colcon_core.verb:set package 'robominer_bringup' build argument 'catkin_skip_building_tests' from command line to 'False'
[0.316s] DEBUG:colcon.colcon_core.verb:Building package 'robominer_bringup' with the following arguments: {'ament_cmake_args': None, 'build_base': '/home/jaime/RM3_ws/build/robominer_bringup', 'catkin_cmake_args': None, 'catkin_skip_building_tests': False, 'cmake_args': None, 'cmake_clean_cache': False, 'cmake_clean_first': False, 'cmake_force_configure': False, 'cmake_target': None, 'cmake_target_skip_unavailable': False, 'install_base': '/home/jaime/RM3_ws/install/robominer_bringup', 'merge_install': False, 'path': '/home/jaime/RM3_ws/src/TALTECH_RM3_ROS_PACKAGES/robominer_bringup', 'symlink_install': False, 'test_result_base': None}
[0.317s] Level 5:colcon.colcon_core.verb:set package 'robominer_drivers' build argument 'cmake_args' from command line to 'None'
[0.317s] Level 5:colcon.colcon_core.verb:set package 'robominer_drivers' build argument 'cmake_target' from command line to 'None'
[0.317s] Level 5:colcon.colcon_core.verb:set package 'robominer_drivers' build argument 'cmake_target_skip_unavailable' from command line to 'False'
[0.317s] Level 5:colcon.colcon_core.verb:set package 'robominer_drivers' build argument 'cmake_clean_cache' from command line to 'False'
[0.317s] Level 5:colcon.colcon_core.verb:set package 'robominer_drivers' build argument 'cmake_clean_first' from command line to 'False'
[0.317s] Level 5:colcon.colcon_core.verb:set package 'robominer_drivers' build argument 'cmake_force_configure' from command line to 'False'
[0.317s] Level 5:colcon.colcon_core.verb:set package 'robominer_drivers' build argument 'ament_cmake_args' from command line to 'None'
[0.317s] Level 5:colcon.colcon_core.verb:set package 'robominer_drivers' build argument 'catkin_cmake_args' from command line to 'None'
[0.317s] Level 5:colcon.colcon_core.verb:set package 'robominer_drivers' build argument 'catkin_skip_building_tests' from command line to 'False'
[0.317s] DEBUG:colcon.colcon_core.verb:Building package 'robominer_drivers' with the following arguments: {'ament_cmake_args': None, 'build_base': '/home/jaime/RM3_ws/build/robominer_drivers', 'catkin_cmake_args': None, 'catkin_skip_building_tests': False, 'cmake_args': None, 'cmake_clean_cache': False, 'cmake_clean_first': False, 'cmake_force_configure': False, 'cmake_target': None, 'cmake_target_skip_unavailable': False, 'install_base': '/home/jaime/RM3_ws/install/robominer_drivers', 'merge_install': False, 'path': '/home/jaime/RM3_ws/src/TALTECH_RM3_ROS_PACKAGES/robominer_drivers', 'symlink_install': False, 'test_result_base': None}
[0.318s] Level 5:colcon.colcon_core.verb:set package 'robominer_locomotion_control' build argument 'cmake_args' from command line to 'None'
[0.318s] Level 5:colcon.colcon_core.verb:set package 'robominer_locomotion_control' build argument 'cmake_target' from command line to 'None'
[0.318s] Level 5:colcon.colcon_core.verb:set package 'robominer_locomotion_control' build argument 'cmake_target_skip_unavailable' from command line to 'False'
[0.318s] Level 5:colcon.colcon_core.verb:set package 'robominer_locomotion_control' build argument 'cmake_clean_cache' from command line to 'False'
[0.318s] Level 5:colcon.colcon_core.verb:set package 'robominer_locomotion_control' build argument 'cmake_clean_first' from command line to 'False'
[0.318s] Level 5:colcon.colcon_core.verb:set package 'robominer_locomotion_control' build argument 'cmake_force_configure' from command line to 'False'
[0.318s] Level 5:colcon.colcon_core.verb:set package 'robominer_locomotion_control' build argument 'ament_cmake_args' from command line to 'None'
[0.318s] Level 5:colcon.colcon_core.verb:set package 'robominer_locomotion_control' build argument 'catkin_cmake_args' from command line to 'None'
[0.318s] Level 5:colcon.colcon_core.verb:set package 'robominer_locomotion_control' build argument 'catkin_skip_building_tests' from command line to 'False'
[0.318s] DEBUG:colcon.colcon_core.verb:Building package 'robominer_locomotion_control' with the following arguments: {'ament_cmake_args': None, 'build_base': '/home/jaime/RM3_ws/build/robominer_locomotion_control', 'catkin_cmake_args': None, 'catkin_skip_building_tests': False, 'cmake_args': None, 'cmake_clean_cache': False, 'cmake_clean_first': False, 'cmake_force_configure': False, 'cmake_target': None, 'cmake_target_skip_unavailable': False, 'install_base': '/home/jaime/RM3_ws/install/robominer_locomotion_control', 'merge_install': False, 'path': '/home/jaime/RM3_ws/src/TALTECH_RM3_ROS_PACKAGES/robominer_locomotion_control', 'symlink_install': False, 'test_result_base': None}
[0.319s] Level 5:colcon.colcon_core.verb:set package 'robominer_msgs' build argument 'cmake_args' from command line to 'None'
[0.319s] Level 5:colcon.colcon_core.verb:set package 'robominer_msgs' build argument 'cmake_target' from command line to 'None'
[0.319s] Level 5:colcon.colcon_core.verb:set package 'robominer_msgs' build argument 'cmake_target_skip_unavailable' from command line to 'False'
[0.319s] Level 5:colcon.colcon_core.verb:set package 'robominer_msgs' build argument 'cmake_clean_cache' from command line to 'False'
[0.319s] Level 5:colcon.colcon_core.verb:set package 'robominer_msgs' build argument 'cmake_clean_first' from command line to 'False'
[0.319s] Level 5:colcon.colcon_core.verb:set package 'robominer_msgs' build argument 'cmake_force_configure' from command line to 'False'
[0.319s] Level 5:colcon.colcon_core.verb:set package 'robominer_msgs' build argument 'ament_cmake_args' from command line to 'None'
[0.319s] Level 5:colcon.colcon_core.verb:set package 'robominer_msgs' build argument 'catkin_cmake_args' from command line to 'None'
[0.319s] Level 5:colcon.colcon_core.verb:set package 'robominer_msgs' build argument 'catkin_skip_building_tests' from command line to 'False'
[0.320s] DEBUG:colcon.colcon_core.verb:Building package 'robominer_msgs' with the following arguments: {'ament_cmake_args': None, 'build_base': '/home/jaime/RM3_ws/build/robominer_msgs', 'catkin_cmake_args': None, 'catkin_skip_building_tests': False, 'cmake_args': None, 'cmake_clean_cache': False, 'cmake_clean_first': False, 'cmake_force_configure': False, 'cmake_target': None, 'cmake_target_skip_unavailable': False, 'install_base': '/home/jaime/RM3_ws/install/robominer_msgs', 'merge_install': False, 'path': '/home/jaime/RM3_ws/src/TALTECH_RM3_ROS_PACKAGES/robominer_msgs', 'symlink_install': False, 'test_result_base': None}
[0.320s] INFO:colcon.colcon_core.executor:Executing jobs using 'parallel' executor
[0.322s] DEBUG:colcon.colcon_parallel_executor.executor.parallel:run_until_complete
[0.323s] INFO:colcon.colcon_ros.task.ament_python.build:Building ROS package in '/home/jaime/RM3_ws/src/TALTECH_RM3_ROS_PACKAGES/robominer_bringup' with build type 'ament_python'
[0.323s] Level 1:colcon.colcon_core.shell:create_environment_hook('robominer_bringup', 'ament_prefix_path')
[0.327s] INFO:colcon.colcon_core.plugin_system:Skipping extension 'colcon_core.shell.bat': Not used on non-Windows systems
[0.327s] INFO:colcon.colcon_core.shell:Creating environment hook '/home/jaime/RM3_ws/install/robominer_bringup/share/robominer_bringup/hook/ament_prefix_path.ps1'
[0.328s] INFO:colcon.colcon_core.shell:Creating environment descriptor '/home/jaime/RM3_ws/install/robominer_bringup/share/robominer_bringup/hook/ament_prefix_path.dsv'
[0.328s] INFO:colcon.colcon_core.shell:Creating environment hook '/home/jaime/RM3_ws/install/robominer_bringup/share/robominer_bringup/hook/ament_prefix_path.sh'
[0.330s] INFO:colcon.colcon_core.shell:Skip shell extension 'powershell' for command environment: Not usable outside of PowerShell
[0.330s] DEBUG:colcon.colcon_core.shell:Skip shell extension 'dsv' for command environment
[0.335s] INFO:colcon.colcon_ros.task.ament_cmake.build:Building ROS package in '/home/jaime/RM3_ws/src/TALTECH_RM3_ROS_PACKAGES/robominer_drivers' with build type 'ament_cmake'
[0.335s] INFO:colcon.colcon_cmake.task.cmake.build:Building CMake package in '/home/jaime/RM3_ws/src/TALTECH_RM3_ROS_PACKAGES/robominer_drivers'
[0.336s] INFO:colcon.colcon_core.shell:Skip shell extension 'powershell' for command environment: Not usable outside of PowerShell
[0.336s] DEBUG:colcon.colcon_core.shell:Skip shell extension 'dsv' for command environment
[0.342s] INFO:colcon.colcon_ros.task.ament_python.build:Building ROS package in '/home/jaime/RM3_ws/src/TALTECH_RM3_ROS_PACKAGES/robominer_locomotion_control' with build type 'ament_python'
[0.342s] Level 1:colcon.colcon_core.shell:create_environment_hook('robominer_locomotion_control', 'ament_prefix_path')
[0.343s] INFO:colcon.colcon_core.shell:Creating environment hook '/home/jaime/RM3_ws/install/robominer_locomotion_control/share/robominer_locomotion_control/hook/ament_prefix_path.ps1'
[0.344s] INFO:colcon.colcon_core.shell:Creating environment descriptor '/home/jaime/RM3_ws/install/robominer_locomotion_control/share/robominer_locomotion_control/hook/ament_prefix_path.dsv'
[0.345s] INFO:colcon.colcon_core.shell:Creating environment hook '/home/jaime/RM3_ws/install/robominer_locomotion_control/share/robominer_locomotion_control/hook/ament_prefix_path.sh'
[0.346s] INFO:colcon.colcon_core.shell:Skip shell extension 'powershell' for command environment: Not usable outside of PowerShell
[0.346s] DEBUG:colcon.colcon_core.shell:Skip shell extension 'dsv' for command environment
[0.352s] INFO:colcon.colcon_ros.task.ament_cmake.build:Building ROS package in '/home/jaime/RM3_ws/src/TALTECH_RM3_ROS_PACKAGES/robominer_msgs' with build type 'ament_cmake'
[0.353s] INFO:colcon.colcon_cmake.task.cmake.build:Building CMake package in '/home/jaime/RM3_ws/src/TALTECH_RM3_ROS_PACKAGES/robominer_msgs'
[0.353s] INFO:colcon.colcon_core.shell:Skip shell extension 'powershell' for command environment: Not usable outside of PowerShell
[0.353s] DEBUG:colcon.colcon_core.shell:Skip shell extension 'dsv' for command environment
[0.594s] INFO:colcon.colcon_core.task.python.build:Building Python package in '/home/jaime/RM3_ws/src/TALTECH_RM3_ROS_PACKAGES/robominer_bringup'
[0.595s] INFO:colcon.colcon_core.shell:Skip shell extension 'powershell' for command environment: Not usable outside of PowerShell
[0.595s] DEBUG:colcon.colcon_core.shell:Skip shell extension 'dsv' for command environment
[0.606s] DEBUG:colcon.colcon_core.event_handler.log_command:Invoking command in '/home/jaime/RM3_ws/build/robominer_drivers': CMAKE_PREFIX_PATH=${CMAKE_PREFIX_PATH}:/opt/ros/foxy /usr/bin/cmake /home/jaime/RM3_ws/src/TALTECH_RM3_ROS_PACKAGES/robominer_drivers -DCMAKE_INSTALL_PREFIX=/home/jaime/RM3_ws/install/robominer_drivers
[0.848s] INFO:colcon.colcon_core.task.python.build:Building Python package in '/home/jaime/RM3_ws/src/TALTECH_RM3_ROS_PACKAGES/robominer_locomotion_control'
[0.849s] INFO:colcon.colcon_core.shell:Skip shell extension 'powershell' for command environment: Not usable outside of PowerShell
[0.850s] DEBUG:colcon.colcon_core.shell:Skip shell extension 'dsv' for command environment
[0.861s] DEBUG:colcon.colcon_core.event_handler.log_command:Invoking command in '/home/jaime/RM3_ws/build/robominer_msgs': CMAKE_PREFIX_PATH=${CMAKE_PREFIX_PATH}:/opt/ros/foxy /usr/bin/cmake --build /home/jaime/RM3_ws/build/robominer_msgs -- -j8 -l8
[1.103s] DEBUG:colcon.colcon_core.event_handler.log_command:Invoked command in '/home/jaime/RM3_ws/build/robominer_msgs' returned '0': CMAKE_PREFIX_PATH=${CMAKE_PREFIX_PATH}:/opt/ros/foxy /usr/bin/cmake --build /home/jaime/RM3_ws/build/robominer_msgs -- -j8 -l8
[1.291s] DEBUG:colcon.colcon_core.event_handler.log_command:Invoking command in '/home/jaime/RM3_ws/build/robominer_msgs': CMAKE_PREFIX_PATH=${CMAKE_PREFIX_PATH}:/opt/ros/foxy /usr/bin/cmake --install /home/jaime/RM3_ws/build/robominer_msgs
[1.361s] DEBUG:colcon.colcon_core.event_handler.log_command:Invoking command in '/home/jaime/RM3_ws/src/TALTECH_RM3_ROS_PACKAGES/robominer_bringup': PYTHONPATH=/home/jaime/RM3_ws/install/robominer_bringup/lib/python3.8/site-packages:${PYTHONPATH} /usr/bin/python3 setup.py egg_info --egg-base ../../../build/robominer_bringup build --build-base /home/jaime/RM3_ws/build/robominer_bringup/build install --prefix /home/jaime/RM3_ws/install/robominer_bringup --record /home/jaime/RM3_ws/build/robominer_bringup/install.log --single-version-externally-managed
[1.363s] DEBUG:colcon.colcon_core.event_handler.log_command:Invoking command in '/home/jaime/RM3_ws/src/TALTECH_RM3_ROS_PACKAGES/robominer_locomotion_control': PYTHONPATH=/home/jaime/RM3_ws/install/robominer_locomotion_control/lib/python3.8/site-packages:${PYTHONPATH} /usr/bin/python3 setup.py egg_info --egg-base ../../../build/robominer_locomotion_control build --build-base /home/jaime/RM3_ws/build/robominer_locomotion_control/build install --prefix /home/jaime/RM3_ws/install/robominer_locomotion_control --record /home/jaime/RM3_ws/build/robominer_locomotion_control/install.log --single-version-externally-managed
[1.368s] Level 1:colcon.colcon_core.environment:create_environment_scripts_only(robominer_msgs)
[1.374s] Level 1:colcon.colcon_core.environment:checking '/home/jaime/RM3_ws/install/robominer_msgs' for CMake module files
[1.375s] Level 1:colcon.colcon_core.environment:checking '/home/jaime/RM3_ws/install/robominer_msgs' for CMake config files
[1.375s] Level 1:colcon.colcon_core.shell:create_environment_hook('robominer_msgs', 'cmake_prefix_path')
[1.376s] INFO:colcon.colcon_core.shell:Creating environment hook '/home/jaime/RM3_ws/install/robominer_msgs/share/robominer_msgs/hook/cmake_prefix_path.ps1'
[1.377s] INFO:colcon.colcon_core.shell:Creating environment descriptor '/home/jaime/RM3_ws/install/robominer_msgs/share/robominer_msgs/hook/cmake_prefix_path.dsv'
[1.377s] INFO:colcon.colcon_core.shell:Creating environment hook '/home/jaime/RM3_ws/install/robominer_msgs/share/robominer_msgs/hook/cmake_prefix_path.sh'
[1.378s] Level 1:colcon.colcon_core.environment:checking '/home/jaime/RM3_ws/install/robominer_msgs/lib'
[1.379s] DEBUG:colcon.colcon_core.event_handler.log_command:Invoked command in '/home/jaime/RM3_ws/build/robominer_msgs' returned '0': CMAKE_PREFIX_PATH=${CMAKE_PREFIX_PATH}:/opt/ros/foxy /usr/bin/cmake --install /home/jaime/RM3_ws/build/robominer_msgs
[1.379s] Level 1:colcon.colcon_core.shell:create_environment_hook('robominer_msgs', 'ld_library_path_lib')
[1.380s] INFO:colcon.colcon_core.shell:Creating environment hook '/home/jaime/RM3_ws/install/robominer_msgs/share/robominer_msgs/hook/ld_library_path_lib.ps1'
[1.380s] INFO:colcon.colcon_core.shell:Creating environment descriptor '/home/jaime/RM3_ws/install/robominer_msgs/share/robominer_msgs/hook/ld_library_path_lib.dsv'
[1.381s] INFO:colcon.colcon_core.shell:Creating environment hook '/home/jaime/RM3_ws/install/robominer_msgs/share/robominer_msgs/hook/ld_library_path_lib.sh'
[1.381s] Level 1:colcon.colcon_core.environment:checking '/home/jaime/RM3_ws/install/robominer_msgs/bin'
[1.381s] Level 1:colcon.colcon_core.environment:checking '/home/jaime/RM3_ws/install/robominer_msgs/lib/pkgconfig/robominer_msgs.pc'
[1.382s] Level 1:colcon.colcon_core.environment:checking '/home/jaime/RM3_ws/install/robominer_msgs/lib/python3.8/site-packages'
[1.382s] Level 1:colcon.colcon_core.shell:create_environment_hook('robominer_msgs', 'pythonpath')
[1.382s] INFO:colcon.colcon_core.shell:Creating environment hook '/home/jaime/RM3_ws/install/robominer_msgs/share/robominer_msgs/hook/pythonpath.ps1'
[1.383s] INFO:colcon.colcon_core.shell:Creating environment descriptor '/home/jaime/RM3_ws/install/robominer_msgs/share/robominer_msgs/hook/pythonpath.dsv'
[1.384s] INFO:colcon.colcon_core.shell:Creating environment hook '/home/jaime/RM3_ws/install/robominer_msgs/share/robominer_msgs/hook/pythonpath.sh'
[1.385s] Level 1:colcon.colcon_core.environment:checking '/home/jaime/RM3_ws/install/robominer_msgs/bin'
[1.386s] INFO:colcon.colcon_core.shell:Creating package script '/home/jaime/RM3_ws/install/robominer_msgs/share/robominer_msgs/package.ps1'
[1.387s] INFO:colcon.colcon_core.shell:Creating package descriptor '/home/jaime/RM3_ws/install/robominer_msgs/share/robominer_msgs/package.dsv'
[1.388s] INFO:colcon.colcon_core.shell:Creating package script '/home/jaime/RM3_ws/install/robominer_msgs/share/robominer_msgs/package.sh'
[1.389s] INFO:colcon.colcon_core.shell:Creating package script '/home/jaime/RM3_ws/install/robominer_msgs/share/robominer_msgs/package.bash'
[1.390s] INFO:colcon.colcon_core.shell:Creating package script '/home/jaime/RM3_ws/install/robominer_msgs/share/robominer_msgs/package.zsh'
[1.392s] Level 1:colcon.colcon_core.environment:create_file_with_runtime_dependencies(/home/jaime/RM3_ws/install/robominer_msgs/share/colcon-core/packages/robominer_msgs)
[1.589s] Level 1:colcon.colcon_core.environment:create_environment_scripts_only(robominer_msgs)
[1.591s] Level 1:colcon.colcon_core.environment:checking '/home/jaime/RM3_ws/install/robominer_msgs' for CMake module files
[1.591s] Level 1:colcon.colcon_core.environment:checking '/home/jaime/RM3_ws/install/robominer_msgs' for CMake config files
[1.592s] Level 1:colcon.colcon_core.shell:create_environment_hook('robominer_msgs', 'cmake_prefix_path')
[1.593s] INFO:colcon.colcon_core.shell:Creating environment hook '/home/jaime/RM3_ws/install/robominer_msgs/share/robominer_msgs/hook/cmake_prefix_path.ps1'
[1.593s] INFO:colcon.colcon_core.shell:Creating environment descriptor '/home/jaime/RM3_ws/install/robominer_msgs/share/robominer_msgs/hook/cmake_prefix_path.dsv'
[1.594s] INFO:colcon.colcon_core.shell:Creating environment hook '/home/jaime/RM3_ws/install/robominer_msgs/share/robominer_msgs/hook/cmake_prefix_path.sh'
[1.594s] Level 1:colcon.colcon_core.environment:checking '/home/jaime/RM3_ws/install/robominer_msgs/lib'
[1.594s] Level 1:colcon.colcon_core.shell:create_environment_hook('robominer_msgs', 'ld_library_path_lib')
[1.595s] INFO:colcon.colcon_core.shell:Creating environment hook '/home/jaime/RM3_ws/install/robominer_msgs/share/robominer_msgs/hook/ld_library_path_lib.ps1'
[1.595s] INFO:colcon.colcon_core.shell:Creating environment descriptor '/home/jaime/RM3_ws/install/robominer_msgs/share/robominer_msgs/hook/ld_library_path_lib.dsv'
[1.596s] INFO:colcon.colcon_core.shell:Creating environment hook '/home/jaime/RM3_ws/install/robominer_msgs/share/robominer_msgs/hook/ld_library_path_lib.sh'
[1.596s] Level 1:colcon.colcon_core.environment:checking '/home/jaime/RM3_ws/install/robominer_msgs/bin'
[1.597s] Level 1:colcon.colcon_core.environment:checking '/home/jaime/RM3_ws/install/robominer_msgs/lib/pkgconfig/robominer_msgs.pc'
[1.597s] Level 1:colcon.colcon_core.environment:checking '/home/jaime/RM3_ws/install/robominer_msgs/lib/python3.8/site-packages'
[1.597s] Level 1:colcon.colcon_core.shell:create_environment_hook('robominer_msgs', 'pythonpath')
[1.598s] INFO:colcon.colcon_core.shell:Creating environment hook '/home/jaime/RM3_ws/install/robominer_msgs/share/robominer_msgs/hook/pythonpath.ps1'
[1.601s] INFO:colcon.colcon_core.shell:Creating environment descriptor '/home/jaime/RM3_ws/install/robominer_msgs/share/robominer_msgs/hook/pythonpath.dsv'
[1.601s] INFO:colcon.colcon_core.shell:Creating environment hook '/home/jaime/RM3_ws/install/robominer_msgs/share/robominer_msgs/hook/pythonpath.sh'
[1.602s] Level 1:colcon.colcon_core.environment:checking '/home/jaime/RM3_ws/install/robominer_msgs/bin'
[1.603s] INFO:colcon.colcon_core.shell:Creating package script '/home/jaime/RM3_ws/install/robominer_msgs/share/robominer_msgs/package.ps1'
[1.604s] INFO:colcon.colcon_core.shell:Creating package descriptor '/home/jaime/RM3_ws/install/robominer_msgs/share/robominer_msgs/package.dsv'
[1.606s] INFO:colcon.colcon_core.shell:Creating package script '/home/jaime/RM3_ws/install/robominer_msgs/share/robominer_msgs/package.sh'
[1.607s] INFO:colcon.colcon_core.shell:Creating package script '/home/jaime/RM3_ws/install/robominer_msgs/share/robominer_msgs/package.bash'
[1.608s] INFO:colcon.colcon_core.shell:Creating package script '/home/jaime/RM3_ws/install/robominer_msgs/share/robominer_msgs/package.zsh'
[1.609s] Level 1:colcon.colcon_core.environment:create_file_with_runtime_dependencies(/home/jaime/RM3_ws/install/robominer_msgs/share/colcon-core/packages/robominer_msgs)
[1.719s] Level 1:colcon.colcon_core.environment:checking '/home/jaime/RM3_ws/install/robominer_bringup' for CMake module files
[1.720s] DEBUG:colcon.colcon_core.event_handler.log_command:Invoked command in '/home/jaime/RM3_ws/src/TALTECH_RM3_ROS_PACKAGES/robominer_bringup' returned '0': PYTHONPATH=/home/jaime/RM3_ws/install/robominer_bringup/lib/python3.8/site-packages:${PYTHONPATH} /usr/bin/python3 setup.py egg_info --egg-base ../../../build/robominer_bringup build --build-base /home/jaime/RM3_ws/build/robominer_bringup/build install --prefix /home/jaime/RM3_ws/install/robominer_bringup --record /home/jaime/RM3_ws/build/robominer_bringup/install.log --single-version-externally-managed
[1.721s] Level 1:colcon.colcon_core.environment:checking '/home/jaime/RM3_ws/install/robominer_bringup' for CMake config files
[1.722s] Level 1:colcon.colcon_core.environment:checking '/home/jaime/RM3_ws/install/robominer_bringup/lib'
[1.722s] Level 1:colcon.colcon_core.environment:checking '/home/jaime/RM3_ws/install/robominer_bringup/bin'
[1.723s] Level 1:colcon.colcon_core.environment:checking '/home/jaime/RM3_ws/install/robominer_bringup/lib/pkgconfig/robominer_bringup.pc'
[1.723s] Level 1:colcon.colcon_core.environment:checking '/home/jaime/RM3_ws/install/robominer_bringup/lib/python3.8/site-packages'
[1.723s] Level 1:colcon.colcon_core.shell:create_environment_hook('robominer_bringup', 'pythonpath')
[1.723s] INFO:colcon.colcon_core.shell:Creating environment hook '/home/jaime/RM3_ws/install/robominer_bringup/share/robominer_bringup/hook/pythonpath.ps1'
[1.725s] INFO:colcon.colcon_core.shell:Creating environment descriptor '/home/jaime/RM3_ws/install/robominer_bringup/share/robominer_bringup/hook/pythonpath.dsv'
[1.726s] INFO:colcon.colcon_core.shell:Creating environment hook '/home/jaime/RM3_ws/install/robominer_bringup/share/robominer_bringup/hook/pythonpath.sh'
[1.727s] Level 1:colcon.colcon_core.environment:checking '/home/jaime/RM3_ws/install/robominer_bringup/bin'
[1.727s] Level 1:colcon.colcon_core.environment:create_environment_scripts_only(robominer_bringup)
[1.728s] INFO:colcon.colcon_core.shell:Creating package script '/home/jaime/RM3_ws/install/robominer_bringup/share/robominer_bringup/package.ps1'
[1.729s] INFO:colcon.colcon_core.shell:Creating package descriptor '/home/jaime/RM3_ws/install/robominer_bringup/share/robominer_bringup/package.dsv'
[1.730s] INFO:colcon.colcon_core.shell:Creating package script '/home/jaime/RM3_ws/install/robominer_bringup/share/robominer_bringup/package.sh'
[1.730s] INFO:colcon.colcon_core.shell:Creating package script '/home/jaime/RM3_ws/install/robominer_bringup/share/robominer_bringup/package.bash'
[1.731s] INFO:colcon.colcon_core.shell:Creating package script '/home/jaime/RM3_ws/install/robominer_bringup/share/robominer_bringup/package.zsh'
[1.731s] Level 1:colcon.colcon_core.environment:create_file_with_runtime_dependencies(/home/jaime/RM3_ws/install/robominer_bringup/share/colcon-core/packages/robominer_bringup)
[1.734s] Level 1:colcon.colcon_core.environment:checking '/home/jaime/RM3_ws/install/robominer_locomotion_control' for CMake module files
[1.735s] DEBUG:colcon.colcon_core.event_handler.log_command:Invoked command in '/home/jaime/RM3_ws/src/TALTECH_RM3_ROS_PACKAGES/robominer_locomotion_control' returned '0': PYTHONPATH=/home/jaime/RM3_ws/install/robominer_locomotion_control/lib/python3.8/site-packages:${PYTHONPATH} /usr/bin/python3 setup.py egg_info --egg-base ../../../build/robominer_locomotion_control build --build-base /home/jaime/RM3_ws/build/robominer_locomotion_control/build install --prefix /home/jaime/RM3_ws/install/robominer_locomotion_control --record /home/jaime/RM3_ws/build/robominer_locomotion_control/install.log --single-version-externally-managed
[1.735s] Level 1:colcon.colcon_core.environment:checking '/home/jaime/RM3_ws/install/robominer_locomotion_control' for CMake config files
[1.736s] Level 1:colcon.colcon_core.environment:checking '/home/jaime/RM3_ws/install/robominer_locomotion_control/lib'
[1.736s] Level 1:colcon.colcon_core.environment:checking '/home/jaime/RM3_ws/install/robominer_locomotion_control/bin'
[1.736s] Level 1:colcon.colcon_core.environment:checking '/home/jaime/RM3_ws/install/robominer_locomotion_control/lib/pkgconfig/robominer_locomotion_control.pc'
[1.736s] Level 1:colcon.colcon_core.environment:checking '/home/jaime/RM3_ws/install/robominer_locomotion_control/lib/python3.8/site-packages'
[1.737s] Level 1:colcon.colcon_core.shell:create_environment_hook('robominer_locomotion_control', 'pythonpath')
[1.737s] INFO:colcon.colcon_core.shell:Creating environment hook '/home/jaime/RM3_ws/install/robominer_locomotion_control/share/robominer_locomotion_control/hook/pythonpath.ps1'
[1.738s] INFO:colcon.colcon_core.shell:Creating environment descriptor '/home/jaime/RM3_ws/install/robominer_locomotion_control/share/robominer_locomotion_control/hook/pythonpath.dsv'
[1.738s] INFO:colcon.colcon_core.shell:Creating environment hook '/home/jaime/RM3_ws/install/robominer_locomotion_control/share/robominer_locomotion_control/hook/pythonpath.sh'
[1.739s] Level 1:colcon.colcon_core.environment:checking '/home/jaime/RM3_ws/install/robominer_locomotion_control/bin'
[1.739s] Level 1:colcon.colcon_core.environment:create_environment_scripts_only(robominer_locomotion_control)
[1.740s] INFO:colcon.colcon_core.shell:Creating package script '/home/jaime/RM3_ws/install/robominer_locomotion_control/share/robominer_locomotion_control/package.ps1'
[1.740s] INFO:colcon.colcon_core.shell:Creating package descriptor '/home/jaime/RM3_ws/install/robominer_locomotion_control/share/robominer_locomotion_control/package.dsv'
[1.742s] INFO:colcon.colcon_core.shell:Creating package script '/home/jaime/RM3_ws/install/robominer_locomotion_control/share/robominer_locomotion_control/package.sh'
[1.743s] INFO:colcon.colcon_core.shell:Creating package script '/home/jaime/RM3_ws/install/robominer_locomotion_control/share/robominer_locomotion_control/package.bash'
[1.743s] INFO:colcon.colcon_core.shell:Creating package script '/home/jaime/RM3_ws/install/robominer_locomotion_control/share/robominer_locomotion_control/package.zsh'
[1.744s] Level 1:colcon.colcon_core.environment:create_file_with_runtime_dependencies(/home/jaime/RM3_ws/install/robominer_locomotion_control/share/colcon-core/packages/robominer_locomotion_control)
[1.761s] DEBUG:colcon.colcon_core.event_handler.log_command:Invoked command in '/home/jaime/RM3_ws/build/robominer_drivers' returned '0': CMAKE_PREFIX_PATH=${CMAKE_PREFIX_PATH}:/opt/ros/foxy /usr/bin/cmake /home/jaime/RM3_ws/src/TALTECH_RM3_ROS_PACKAGES/robominer_drivers -DCMAKE_INSTALL_PREFIX=/home/jaime/RM3_ws/install/robominer_drivers
[1.764s] DEBUG:colcon.colcon_core.event_handler.log_command:Invoking command in '/home/jaime/RM3_ws/build/robominer_drivers': CMAKE_PREFIX_PATH=${CMAKE_PREFIX_PATH}:/opt/ros/foxy /usr/bin/cmake --build /home/jaime/RM3_ws/build/robominer_drivers -- -j8 -l8
[6.158s] DEBUG:colcon.colcon_core.event_handler.log_command:Invoked command in '/home/jaime/RM3_ws/build/robominer_drivers' returned '0': CMAKE_PREFIX_PATH=${CMAKE_PREFIX_PATH}:/opt/ros/foxy /usr/bin/cmake --build /home/jaime/RM3_ws/build/robominer_drivers -- -j8 -l8
[6.200s] DEBUG:colcon.colcon_core.event_handler.log_command:Invoking command in '/home/jaime/RM3_ws/build/robominer_drivers': CMAKE_PREFIX_PATH=${CMAKE_PREFIX_PATH}:/opt/ros/foxy /usr/bin/cmake --install /home/jaime/RM3_ws/build/robominer_drivers
[6.248s] Level 1:colcon.colcon_core.environment:create_environment_scripts_only(robominer_drivers)
[6.249s] Level 1:colcon.colcon_core.environment:checking '/home/jaime/RM3_ws/install/robominer_drivers' for CMake module files
[6.250s] DEBUG:colcon.colcon_core.event_handler.log_command:Invoked command in '/home/jaime/RM3_ws/build/robominer_drivers' returned '0': CMAKE_PREFIX_PATH=${CMAKE_PREFIX_PATH}:/opt/ros/foxy /usr/bin/cmake --install /home/jaime/RM3_ws/build/robominer_drivers
[6.251s] Level 1:colcon.colcon_core.environment:checking '/home/jaime/RM3_ws/install/robominer_drivers' for CMake config files
[6.251s] Level 1:colcon.colcon_core.shell:create_environment_hook('robominer_drivers', 'cmake_prefix_path')
[6.251s] INFO:colcon.colcon_core.shell:Creating environment hook '/home/jaime/RM3_ws/install/robominer_drivers/share/robominer_drivers/hook/cmake_prefix_path.ps1'
[6.252s] INFO:colcon.colcon_core.shell:Creating environment descriptor '/home/jaime/RM3_ws/install/robominer_drivers/share/robominer_drivers/hook/cmake_prefix_path.dsv'
[6.252s] INFO:colcon.colcon_core.shell:Creating environment hook '/home/jaime/RM3_ws/install/robominer_drivers/share/robominer_drivers/hook/cmake_prefix_path.sh'
[6.253s] Level 1:colcon.colcon_core.environment:checking '/home/jaime/RM3_ws/install/robominer_drivers/lib'
[6.253s] Level 1:colcon.colcon_core.environment:checking '/home/jaime/RM3_ws/install/robominer_drivers/bin'
[6.253s] Level 1:colcon.colcon_core.environment:checking '/home/jaime/RM3_ws/install/robominer_drivers/lib/pkgconfig/robominer_drivers.pc'
[6.253s] Level 1:colcon.colcon_core.environment:checking '/home/jaime/RM3_ws/install/robominer_drivers/lib/python3.8/site-packages'
[6.253s] Level 1:colcon.colcon_core.shell:create_environment_hook('robominer_drivers', 'pythonpath')
[6.254s] INFO:colcon.colcon_core.shell:Creating environment hook '/home/jaime/RM3_ws/install/robominer_drivers/share/robominer_drivers/hook/pythonpath.ps1'
[6.254s] INFO:colcon.colcon_core.shell:Creating environment descriptor '/home/jaime/RM3_ws/install/robominer_drivers/share/robominer_drivers/hook/pythonpath.dsv'
[6.255s] INFO:colcon.colcon_core.shell:Creating environment hook '/home/jaime/RM3_ws/install/robominer_drivers/share/robominer_drivers/hook/pythonpath.sh'
[6.255s] Level 1:colcon.colcon_core.environment:checking '/home/jaime/RM3_ws/install/robominer_drivers/bin'
[6.256s] INFO:colcon.colcon_core.shell:Creating package script '/home/jaime/RM3_ws/install/robominer_drivers/share/robominer_drivers/package.ps1'
[6.256s] INFO:colcon.colcon_core.shell:Creating package descriptor '/home/jaime/RM3_ws/install/robominer_drivers/share/robominer_drivers/package.dsv'
[6.257s] INFO:colcon.colcon_core.shell:Creating package script '/home/jaime/RM3_ws/install/robominer_drivers/share/robominer_drivers/package.sh'
[6.257s] INFO:colcon.colcon_core.shell:Creating package script '/home/jaime/RM3_ws/install/robominer_drivers/share/robominer_drivers/package.bash'
[6.258s] INFO:colcon.colcon_core.shell:Creating package script '/home/jaime/RM3_ws/install/robominer_drivers/share/robominer_drivers/package.zsh'
[6.258s] Level 1:colcon.colcon_core.environment:create_file_with_runtime_dependencies(/home/jaime/RM3_ws/install/robominer_drivers/share/colcon-core/packages/robominer_drivers)
[6.293s] Level 1:colcon.colcon_core.environment:create_environment_scripts_only(robominer_drivers)
[6.294s] Level 1:colcon.colcon_core.environment:checking '/home/jaime/RM3_ws/install/robominer_drivers' for CMake module files
[6.295s] Level 1:colcon.colcon_core.environment:checking '/home/jaime/RM3_ws/install/robominer_drivers' for CMake config files
[6.295s] Level 1:colcon.colcon_core.shell:create_environment_hook('robominer_drivers', 'cmake_prefix_path')
[6.295s] INFO:colcon.colcon_core.shell:Creating environment hook '/home/jaime/RM3_ws/install/robominer_drivers/share/robominer_drivers/hook/cmake_prefix_path.ps1'
[6.296s] INFO:colcon.colcon_core.shell:Creating environment descriptor '/home/jaime/RM3_ws/install/robominer_drivers/share/robominer_drivers/hook/cmake_prefix_path.dsv'
[6.296s] INFO:colcon.colcon_core.shell:Creating environment hook '/home/jaime/RM3_ws/install/robominer_drivers/share/robominer_drivers/hook/cmake_prefix_path.sh'
[6.297s] Level 1:colcon.colcon_core.environment:checking '/home/jaime/RM3_ws/install/robominer_drivers/lib'
[6.297s] Level 1:colcon.colcon_core.environment:checking '/home/jaime/RM3_ws/install/robominer_drivers/bin'
[6.297s] Level 1:colcon.colcon_core.environment:checking '/home/jaime/RM3_ws/install/robominer_drivers/lib/pkgconfig/robominer_drivers.pc'
[6.297s] Level 1:colcon.colcon_core.environment:checking '/home/jaime/RM3_ws/install/robominer_drivers/lib/python3.8/site-packages'
[6.297s] Level 1:colcon.colcon_core.shell:create_environment_hook('robominer_drivers', 'pythonpath')
[6.298s] INFO:colcon.colcon_core.shell:Creating environment hook '/home/jaime/RM3_ws/install/robominer_drivers/share/robominer_drivers/hook/pythonpath.ps1'
[6.298s] INFO:colcon.colcon_core.shell:Creating environment descriptor '/home/jaime/RM3_ws/install/robominer_drivers/share/robominer_drivers/hook/pythonpath.dsv'
[6.299s] INFO:colcon.colcon_core.shell:Creating environment hook '/home/jaime/RM3_ws/install/robominer_drivers/share/robominer_drivers/hook/pythonpath.sh'
[6.299s] Level 1:colcon.colcon_core.environment:checking '/home/jaime/RM3_ws/install/robominer_drivers/bin'
[6.300s] INFO:colcon.colcon_core.shell:Creating package script '/home/jaime/RM3_ws/install/robominer_drivers/share/robominer_drivers/package.ps1'
[6.301s] INFO:colcon.colcon_core.shell:Creating package descriptor '/home/jaime/RM3_ws/install/robominer_drivers/share/robominer_drivers/package.dsv'
[6.301s] INFO:colcon.colcon_core.shell:Creating package script '/home/jaime/RM3_ws/install/robominer_drivers/share/robominer_drivers/package.sh'
[6.302s] INFO:colcon.colcon_core.shell:Creating package script '/home/jaime/RM3_ws/install/robominer_drivers/share/robominer_drivers/package.bash'
[6.302s] INFO:colcon.colcon_core.shell:Creating package script '/home/jaime/RM3_ws/install/robominer_drivers/share/robominer_drivers/package.zsh'
[6.302s] Level 1:colcon.colcon_core.environment:create_file_with_runtime_dependencies(/home/jaime/RM3_ws/install/robominer_drivers/share/colcon-core/packages/robominer_drivers)
[6.303s] DEBUG:colcon.colcon_parallel_executor.executor.parallel:closing loop
[6.303s] DEBUG:colcon.colcon_parallel_executor.executor.parallel:loop closed
[6.303s] DEBUG:colcon.colcon_parallel_executor.executor.parallel:run_until_complete finished with '0'
[6.304s] DEBUG:colcon.colcon_core.event_reactor:joining thread
[6.310s] INFO:colcon.colcon_core.plugin_system:Skipping extension 'colcon_notification.desktop_notification.terminal_notifier': Not used on non-Darwin systems
[6.310s] INFO:colcon.colcon_core.plugin_system:Skipping extension 'colcon_notification.desktop_notification.win32': Not used on non-Windows systems
[6.311s] INFO:colcon.colcon_notification.desktop_notification:Sending desktop notification using 'notify2'
[6.327s] DEBUG:colcon.colcon_core.event_reactor:joined thread
[6.328s] INFO:colcon.colcon_core.shell:Creating prefix script '/home/jaime/RM3_ws/install/local_setup.ps1'
[6.329s] INFO:colcon.colcon_core.shell:Creating prefix util module '/home/jaime/RM3_ws/install/_local_setup_util_ps1.py'
[6.330s] INFO:colcon.colcon_core.shell:Creating prefix chain script '/home/jaime/RM3_ws/install/setup.ps1'
[6.332s] INFO:colcon.colcon_core.shell:Creating prefix script '/home/jaime/RM3_ws/install/local_setup.sh'
[6.333s] INFO:colcon.colcon_core.shell:Creating prefix util module '/home/jaime/RM3_ws/install/_local_setup_util_sh.py'
[6.334s] INFO:colcon.colcon_core.shell:Creating prefix chain script '/home/jaime/RM3_ws/install/setup.sh'
[6.336s] INFO:colcon.colcon_core.shell:Creating prefix script '/home/jaime/RM3_ws/install/local_setup.bash'
[6.337s] INFO:colcon.colcon_core.shell:Creating prefix chain script '/home/jaime/RM3_ws/install/setup.bash'
[6.338s] INFO:colcon.colcon_core.shell:Creating prefix script '/home/jaime/RM3_ws/install/local_setup.zsh'
[6.339s] INFO:colcon.colcon_core.shell:Creating prefix chain script '/home/jaime/RM3_ws/install/setup.zsh'
