[0.149s] Invoking command in '/home/jaime/RM3_ws/build/forward_command_controller': AMENT_PREFIX_PATH=/home/jaime/RM3_ws/install/controller_manager:/home/jaime/RM3_ws/install/controller_interface:/home/jaime/RM3_ws/install/hardware_interface:/home/jaime/RM3_ws/install/ros2_control_test_assets:/home/jaime/RM3_ws/install/controller_manager_msgs:${AMENT_PREFIX_PATH} CMAKE_PREFIX_PATH=/home/jaime/RM3_ws/install/controller_manager:/home/jaime/RM3_ws/install/controller_interface:/home/jaime/RM3_ws/install/hardware_interface:/home/jaime/RM3_ws/install/ros2_control_test_assets:/home/jaime/RM3_ws/install/controller_manager_msgs:/opt/ros/foxy LD_LIBRARY_PATH=/home/jaime/RM3_ws/install/controller_manager/lib:/home/jaime/RM3_ws/install/controller_interface/lib:/home/jaime/RM3_ws/install/hardware_interface/lib:/home/jaime/RM3_ws/install/controller_manager_msgs/lib:${LD_LIBRARY_PATH} PYTHONPATH=/home/jaime/RM3_ws/install/controller_manager/lib/python3.8/site-packages:/home/jaime/RM3_ws/install/controller_manager_msgs/lib/python3.8/site-packages:${PYTHONPATH} /usr/bin/cmake --build /home/jaime/RM3_ws/build/forward_command_controller -- -j8 -l8
[0.300s] [ 45%] Built target gmock_main
[0.300s] [ 45%] Built target gmock
[0.393s] [ 63%] Built target forward_command_controller
[0.444s] [ 81%] Built target test_load_forward_command_controller
[0.547s] [100%] Built target test_forward_command_controller
[0.795s] Invoked command in '/home/jaime/RM3_ws/build/forward_command_controller' returned '0': AMENT_PREFIX_PATH=/home/jaime/RM3_ws/install/controller_manager:/home/jaime/RM3_ws/install/controller_interface:/home/jaime/RM3_ws/install/hardware_interface:/home/jaime/RM3_ws/install/ros2_control_test_assets:/home/jaime/RM3_ws/install/controller_manager_msgs:${AMENT_PREFIX_PATH} CMAKE_PREFIX_PATH=/home/jaime/RM3_ws/install/controller_manager:/home/jaime/RM3_ws/install/controller_interface:/home/jaime/RM3_ws/install/hardware_interface:/home/jaime/RM3_ws/install/ros2_control_test_assets:/home/jaime/RM3_ws/install/controller_manager_msgs:/opt/ros/foxy LD_LIBRARY_PATH=/home/jaime/RM3_ws/install/controller_manager/lib:/home/jaime/RM3_ws/install/controller_interface/lib:/home/jaime/RM3_ws/install/hardware_interface/lib:/home/jaime/RM3_ws/install/controller_manager_msgs/lib:${LD_LIBRARY_PATH} PYTHONPATH=/home/jaime/RM3_ws/install/controller_manager/lib/python3.8/site-packages:/home/jaime/RM3_ws/install/controller_manager_msgs/lib/python3.8/site-packages:${PYTHONPATH} /usr/bin/cmake --build /home/jaime/RM3_ws/build/forward_command_controller -- -j8 -l8
[0.864s] Invoking command in '/home/jaime/RM3_ws/build/forward_command_controller': AMENT_PREFIX_PATH=/home/jaime/RM3_ws/install/controller_manager:/home/jaime/RM3_ws/install/controller_interface:/home/jaime/RM3_ws/install/hardware_interface:/home/jaime/RM3_ws/install/ros2_control_test_assets:/home/jaime/RM3_ws/install/controller_manager_msgs:${AMENT_PREFIX_PATH} CMAKE_PREFIX_PATH=/home/jaime/RM3_ws/install/controller_manager:/home/jaime/RM3_ws/install/controller_interface:/home/jaime/RM3_ws/install/hardware_interface:/home/jaime/RM3_ws/install/ros2_control_test_assets:/home/jaime/RM3_ws/install/controller_manager_msgs:/opt/ros/foxy LD_LIBRARY_PATH=/home/jaime/RM3_ws/install/controller_manager/lib:/home/jaime/RM3_ws/install/controller_interface/lib:/home/jaime/RM3_ws/install/hardware_interface/lib:/home/jaime/RM3_ws/install/controller_manager_msgs/lib:${LD_LIBRARY_PATH} PYTHONPATH=/home/jaime/RM3_ws/install/controller_manager/lib/python3.8/site-packages:/home/jaime/RM3_ws/install/controller_manager_msgs/lib/python3.8/site-packages:${PYTHONPATH} /usr/bin/cmake --install /home/jaime/RM3_ws/build/forward_command_controller
[0.883s] -- Install configuration: ""
[0.885s] -- Execute custom install script
[0.886s] -- Up-to-date symlink: /home/jaime/RM3_ws/install/forward_command_controller/share/forward_command_controller//forward_command_plugin.xml
[0.886s] -- Up-to-date symlink: /home/jaime/RM3_ws/install/forward_command_controller/include/forward_command_controller/forward_command_controller.hpp
[0.888s] -- Up-to-date symlink: /home/jaime/RM3_ws/install/forward_command_controller/include/forward_command_controller/visibility_control.h
[0.896s] -- Up-to-date symlink: /home/jaime/RM3_ws/install/forward_command_controller/lib/libforward_command_controller.so
[0.912s] -- Up-to-date symlink: /home/jaime/RM3_ws/install/forward_command_controller/share/forward_command_controller/environment/library_path.sh
[0.912s] -- Up-to-date symlink: /home/jaime/RM3_ws/install/forward_command_controller/share/forward_command_controller/environment/library_path.dsv
[0.913s] -- Up-to-date symlink: /home/jaime/RM3_ws/install/forward_command_controller/share/ament_index/resource_index/package_run_dependencies/forward_command_controller
[0.913s] -- Up-to-date symlink: /home/jaime/RM3_ws/install/forward_command_controller/share/ament_index/resource_index/parent_prefix_path/forward_command_controller
[0.913s] -- Up-to-date symlink: /home/jaime/RM3_ws/install/forward_command_controller/share/forward_command_controller/environment/ament_prefix_path.sh
[0.920s] -- Up-to-date symlink: /home/jaime/RM3_ws/install/forward_command_controller/share/forward_command_controller/environment/ament_prefix_path.dsv
[0.921s] -- Up-to-date symlink: /home/jaime/RM3_ws/install/forward_command_controller/share/forward_command_controller/environment/path.sh
[0.921s] -- Up-to-date symlink: /home/jaime/RM3_ws/install/forward_command_controller/share/forward_command_controller/environment/path.dsv
[0.923s] -- Up-to-date symlink: /home/jaime/RM3_ws/install/forward_command_controller/share/forward_command_controller/local_setup.bash
[0.924s] -- Up-to-date symlink: /home/jaime/RM3_ws/install/forward_command_controller/share/forward_command_controller/local_setup.sh
[0.925s] -- Up-to-date symlink: /home/jaime/RM3_ws/install/forward_command_controller/share/forward_command_controller/local_setup.zsh
[0.934s] -- Up-to-date symlink: /home/jaime/RM3_ws/install/forward_command_controller/share/forward_command_controller/local_setup.dsv
[0.934s] -- Symlinking: /home/jaime/RM3_ws/install/forward_command_controller/share/forward_command_controller/package.dsv
[0.941s] -- Up-to-date symlink: /home/jaime/RM3_ws/install/forward_command_controller/share/ament_index/resource_index/packages/forward_command_controller
[0.941s] -- Up-to-date symlink: /home/jaime/RM3_ws/install/forward_command_controller/share/ament_index/resource_index/controller_interface__pluginlib__plugin/forward_command_controller
[0.941s] -- Up-to-date symlink: /home/jaime/RM3_ws/install/forward_command_controller/share/forward_command_controller/cmake/ament_cmake_export_dependencies-extras.cmake
[0.941s] -- Up-to-date symlink: /home/jaime/RM3_ws/install/forward_command_controller/share/forward_command_controller/cmake/ament_cmake_export_include_directories-extras.cmake
[0.941s] -- Up-to-date symlink: /home/jaime/RM3_ws/install/forward_command_controller/share/forward_command_controller/cmake/ament_cmake_export_libraries-extras.cmake
[0.945s] -- Up-to-date symlink: /home/jaime/RM3_ws/install/forward_command_controller/share/forward_command_controller/cmake/forward_command_controllerConfig.cmake
[0.946s] -- Up-to-date symlink: /home/jaime/RM3_ws/install/forward_command_controller/share/forward_command_controller/cmake/forward_command_controllerConfig-version.cmake
[0.946s] -- Up-to-date symlink: /home/jaime/RM3_ws/install/forward_command_controller/share/forward_command_controller/package.xml
[1.098s] Invoked command in '/home/jaime/RM3_ws/build/forward_command_controller' returned '0': AMENT_PREFIX_PATH=/home/jaime/RM3_ws/install/controller_manager:/home/jaime/RM3_ws/install/controller_interface:/home/jaime/RM3_ws/install/hardware_interface:/home/jaime/RM3_ws/install/ros2_control_test_assets:/home/jaime/RM3_ws/install/controller_manager_msgs:${AMENT_PREFIX_PATH} CMAKE_PREFIX_PATH=/home/jaime/RM3_ws/install/controller_manager:/home/jaime/RM3_ws/install/controller_interface:/home/jaime/RM3_ws/install/hardware_interface:/home/jaime/RM3_ws/install/ros2_control_test_assets:/home/jaime/RM3_ws/install/controller_manager_msgs:/opt/ros/foxy LD_LIBRARY_PATH=/home/jaime/RM3_ws/install/controller_manager/lib:/home/jaime/RM3_ws/install/controller_interface/lib:/home/jaime/RM3_ws/install/hardware_interface/lib:/home/jaime/RM3_ws/install/controller_manager_msgs/lib:${LD_LIBRARY_PATH} PYTHONPATH=/home/jaime/RM3_ws/install/controller_manager/lib/python3.8/site-packages:/home/jaime/RM3_ws/install/controller_manager_msgs/lib/python3.8/site-packages:${PYTHONPATH} /usr/bin/cmake --install /home/jaime/RM3_ws/build/forward_command_controller
