[0.131s] Invoking command in '/home/jaime/RM3_ws/build/hardware_interface': AMENT_PREFIX_PATH=/home/jaime/RM3_ws/install/ros2_control_test_assets CMAKE_PREFIX_PATH=/home/jaime/RM3_ws/install/ros2_control_test_assets /usr/bin/cmake --build /home/jaime/RM3_ws/build/hardware_interface -- -j8 -l8
[0.160s] [  5%] Built target gmock_main
[0.161s] [ 23%] Built target hardware_interface
[0.167s] [ 32%] Built target gmock
[0.231s] [ 44%] Built target test_components
[0.233s] [ 50%] Built target fake_components
[0.239s] [ 64%] Built target test_hardware_components
[0.261s] [ 70%] Built target test_macros
[0.297s] [ 76%] Built target test_resource_manager
[0.307s] [ 82%] Built target test_generic_system
[0.309s] [ 88%] Built target test_component_parser
[0.349s] [ 94%] Built target test_joint_handle
[0.350s] [100%] Built target test_component_interfaces
[0.393s] Invoked command in '/home/jaime/RM3_ws/build/hardware_interface' returned '0': AMENT_PREFIX_PATH=/home/jaime/RM3_ws/install/ros2_control_test_assets CMAKE_PREFIX_PATH=/home/jaime/RM3_ws/install/ros2_control_test_assets /usr/bin/cmake --build /home/jaime/RM3_ws/build/hardware_interface -- -j8 -l8
[0.588s] Invoking command in '/home/jaime/RM3_ws/build/hardware_interface': AMENT_PREFIX_PATH=/home/jaime/RM3_ws/install/ros2_control_test_assets CMAKE_PREFIX_PATH=/home/jaime/RM3_ws/install/ros2_control_test_assets /usr/bin/cmake --install /home/jaime/RM3_ws/build/hardware_interface
[0.625s] -- Install configuration: ""
[0.626s] -- Execute custom install script
[0.636s] -- Up-to-date symlink: /home/jaime/RM3_ws/install/hardware_interface/share/hardware_interface//fake_components_plugin_description.xml
[0.637s] -- Up-to-date symlink: /home/jaime/RM3_ws/install/hardware_interface/include/fake_components/generic_system.hpp
[0.637s] -- Up-to-date symlink: /home/jaime/RM3_ws/install/hardware_interface/include/fake_components/visibility_control.h
[0.638s] -- Up-to-date symlink: /home/jaime/RM3_ws/install/hardware_interface/include/hardware_interface/actuator.hpp
[0.639s] -- Up-to-date symlink: /home/jaime/RM3_ws/install/hardware_interface/include/hardware_interface/actuator_interface.hpp
[0.639s] -- Up-to-date symlink: /home/jaime/RM3_ws/install/hardware_interface/include/hardware_interface/base_interface.hpp
[0.639s] -- Up-to-date symlink: /home/jaime/RM3_ws/install/hardware_interface/include/hardware_interface/component_parser.hpp
[0.640s] -- Up-to-date symlink: /home/jaime/RM3_ws/install/hardware_interface/include/hardware_interface/controller_info.hpp
[0.640s] -- Up-to-date symlink: /home/jaime/RM3_ws/install/hardware_interface/include/hardware_interface/handle.hpp
[0.641s] -- Up-to-date symlink: /home/jaime/RM3_ws/install/hardware_interface/include/hardware_interface/hardware_info.hpp
[0.660s] -- Up-to-date symlink: /home/jaime/RM3_ws/install/hardware_interface/include/hardware_interface/loaned_command_interface.hpp
[0.661s] -- Up-to-date symlink: /home/jaime/RM3_ws/install/hardware_interface/include/hardware_interface/loaned_state_interface.hpp
[0.661s] -- Up-to-date symlink: /home/jaime/RM3_ws/install/hardware_interface/include/hardware_interface/macros.hpp
[0.661s] -- Up-to-date symlink: /home/jaime/RM3_ws/install/hardware_interface/include/hardware_interface/resource_manager.hpp
[0.662s] -- Up-to-date symlink: /home/jaime/RM3_ws/install/hardware_interface/include/hardware_interface/sensor.hpp
[0.663s] -- Up-to-date symlink: /home/jaime/RM3_ws/install/hardware_interface/include/hardware_interface/sensor_interface.hpp
[0.663s] -- Up-to-date symlink: /home/jaime/RM3_ws/install/hardware_interface/include/hardware_interface/system.hpp
[0.663s] -- Up-to-date symlink: /home/jaime/RM3_ws/install/hardware_interface/include/hardware_interface/system_interface.hpp
[0.670s] -- Up-to-date symlink: /home/jaime/RM3_ws/install/hardware_interface/include/hardware_interface/types/hardware_interface_return_values.hpp
[0.670s] -- Up-to-date symlink: /home/jaime/RM3_ws/install/hardware_interface/include/hardware_interface/types/hardware_interface_status_values.hpp
[0.671s] -- Up-to-date symlink: /home/jaime/RM3_ws/install/hardware_interface/include/hardware_interface/types/hardware_interface_type_values.hpp
[0.672s] -- Up-to-date symlink: /home/jaime/RM3_ws/install/hardware_interface/include/hardware_interface/visibility_control.h
[0.673s] -- Up-to-date symlink: /home/jaime/RM3_ws/install/hardware_interface/lib/libfake_components.so
[0.673s] -- Up-to-date symlink: /home/jaime/RM3_ws/install/hardware_interface/lib/libhardware_interface.so
[0.673s] -- Up-to-date symlink: /home/jaime/RM3_ws/install/hardware_interface/lib/libtest_components.so
[0.673s] -- Up-to-date symlink: /home/jaime/RM3_ws/install/hardware_interface/share/hardware_interface/test/test_components/test_components.xml
[0.678s] -- Up-to-date symlink: /home/jaime/RM3_ws/install/hardware_interface/lib/libtest_hardware_components.so
[0.679s] -- Up-to-date symlink: /home/jaime/RM3_ws/install/hardware_interface/share/hardware_interface/test/test_hardware_components/test_hardware_components.xml
[0.679s] -- Up-to-date symlink: /home/jaime/RM3_ws/install/hardware_interface/share/hardware_interface/environment/library_path.sh
[0.679s] -- Up-to-date symlink: /home/jaime/RM3_ws/install/hardware_interface/share/hardware_interface/environment/library_path.dsv
[0.680s] -- Up-to-date symlink: /home/jaime/RM3_ws/install/hardware_interface/share/ament_index/resource_index/package_run_dependencies/hardware_interface
[0.680s] -- Up-to-date symlink: /home/jaime/RM3_ws/install/hardware_interface/share/ament_index/resource_index/parent_prefix_path/hardware_interface
[0.681s] -- Up-to-date symlink: /home/jaime/RM3_ws/install/hardware_interface/share/hardware_interface/environment/ament_prefix_path.sh
[0.681s] -- Up-to-date symlink: /home/jaime/RM3_ws/install/hardware_interface/share/hardware_interface/environment/ament_prefix_path.dsv
[0.682s] -- Up-to-date symlink: /home/jaime/RM3_ws/install/hardware_interface/share/hardware_interface/environment/path.sh
[0.682s] -- Up-to-date symlink: /home/jaime/RM3_ws/install/hardware_interface/share/hardware_interface/environment/path.dsv
[0.686s] -- Up-to-date symlink: /home/jaime/RM3_ws/install/hardware_interface/share/hardware_interface/local_setup.bash
[0.686s] -- Up-to-date symlink: /home/jaime/RM3_ws/install/hardware_interface/share/hardware_interface/local_setup.sh
[0.687s] -- Up-to-date symlink: /home/jaime/RM3_ws/install/hardware_interface/share/hardware_interface/local_setup.zsh
[0.687s] -- Up-to-date symlink: /home/jaime/RM3_ws/install/hardware_interface/share/hardware_interface/local_setup.dsv
[0.687s] -- Symlinking: /home/jaime/RM3_ws/install/hardware_interface/share/hardware_interface/package.dsv
[0.691s] -- Up-to-date symlink: /home/jaime/RM3_ws/install/hardware_interface/share/ament_index/resource_index/packages/hardware_interface
[0.692s] -- Up-to-date symlink: /home/jaime/RM3_ws/install/hardware_interface/share/ament_index/resource_index/hardware_interface__pluginlib__plugin/hardware_interface
[0.692s] -- Up-to-date symlink: /home/jaime/RM3_ws/install/hardware_interface/share/hardware_interface/cmake/ament_cmake_export_include_directories-extras.cmake
[0.692s] -- Up-to-date symlink: /home/jaime/RM3_ws/install/hardware_interface/share/hardware_interface/cmake/ament_cmake_export_libraries-extras.cmake
[0.692s] -- Up-to-date symlink: /home/jaime/RM3_ws/install/hardware_interface/share/hardware_interface/cmake/ament_cmake_export_dependencies-extras.cmake
[0.693s] -- Up-to-date symlink: /home/jaime/RM3_ws/install/hardware_interface/share/hardware_interface/cmake/hardware_interfaceConfig.cmake
[0.693s] -- Up-to-date symlink: /home/jaime/RM3_ws/install/hardware_interface/share/hardware_interface/cmake/hardware_interfaceConfig-version.cmake
[0.694s] -- Up-to-date symlink: /home/jaime/RM3_ws/install/hardware_interface/share/hardware_interface/package.xml
[0.746s] Invoked command in '/home/jaime/RM3_ws/build/hardware_interface' returned '0': AMENT_PREFIX_PATH=/home/jaime/RM3_ws/install/ros2_control_test_assets CMAKE_PREFIX_PATH=/home/jaime/RM3_ws/install/ros2_control_test_assets /usr/bin/cmake --install /home/jaime/RM3_ws/build/hardware_interface
