[0.986s] Invoking command in '/home/jaime/RM3_ws/build/robominer_msgs': CMAKE_PREFIX_PATH=/opt/ros/foxy /usr/bin/cmake --build /home/jaime/RM3_ws/build/robominer_msgs -- -j8 -l8
[1.045s] [ 12%] Built target robominer_msgs__rosidl_generator_c
[1.061s] [ 12%] Built target robominer_msgs__cpp
[1.114s] [ 24%] Built target robominer_msgs__rosidl_typesupport_introspection_c
[1.142s] [ 36%] Built target robominer_msgs__rosidl_typesupport_cpp
[1.142s] [ 47%] Built target robominer_msgs__rosidl_typesupport_c
[1.142s] [ 59%] Built target robominer_msgs__rosidl_typesupport_introspection_cpp
[1.142s] [ 70%] Built target robominer_msgs__rosidl_typesupport_fastrtps_cpp
[1.157s] [ 82%] Built target robominer_msgs__rosidl_typesupport_fastrtps_c
[1.201s] [ 82%] Built target robominer_msgs
[1.227s] [ 83%] Built target robominer_msgs__py
[1.269s] [ 94%] Built target robominer_msgs__python
[1.301s] [ 96%] Built target robominer_msgs__rosidl_typesupport_c__pyext
[1.302s] [ 98%] Built target robominer_msgs__rosidl_typesupport_fastrtps_c__pyext
[1.309s] [100%] Built target robominer_msgs__rosidl_typesupport_introspection_c__pyext
[1.334s] Invoked command in '/home/jaime/RM3_ws/build/robominer_msgs' returned '0': CMAKE_PREFIX_PATH=/opt/ros/foxy /usr/bin/cmake --build /home/jaime/RM3_ws/build/robominer_msgs -- -j8 -l8
[2.014s] Invoking command in '/home/jaime/RM3_ws/build/robominer_msgs': CMAKE_PREFIX_PATH=/opt/ros/foxy /usr/bin/cmake --install /home/jaime/RM3_ws/build/robominer_msgs
[2.032s] -- Install configuration: ""
[2.032s] -- Execute custom install script
[2.032s] -- Up-to-date symlink: /home/jaime/RM3_ws/install/robominer_msgs/share/ament_index/resource_index/rosidl_interfaces/robominer_msgs
[2.035s] -- Up-to-date symlink: /home/jaime/RM3_ws/install/robominer_msgs/include/robominer_msgs/msg/detail/fiducial_transform__functions.h
[2.036s] -- Up-to-date symlink: /home/jaime/RM3_ws/install/robominer_msgs/include/robominer_msgs/msg/detail/fiducial_transform__struct.h
[2.036s] -- Up-to-date symlink: /home/jaime/RM3_ws/install/robominer_msgs/include/robominer_msgs/msg/detail/fiducial_transform__type_support.h
[2.037s] -- Up-to-date symlink: /home/jaime/RM3_ws/install/robominer_msgs/include/robominer_msgs/msg/detail/fiducial_transform_array__functions.h
[2.038s] -- Up-to-date symlink: /home/jaime/RM3_ws/install/robominer_msgs/include/robominer_msgs/msg/detail/fiducial_transform_array__struct.h
[2.038s] -- Up-to-date symlink: /home/jaime/RM3_ws/install/robominer_msgs/include/robominer_msgs/msg/detail/fiducial_transform_array__type_support.h
[2.039s] -- Up-to-date symlink: /home/jaime/RM3_ws/install/robominer_msgs/include/robominer_msgs/msg/detail/motor_module_command__functions.h
[2.039s] -- Up-to-date symlink: /home/jaime/RM3_ws/install/robominer_msgs/include/robominer_msgs/msg/detail/motor_module_command__struct.h
[2.052s] -- Up-to-date symlink: /home/jaime/RM3_ws/install/robominer_msgs/include/robominer_msgs/msg/detail/motor_module_command__type_support.h
[2.053s] -- Up-to-date symlink: /home/jaime/RM3_ws/install/robominer_msgs/include/robominer_msgs/msg/detail/motor_module_feedback__functions.h
[2.053s] -- Up-to-date symlink: /home/jaime/RM3_ws/install/robominer_msgs/include/robominer_msgs/msg/detail/motor_module_feedback__struct.h
[2.053s] -- Up-to-date symlink: /home/jaime/RM3_ws/install/robominer_msgs/include/robominer_msgs/msg/detail/motor_module_feedback__type_support.h
[2.053s] -- Up-to-date symlink: /home/jaime/RM3_ws/install/robominer_msgs/include/robominer_msgs/msg/detail/spectrometer_calibration__functions.h
[2.053s] -- Up-to-date symlink: /home/jaime/RM3_ws/install/robominer_msgs/include/robominer_msgs/msg/detail/spectrometer_calibration__struct.h
[2.053s] -- Up-to-date symlink: /home/jaime/RM3_ws/install/robominer_msgs/include/robominer_msgs/msg/detail/spectrometer_calibration__type_support.h
[2.053s] -- Up-to-date symlink: /home/jaime/RM3_ws/install/robominer_msgs/include/robominer_msgs/msg/detail/spectrometer_frequency_command__functions.h
[2.053s] -- Up-to-date symlink: /home/jaime/RM3_ws/install/robominer_msgs/include/robominer_msgs/msg/detail/spectrometer_frequency_command__struct.h
[2.053s] -- Up-to-date symlink: /home/jaime/RM3_ws/install/robominer_msgs/include/robominer_msgs/msg/detail/spectrometer_frequency_command__type_support.h
[2.054s] -- Up-to-date symlink: /home/jaime/RM3_ws/install/robominer_msgs/include/robominer_msgs/msg/detail/spectrometer_measurement__functions.h
[2.054s] -- Up-to-date symlink: /home/jaime/RM3_ws/install/robominer_msgs/include/robominer_msgs/msg/detail/spectrometer_measurement__struct.h
[2.054s] -- Up-to-date symlink: /home/jaime/RM3_ws/install/robominer_msgs/include/robominer_msgs/msg/detail/spectrometer_measurement__type_support.h
[2.054s] -- Up-to-date symlink: /home/jaime/RM3_ws/install/robominer_msgs/include/robominer_msgs/msg/detail/whisker__functions.h
[2.054s] -- Up-to-date symlink: /home/jaime/RM3_ws/install/robominer_msgs/include/robominer_msgs/msg/detail/whisker__struct.h
[2.054s] -- Up-to-date symlink: /home/jaime/RM3_ws/install/robominer_msgs/include/robominer_msgs/msg/detail/whisker__type_support.h
[2.054s] -- Up-to-date symlink: /home/jaime/RM3_ws/install/robominer_msgs/include/robominer_msgs/msg/detail/whisker_array__functions.h
[2.054s] -- Up-to-date symlink: /home/jaime/RM3_ws/install/robominer_msgs/include/robominer_msgs/msg/detail/whisker_array__struct.h
[2.054s] -- Up-to-date symlink: /home/jaime/RM3_ws/install/robominer_msgs/include/robominer_msgs/msg/detail/whisker_array__type_support.h
[2.055s] -- Up-to-date symlink: /home/jaime/RM3_ws/install/robominer_msgs/include/robominer_msgs/msg/detail/whisker_pos_in_grid__functions.h
[2.055s] -- Up-to-date symlink: /home/jaime/RM3_ws/install/robominer_msgs/include/robominer_msgs/msg/detail/whisker_pos_in_grid__struct.h
[2.056s] -- Up-to-date symlink: /home/jaime/RM3_ws/install/robominer_msgs/include/robominer_msgs/msg/detail/whisker_pos_in_grid__type_support.h
[2.056s] -- Up-to-date symlink: /home/jaime/RM3_ws/install/robominer_msgs/include/robominer_msgs/msg/fiducial_transform.h
[2.057s] -- Up-to-date symlink: /home/jaime/RM3_ws/install/robominer_msgs/include/robominer_msgs/msg/fiducial_transform_array.h
[2.058s] -- Up-to-date symlink: /home/jaime/RM3_ws/install/robominer_msgs/include/robominer_msgs/msg/motor_module_command.h
[2.059s] -- Up-to-date symlink: /home/jaime/RM3_ws/install/robominer_msgs/include/robominer_msgs/msg/motor_module_feedback.h
[2.059s] -- Up-to-date symlink: /home/jaime/RM3_ws/install/robominer_msgs/include/robominer_msgs/msg/rosidl_generator_c__visibility_control.h
[2.060s] -- Up-to-date symlink: /home/jaime/RM3_ws/install/robominer_msgs/include/robominer_msgs/msg/spectrometer_calibration.h
[2.060s] -- Up-to-date symlink: /home/jaime/RM3_ws/install/robominer_msgs/include/robominer_msgs/msg/spectrometer_frequency_command.h
[2.061s] -- Up-to-date symlink: /home/jaime/RM3_ws/install/robominer_msgs/include/robominer_msgs/msg/spectrometer_measurement.h
[2.061s] -- Up-to-date symlink: /home/jaime/RM3_ws/install/robominer_msgs/include/robominer_msgs/msg/whisker.h
[2.062s] -- Up-to-date symlink: /home/jaime/RM3_ws/install/robominer_msgs/include/robominer_msgs/msg/whisker_array.h
[2.062s] -- Up-to-date symlink: /home/jaime/RM3_ws/install/robominer_msgs/include/robominer_msgs/msg/whisker_pos_in_grid.h
[2.063s] -- Up-to-date symlink: /home/jaime/RM3_ws/install/robominer_msgs/share/robominer_msgs/environment/library_path.sh
[2.064s] -- Up-to-date symlink: /home/jaime/RM3_ws/install/robominer_msgs/share/robominer_msgs/environment/library_path.dsv
[2.065s] -- Up-to-date symlink: /home/jaime/RM3_ws/install/robominer_msgs/include/robominer_msgs/msg/detail/fiducial_transform__rosidl_typesupport_fastrtps_c.h
[2.066s] -- Up-to-date symlink: /home/jaime/RM3_ws/install/robominer_msgs/include/robominer_msgs/msg/detail/fiducial_transform_array__rosidl_typesupport_fastrtps_c.h
[2.066s] -- Up-to-date symlink: /home/jaime/RM3_ws/install/robominer_msgs/include/robominer_msgs/msg/detail/motor_module_command__rosidl_typesupport_fastrtps_c.h
[2.067s] -- Up-to-date symlink: /home/jaime/RM3_ws/install/robominer_msgs/include/robominer_msgs/msg/detail/motor_module_feedback__rosidl_typesupport_fastrtps_c.h
[2.067s] -- Up-to-date symlink: /home/jaime/RM3_ws/install/robominer_msgs/include/robominer_msgs/msg/detail/spectrometer_calibration__rosidl_typesupport_fastrtps_c.h
[2.068s] -- Up-to-date symlink: /home/jaime/RM3_ws/install/robominer_msgs/include/robominer_msgs/msg/detail/spectrometer_frequency_command__rosidl_typesupport_fastrtps_c.h
[2.068s] -- Up-to-date symlink: /home/jaime/RM3_ws/install/robominer_msgs/include/robominer_msgs/msg/detail/spectrometer_measurement__rosidl_typesupport_fastrtps_c.h
[2.070s] -- Up-to-date symlink: /home/jaime/RM3_ws/install/robominer_msgs/include/robominer_msgs/msg/detail/whisker__rosidl_typesupport_fastrtps_c.h
[2.070s] -- Up-to-date symlink: /home/jaime/RM3_ws/install/robominer_msgs/include/robominer_msgs/msg/detail/whisker_array__rosidl_typesupport_fastrtps_c.h
[2.070s] -- Up-to-date symlink: /home/jaime/RM3_ws/install/robominer_msgs/include/robominer_msgs/msg/detail/whisker_pos_in_grid__rosidl_typesupport_fastrtps_c.h
[2.070s] -- Up-to-date symlink: /home/jaime/RM3_ws/install/robominer_msgs/include/robominer_msgs/msg/rosidl_typesupport_fastrtps_c__visibility_control.h
[2.071s] -- Up-to-date symlink: /home/jaime/RM3_ws/install/robominer_msgs/lib/librobominer_msgs__rosidl_typesupport_fastrtps_c.so
[2.073s] -- Up-to-date symlink: /home/jaime/RM3_ws/install/robominer_msgs/include/robominer_msgs/msg/detail/fiducial_transform__rosidl_typesupport_fastrtps_cpp.hpp
[2.073s] -- Up-to-date symlink: /home/jaime/RM3_ws/install/robominer_msgs/include/robominer_msgs/msg/detail/fiducial_transform_array__rosidl_typesupport_fastrtps_cpp.hpp
[2.074s] -- Up-to-date symlink: /home/jaime/RM3_ws/install/robominer_msgs/include/robominer_msgs/msg/detail/motor_module_command__rosidl_typesupport_fastrtps_cpp.hpp
[2.074s] -- Up-to-date symlink: /home/jaime/RM3_ws/install/robominer_msgs/include/robominer_msgs/msg/detail/motor_module_feedback__rosidl_typesupport_fastrtps_cpp.hpp
[2.075s] -- Up-to-date symlink: /home/jaime/RM3_ws/install/robominer_msgs/include/robominer_msgs/msg/detail/spectrometer_calibration__rosidl_typesupport_fastrtps_cpp.hpp
[2.075s] -- Up-to-date symlink: /home/jaime/RM3_ws/install/robominer_msgs/include/robominer_msgs/msg/detail/spectrometer_frequency_command__rosidl_typesupport_fastrtps_cpp.hpp
[2.076s] -- Up-to-date symlink: /home/jaime/RM3_ws/install/robominer_msgs/include/robominer_msgs/msg/detail/spectrometer_measurement__rosidl_typesupport_fastrtps_cpp.hpp
[2.077s] -- Up-to-date symlink: /home/jaime/RM3_ws/install/robominer_msgs/include/robominer_msgs/msg/detail/whisker__rosidl_typesupport_fastrtps_cpp.hpp
[2.078s] -- Up-to-date symlink: /home/jaime/RM3_ws/install/robominer_msgs/include/robominer_msgs/msg/detail/whisker_array__rosidl_typesupport_fastrtps_cpp.hpp
[2.078s] -- Up-to-date symlink: /home/jaime/RM3_ws/install/robominer_msgs/include/robominer_msgs/msg/detail/whisker_pos_in_grid__rosidl_typesupport_fastrtps_cpp.hpp
[2.079s] -- Up-to-date symlink: /home/jaime/RM3_ws/install/robominer_msgs/include/robominer_msgs/msg/rosidl_typesupport_fastrtps_cpp__visibility_control.h
[2.080s] -- Up-to-date symlink: /home/jaime/RM3_ws/install/robominer_msgs/lib/librobominer_msgs__rosidl_typesupport_fastrtps_cpp.so
[2.081s] -- Up-to-date symlink: /home/jaime/RM3_ws/install/robominer_msgs/include/robominer_msgs/msg/detail/fiducial_transform__rosidl_typesupport_introspection_c.h
[2.081s] -- Up-to-date symlink: /home/jaime/RM3_ws/install/robominer_msgs/include/robominer_msgs/msg/detail/fiducial_transform_array__rosidl_typesupport_introspection_c.h
[2.082s] -- Up-to-date symlink: /home/jaime/RM3_ws/install/robominer_msgs/include/robominer_msgs/msg/detail/motor_module_command__rosidl_typesupport_introspection_c.h
[2.083s] -- Up-to-date symlink: /home/jaime/RM3_ws/install/robominer_msgs/include/robominer_msgs/msg/detail/motor_module_feedback__rosidl_typesupport_introspection_c.h
[2.084s] -- Up-to-date symlink: /home/jaime/RM3_ws/install/robominer_msgs/include/robominer_msgs/msg/detail/spectrometer_calibration__rosidl_typesupport_introspection_c.h
[2.084s] -- Up-to-date symlink: /home/jaime/RM3_ws/install/robominer_msgs/include/robominer_msgs/msg/detail/spectrometer_frequency_command__rosidl_typesupport_introspection_c.h
[2.085s] -- Up-to-date symlink: /home/jaime/RM3_ws/install/robominer_msgs/include/robominer_msgs/msg/detail/spectrometer_measurement__rosidl_typesupport_introspection_c.h
[2.085s] -- Up-to-date symlink: /home/jaime/RM3_ws/install/robominer_msgs/include/robominer_msgs/msg/detail/whisker__rosidl_typesupport_introspection_c.h
[2.086s] -- Up-to-date symlink: /home/jaime/RM3_ws/install/robominer_msgs/include/robominer_msgs/msg/detail/whisker_array__rosidl_typesupport_introspection_c.h
[2.086s] -- Up-to-date symlink: /home/jaime/RM3_ws/install/robominer_msgs/include/robominer_msgs/msg/detail/whisker_pos_in_grid__rosidl_typesupport_introspection_c.h
[2.087s] -- Up-to-date symlink: /home/jaime/RM3_ws/install/robominer_msgs/include/robominer_msgs/msg/rosidl_typesupport_introspection_c__visibility_control.h
[2.089s] -- Up-to-date symlink: /home/jaime/RM3_ws/install/robominer_msgs/include/robominer_msgs/msg/detail/fiducial_transform__builder.hpp
[2.089s] -- Up-to-date symlink: /home/jaime/RM3_ws/install/robominer_msgs/include/robominer_msgs/msg/detail/fiducial_transform__struct.hpp
[2.090s] -- Up-to-date symlink: /home/jaime/RM3_ws/install/robominer_msgs/include/robominer_msgs/msg/detail/fiducial_transform__traits.hpp
[2.090s] -- Up-to-date symlink: /home/jaime/RM3_ws/install/robominer_msgs/include/robominer_msgs/msg/detail/fiducial_transform_array__builder.hpp
[2.091s] -- Up-to-date symlink: /home/jaime/RM3_ws/install/robominer_msgs/include/robominer_msgs/msg/detail/fiducial_transform_array__struct.hpp
[2.091s] -- Up-to-date symlink: /home/jaime/RM3_ws/install/robominer_msgs/include/robominer_msgs/msg/detail/fiducial_transform_array__traits.hpp
[2.091s] -- Up-to-date symlink: /home/jaime/RM3_ws/install/robominer_msgs/include/robominer_msgs/msg/detail/motor_module_command__builder.hpp
[2.092s] -- Up-to-date symlink: /home/jaime/RM3_ws/install/robominer_msgs/include/robominer_msgs/msg/detail/motor_module_command__struct.hpp
[2.092s] -- Up-to-date symlink: /home/jaime/RM3_ws/install/robominer_msgs/include/robominer_msgs/msg/detail/motor_module_command__traits.hpp
[2.093s] -- Up-to-date symlink: /home/jaime/RM3_ws/install/robominer_msgs/include/robominer_msgs/msg/detail/motor_module_feedback__builder.hpp
[2.094s] -- Up-to-date symlink: /home/jaime/RM3_ws/install/robominer_msgs/include/robominer_msgs/msg/detail/motor_module_feedback__struct.hpp
[2.094s] -- Up-to-date symlink: /home/jaime/RM3_ws/install/robominer_msgs/include/robominer_msgs/msg/detail/motor_module_feedback__traits.hpp
[2.094s] -- Up-to-date symlink: /home/jaime/RM3_ws/install/robominer_msgs/include/robominer_msgs/msg/detail/spectrometer_calibration__builder.hpp
[2.095s] -- Up-to-date symlink: /home/jaime/RM3_ws/install/robominer_msgs/include/robominer_msgs/msg/detail/spectrometer_calibration__struct.hpp
[2.096s] -- Up-to-date symlink: /home/jaime/RM3_ws/install/robominer_msgs/include/robominer_msgs/msg/detail/spectrometer_calibration__traits.hpp
[2.096s] -- Up-to-date symlink: /home/jaime/RM3_ws/install/robominer_msgs/include/robominer_msgs/msg/detail/spectrometer_frequency_command__builder.hpp
[2.097s] -- Up-to-date symlink: /home/jaime/RM3_ws/install/robominer_msgs/include/robominer_msgs/msg/detail/spectrometer_frequency_command__struct.hpp
[2.097s] -- Up-to-date symlink: /home/jaime/RM3_ws/install/robominer_msgs/include/robominer_msgs/msg/detail/spectrometer_frequency_command__traits.hpp
[2.098s] -- Up-to-date symlink: /home/jaime/RM3_ws/install/robominer_msgs/include/robominer_msgs/msg/detail/spectrometer_measurement__builder.hpp
[2.099s] -- Up-to-date symlink: /home/jaime/RM3_ws/install/robominer_msgs/include/robominer_msgs/msg/detail/spectrometer_measurement__struct.hpp
[2.099s] -- Up-to-date symlink: /home/jaime/RM3_ws/install/robominer_msgs/include/robominer_msgs/msg/detail/spectrometer_measurement__traits.hpp
[2.100s] -- Up-to-date symlink: /home/jaime/RM3_ws/install/robominer_msgs/include/robominer_msgs/msg/detail/whisker__builder.hpp
[2.100s] -- Up-to-date symlink: /home/jaime/RM3_ws/install/robominer_msgs/include/robominer_msgs/msg/detail/whisker__struct.hpp
[2.101s] -- Up-to-date symlink: /home/jaime/RM3_ws/install/robominer_msgs/include/robominer_msgs/msg/detail/whisker__traits.hpp
[2.102s] -- Up-to-date symlink: /home/jaime/RM3_ws/install/robominer_msgs/include/robominer_msgs/msg/detail/whisker_array__builder.hpp
[2.102s] -- Up-to-date symlink: /home/jaime/RM3_ws/install/robominer_msgs/include/robominer_msgs/msg/detail/whisker_array__struct.hpp
[2.102s] -- Up-to-date symlink: /home/jaime/RM3_ws/install/robominer_msgs/include/robominer_msgs/msg/detail/whisker_array__traits.hpp
[2.103s] -- Up-to-date symlink: /home/jaime/RM3_ws/install/robominer_msgs/include/robominer_msgs/msg/detail/whisker_pos_in_grid__builder.hpp
[2.104s] -- Up-to-date symlink: /home/jaime/RM3_ws/install/robominer_msgs/include/robominer_msgs/msg/detail/whisker_pos_in_grid__struct.hpp
[2.105s] -- Up-to-date symlink: /home/jaime/RM3_ws/install/robominer_msgs/include/robominer_msgs/msg/detail/whisker_pos_in_grid__traits.hpp
[2.105s] -- Up-to-date symlink: /home/jaime/RM3_ws/install/robominer_msgs/include/robominer_msgs/msg/fiducial_transform.hpp
[2.106s] -- Up-to-date symlink: /home/jaime/RM3_ws/install/robominer_msgs/include/robominer_msgs/msg/fiducial_transform_array.hpp
[2.106s] -- Up-to-date symlink: /home/jaime/RM3_ws/install/robominer_msgs/include/robominer_msgs/msg/motor_module_command.hpp
[2.107s] -- Up-to-date symlink: /home/jaime/RM3_ws/install/robominer_msgs/include/robominer_msgs/msg/motor_module_feedback.hpp
[2.108s] -- Up-to-date symlink: /home/jaime/RM3_ws/install/robominer_msgs/include/robominer_msgs/msg/spectrometer_calibration.hpp
[2.109s] -- Up-to-date symlink: /home/jaime/RM3_ws/install/robominer_msgs/include/robominer_msgs/msg/spectrometer_frequency_command.hpp
[2.109s] -- Up-to-date symlink: /home/jaime/RM3_ws/install/robominer_msgs/include/robominer_msgs/msg/spectrometer_measurement.hpp
[2.110s] -- Up-to-date symlink: /home/jaime/RM3_ws/install/robominer_msgs/include/robominer_msgs/msg/whisker.hpp
[2.111s] -- Up-to-date symlink: /home/jaime/RM3_ws/install/robominer_msgs/include/robominer_msgs/msg/whisker_array.hpp
[2.111s] -- Up-to-date symlink: /home/jaime/RM3_ws/install/robominer_msgs/include/robominer_msgs/msg/whisker_pos_in_grid.hpp
[2.112s] -- Up-to-date symlink: /home/jaime/RM3_ws/install/robominer_msgs/include/robominer_msgs/msg/detail/fiducial_transform__rosidl_typesupport_introspection_cpp.hpp
[2.113s] -- Up-to-date symlink: /home/jaime/RM3_ws/install/robominer_msgs/include/robominer_msgs/msg/detail/fiducial_transform_array__rosidl_typesupport_introspection_cpp.hpp
[2.113s] -- Up-to-date symlink: /home/jaime/RM3_ws/install/robominer_msgs/include/robominer_msgs/msg/detail/motor_module_command__rosidl_typesupport_introspection_cpp.hpp
[2.114s] -- Up-to-date symlink: /home/jaime/RM3_ws/install/robominer_msgs/include/robominer_msgs/msg/detail/motor_module_feedback__rosidl_typesupport_introspection_cpp.hpp
[2.115s] -- Up-to-date symlink: /home/jaime/RM3_ws/install/robominer_msgs/include/robominer_msgs/msg/detail/spectrometer_calibration__rosidl_typesupport_introspection_cpp.hpp
[2.115s] -- Up-to-date symlink: /home/jaime/RM3_ws/install/robominer_msgs/include/robominer_msgs/msg/detail/spectrometer_frequency_command__rosidl_typesupport_introspection_cpp.hpp
[2.116s] -- Up-to-date symlink: /home/jaime/RM3_ws/install/robominer_msgs/include/robominer_msgs/msg/detail/spectrometer_measurement__rosidl_typesupport_introspection_cpp.hpp
[2.117s] -- Up-to-date symlink: /home/jaime/RM3_ws/install/robominer_msgs/include/robominer_msgs/msg/detail/whisker__rosidl_typesupport_introspection_cpp.hpp
[2.118s] -- Up-to-date symlink: /home/jaime/RM3_ws/install/robominer_msgs/include/robominer_msgs/msg/detail/whisker_array__rosidl_typesupport_introspection_cpp.hpp
[2.118s] -- Up-to-date symlink: /home/jaime/RM3_ws/install/robominer_msgs/include/robominer_msgs/msg/detail/whisker_pos_in_grid__rosidl_typesupport_introspection_cpp.hpp
[2.119s] -- Up-to-date symlink: /home/jaime/RM3_ws/install/robominer_msgs/share/robominer_msgs/environment/pythonpath.sh
[2.120s] -- Up-to-date symlink: /home/jaime/RM3_ws/install/robominer_msgs/share/robominer_msgs/environment/pythonpath.dsv
[2.120s] -- Up-to-date symlink: /home/jaime/RM3_ws/install/robominer_msgs/lib/python3.8/site-packages/robominer_msgs/__init__.py
[2.122s] -- Up-to-date symlink: /home/jaime/RM3_ws/install/robominer_msgs/lib/python3.8/site-packages/robominer_msgs/msg/__init__.py
[2.122s] -- Up-to-date symlink: /home/jaime/RM3_ws/install/robominer_msgs/lib/python3.8/site-packages/robominer_msgs/msg/_fiducial_transform.py
[2.123s] -- Up-to-date symlink: /home/jaime/RM3_ws/install/robominer_msgs/lib/python3.8/site-packages/robominer_msgs/msg/_fiducial_transform_array.py
[2.124s] -- Up-to-date symlink: /home/jaime/RM3_ws/install/robominer_msgs/lib/python3.8/site-packages/robominer_msgs/msg/_motor_module_command.py
[2.125s] -- Up-to-date symlink: /home/jaime/RM3_ws/install/robominer_msgs/lib/python3.8/site-packages/robominer_msgs/msg/_motor_module_feedback.py
[2.126s] -- Up-to-date symlink: /home/jaime/RM3_ws/install/robominer_msgs/lib/python3.8/site-packages/robominer_msgs/msg/_spectrometer_calibration.py
[2.127s] -- Up-to-date symlink: /home/jaime/RM3_ws/install/robominer_msgs/lib/python3.8/site-packages/robominer_msgs/msg/_spectrometer_frequency_command.py
[2.127s] -- Up-to-date symlink: /home/jaime/RM3_ws/install/robominer_msgs/lib/python3.8/site-packages/robominer_msgs/msg/_spectrometer_measurement.py
[2.128s] -- Up-to-date symlink: /home/jaime/RM3_ws/install/robominer_msgs/lib/python3.8/site-packages/robominer_msgs/msg/_whisker.py
[2.129s] -- Up-to-date symlink: /home/jaime/RM3_ws/install/robominer_msgs/lib/python3.8/site-packages/robominer_msgs/msg/_whisker_array.py
[2.130s] -- Up-to-date symlink: /home/jaime/RM3_ws/install/robominer_msgs/lib/python3.8/site-packages/robominer_msgs/msg/_whisker_pos_in_grid.py
[2.131s] -- Up-to-date symlink: /home/jaime/RM3_ws/install/robominer_msgs/lib/python3.8/site-packages/robominer_msgs/robominer_msgs_s__rosidl_typesupport_fastrtps_c.cpython-38-x86_64-linux-gnu.so
[2.132s] -- Up-to-date symlink: /home/jaime/RM3_ws/install/robominer_msgs/lib/python3.8/site-packages/robominer_msgs/robominer_msgs_s__rosidl_typesupport_introspection_c.cpython-38-x86_64-linux-gnu.so
[2.133s] -- Up-to-date symlink: /home/jaime/RM3_ws/install/robominer_msgs/lib/python3.8/site-packages/robominer_msgs/robominer_msgs_s__rosidl_typesupport_c.cpython-38-x86_64-linux-gnu.so
[2.142s] -- Up-to-date symlink: /home/jaime/RM3_ws/install/robominer_msgs/lib/librobominer_msgs__python.so
[2.143s] -- Up-to-date symlink: /home/jaime/RM3_ws/install/robominer_msgs/share/robominer_msgs/msg/MotorModuleFeedback.idl
[2.143s] -- Up-to-date symlink: /home/jaime/RM3_ws/install/robominer_msgs/share/robominer_msgs/msg/MotorModuleCommand.idl
[2.144s] -- Up-to-date symlink: /home/jaime/RM3_ws/install/robominer_msgs/share/robominer_msgs/msg/WhiskerPosInGrid.idl
[2.145s] -- Up-to-date symlink: /home/jaime/RM3_ws/install/robominer_msgs/share/robominer_msgs/msg/Whisker.idl
[2.146s] -- Up-to-date symlink: /home/jaime/RM3_ws/install/robominer_msgs/share/robominer_msgs/msg/WhiskerArray.idl
[2.146s] -- Up-to-date symlink: /home/jaime/RM3_ws/install/robominer_msgs/share/robominer_msgs/msg/SpectrometerMeasurement.idl
[2.148s] -- Up-to-date symlink: /home/jaime/RM3_ws/install/robominer_msgs/share/robominer_msgs/msg/SpectrometerCalibration.idl
[2.149s] -- Up-to-date symlink: /home/jaime/RM3_ws/install/robominer_msgs/share/robominer_msgs/msg/SpectrometerFrequencyCommand.idl
[2.149s] -- Up-to-date symlink: /home/jaime/RM3_ws/install/robominer_msgs/share/robominer_msgs/msg/FiducialTransform.idl
[2.150s] -- Up-to-date symlink: /home/jaime/RM3_ws/install/robominer_msgs/share/robominer_msgs/msg/FiducialTransformArray.idl
[2.152s] -- Up-to-date symlink: /home/jaime/RM3_ws/install/robominer_msgs/share/robominer_msgs/msg/MotorModuleFeedback.msg
[2.152s] -- Up-to-date symlink: /home/jaime/RM3_ws/install/robominer_msgs/share/robominer_msgs/msg/MotorModuleCommand.msg
[2.152s] -- Up-to-date symlink: /home/jaime/RM3_ws/install/robominer_msgs/share/robominer_msgs/msg/WhiskerPosInGrid.msg
[2.152s] -- Up-to-date symlink: /home/jaime/RM3_ws/install/robominer_msgs/share/robominer_msgs/msg/Whisker.msg
[2.153s] -- Up-to-date symlink: /home/jaime/RM3_ws/install/robominer_msgs/share/robominer_msgs/msg/WhiskerArray.msg
[2.153s] -- Up-to-date symlink: /home/jaime/RM3_ws/install/robominer_msgs/share/robominer_msgs/msg/SpectrometerMeasurement.msg
[2.153s] -- Up-to-date symlink: /home/jaime/RM3_ws/install/robominer_msgs/share/robominer_msgs/msg/SpectrometerCalibration.msg
[2.153s] -- Up-to-date symlink: /home/jaime/RM3_ws/install/robominer_msgs/share/robominer_msgs/msg/SpectrometerFrequencyCommand.msg
[2.154s] -- Up-to-date symlink: /home/jaime/RM3_ws/install/robominer_msgs/share/robominer_msgs/msg/FiducialTransform.msg
[2.154s] -- Up-to-date symlink: /home/jaime/RM3_ws/install/robominer_msgs/share/robominer_msgs/msg/FiducialTransformArray.msg
[2.154s] -- Up-to-date symlink: /home/jaime/RM3_ws/install/robominer_msgs/share/ament_index/resource_index/package_run_dependencies/robominer_msgs
[2.154s] -- Up-to-date symlink: /home/jaime/RM3_ws/install/robominer_msgs/share/ament_index/resource_index/parent_prefix_path/robominer_msgs
[2.155s] -- Up-to-date symlink: /home/jaime/RM3_ws/install/robominer_msgs/share/robominer_msgs/environment/ament_prefix_path.sh
[2.155s] -- Up-to-date symlink: /home/jaime/RM3_ws/install/robominer_msgs/share/robominer_msgs/environment/ament_prefix_path.dsv
[2.155s] -- Up-to-date symlink: /home/jaime/RM3_ws/install/robominer_msgs/share/robominer_msgs/environment/path.sh
[2.155s] -- Up-to-date symlink: /home/jaime/RM3_ws/install/robominer_msgs/share/robominer_msgs/environment/path.dsv
[2.156s] -- Up-to-date symlink: /home/jaime/RM3_ws/install/robominer_msgs/share/robominer_msgs/local_setup.bash
[2.156s] -- Up-to-date symlink: /home/jaime/RM3_ws/install/robominer_msgs/share/robominer_msgs/local_setup.sh
[2.157s] -- Up-to-date symlink: /home/jaime/RM3_ws/install/robominer_msgs/share/robominer_msgs/local_setup.zsh
[2.157s] -- Up-to-date symlink: /home/jaime/RM3_ws/install/robominer_msgs/share/robominer_msgs/local_setup.dsv
[2.158s] -- Symlinking: /home/jaime/RM3_ws/install/robominer_msgs/share/robominer_msgs/package.dsv
[2.197s] -- Up-to-date symlink: /home/jaime/RM3_ws/install/robominer_msgs/share/ament_index/resource_index/packages/robominer_msgs
[2.199s] -- Up-to-date symlink: /home/jaime/RM3_ws/install/robominer_msgs/share/robominer_msgs/cmake/rosidl_cmake-extras.cmake
[2.199s] -- Up-to-date symlink: /home/jaime/RM3_ws/install/robominer_msgs/share/robominer_msgs/cmake/ament_cmake_export_dependencies-extras.cmake
[2.199s] -- Up-to-date symlink: /home/jaime/RM3_ws/install/robominer_msgs/share/robominer_msgs/cmake/ament_cmake_export_libraries-extras.cmake
[2.199s] -- Up-to-date symlink: /home/jaime/RM3_ws/install/robominer_msgs/share/robominer_msgs/cmake/ament_cmake_export_targets-extras.cmake
[2.199s] -- Up-to-date symlink: /home/jaime/RM3_ws/install/robominer_msgs/share/robominer_msgs/cmake/ament_cmake_export_include_directories-extras.cmake
[2.199s] -- Up-to-date symlink: /home/jaime/RM3_ws/install/robominer_msgs/share/robominer_msgs/cmake/rosidl_cmake_export_typesupport_libraries-extras.cmake
[2.200s] -- Up-to-date symlink: /home/jaime/RM3_ws/install/robominer_msgs/share/robominer_msgs/cmake/rosidl_cmake_export_typesupport_targets-extras.cmake
[2.201s] -- Up-to-date symlink: /home/jaime/RM3_ws/install/robominer_msgs/share/robominer_msgs/cmake/robominer_msgsConfig.cmake
[2.201s] -- Up-to-date symlink: /home/jaime/RM3_ws/install/robominer_msgs/share/robominer_msgs/cmake/robominer_msgsConfig-version.cmake
[2.201s] -- Up-to-date symlink: /home/jaime/RM3_ws/install/robominer_msgs/share/robominer_msgs/package.xml
[2.201s] -- Up-to-date: /home/jaime/RM3_ws/install/robominer_msgs/lib/librobominer_msgs__rosidl_generator_c.so
[2.201s] -- Up-to-date: /home/jaime/RM3_ws/install/robominer_msgs/lib/librobominer_msgs__rosidl_typesupport_introspection_c.so
[2.201s] -- Up-to-date: /home/jaime/RM3_ws/install/robominer_msgs/lib/librobominer_msgs__rosidl_typesupport_c.so
[2.202s] -- Up-to-date: /home/jaime/RM3_ws/install/robominer_msgs/lib/librobominer_msgs__rosidl_typesupport_introspection_cpp.so
[2.202s] -- Up-to-date: /home/jaime/RM3_ws/install/robominer_msgs/lib/librobominer_msgs__rosidl_typesupport_cpp.so
[2.258s] -- Up-to-date: /home/jaime/RM3_ws/install/robominer_msgs/share/robominer_msgs/cmake/robominer_msgs__rosidl_generator_cExport.cmake
[2.258s] -- Up-to-date: /home/jaime/RM3_ws/install/robominer_msgs/share/robominer_msgs/cmake/robominer_msgs__rosidl_generator_cExport-noconfig.cmake
[2.258s] -- Up-to-date: /home/jaime/RM3_ws/install/robominer_msgs/share/robominer_msgs/cmake/robominer_msgs__rosidl_typesupport_introspection_cExport.cmake
[2.258s] -- Up-to-date: /home/jaime/RM3_ws/install/robominer_msgs/share/robominer_msgs/cmake/robominer_msgs__rosidl_typesupport_introspection_cExport-noconfig.cmake
[2.258s] -- Up-to-date: /home/jaime/RM3_ws/install/robominer_msgs/share/robominer_msgs/cmake/robominer_msgs__rosidl_typesupport_cExport.cmake
[2.259s] -- Up-to-date: /home/jaime/RM3_ws/install/robominer_msgs/share/robominer_msgs/cmake/robominer_msgs__rosidl_typesupport_cExport-noconfig.cmake
[2.259s] -- Up-to-date: /home/jaime/RM3_ws/install/robominer_msgs/share/robominer_msgs/cmake/robominer_msgs__rosidl_generator_cppExport.cmake
[2.259s] -- Up-to-date: /home/jaime/RM3_ws/install/robominer_msgs/share/robominer_msgs/cmake/robominer_msgs__rosidl_typesupport_introspection_cppExport.cmake
[2.259s] -- Up-to-date: /home/jaime/RM3_ws/install/robominer_msgs/share/robominer_msgs/cmake/robominer_msgs__rosidl_typesupport_introspection_cppExport-noconfig.cmake
[2.259s] -- Up-to-date: /home/jaime/RM3_ws/install/robominer_msgs/share/robominer_msgs/cmake/robominer_msgs__rosidl_typesupport_cppExport.cmake
[2.259s] -- Up-to-date: /home/jaime/RM3_ws/install/robominer_msgs/share/robominer_msgs/cmake/robominer_msgs__rosidl_typesupport_cppExport-noconfig.cmake
[2.266s] Invoked command in '/home/jaime/RM3_ws/build/robominer_msgs' returned '0': CMAKE_PREFIX_PATH=/opt/ros/foxy /usr/bin/cmake --install /home/jaime/RM3_ws/build/robominer_msgs
