[0.318s] Invoking command in '/home/jaime/RM3_ws/build/position_controllers': AMENT_PREFIX_PATH=/home/jaime/RM3_ws/install/forward_command_controller:/home/jaime/RM3_ws/install/controller_manager:/home/jaime/RM3_ws/install/controller_interface:/home/jaime/RM3_ws/install/hardware_interface:/home/jaime/RM3_ws/install/ros2_control_test_assets:/home/jaime/RM3_ws/install/controller_manager_msgs:${AMENT_PREFIX_PATH} CMAKE_PREFIX_PATH=/home/jaime/RM3_ws/install/forward_command_controller:/home/jaime/RM3_ws/install/controller_manager:/home/jaime/RM3_ws/install/controller_interface:/home/jaime/RM3_ws/install/hardware_interface:/home/jaime/RM3_ws/install/ros2_control_test_assets:/home/jaime/RM3_ws/install/controller_manager_msgs:/opt/ros/foxy LD_LIBRARY_PATH=/home/jaime/RM3_ws/install/forward_command_controller/lib:/home/jaime/RM3_ws/install/controller_manager/lib:/home/jaime/RM3_ws/install/controller_interface/lib:/home/jaime/RM3_ws/install/hardware_interface/lib:/home/jaime/RM3_ws/install/controller_manager_msgs/lib:${LD_LIBRARY_PATH} PYTHONPATH=/home/jaime/RM3_ws/install/controller_manager/lib/python3.8/site-packages:/home/jaime/RM3_ws/install/controller_manager_msgs/lib/python3.8/site-packages:${PYTHONPATH} /usr/bin/cmake --build /home/jaime/RM3_ws/build/position_controllers -- -j8 -l8
[0.486s] [ 27%] Built target gmock
[0.548s] [ 45%] Built target gmock_main
[0.590s] [ 63%] Built target position_controllers
[0.717s] [ 81%] Built target test_load_joint_group_position_controller
[0.721s] [100%] Built target test_joint_group_position_controller
[0.788s] Invoked command in '/home/jaime/RM3_ws/build/position_controllers' returned '0': AMENT_PREFIX_PATH=/home/jaime/RM3_ws/install/forward_command_controller:/home/jaime/RM3_ws/install/controller_manager:/home/jaime/RM3_ws/install/controller_interface:/home/jaime/RM3_ws/install/hardware_interface:/home/jaime/RM3_ws/install/ros2_control_test_assets:/home/jaime/RM3_ws/install/controller_manager_msgs:${AMENT_PREFIX_PATH} CMAKE_PREFIX_PATH=/home/jaime/RM3_ws/install/forward_command_controller:/home/jaime/RM3_ws/install/controller_manager:/home/jaime/RM3_ws/install/controller_interface:/home/jaime/RM3_ws/install/hardware_interface:/home/jaime/RM3_ws/install/ros2_control_test_assets:/home/jaime/RM3_ws/install/controller_manager_msgs:/opt/ros/foxy LD_LIBRARY_PATH=/home/jaime/RM3_ws/install/forward_command_controller/lib:/home/jaime/RM3_ws/install/controller_manager/lib:/home/jaime/RM3_ws/install/controller_interface/lib:/home/jaime/RM3_ws/install/hardware_interface/lib:/home/jaime/RM3_ws/install/controller_manager_msgs/lib:${LD_LIBRARY_PATH} PYTHONPATH=/home/jaime/RM3_ws/install/controller_manager/lib/python3.8/site-packages:/home/jaime/RM3_ws/install/controller_manager_msgs/lib/python3.8/site-packages:${PYTHONPATH} /usr/bin/cmake --build /home/jaime/RM3_ws/build/position_controllers -- -j8 -l8
[0.943s] Invoking command in '/home/jaime/RM3_ws/build/position_controllers': AMENT_PREFIX_PATH=/home/jaime/RM3_ws/install/forward_command_controller:/home/jaime/RM3_ws/install/controller_manager:/home/jaime/RM3_ws/install/controller_interface:/home/jaime/RM3_ws/install/hardware_interface:/home/jaime/RM3_ws/install/ros2_control_test_assets:/home/jaime/RM3_ws/install/controller_manager_msgs:${AMENT_PREFIX_PATH} CMAKE_PREFIX_PATH=/home/jaime/RM3_ws/install/forward_command_controller:/home/jaime/RM3_ws/install/controller_manager:/home/jaime/RM3_ws/install/controller_interface:/home/jaime/RM3_ws/install/hardware_interface:/home/jaime/RM3_ws/install/ros2_control_test_assets:/home/jaime/RM3_ws/install/controller_manager_msgs:/opt/ros/foxy LD_LIBRARY_PATH=/home/jaime/RM3_ws/install/forward_command_controller/lib:/home/jaime/RM3_ws/install/controller_manager/lib:/home/jaime/RM3_ws/install/controller_interface/lib:/home/jaime/RM3_ws/install/hardware_interface/lib:/home/jaime/RM3_ws/install/controller_manager_msgs/lib:${LD_LIBRARY_PATH} PYTHONPATH=/home/jaime/RM3_ws/install/controller_manager/lib/python3.8/site-packages:/home/jaime/RM3_ws/install/controller_manager_msgs/lib/python3.8/site-packages:${PYTHONPATH} /usr/bin/cmake --install /home/jaime/RM3_ws/build/position_controllers
[1.083s] -- Install configuration: ""
[1.083s] -- Execute custom install script
[1.084s] -- Up-to-date symlink: /home/jaime/RM3_ws/install/position_controllers/share/position_controllers//position_controllers_plugins.xml
[1.084s] -- Up-to-date symlink: /home/jaime/RM3_ws/install/position_controllers/include/position_controllers/joint_group_position_controller.hpp
[1.085s] -- Up-to-date symlink: /home/jaime/RM3_ws/install/position_controllers/include/position_controllers/visibility_control.h
[1.085s] -- Up-to-date symlink: /home/jaime/RM3_ws/install/position_controllers/lib/libposition_controllers.so
[1.086s] -- Up-to-date symlink: /home/jaime/RM3_ws/install/position_controllers/share/position_controllers/environment/library_path.sh
[1.086s] -- Up-to-date symlink: /home/jaime/RM3_ws/install/position_controllers/share/position_controllers/environment/library_path.dsv
[1.087s] -- Up-to-date symlink: /home/jaime/RM3_ws/install/position_controllers/share/ament_index/resource_index/package_run_dependencies/position_controllers
[1.087s] -- Up-to-date symlink: /home/jaime/RM3_ws/install/position_controllers/share/ament_index/resource_index/parent_prefix_path/position_controllers
[1.088s] -- Up-to-date symlink: /home/jaime/RM3_ws/install/position_controllers/share/position_controllers/environment/ament_prefix_path.sh
[1.088s] -- Up-to-date symlink: /home/jaime/RM3_ws/install/position_controllers/share/position_controllers/environment/ament_prefix_path.dsv
[1.093s] -- Up-to-date symlink: /home/jaime/RM3_ws/install/position_controllers/share/position_controllers/environment/path.sh
[1.093s] -- Up-to-date symlink: /home/jaime/RM3_ws/install/position_controllers/share/position_controllers/environment/path.dsv
[1.113s] -- Up-to-date symlink: /home/jaime/RM3_ws/install/position_controllers/share/position_controllers/local_setup.bash
[1.114s] -- Up-to-date symlink: /home/jaime/RM3_ws/install/position_controllers/share/position_controllers/local_setup.sh
[1.114s] -- Up-to-date symlink: /home/jaime/RM3_ws/install/position_controllers/share/position_controllers/local_setup.zsh
[1.114s] -- Up-to-date symlink: /home/jaime/RM3_ws/install/position_controllers/share/position_controllers/local_setup.dsv
[1.115s] -- Symlinking: /home/jaime/RM3_ws/install/position_controllers/share/position_controllers/package.dsv
[1.115s] -- Up-to-date symlink: /home/jaime/RM3_ws/install/position_controllers/share/ament_index/resource_index/packages/position_controllers
[1.115s] -- Up-to-date symlink: /home/jaime/RM3_ws/install/position_controllers/share/ament_index/resource_index/controller_interface__pluginlib__plugin/position_controllers
[1.116s] -- Up-to-date symlink: /home/jaime/RM3_ws/install/position_controllers/share/position_controllers/cmake/ament_cmake_export_dependencies-extras.cmake
[1.116s] -- Up-to-date symlink: /home/jaime/RM3_ws/install/position_controllers/share/position_controllers/cmake/ament_cmake_export_include_directories-extras.cmake
[1.116s] -- Up-to-date symlink: /home/jaime/RM3_ws/install/position_controllers/share/position_controllers/cmake/ament_cmake_export_libraries-extras.cmake
[1.117s] -- Up-to-date symlink: /home/jaime/RM3_ws/install/position_controllers/share/position_controllers/cmake/position_controllersConfig.cmake
[1.117s] -- Up-to-date symlink: /home/jaime/RM3_ws/install/position_controllers/share/position_controllers/cmake/position_controllersConfig-version.cmake
[1.117s] -- Up-to-date symlink: /home/jaime/RM3_ws/install/position_controllers/share/position_controllers/package.xml
[1.401s] Invoked command in '/home/jaime/RM3_ws/build/position_controllers' returned '0': AMENT_PREFIX_PATH=/home/jaime/RM3_ws/install/forward_command_controller:/home/jaime/RM3_ws/install/controller_manager:/home/jaime/RM3_ws/install/controller_interface:/home/jaime/RM3_ws/install/hardware_interface:/home/jaime/RM3_ws/install/ros2_control_test_assets:/home/jaime/RM3_ws/install/controller_manager_msgs:${AMENT_PREFIX_PATH} CMAKE_PREFIX_PATH=/home/jaime/RM3_ws/install/forward_command_controller:/home/jaime/RM3_ws/install/controller_manager:/home/jaime/RM3_ws/install/controller_interface:/home/jaime/RM3_ws/install/hardware_interface:/home/jaime/RM3_ws/install/ros2_control_test_assets:/home/jaime/RM3_ws/install/controller_manager_msgs:/opt/ros/foxy LD_LIBRARY_PATH=/home/jaime/RM3_ws/install/forward_command_controller/lib:/home/jaime/RM3_ws/install/controller_manager/lib:/home/jaime/RM3_ws/install/controller_interface/lib:/home/jaime/RM3_ws/install/hardware_interface/lib:/home/jaime/RM3_ws/install/controller_manager_msgs/lib:${LD_LIBRARY_PATH} PYTHONPATH=/home/jaime/RM3_ws/install/controller_manager/lib/python3.8/site-packages:/home/jaime/RM3_ws/install/controller_manager_msgs/lib/python3.8/site-packages:${PYTHONPATH} /usr/bin/cmake --install /home/jaime/RM3_ws/build/position_controllers
