[0.026s] Invoking command in '/home/jaime/RM3_ws/build/controller_manager': AMENT_PREFIX_PATH=/home/jaime/RM3_ws/install/controller_interface:/home/jaime/RM3_ws/install/hardware_interface:/home/jaime/RM3_ws/install/ros2_control_test_assets:/home/jaime/RM3_ws/install/controller_manager_msgs:${AMENT_PREFIX_PATH} CMAKE_PREFIX_PATH=/home/jaime/RM3_ws/install/controller_interface:/home/jaime/RM3_ws/install/hardware_interface:/home/jaime/RM3_ws/install/ros2_control_test_assets:/home/jaime/RM3_ws/install/controller_manager_msgs:/opt/ros/foxy LD_LIBRARY_PATH=/home/jaime/RM3_ws/install/controller_interface/lib:/home/jaime/RM3_ws/install/hardware_interface/lib:/home/jaime/RM3_ws/install/controller_manager_msgs/lib:${LD_LIBRARY_PATH} PYTHONPATH=/home/jaime/RM3_ws/install/controller_manager_msgs/lib/python3.8/site-packages:${PYTHONPATH} /usr/bin/cmake --build /home/jaime/RM3_ws/build/controller_manager -- -j8 -l8
[0.095s] [  8%] Built target gmock_main
[0.098s] [ 20%] Built target gmock
[0.119s] [ 28%] Built target controller_manager
[0.162s] [ 36%] Built target ros2_control_node
[0.163s] [ 44%] Built target test_controller_with_interfaces
[0.166s] [ 52%] Built target test_controller
[0.170s] [ 60%] Built target test_controller_failed_init
[0.217s] [ 68%] Built target test_spawner_unspawner
[0.217s] [ 76%] Built target test_controller_manager
[0.219s] [ 84%] Built target test_release_interfaces
[0.226s] [ 92%] Built target test_controller_manager_srvs
[0.234s] [100%] Built target test_load_controller
[0.254s] Invoked command in '/home/jaime/RM3_ws/build/controller_manager' returned '0': AMENT_PREFIX_PATH=/home/jaime/RM3_ws/install/controller_interface:/home/jaime/RM3_ws/install/hardware_interface:/home/jaime/RM3_ws/install/ros2_control_test_assets:/home/jaime/RM3_ws/install/controller_manager_msgs:${AMENT_PREFIX_PATH} CMAKE_PREFIX_PATH=/home/jaime/RM3_ws/install/controller_interface:/home/jaime/RM3_ws/install/hardware_interface:/home/jaime/RM3_ws/install/ros2_control_test_assets:/home/jaime/RM3_ws/install/controller_manager_msgs:/opt/ros/foxy LD_LIBRARY_PATH=/home/jaime/RM3_ws/install/controller_interface/lib:/home/jaime/RM3_ws/install/hardware_interface/lib:/home/jaime/RM3_ws/install/controller_manager_msgs/lib:${LD_LIBRARY_PATH} PYTHONPATH=/home/jaime/RM3_ws/install/controller_manager_msgs/lib/python3.8/site-packages:${PYTHONPATH} /usr/bin/cmake --build /home/jaime/RM3_ws/build/controller_manager -- -j8 -l8
[0.330s] Invoking command in '/home/jaime/RM3_ws/build/controller_manager': AMENT_PREFIX_PATH=/home/jaime/RM3_ws/install/controller_interface:/home/jaime/RM3_ws/install/hardware_interface:/home/jaime/RM3_ws/install/ros2_control_test_assets:/home/jaime/RM3_ws/install/controller_manager_msgs:${AMENT_PREFIX_PATH} CMAKE_PREFIX_PATH=/home/jaime/RM3_ws/install/controller_interface:/home/jaime/RM3_ws/install/hardware_interface:/home/jaime/RM3_ws/install/ros2_control_test_assets:/home/jaime/RM3_ws/install/controller_manager_msgs:/opt/ros/foxy LD_LIBRARY_PATH=/home/jaime/RM3_ws/install/controller_interface/lib:/home/jaime/RM3_ws/install/hardware_interface/lib:/home/jaime/RM3_ws/install/controller_manager_msgs/lib:${LD_LIBRARY_PATH} PYTHONPATH=/home/jaime/RM3_ws/install/controller_manager_msgs/lib/python3.8/site-packages:${PYTHONPATH} /usr/bin/cmake --install /home/jaime/RM3_ws/build/controller_manager
[0.339s] -- Install configuration: ""
[0.340s] -- Execute custom install script
[0.340s] -- Up-to-date symlink: /home/jaime/RM3_ws/install/controller_manager/lib/libcontroller_manager.so
[0.340s] -- Up-to-date symlink: /home/jaime/RM3_ws/install/controller_manager/lib/controller_manager/ros2_control_node
[0.343s] -- Up-to-date symlink: /home/jaime/RM3_ws/install/controller_manager/include/controller_manager/controller_manager.hpp
[0.343s] -- Up-to-date symlink: /home/jaime/RM3_ws/install/controller_manager/include/controller_manager/controller_spec.hpp
[0.343s] -- Up-to-date symlink: /home/jaime/RM3_ws/install/controller_manager/include/controller_manager/visibility_control.h
[0.343s] -- Up-to-date symlink: /home/jaime/RM3_ws/install/controller_manager/lib/controller_manager/spawner.py
[0.344s] -- Up-to-date symlink: /home/jaime/RM3_ws/install/controller_manager/lib/controller_manager/unspawner.py
[0.344s] -- Up-to-date symlink: /home/jaime/RM3_ws/install/controller_manager/share/controller_manager/test/test_controller/test_controller.xml
[0.344s] -- Up-to-date symlink: /home/jaime/RM3_ws/install/controller_manager/lib/libtest_controller.so
[0.344s] -- Up-to-date symlink: /home/jaime/RM3_ws/install/controller_manager/share/controller_manager/test/test_controller_failed_init/test_controller_failed_init.xml
[0.344s] -- Up-to-date symlink: /home/jaime/RM3_ws/install/controller_manager/lib/libtest_controller_failed_init.so
[0.345s] -- Up-to-date symlink: /home/jaime/RM3_ws/install/controller_manager/share/controller_manager/test/test_controller_with_interfaces/test_controller_with_interfaces.xml
[0.345s] -- Up-to-date symlink: /home/jaime/RM3_ws/install/controller_manager/lib/libtest_controller_with_interfaces.so
[0.345s] -- Up-to-date symlink: /home/jaime/RM3_ws/install/controller_manager/share/controller_manager/environment/pythonpath.sh
[0.345s] -- Up-to-date symlink: /home/jaime/RM3_ws/install/controller_manager/share/controller_manager/environment/pythonpath.dsv
[0.346s] -- Up-to-date symlink: /home/jaime/RM3_ws/install/controller_manager/lib/python3.8/site-packages/controller_manager/__init__.py
[0.346s] -- Up-to-date symlink: /home/jaime/RM3_ws/install/controller_manager/lib/python3.8/site-packages/controller_manager/controller_manager_services.py
[0.347s] -- Up-to-date symlink: /home/jaime/RM3_ws/install/controller_manager/lib/python3.8/site-packages/controller_manager/launch_utils.py
[0.347s] -- Up-to-date symlink: /home/jaime/RM3_ws/install/controller_manager/share/controller_manager/environment/library_path.sh
[0.347s] -- Up-to-date symlink: /home/jaime/RM3_ws/install/controller_manager/share/controller_manager/environment/library_path.dsv
[0.348s] -- Up-to-date symlink: /home/jaime/RM3_ws/install/controller_manager/share/ament_index/resource_index/package_run_dependencies/controller_manager
[0.348s] -- Up-to-date symlink: /home/jaime/RM3_ws/install/controller_manager/share/ament_index/resource_index/parent_prefix_path/controller_manager
[0.348s] -- Up-to-date symlink: /home/jaime/RM3_ws/install/controller_manager/share/controller_manager/environment/ament_prefix_path.sh
[0.348s] -- Up-to-date symlink: /home/jaime/RM3_ws/install/controller_manager/share/controller_manager/environment/ament_prefix_path.dsv
[0.348s] -- Up-to-date symlink: /home/jaime/RM3_ws/install/controller_manager/share/controller_manager/environment/path.sh
[0.349s] -- Up-to-date symlink: /home/jaime/RM3_ws/install/controller_manager/share/controller_manager/environment/path.dsv
[0.349s] -- Up-to-date symlink: /home/jaime/RM3_ws/install/controller_manager/share/controller_manager/local_setup.bash
[0.349s] -- Up-to-date symlink: /home/jaime/RM3_ws/install/controller_manager/share/controller_manager/local_setup.sh
[0.350s] -- Up-to-date symlink: /home/jaime/RM3_ws/install/controller_manager/share/controller_manager/local_setup.zsh
[0.350s] -- Up-to-date symlink: /home/jaime/RM3_ws/install/controller_manager/share/controller_manager/local_setup.dsv
[0.350s] -- Symlinking: /home/jaime/RM3_ws/install/controller_manager/share/controller_manager/package.dsv
[0.360s] -- Up-to-date symlink: /home/jaime/RM3_ws/install/controller_manager/share/ament_index/resource_index/packages/controller_manager
[0.360s] -- Up-to-date symlink: /home/jaime/RM3_ws/install/controller_manager/share/ament_index/resource_index/controller_interface__pluginlib__plugin/controller_manager
[0.361s] -- Up-to-date symlink: /home/jaime/RM3_ws/install/controller_manager/share/controller_manager/cmake/ament_cmake_export_libraries-extras.cmake
[0.361s] -- Up-to-date symlink: /home/jaime/RM3_ws/install/controller_manager/share/controller_manager/cmake/ament_cmake_export_include_directories-extras.cmake
[0.361s] -- Up-to-date symlink: /home/jaime/RM3_ws/install/controller_manager/share/controller_manager/cmake/ament_cmake_export_dependencies-extras.cmake
[0.362s] -- Up-to-date symlink: /home/jaime/RM3_ws/install/controller_manager/share/controller_manager/cmake/controller_managerConfig.cmake
[0.362s] -- Up-to-date symlink: /home/jaime/RM3_ws/install/controller_manager/share/controller_manager/cmake/controller_managerConfig-version.cmake
[0.362s] -- Up-to-date symlink: /home/jaime/RM3_ws/install/controller_manager/share/controller_manager/package.xml
[0.406s] Listing '/home/jaime/RM3_ws/install/controller_manager/lib/python3.8/site-packages/controller_manager'...
[0.421s] Invoked command in '/home/jaime/RM3_ws/build/controller_manager' returned '0': AMENT_PREFIX_PATH=/home/jaime/RM3_ws/install/controller_interface:/home/jaime/RM3_ws/install/hardware_interface:/home/jaime/RM3_ws/install/ros2_control_test_assets:/home/jaime/RM3_ws/install/controller_manager_msgs:${AMENT_PREFIX_PATH} CMAKE_PREFIX_PATH=/home/jaime/RM3_ws/install/controller_interface:/home/jaime/RM3_ws/install/hardware_interface:/home/jaime/RM3_ws/install/ros2_control_test_assets:/home/jaime/RM3_ws/install/controller_manager_msgs:/opt/ros/foxy LD_LIBRARY_PATH=/home/jaime/RM3_ws/install/controller_interface/lib:/home/jaime/RM3_ws/install/hardware_interface/lib:/home/jaime/RM3_ws/install/controller_manager_msgs/lib:${LD_LIBRARY_PATH} PYTHONPATH=/home/jaime/RM3_ws/install/controller_manager_msgs/lib/python3.8/site-packages:${PYTHONPATH} /usr/bin/cmake --install /home/jaime/RM3_ws/build/controller_manager
