[0.663s] Invoking command in '/home/jaime/RM3_ws/build/imu_sensor_broadcaster': AMENT_PREFIX_PATH=/home/jaime/RM3_ws/install/controller_manager:/home/jaime/RM3_ws/install/controller_interface:/home/jaime/RM3_ws/install/hardware_interface:/home/jaime/RM3_ws/install/ros2_control_test_assets:/home/jaime/RM3_ws/install/controller_manager_msgs:${AMENT_PREFIX_PATH} CMAKE_PREFIX_PATH=/home/jaime/RM3_ws/install/controller_manager:/home/jaime/RM3_ws/install/controller_interface:/home/jaime/RM3_ws/install/hardware_interface:/home/jaime/RM3_ws/install/ros2_control_test_assets:/home/jaime/RM3_ws/install/controller_manager_msgs:/opt/ros/foxy LD_LIBRARY_PATH=/home/jaime/RM3_ws/install/controller_manager/lib:/home/jaime/RM3_ws/install/controller_interface/lib:/home/jaime/RM3_ws/install/hardware_interface/lib:/home/jaime/RM3_ws/install/controller_manager_msgs/lib:${LD_LIBRARY_PATH} PYTHONPATH=/home/jaime/RM3_ws/install/controller_manager/lib/python3.8/site-packages:/home/jaime/RM3_ws/install/controller_manager_msgs/lib/python3.8/site-packages:${PYTHONPATH} /usr/bin/cmake --build /home/jaime/RM3_ws/build/imu_sensor_broadcaster -- -j8 -l8
[0.852s] [ 27%] Built target gmock
[0.895s] [ 45%] Built target imu_sensor_broadcaster
[0.911s] [ 63%] Built target gmock_main
[1.019s] [ 81%] Built target test_load_imu_sensor_broadcaster
[1.022s] [100%] Built target test_imu_sensor_broadcaster
[1.582s] Invoked command in '/home/jaime/RM3_ws/build/imu_sensor_broadcaster' returned '0': AMENT_PREFIX_PATH=/home/jaime/RM3_ws/install/controller_manager:/home/jaime/RM3_ws/install/controller_interface:/home/jaime/RM3_ws/install/hardware_interface:/home/jaime/RM3_ws/install/ros2_control_test_assets:/home/jaime/RM3_ws/install/controller_manager_msgs:${AMENT_PREFIX_PATH} CMAKE_PREFIX_PATH=/home/jaime/RM3_ws/install/controller_manager:/home/jaime/RM3_ws/install/controller_interface:/home/jaime/RM3_ws/install/hardware_interface:/home/jaime/RM3_ws/install/ros2_control_test_assets:/home/jaime/RM3_ws/install/controller_manager_msgs:/opt/ros/foxy LD_LIBRARY_PATH=/home/jaime/RM3_ws/install/controller_manager/lib:/home/jaime/RM3_ws/install/controller_interface/lib:/home/jaime/RM3_ws/install/hardware_interface/lib:/home/jaime/RM3_ws/install/controller_manager_msgs/lib:${LD_LIBRARY_PATH} PYTHONPATH=/home/jaime/RM3_ws/install/controller_manager/lib/python3.8/site-packages:/home/jaime/RM3_ws/install/controller_manager_msgs/lib/python3.8/site-packages:${PYTHONPATH} /usr/bin/cmake --build /home/jaime/RM3_ws/build/imu_sensor_broadcaster -- -j8 -l8
[1.690s] Invoking command in '/home/jaime/RM3_ws/build/imu_sensor_broadcaster': AMENT_PREFIX_PATH=/home/jaime/RM3_ws/install/controller_manager:/home/jaime/RM3_ws/install/controller_interface:/home/jaime/RM3_ws/install/hardware_interface:/home/jaime/RM3_ws/install/ros2_control_test_assets:/home/jaime/RM3_ws/install/controller_manager_msgs:${AMENT_PREFIX_PATH} CMAKE_PREFIX_PATH=/home/jaime/RM3_ws/install/controller_manager:/home/jaime/RM3_ws/install/controller_interface:/home/jaime/RM3_ws/install/hardware_interface:/home/jaime/RM3_ws/install/ros2_control_test_assets:/home/jaime/RM3_ws/install/controller_manager_msgs:/opt/ros/foxy LD_LIBRARY_PATH=/home/jaime/RM3_ws/install/controller_manager/lib:/home/jaime/RM3_ws/install/controller_interface/lib:/home/jaime/RM3_ws/install/hardware_interface/lib:/home/jaime/RM3_ws/install/controller_manager_msgs/lib:${LD_LIBRARY_PATH} PYTHONPATH=/home/jaime/RM3_ws/install/controller_manager/lib/python3.8/site-packages:/home/jaime/RM3_ws/install/controller_manager_msgs/lib/python3.8/site-packages:${PYTHONPATH} /usr/bin/cmake --install /home/jaime/RM3_ws/build/imu_sensor_broadcaster
[1.720s] -- Install configuration: ""
[1.720s] -- Execute custom install script
[1.721s] -- Up-to-date symlink: /home/jaime/RM3_ws/install/imu_sensor_broadcaster/share/imu_sensor_broadcaster//imu_sensor_broadcaster.xml
[1.722s] -- Up-to-date symlink: /home/jaime/RM3_ws/install/imu_sensor_broadcaster/lib/libimu_sensor_broadcaster.so
[1.722s] -- Up-to-date symlink: /home/jaime/RM3_ws/install/imu_sensor_broadcaster/include/imu_sensor_broadcaster/imu_sensor_broadcaster.hpp
[1.723s] -- Up-to-date symlink: /home/jaime/RM3_ws/install/imu_sensor_broadcaster/include/imu_sensor_broadcaster/visibility_control.h
[1.723s] -- Up-to-date symlink: /home/jaime/RM3_ws/install/imu_sensor_broadcaster/share/imu_sensor_broadcaster/environment/library_path.sh
[1.724s] -- Up-to-date symlink: /home/jaime/RM3_ws/install/imu_sensor_broadcaster/share/imu_sensor_broadcaster/environment/library_path.dsv
[1.725s] -- Up-to-date symlink: /home/jaime/RM3_ws/install/imu_sensor_broadcaster/share/ament_index/resource_index/package_run_dependencies/imu_sensor_broadcaster
[1.726s] -- Up-to-date symlink: /home/jaime/RM3_ws/install/imu_sensor_broadcaster/share/ament_index/resource_index/parent_prefix_path/imu_sensor_broadcaster
[1.726s] -- Up-to-date symlink: /home/jaime/RM3_ws/install/imu_sensor_broadcaster/share/imu_sensor_broadcaster/environment/ament_prefix_path.sh
[1.727s] -- Up-to-date symlink: /home/jaime/RM3_ws/install/imu_sensor_broadcaster/share/imu_sensor_broadcaster/environment/ament_prefix_path.dsv
[1.727s] -- Up-to-date symlink: /home/jaime/RM3_ws/install/imu_sensor_broadcaster/share/imu_sensor_broadcaster/environment/path.sh
[1.728s] -- Up-to-date symlink: /home/jaime/RM3_ws/install/imu_sensor_broadcaster/share/imu_sensor_broadcaster/environment/path.dsv
[1.729s] -- Up-to-date symlink: /home/jaime/RM3_ws/install/imu_sensor_broadcaster/share/imu_sensor_broadcaster/local_setup.bash
[1.730s] -- Up-to-date symlink: /home/jaime/RM3_ws/install/imu_sensor_broadcaster/share/imu_sensor_broadcaster/local_setup.sh
[1.730s] -- Up-to-date symlink: /home/jaime/RM3_ws/install/imu_sensor_broadcaster/share/imu_sensor_broadcaster/local_setup.zsh
[1.743s] -- Up-to-date symlink: /home/jaime/RM3_ws/install/imu_sensor_broadcaster/share/imu_sensor_broadcaster/local_setup.dsv
[1.750s] -- Symlinking: /home/jaime/RM3_ws/install/imu_sensor_broadcaster/share/imu_sensor_broadcaster/package.dsv
[1.776s] -- Up-to-date symlink: /home/jaime/RM3_ws/install/imu_sensor_broadcaster/share/ament_index/resource_index/packages/imu_sensor_broadcaster
[1.776s] -- Up-to-date symlink: /home/jaime/RM3_ws/install/imu_sensor_broadcaster/share/ament_index/resource_index/controller_interface__pluginlib__plugin/imu_sensor_broadcaster
[1.776s] -- Up-to-date symlink: /home/jaime/RM3_ws/install/imu_sensor_broadcaster/share/imu_sensor_broadcaster/cmake/ament_cmake_export_include_directories-extras.cmake
[1.777s] -- Up-to-date symlink: /home/jaime/RM3_ws/install/imu_sensor_broadcaster/share/imu_sensor_broadcaster/cmake/ament_cmake_export_libraries-extras.cmake
[1.777s] -- Up-to-date symlink: /home/jaime/RM3_ws/install/imu_sensor_broadcaster/share/imu_sensor_broadcaster/cmake/ament_cmake_export_dependencies-extras.cmake
[1.778s] -- Up-to-date symlink: /home/jaime/RM3_ws/install/imu_sensor_broadcaster/share/imu_sensor_broadcaster/cmake/imu_sensor_broadcasterConfig.cmake
[1.780s] -- Up-to-date symlink: /home/jaime/RM3_ws/install/imu_sensor_broadcaster/share/imu_sensor_broadcaster/cmake/imu_sensor_broadcasterConfig-version.cmake
[1.780s] -- Up-to-date symlink: /home/jaime/RM3_ws/install/imu_sensor_broadcaster/share/imu_sensor_broadcaster/package.xml
[1.965s] Invoked command in '/home/jaime/RM3_ws/build/imu_sensor_broadcaster' returned '0': AMENT_PREFIX_PATH=/home/jaime/RM3_ws/install/controller_manager:/home/jaime/RM3_ws/install/controller_interface:/home/jaime/RM3_ws/install/hardware_interface:/home/jaime/RM3_ws/install/ros2_control_test_assets:/home/jaime/RM3_ws/install/controller_manager_msgs:${AMENT_PREFIX_PATH} CMAKE_PREFIX_PATH=/home/jaime/RM3_ws/install/controller_manager:/home/jaime/RM3_ws/install/controller_interface:/home/jaime/RM3_ws/install/hardware_interface:/home/jaime/RM3_ws/install/ros2_control_test_assets:/home/jaime/RM3_ws/install/controller_manager_msgs:/opt/ros/foxy LD_LIBRARY_PATH=/home/jaime/RM3_ws/install/controller_manager/lib:/home/jaime/RM3_ws/install/controller_interface/lib:/home/jaime/RM3_ws/install/hardware_interface/lib:/home/jaime/RM3_ws/install/controller_manager_msgs/lib:${LD_LIBRARY_PATH} PYTHONPATH=/home/jaime/RM3_ws/install/controller_manager/lib/python3.8/site-packages:/home/jaime/RM3_ws/install/controller_manager_msgs/lib/python3.8/site-packages:${PYTHONPATH} /usr/bin/cmake --install /home/jaime/RM3_ws/build/imu_sensor_broadcaster
