[1.572s] Invoking command in '/home/jaime/RM3_ws/build/robominer_bringup': PYTHONPATH=/home/jaime/RM3_ws/install/robominer_bringup/lib/python3.8/site-packages:${PYTHONPATH} /usr/bin/python3 setup.py develop --prefix /home/jaime/RM3_ws/install/robominer_bringup --uninstall --editable --build-directory /home/jaime/RM3_ws/build/robominer_bringup/build
[1.869s] running develop
[2.121s] Invoked command in '/home/jaime/RM3_ws/build/robominer_bringup' returned '0': PYTHONPATH=/home/jaime/RM3_ws/install/robominer_bringup/lib/python3.8/site-packages:${PYTHONPATH} /usr/bin/python3 setup.py develop --prefix /home/jaime/RM3_ws/install/robominer_bringup --uninstall --editable --build-directory /home/jaime/RM3_ws/build/robominer_bringup/build
[2.122s] Invoking command in '/home/jaime/RM3_ws/src/TALTECH_RM3_ROS_PACKAGES/robominer_bringup': PYTHONPATH=/home/jaime/RM3_ws/install/robominer_bringup/lib/python3.8/site-packages:${PYTHONPATH} /usr/bin/python3 setup.py egg_info --egg-base ../../../build/robominer_bringup build --build-base /home/jaime/RM3_ws/build/robominer_bringup/build install --prefix /home/jaime/RM3_ws/install/robominer_bringup --record /home/jaime/RM3_ws/build/robominer_bringup/install.log --single-version-externally-managed
[2.401s] running egg_info
[2.402s] writing ../../../build/robominer_bringup/robominer_bringup.egg-info/PKG-INFO
[2.403s] writing dependency_links to ../../../build/robominer_bringup/robominer_bringup.egg-info/dependency_links.txt
[2.403s] writing entry points to ../../../build/robominer_bringup/robominer_bringup.egg-info/entry_points.txt
[2.403s] writing requirements to ../../../build/robominer_bringup/robominer_bringup.egg-info/requires.txt
[2.403s] writing top-level names to ../../../build/robominer_bringup/robominer_bringup.egg-info/top_level.txt
[2.457s] reading manifest file '../../../build/robominer_bringup/robominer_bringup.egg-info/SOURCES.txt'
[2.458s] writing manifest file '../../../build/robominer_bringup/robominer_bringup.egg-info/SOURCES.txt'
[2.458s] running build
[2.458s] running build_py
[2.458s] running install
[2.458s] running install_lib
[2.460s] running install_data
[2.460s] running install_egg_info
[2.462s] removing '/home/jaime/RM3_ws/install/robominer_bringup/lib/python3.8/site-packages/robominer_bringup-0.0.0-py3.8.egg-info' (and everything under it)
[2.462s] Copying ../../../build/robominer_bringup/robominer_bringup.egg-info to /home/jaime/RM3_ws/install/robominer_bringup/lib/python3.8/site-packages/robominer_bringup-0.0.0-py3.8.egg-info
[2.463s] running install_scripts
[2.488s] writing list of installed files to '/home/jaime/RM3_ws/build/robominer_bringup/install.log'
[2.539s] Invoked command in '/home/jaime/RM3_ws/src/TALTECH_RM3_ROS_PACKAGES/robominer_bringup' returned '0': PYTHONPATH=/home/jaime/RM3_ws/install/robominer_bringup/lib/python3.8/site-packages:${PYTHONPATH} /usr/bin/python3 setup.py egg_info --egg-base ../../../build/robominer_bringup build --build-base /home/jaime/RM3_ws/build/robominer_bringup/build install --prefix /home/jaime/RM3_ws/install/robominer_bringup --record /home/jaime/RM3_ws/build/robominer_bringup/install.log --single-version-externally-managed
