[0.080s] Invoking command in '/home/jaime/RM3_ws/build/controller_interface': AMENT_PREFIX_PATH=/home/jaime/RM3_ws/install/hardware_interface:${AMENT_PREFIX_PATH} CMAKE_PREFIX_PATH=/home/jaime/RM3_ws/install/hardware_interface:/opt/ros/foxy LD_LIBRARY_PATH=/home/jaime/RM3_ws/install/hardware_interface/lib:${LD_LIBRARY_PATH} /usr/bin/cmake --build /home/jaime/RM3_ws/build/controller_interface -- -j8 -l8
[0.134s] [ 20%] Built target gmock
[0.137s] [ 33%] Built target gmock_main
[0.164s] [ 46%] Built target controller_interface
[0.173s] [ 60%] Built target test_force_torque_sensor
[0.183s] [ 73%] Built target test_semantic_component_interface
[0.184s] [ 86%] Built target test_imu_sensor
[0.198s] [100%] Built target test_controller_with_options
[0.238s] Invoked command in '/home/jaime/RM3_ws/build/controller_interface' returned '0': AMENT_PREFIX_PATH=/home/jaime/RM3_ws/install/hardware_interface:${AMENT_PREFIX_PATH} CMAKE_PREFIX_PATH=/home/jaime/RM3_ws/install/hardware_interface:/opt/ros/foxy LD_LIBRARY_PATH=/home/jaime/RM3_ws/install/hardware_interface/lib:${LD_LIBRARY_PATH} /usr/bin/cmake --build /home/jaime/RM3_ws/build/controller_interface -- -j8 -l8
[0.302s] Invoking command in '/home/jaime/RM3_ws/build/controller_interface': AMENT_PREFIX_PATH=/home/jaime/RM3_ws/install/hardware_interface:${AMENT_PREFIX_PATH} CMAKE_PREFIX_PATH=/home/jaime/RM3_ws/install/hardware_interface:/opt/ros/foxy LD_LIBRARY_PATH=/home/jaime/RM3_ws/install/hardware_interface/lib:${LD_LIBRARY_PATH} /usr/bin/cmake --install /home/jaime/RM3_ws/build/controller_interface
[0.311s] -- Install configuration: ""
[0.312s] -- Execute custom install script
[0.312s] -- Up-to-date symlink: /home/jaime/RM3_ws/install/controller_interface/include/controller_interface/controller_interface.hpp
[0.313s] -- Up-to-date symlink: /home/jaime/RM3_ws/install/controller_interface/include/controller_interface/controller_state_names.hpp
[0.313s] -- Up-to-date symlink: /home/jaime/RM3_ws/install/controller_interface/include/controller_interface/helpers.hpp
[0.313s] -- Up-to-date symlink: /home/jaime/RM3_ws/install/controller_interface/include/controller_interface/visibility_control.h
[0.314s] -- Up-to-date symlink: /home/jaime/RM3_ws/install/controller_interface/include/semantic_components/force_torque_sensor.hpp
[0.314s] -- Up-to-date symlink: /home/jaime/RM3_ws/install/controller_interface/include/semantic_components/imu_sensor.hpp
[0.314s] -- Up-to-date symlink: /home/jaime/RM3_ws/install/controller_interface/include/semantic_components/semantic_component_interface.hpp
[0.314s] -- Up-to-date symlink: /home/jaime/RM3_ws/install/controller_interface/lib/libcontroller_interface.so
[0.315s] -- Up-to-date symlink: /home/jaime/RM3_ws/install/controller_interface/share/controller_interface/environment/library_path.sh
[0.315s] -- Up-to-date symlink: /home/jaime/RM3_ws/install/controller_interface/share/controller_interface/environment/library_path.dsv
[0.315s] -- Up-to-date symlink: /home/jaime/RM3_ws/install/controller_interface/share/ament_index/resource_index/package_run_dependencies/controller_interface
[0.315s] -- Up-to-date symlink: /home/jaime/RM3_ws/install/controller_interface/share/ament_index/resource_index/parent_prefix_path/controller_interface
[0.315s] -- Up-to-date symlink: /home/jaime/RM3_ws/install/controller_interface/share/controller_interface/environment/ament_prefix_path.sh
[0.315s] -- Up-to-date symlink: /home/jaime/RM3_ws/install/controller_interface/share/controller_interface/environment/ament_prefix_path.dsv
[0.315s] -- Up-to-date symlink: /home/jaime/RM3_ws/install/controller_interface/share/controller_interface/environment/path.sh
[0.316s] -- Up-to-date symlink: /home/jaime/RM3_ws/install/controller_interface/share/controller_interface/environment/path.dsv
[0.316s] -- Up-to-date symlink: /home/jaime/RM3_ws/install/controller_interface/share/controller_interface/local_setup.bash
[0.316s] -- Up-to-date symlink: /home/jaime/RM3_ws/install/controller_interface/share/controller_interface/local_setup.sh
[0.316s] -- Up-to-date symlink: /home/jaime/RM3_ws/install/controller_interface/share/controller_interface/local_setup.zsh
[0.316s] -- Up-to-date symlink: /home/jaime/RM3_ws/install/controller_interface/share/controller_interface/local_setup.dsv
[0.317s] -- Symlinking: /home/jaime/RM3_ws/install/controller_interface/share/controller_interface/package.dsv
[0.328s] -- Up-to-date symlink: /home/jaime/RM3_ws/install/controller_interface/share/ament_index/resource_index/packages/controller_interface
[0.328s] -- Up-to-date symlink: /home/jaime/RM3_ws/install/controller_interface/share/controller_interface/cmake/ament_cmake_export_dependencies-extras.cmake
[0.328s] -- Up-to-date symlink: /home/jaime/RM3_ws/install/controller_interface/share/controller_interface/cmake/ament_cmake_export_include_directories-extras.cmake
[0.328s] -- Up-to-date symlink: /home/jaime/RM3_ws/install/controller_interface/share/controller_interface/cmake/ament_cmake_export_libraries-extras.cmake
[0.328s] -- Up-to-date symlink: /home/jaime/RM3_ws/install/controller_interface/share/controller_interface/cmake/controller_interfaceConfig.cmake
[0.328s] -- Up-to-date symlink: /home/jaime/RM3_ws/install/controller_interface/share/controller_interface/cmake/controller_interfaceConfig-version.cmake
[0.328s] -- Up-to-date symlink: /home/jaime/RM3_ws/install/controller_interface/share/controller_interface/package.xml
[0.347s] Invoked command in '/home/jaime/RM3_ws/build/controller_interface' returned '0': AMENT_PREFIX_PATH=/home/jaime/RM3_ws/install/hardware_interface:${AMENT_PREFIX_PATH} CMAKE_PREFIX_PATH=/home/jaime/RM3_ws/install/hardware_interface:/opt/ros/foxy LD_LIBRARY_PATH=/home/jaime/RM3_ws/install/hardware_interface/lib:${LD_LIBRARY_PATH} /usr/bin/cmake --install /home/jaime/RM3_ws/build/controller_interface
