[0.089s] Invoking command in '/home/jaime/RM3_ws/build/controller_manager_msgs': CMAKE_PREFIX_PATH=/opt/ros/foxy /usr/bin/cmake --build /home/jaime/RM3_ws/build/controller_manager_msgs -- -j8 -l8
[1.032s] [  0%] Built target controller_manager_msgs__cpp
[1.034s] [ 12%] Built target controller_manager_msgs__rosidl_generator_c
[1.034s] [ 24%] Built target controller_manager_msgs__rosidl_typesupport_cpp
[1.035s] [ 36%] Built target controller_manager_msgs__rosidl_typesupport_introspection_cpp
[1.035s] [ 48%] Built target controller_manager_msgs__rosidl_typesupport_c
[1.035s] [ 60%] Built target controller_manager_msgs__rosidl_typesupport_introspection_c
[1.035s] [ 72%] Built target controller_manager_msgs__rosidl_typesupport_fastrtps_cpp
[1.036s] [ 84%] Built target controller_manager_msgs__rosidl_typesupport_fastrtps_c
[1.036s] [ 84%] Built target controller_manager_msgs
[1.036s] [ 85%] Built target controller_manager_msgs__py
[1.036s] [ 96%] Built target controller_manager_msgs__python
[1.036s] [ 98%] Built target controller_manager_msgs__rosidl_typesupport_introspection_c__pyext
[1.036s] [ 99%] Built target controller_manager_msgs__rosidl_typesupport_c__pyext
[1.036s] [100%] Built target controller_manager_msgs__rosidl_typesupport_fastrtps_c__pyext
[1.041s] Invoked command in '/home/jaime/RM3_ws/build/controller_manager_msgs' returned '0': CMAKE_PREFIX_PATH=/opt/ros/foxy /usr/bin/cmake --build /home/jaime/RM3_ws/build/controller_manager_msgs -- -j8 -l8
[1.506s] Invoking command in '/home/jaime/RM3_ws/build/controller_manager_msgs': CMAKE_PREFIX_PATH=/opt/ros/foxy /usr/bin/cmake --install /home/jaime/RM3_ws/build/controller_manager_msgs
[1.535s] -- Install configuration: ""
[1.538s] -- Execute custom install script
[1.545s] -- Up-to-date symlink: /home/jaime/RM3_ws/install/controller_manager_msgs/share/ament_index/resource_index/rosidl_interfaces/controller_manager_msgs
[1.549s] -- Up-to-date symlink: /home/jaime/RM3_ws/install/controller_manager_msgs/include/controller_manager_msgs/msg/controller_state.h
[1.549s] -- Up-to-date symlink: /home/jaime/RM3_ws/install/controller_manager_msgs/include/controller_manager_msgs/msg/detail/controller_state__functions.h
[1.550s] -- Up-to-date symlink: /home/jaime/RM3_ws/install/controller_manager_msgs/include/controller_manager_msgs/msg/detail/controller_state__struct.h
[1.551s] -- Up-to-date symlink: /home/jaime/RM3_ws/install/controller_manager_msgs/include/controller_manager_msgs/msg/detail/controller_state__type_support.h
[1.551s] -- Up-to-date symlink: /home/jaime/RM3_ws/install/controller_manager_msgs/include/controller_manager_msgs/msg/detail/hardware_interface__functions.h
[1.552s] -- Up-to-date symlink: /home/jaime/RM3_ws/install/controller_manager_msgs/include/controller_manager_msgs/msg/detail/hardware_interface__struct.h
[1.553s] -- Up-to-date symlink: /home/jaime/RM3_ws/install/controller_manager_msgs/include/controller_manager_msgs/msg/detail/hardware_interface__type_support.h
[1.554s] -- Up-to-date symlink: /home/jaime/RM3_ws/install/controller_manager_msgs/include/controller_manager_msgs/msg/hardware_interface.h
[1.555s] -- Up-to-date symlink: /home/jaime/RM3_ws/install/controller_manager_msgs/include/controller_manager_msgs/msg/rosidl_generator_c__visibility_control.h
[1.560s] -- Up-to-date symlink: /home/jaime/RM3_ws/install/controller_manager_msgs/include/controller_manager_msgs/srv/configure_controller.h
[1.561s] -- Up-to-date symlink: /home/jaime/RM3_ws/install/controller_manager_msgs/include/controller_manager_msgs/srv/configure_start_controller.h
[1.562s] -- Up-to-date symlink: /home/jaime/RM3_ws/install/controller_manager_msgs/include/controller_manager_msgs/srv/detail/configure_controller__functions.h
[1.563s] -- Up-to-date symlink: /home/jaime/RM3_ws/install/controller_manager_msgs/include/controller_manager_msgs/srv/detail/configure_controller__struct.h
[1.564s] -- Up-to-date symlink: /home/jaime/RM3_ws/install/controller_manager_msgs/include/controller_manager_msgs/srv/detail/configure_controller__type_support.h
[1.564s] -- Up-to-date symlink: /home/jaime/RM3_ws/install/controller_manager_msgs/include/controller_manager_msgs/srv/detail/configure_start_controller__functions.h
[1.565s] -- Up-to-date symlink: /home/jaime/RM3_ws/install/controller_manager_msgs/include/controller_manager_msgs/srv/detail/configure_start_controller__struct.h
[1.566s] -- Up-to-date symlink: /home/jaime/RM3_ws/install/controller_manager_msgs/include/controller_manager_msgs/srv/detail/configure_start_controller__type_support.h
[1.568s] -- Up-to-date symlink: /home/jaime/RM3_ws/install/controller_manager_msgs/include/controller_manager_msgs/srv/detail/list_controller_types__functions.h
[1.570s] -- Up-to-date symlink: /home/jaime/RM3_ws/install/controller_manager_msgs/include/controller_manager_msgs/srv/detail/list_controller_types__struct.h
[1.571s] -- Up-to-date symlink: /home/jaime/RM3_ws/install/controller_manager_msgs/include/controller_manager_msgs/srv/detail/list_controller_types__type_support.h
[1.571s] -- Up-to-date symlink: /home/jaime/RM3_ws/install/controller_manager_msgs/include/controller_manager_msgs/srv/detail/list_controllers__functions.h
[1.572s] -- Up-to-date symlink: /home/jaime/RM3_ws/install/controller_manager_msgs/include/controller_manager_msgs/srv/detail/list_controllers__struct.h
[1.572s] -- Up-to-date symlink: /home/jaime/RM3_ws/install/controller_manager_msgs/include/controller_manager_msgs/srv/detail/list_controllers__type_support.h
[1.573s] -- Up-to-date symlink: /home/jaime/RM3_ws/install/controller_manager_msgs/include/controller_manager_msgs/srv/detail/list_hardware_interfaces__functions.h
[1.574s] -- Up-to-date symlink: /home/jaime/RM3_ws/install/controller_manager_msgs/include/controller_manager_msgs/srv/detail/list_hardware_interfaces__struct.h
[1.575s] -- Up-to-date symlink: /home/jaime/RM3_ws/install/controller_manager_msgs/include/controller_manager_msgs/srv/detail/list_hardware_interfaces__type_support.h
[1.582s] -- Up-to-date symlink: /home/jaime/RM3_ws/install/controller_manager_msgs/include/controller_manager_msgs/srv/detail/load_configure_controller__functions.h
[1.584s] -- Up-to-date symlink: /home/jaime/RM3_ws/install/controller_manager_msgs/include/controller_manager_msgs/srv/detail/load_configure_controller__struct.h
[1.584s] -- Up-to-date symlink: /home/jaime/RM3_ws/install/controller_manager_msgs/include/controller_manager_msgs/srv/detail/load_configure_controller__type_support.h
[1.585s] -- Up-to-date symlink: /home/jaime/RM3_ws/install/controller_manager_msgs/include/controller_manager_msgs/srv/detail/load_controller__functions.h
[1.586s] -- Up-to-date symlink: /home/jaime/RM3_ws/install/controller_manager_msgs/include/controller_manager_msgs/srv/detail/load_controller__struct.h
[1.595s] -- Up-to-date symlink: /home/jaime/RM3_ws/install/controller_manager_msgs/include/controller_manager_msgs/srv/detail/load_controller__type_support.h
[1.596s] -- Up-to-date symlink: /home/jaime/RM3_ws/install/controller_manager_msgs/include/controller_manager_msgs/srv/detail/load_start_controller__functions.h
[1.596s] -- Up-to-date symlink: /home/jaime/RM3_ws/install/controller_manager_msgs/include/controller_manager_msgs/srv/detail/load_start_controller__struct.h
[1.596s] -- Up-to-date symlink: /home/jaime/RM3_ws/install/controller_manager_msgs/include/controller_manager_msgs/srv/detail/load_start_controller__type_support.h
[1.596s] -- Up-to-date symlink: /home/jaime/RM3_ws/install/controller_manager_msgs/include/controller_manager_msgs/srv/detail/reload_controller_libraries__functions.h
[1.596s] -- Up-to-date symlink: /home/jaime/RM3_ws/install/controller_manager_msgs/include/controller_manager_msgs/srv/detail/reload_controller_libraries__struct.h
[1.597s] -- Up-to-date symlink: /home/jaime/RM3_ws/install/controller_manager_msgs/include/controller_manager_msgs/srv/detail/reload_controller_libraries__type_support.h
[1.597s] -- Up-to-date symlink: /home/jaime/RM3_ws/install/controller_manager_msgs/include/controller_manager_msgs/srv/detail/switch_controller__functions.h
[1.597s] -- Up-to-date symlink: /home/jaime/RM3_ws/install/controller_manager_msgs/include/controller_manager_msgs/srv/detail/switch_controller__struct.h
[1.597s] -- Up-to-date symlink: /home/jaime/RM3_ws/install/controller_manager_msgs/include/controller_manager_msgs/srv/detail/switch_controller__type_support.h
[1.597s] -- Up-to-date symlink: /home/jaime/RM3_ws/install/controller_manager_msgs/include/controller_manager_msgs/srv/detail/unload_controller__functions.h
[1.597s] -- Up-to-date symlink: /home/jaime/RM3_ws/install/controller_manager_msgs/include/controller_manager_msgs/srv/detail/unload_controller__struct.h
[1.598s] -- Up-to-date symlink: /home/jaime/RM3_ws/install/controller_manager_msgs/include/controller_manager_msgs/srv/detail/unload_controller__type_support.h
[1.601s] -- Up-to-date symlink: /home/jaime/RM3_ws/install/controller_manager_msgs/include/controller_manager_msgs/srv/list_controller_types.h
[1.602s] -- Up-to-date symlink: /home/jaime/RM3_ws/install/controller_manager_msgs/include/controller_manager_msgs/srv/list_controllers.h
[1.603s] -- Up-to-date symlink: /home/jaime/RM3_ws/install/controller_manager_msgs/include/controller_manager_msgs/srv/list_hardware_interfaces.h
[1.604s] -- Up-to-date symlink: /home/jaime/RM3_ws/install/controller_manager_msgs/include/controller_manager_msgs/srv/load_configure_controller.h
[1.605s] -- Up-to-date symlink: /home/jaime/RM3_ws/install/controller_manager_msgs/include/controller_manager_msgs/srv/load_controller.h
[1.606s] -- Up-to-date symlink: /home/jaime/RM3_ws/install/controller_manager_msgs/include/controller_manager_msgs/srv/load_start_controller.h
[1.607s] -- Up-to-date symlink: /home/jaime/RM3_ws/install/controller_manager_msgs/include/controller_manager_msgs/srv/reload_controller_libraries.h
[1.608s] -- Up-to-date symlink: /home/jaime/RM3_ws/install/controller_manager_msgs/include/controller_manager_msgs/srv/switch_controller.h
[1.610s] -- Up-to-date symlink: /home/jaime/RM3_ws/install/controller_manager_msgs/include/controller_manager_msgs/srv/unload_controller.h
[1.611s] -- Up-to-date symlink: /home/jaime/RM3_ws/install/controller_manager_msgs/share/controller_manager_msgs/environment/library_path.sh
[1.613s] -- Up-to-date symlink: /home/jaime/RM3_ws/install/controller_manager_msgs/share/controller_manager_msgs/environment/library_path.dsv
[1.614s] -- Up-to-date symlink: /home/jaime/RM3_ws/install/controller_manager_msgs/include/controller_manager_msgs/msg/detail/controller_state__rosidl_typesupport_fastrtps_c.h
[1.615s] -- Up-to-date symlink: /home/jaime/RM3_ws/install/controller_manager_msgs/include/controller_manager_msgs/msg/detail/hardware_interface__rosidl_typesupport_fastrtps_c.h
[1.617s] -- Up-to-date symlink: /home/jaime/RM3_ws/install/controller_manager_msgs/include/controller_manager_msgs/msg/rosidl_typesupport_fastrtps_c__visibility_control.h
[1.618s] -- Up-to-date symlink: /home/jaime/RM3_ws/install/controller_manager_msgs/include/controller_manager_msgs/srv/detail/configure_controller__rosidl_typesupport_fastrtps_c.h
[1.619s] -- Up-to-date symlink: /home/jaime/RM3_ws/install/controller_manager_msgs/include/controller_manager_msgs/srv/detail/configure_start_controller__rosidl_typesupport_fastrtps_c.h
[1.620s] -- Up-to-date symlink: /home/jaime/RM3_ws/install/controller_manager_msgs/include/controller_manager_msgs/srv/detail/list_controller_types__rosidl_typesupport_fastrtps_c.h
[1.621s] -- Up-to-date symlink: /home/jaime/RM3_ws/install/controller_manager_msgs/include/controller_manager_msgs/srv/detail/list_controllers__rosidl_typesupport_fastrtps_c.h
[1.621s] -- Up-to-date symlink: /home/jaime/RM3_ws/install/controller_manager_msgs/include/controller_manager_msgs/srv/detail/list_hardware_interfaces__rosidl_typesupport_fastrtps_c.h
[1.622s] -- Up-to-date symlink: /home/jaime/RM3_ws/install/controller_manager_msgs/include/controller_manager_msgs/srv/detail/load_configure_controller__rosidl_typesupport_fastrtps_c.h
[1.623s] -- Up-to-date symlink: /home/jaime/RM3_ws/install/controller_manager_msgs/include/controller_manager_msgs/srv/detail/load_controller__rosidl_typesupport_fastrtps_c.h
[1.625s] -- Up-to-date symlink: /home/jaime/RM3_ws/install/controller_manager_msgs/include/controller_manager_msgs/srv/detail/load_start_controller__rosidl_typesupport_fastrtps_c.h
[1.626s] -- Up-to-date symlink: /home/jaime/RM3_ws/install/controller_manager_msgs/include/controller_manager_msgs/srv/detail/reload_controller_libraries__rosidl_typesupport_fastrtps_c.h
[1.628s] -- Up-to-date symlink: /home/jaime/RM3_ws/install/controller_manager_msgs/include/controller_manager_msgs/srv/detail/switch_controller__rosidl_typesupport_fastrtps_c.h
[1.629s] -- Up-to-date symlink: /home/jaime/RM3_ws/install/controller_manager_msgs/include/controller_manager_msgs/srv/detail/unload_controller__rosidl_typesupport_fastrtps_c.h
[1.630s] -- Up-to-date symlink: /home/jaime/RM3_ws/install/controller_manager_msgs/lib/libcontroller_manager_msgs__rosidl_typesupport_fastrtps_c.so
[1.640s] -- Up-to-date symlink: /home/jaime/RM3_ws/install/controller_manager_msgs/include/controller_manager_msgs/msg/detail/controller_state__rosidl_typesupport_fastrtps_cpp.hpp
[1.642s] -- Up-to-date symlink: /home/jaime/RM3_ws/install/controller_manager_msgs/include/controller_manager_msgs/msg/detail/hardware_interface__rosidl_typesupport_fastrtps_cpp.hpp
[1.644s] -- Up-to-date symlink: /home/jaime/RM3_ws/install/controller_manager_msgs/include/controller_manager_msgs/msg/rosidl_typesupport_fastrtps_cpp__visibility_control.h
[1.645s] -- Up-to-date symlink: /home/jaime/RM3_ws/install/controller_manager_msgs/include/controller_manager_msgs/srv/detail/configure_controller__rosidl_typesupport_fastrtps_cpp.hpp
[1.645s] -- Up-to-date symlink: /home/jaime/RM3_ws/install/controller_manager_msgs/include/controller_manager_msgs/srv/detail/configure_start_controller__rosidl_typesupport_fastrtps_cpp.hpp
[1.646s] -- Up-to-date symlink: /home/jaime/RM3_ws/install/controller_manager_msgs/include/controller_manager_msgs/srv/detail/list_controller_types__rosidl_typesupport_fastrtps_cpp.hpp
[1.646s] -- Up-to-date symlink: /home/jaime/RM3_ws/install/controller_manager_msgs/include/controller_manager_msgs/srv/detail/list_controllers__rosidl_typesupport_fastrtps_cpp.hpp
[1.647s] -- Up-to-date symlink: /home/jaime/RM3_ws/install/controller_manager_msgs/include/controller_manager_msgs/srv/detail/list_hardware_interfaces__rosidl_typesupport_fastrtps_cpp.hpp
[1.648s] -- Up-to-date symlink: /home/jaime/RM3_ws/install/controller_manager_msgs/include/controller_manager_msgs/srv/detail/load_configure_controller__rosidl_typesupport_fastrtps_cpp.hpp
[1.649s] -- Up-to-date symlink: /home/jaime/RM3_ws/install/controller_manager_msgs/include/controller_manager_msgs/srv/detail/load_controller__rosidl_typesupport_fastrtps_cpp.hpp
[1.650s] -- Up-to-date symlink: /home/jaime/RM3_ws/install/controller_manager_msgs/include/controller_manager_msgs/srv/detail/load_start_controller__rosidl_typesupport_fastrtps_cpp.hpp
[1.651s] -- Up-to-date symlink: /home/jaime/RM3_ws/install/controller_manager_msgs/include/controller_manager_msgs/srv/detail/reload_controller_libraries__rosidl_typesupport_fastrtps_cpp.hpp
[1.652s] -- Up-to-date symlink: /home/jaime/RM3_ws/install/controller_manager_msgs/include/controller_manager_msgs/srv/detail/switch_controller__rosidl_typesupport_fastrtps_cpp.hpp
[1.653s] -- Up-to-date symlink: /home/jaime/RM3_ws/install/controller_manager_msgs/include/controller_manager_msgs/srv/detail/unload_controller__rosidl_typesupport_fastrtps_cpp.hpp
[1.654s] -- Up-to-date symlink: /home/jaime/RM3_ws/install/controller_manager_msgs/lib/libcontroller_manager_msgs__rosidl_typesupport_fastrtps_cpp.so
[1.656s] -- Up-to-date symlink: /home/jaime/RM3_ws/install/controller_manager_msgs/include/controller_manager_msgs/msg/detail/controller_state__rosidl_typesupport_introspection_c.h
[1.657s] -- Up-to-date symlink: /home/jaime/RM3_ws/install/controller_manager_msgs/include/controller_manager_msgs/msg/detail/hardware_interface__rosidl_typesupport_introspection_c.h
[1.658s] -- Up-to-date symlink: /home/jaime/RM3_ws/install/controller_manager_msgs/include/controller_manager_msgs/msg/rosidl_typesupport_introspection_c__visibility_control.h
[1.658s] -- Up-to-date symlink: /home/jaime/RM3_ws/install/controller_manager_msgs/include/controller_manager_msgs/srv/detail/configure_controller__rosidl_typesupport_introspection_c.h
[1.659s] -- Up-to-date symlink: /home/jaime/RM3_ws/install/controller_manager_msgs/include/controller_manager_msgs/srv/detail/configure_start_controller__rosidl_typesupport_introspection_c.h
[1.660s] -- Up-to-date symlink: /home/jaime/RM3_ws/install/controller_manager_msgs/include/controller_manager_msgs/srv/detail/list_controller_types__rosidl_typesupport_introspection_c.h
[1.661s] -- Up-to-date symlink: /home/jaime/RM3_ws/install/controller_manager_msgs/include/controller_manager_msgs/srv/detail/list_controllers__rosidl_typesupport_introspection_c.h
[1.662s] -- Up-to-date symlink: /home/jaime/RM3_ws/install/controller_manager_msgs/include/controller_manager_msgs/srv/detail/list_hardware_interfaces__rosidl_typesupport_introspection_c.h
[1.662s] -- Up-to-date symlink: /home/jaime/RM3_ws/install/controller_manager_msgs/include/controller_manager_msgs/srv/detail/load_configure_controller__rosidl_typesupport_introspection_c.h
[1.663s] -- Up-to-date symlink: /home/jaime/RM3_ws/install/controller_manager_msgs/include/controller_manager_msgs/srv/detail/load_controller__rosidl_typesupport_introspection_c.h
[1.664s] -- Up-to-date symlink: /home/jaime/RM3_ws/install/controller_manager_msgs/include/controller_manager_msgs/srv/detail/load_start_controller__rosidl_typesupport_introspection_c.h
[1.665s] -- Up-to-date symlink: /home/jaime/RM3_ws/install/controller_manager_msgs/include/controller_manager_msgs/srv/detail/reload_controller_libraries__rosidl_typesupport_introspection_c.h
[1.666s] -- Up-to-date symlink: /home/jaime/RM3_ws/install/controller_manager_msgs/include/controller_manager_msgs/srv/detail/switch_controller__rosidl_typesupport_introspection_c.h
[1.667s] -- Up-to-date symlink: /home/jaime/RM3_ws/install/controller_manager_msgs/include/controller_manager_msgs/srv/detail/unload_controller__rosidl_typesupport_introspection_c.h
[1.670s] -- Up-to-date symlink: /home/jaime/RM3_ws/install/controller_manager_msgs/include/controller_manager_msgs/msg/controller_state.hpp
[1.671s] -- Up-to-date symlink: /home/jaime/RM3_ws/install/controller_manager_msgs/include/controller_manager_msgs/msg/detail/controller_state__builder.hpp
[1.672s] -- Up-to-date symlink: /home/jaime/RM3_ws/install/controller_manager_msgs/include/controller_manager_msgs/msg/detail/controller_state__struct.hpp
[1.673s] -- Up-to-date symlink: /home/jaime/RM3_ws/install/controller_manager_msgs/include/controller_manager_msgs/msg/detail/controller_state__traits.hpp
[1.674s] -- Up-to-date symlink: /home/jaime/RM3_ws/install/controller_manager_msgs/include/controller_manager_msgs/msg/detail/hardware_interface__builder.hpp
[1.675s] -- Up-to-date symlink: /home/jaime/RM3_ws/install/controller_manager_msgs/include/controller_manager_msgs/msg/detail/hardware_interface__struct.hpp
[1.677s] -- Up-to-date symlink: /home/jaime/RM3_ws/install/controller_manager_msgs/include/controller_manager_msgs/msg/detail/hardware_interface__traits.hpp
[1.678s] -- Up-to-date symlink: /home/jaime/RM3_ws/install/controller_manager_msgs/include/controller_manager_msgs/msg/hardware_interface.hpp
[1.678s] -- Up-to-date symlink: /home/jaime/RM3_ws/install/controller_manager_msgs/include/controller_manager_msgs/srv/configure_controller.hpp
[1.679s] -- Up-to-date symlink: /home/jaime/RM3_ws/install/controller_manager_msgs/include/controller_manager_msgs/srv/configure_start_controller.hpp
[1.680s] -- Up-to-date symlink: /home/jaime/RM3_ws/install/controller_manager_msgs/include/controller_manager_msgs/srv/detail/configure_controller__builder.hpp
[1.681s] -- Up-to-date symlink: /home/jaime/RM3_ws/install/controller_manager_msgs/include/controller_manager_msgs/srv/detail/configure_controller__struct.hpp
[1.681s] -- Up-to-date symlink: /home/jaime/RM3_ws/install/controller_manager_msgs/include/controller_manager_msgs/srv/detail/configure_controller__traits.hpp
[1.683s] -- Up-to-date symlink: /home/jaime/RM3_ws/install/controller_manager_msgs/include/controller_manager_msgs/srv/detail/configure_start_controller__builder.hpp
[1.684s] -- Up-to-date symlink: /home/jaime/RM3_ws/install/controller_manager_msgs/include/controller_manager_msgs/srv/detail/configure_start_controller__struct.hpp
[1.691s] -- Up-to-date symlink: /home/jaime/RM3_ws/install/controller_manager_msgs/include/controller_manager_msgs/srv/detail/configure_start_controller__traits.hpp
[1.692s] -- Up-to-date symlink: /home/jaime/RM3_ws/install/controller_manager_msgs/include/controller_manager_msgs/srv/detail/list_controller_types__builder.hpp
[1.692s] -- Up-to-date symlink: /home/jaime/RM3_ws/install/controller_manager_msgs/include/controller_manager_msgs/srv/detail/list_controller_types__struct.hpp
[1.692s] -- Up-to-date symlink: /home/jaime/RM3_ws/install/controller_manager_msgs/include/controller_manager_msgs/srv/detail/list_controller_types__traits.hpp
[1.692s] -- Up-to-date symlink: /home/jaime/RM3_ws/install/controller_manager_msgs/include/controller_manager_msgs/srv/detail/list_controllers__builder.hpp
[1.692s] -- Up-to-date symlink: /home/jaime/RM3_ws/install/controller_manager_msgs/include/controller_manager_msgs/srv/detail/list_controllers__struct.hpp
[1.692s] -- Up-to-date symlink: /home/jaime/RM3_ws/install/controller_manager_msgs/include/controller_manager_msgs/srv/detail/list_controllers__traits.hpp
[1.692s] -- Up-to-date symlink: /home/jaime/RM3_ws/install/controller_manager_msgs/include/controller_manager_msgs/srv/detail/list_hardware_interfaces__builder.hpp
[1.693s] -- Up-to-date symlink: /home/jaime/RM3_ws/install/controller_manager_msgs/include/controller_manager_msgs/srv/detail/list_hardware_interfaces__struct.hpp
[1.693s] -- Up-to-date symlink: /home/jaime/RM3_ws/install/controller_manager_msgs/include/controller_manager_msgs/srv/detail/list_hardware_interfaces__traits.hpp
[1.693s] -- Up-to-date symlink: /home/jaime/RM3_ws/install/controller_manager_msgs/include/controller_manager_msgs/srv/detail/load_configure_controller__builder.hpp
[1.693s] -- Up-to-date symlink: /home/jaime/RM3_ws/install/controller_manager_msgs/include/controller_manager_msgs/srv/detail/load_configure_controller__struct.hpp
[1.695s] -- Up-to-date symlink: /home/jaime/RM3_ws/install/controller_manager_msgs/include/controller_manager_msgs/srv/detail/load_configure_controller__traits.hpp
[1.695s] -- Up-to-date symlink: /home/jaime/RM3_ws/install/controller_manager_msgs/include/controller_manager_msgs/srv/detail/load_controller__builder.hpp
[1.696s] -- Up-to-date symlink: /home/jaime/RM3_ws/install/controller_manager_msgs/include/controller_manager_msgs/srv/detail/load_controller__struct.hpp
[1.696s] -- Up-to-date symlink: /home/jaime/RM3_ws/install/controller_manager_msgs/include/controller_manager_msgs/srv/detail/load_controller__traits.hpp
[1.697s] -- Up-to-date symlink: /home/jaime/RM3_ws/install/controller_manager_msgs/include/controller_manager_msgs/srv/detail/load_start_controller__builder.hpp
[1.699s] -- Up-to-date symlink: /home/jaime/RM3_ws/install/controller_manager_msgs/include/controller_manager_msgs/srv/detail/load_start_controller__struct.hpp
[1.699s] -- Up-to-date symlink: /home/jaime/RM3_ws/install/controller_manager_msgs/include/controller_manager_msgs/srv/detail/load_start_controller__traits.hpp
[1.700s] -- Up-to-date symlink: /home/jaime/RM3_ws/install/controller_manager_msgs/include/controller_manager_msgs/srv/detail/reload_controller_libraries__builder.hpp
[1.700s] -- Up-to-date symlink: /home/jaime/RM3_ws/install/controller_manager_msgs/include/controller_manager_msgs/srv/detail/reload_controller_libraries__struct.hpp
[1.701s] -- Up-to-date symlink: /home/jaime/RM3_ws/install/controller_manager_msgs/include/controller_manager_msgs/srv/detail/reload_controller_libraries__traits.hpp
[1.701s] -- Up-to-date symlink: /home/jaime/RM3_ws/install/controller_manager_msgs/include/controller_manager_msgs/srv/detail/switch_controller__builder.hpp
[1.702s] -- Up-to-date symlink: /home/jaime/RM3_ws/install/controller_manager_msgs/include/controller_manager_msgs/srv/detail/switch_controller__struct.hpp
[1.704s] -- Up-to-date symlink: /home/jaime/RM3_ws/install/controller_manager_msgs/include/controller_manager_msgs/srv/detail/switch_controller__traits.hpp
[1.704s] -- Up-to-date symlink: /home/jaime/RM3_ws/install/controller_manager_msgs/include/controller_manager_msgs/srv/detail/unload_controller__builder.hpp
[1.705s] -- Up-to-date symlink: /home/jaime/RM3_ws/install/controller_manager_msgs/include/controller_manager_msgs/srv/detail/unload_controller__struct.hpp
[1.706s] -- Up-to-date symlink: /home/jaime/RM3_ws/install/controller_manager_msgs/include/controller_manager_msgs/srv/detail/unload_controller__traits.hpp
[1.707s] -- Up-to-date symlink: /home/jaime/RM3_ws/install/controller_manager_msgs/include/controller_manager_msgs/srv/list_controller_types.hpp
[1.707s] -- Up-to-date symlink: /home/jaime/RM3_ws/install/controller_manager_msgs/include/controller_manager_msgs/srv/list_controllers.hpp
[1.708s] -- Up-to-date symlink: /home/jaime/RM3_ws/install/controller_manager_msgs/include/controller_manager_msgs/srv/list_hardware_interfaces.hpp
[1.709s] -- Up-to-date symlink: /home/jaime/RM3_ws/install/controller_manager_msgs/include/controller_manager_msgs/srv/load_configure_controller.hpp
[1.709s] -- Up-to-date symlink: /home/jaime/RM3_ws/install/controller_manager_msgs/include/controller_manager_msgs/srv/load_controller.hpp
[1.710s] -- Up-to-date symlink: /home/jaime/RM3_ws/install/controller_manager_msgs/include/controller_manager_msgs/srv/load_start_controller.hpp
[1.712s] -- Up-to-date symlink: /home/jaime/RM3_ws/install/controller_manager_msgs/include/controller_manager_msgs/srv/reload_controller_libraries.hpp
[1.713s] -- Up-to-date symlink: /home/jaime/RM3_ws/install/controller_manager_msgs/include/controller_manager_msgs/srv/switch_controller.hpp
[1.713s] -- Up-to-date symlink: /home/jaime/RM3_ws/install/controller_manager_msgs/include/controller_manager_msgs/srv/unload_controller.hpp
[1.714s] -- Up-to-date symlink: /home/jaime/RM3_ws/install/controller_manager_msgs/include/controller_manager_msgs/msg/detail/controller_state__rosidl_typesupport_introspection_cpp.hpp
[1.717s] -- Up-to-date symlink: /home/jaime/RM3_ws/install/controller_manager_msgs/include/controller_manager_msgs/msg/detail/hardware_interface__rosidl_typesupport_introspection_cpp.hpp
[1.717s] -- Up-to-date symlink: /home/jaime/RM3_ws/install/controller_manager_msgs/include/controller_manager_msgs/srv/detail/configure_controller__rosidl_typesupport_introspection_cpp.hpp
[1.722s] -- Up-to-date symlink: /home/jaime/RM3_ws/install/controller_manager_msgs/include/controller_manager_msgs/srv/detail/configure_start_controller__rosidl_typesupport_introspection_cpp.hpp
[1.723s] -- Up-to-date symlink: /home/jaime/RM3_ws/install/controller_manager_msgs/include/controller_manager_msgs/srv/detail/list_controller_types__rosidl_typesupport_introspection_cpp.hpp
[1.723s] -- Up-to-date symlink: /home/jaime/RM3_ws/install/controller_manager_msgs/include/controller_manager_msgs/srv/detail/list_controllers__rosidl_typesupport_introspection_cpp.hpp
[1.723s] -- Up-to-date symlink: /home/jaime/RM3_ws/install/controller_manager_msgs/include/controller_manager_msgs/srv/detail/list_hardware_interfaces__rosidl_typesupport_introspection_cpp.hpp
[1.725s] -- Up-to-date symlink: /home/jaime/RM3_ws/install/controller_manager_msgs/include/controller_manager_msgs/srv/detail/load_configure_controller__rosidl_typesupport_introspection_cpp.hpp
[1.725s] -- Up-to-date symlink: /home/jaime/RM3_ws/install/controller_manager_msgs/include/controller_manager_msgs/srv/detail/load_controller__rosidl_typesupport_introspection_cpp.hpp
[1.726s] -- Up-to-date symlink: /home/jaime/RM3_ws/install/controller_manager_msgs/include/controller_manager_msgs/srv/detail/load_start_controller__rosidl_typesupport_introspection_cpp.hpp
[1.728s] -- Up-to-date symlink: /home/jaime/RM3_ws/install/controller_manager_msgs/include/controller_manager_msgs/srv/detail/reload_controller_libraries__rosidl_typesupport_introspection_cpp.hpp
[1.730s] -- Up-to-date symlink: /home/jaime/RM3_ws/install/controller_manager_msgs/include/controller_manager_msgs/srv/detail/switch_controller__rosidl_typesupport_introspection_cpp.hpp
[1.731s] -- Up-to-date symlink: /home/jaime/RM3_ws/install/controller_manager_msgs/include/controller_manager_msgs/srv/detail/unload_controller__rosidl_typesupport_introspection_cpp.hpp
[1.731s] -- Up-to-date symlink: /home/jaime/RM3_ws/install/controller_manager_msgs/share/controller_manager_msgs/environment/pythonpath.sh
[1.732s] -- Up-to-date symlink: /home/jaime/RM3_ws/install/controller_manager_msgs/share/controller_manager_msgs/environment/pythonpath.dsv
[1.734s] -- Up-to-date symlink: /home/jaime/RM3_ws/install/controller_manager_msgs/lib/python3.8/site-packages/controller_manager_msgs/__init__.py
[1.739s] -- Up-to-date symlink: /home/jaime/RM3_ws/install/controller_manager_msgs/lib/python3.8/site-packages/controller_manager_msgs/msg/__init__.py
[1.739s] -- Up-to-date symlink: /home/jaime/RM3_ws/install/controller_manager_msgs/lib/python3.8/site-packages/controller_manager_msgs/msg/_controller_state.py
[1.739s] -- Up-to-date symlink: /home/jaime/RM3_ws/install/controller_manager_msgs/lib/python3.8/site-packages/controller_manager_msgs/msg/_hardware_interface.py
[1.741s] -- Up-to-date symlink: /home/jaime/RM3_ws/install/controller_manager_msgs/lib/python3.8/site-packages/controller_manager_msgs/srv/__init__.py
[1.741s] -- Up-to-date symlink: /home/jaime/RM3_ws/install/controller_manager_msgs/lib/python3.8/site-packages/controller_manager_msgs/srv/_configure_controller.py
[1.743s] -- Up-to-date symlink: /home/jaime/RM3_ws/install/controller_manager_msgs/lib/python3.8/site-packages/controller_manager_msgs/srv/_configure_start_controller.py
[1.746s] -- Up-to-date symlink: /home/jaime/RM3_ws/install/controller_manager_msgs/lib/python3.8/site-packages/controller_manager_msgs/srv/_list_controller_types.py
[1.746s] -- Up-to-date symlink: /home/jaime/RM3_ws/install/controller_manager_msgs/lib/python3.8/site-packages/controller_manager_msgs/srv/_list_controllers.py
[1.754s] -- Up-to-date symlink: /home/jaime/RM3_ws/install/controller_manager_msgs/lib/python3.8/site-packages/controller_manager_msgs/srv/_list_hardware_interfaces.py
[1.754s] -- Up-to-date symlink: /home/jaime/RM3_ws/install/controller_manager_msgs/lib/python3.8/site-packages/controller_manager_msgs/srv/_load_configure_controller.py
[1.755s] -- Up-to-date symlink: /home/jaime/RM3_ws/install/controller_manager_msgs/lib/python3.8/site-packages/controller_manager_msgs/srv/_load_controller.py
[1.755s] -- Up-to-date symlink: /home/jaime/RM3_ws/install/controller_manager_msgs/lib/python3.8/site-packages/controller_manager_msgs/srv/_load_start_controller.py
[1.756s] -- Up-to-date symlink: /home/jaime/RM3_ws/install/controller_manager_msgs/lib/python3.8/site-packages/controller_manager_msgs/srv/_reload_controller_libraries.py
[1.758s] -- Up-to-date symlink: /home/jaime/RM3_ws/install/controller_manager_msgs/lib/python3.8/site-packages/controller_manager_msgs/srv/_switch_controller.py
[1.759s] -- Up-to-date symlink: /home/jaime/RM3_ws/install/controller_manager_msgs/lib/python3.8/site-packages/controller_manager_msgs/srv/_unload_controller.py
[1.762s] -- Up-to-date symlink: /home/jaime/RM3_ws/install/controller_manager_msgs/lib/python3.8/site-packages/controller_manager_msgs/controller_manager_msgs_s__rosidl_typesupport_fastrtps_c.cpython-38-x86_64-linux-gnu.so
[1.764s] -- Up-to-date symlink: /home/jaime/RM3_ws/install/controller_manager_msgs/lib/python3.8/site-packages/controller_manager_msgs/controller_manager_msgs_s__rosidl_typesupport_introspection_c.cpython-38-x86_64-linux-gnu.so
[1.765s] -- Up-to-date symlink: /home/jaime/RM3_ws/install/controller_manager_msgs/lib/python3.8/site-packages/controller_manager_msgs/controller_manager_msgs_s__rosidl_typesupport_c.cpython-38-x86_64-linux-gnu.so
[1.768s] -- Up-to-date symlink: /home/jaime/RM3_ws/install/controller_manager_msgs/lib/libcontroller_manager_msgs__python.so
[1.770s] -- Up-to-date symlink: /home/jaime/RM3_ws/install/controller_manager_msgs/share/controller_manager_msgs/msg/ControllerState.idl
[1.771s] -- Up-to-date symlink: /home/jaime/RM3_ws/install/controller_manager_msgs/share/controller_manager_msgs/msg/HardwareInterface.idl
[1.773s] -- Up-to-date symlink: /home/jaime/RM3_ws/install/controller_manager_msgs/share/controller_manager_msgs/srv/ConfigureController.idl
[1.774s] -- Up-to-date symlink: /home/jaime/RM3_ws/install/controller_manager_msgs/share/controller_manager_msgs/srv/ConfigureStartController.idl
[1.776s] -- Up-to-date symlink: /home/jaime/RM3_ws/install/controller_manager_msgs/share/controller_manager_msgs/srv/ListControllers.idl
[1.778s] -- Up-to-date symlink: /home/jaime/RM3_ws/install/controller_manager_msgs/share/controller_manager_msgs/srv/ListControllerTypes.idl
[1.784s] -- Up-to-date symlink: /home/jaime/RM3_ws/install/controller_manager_msgs/share/controller_manager_msgs/srv/ListHardwareInterfaces.idl
[1.787s] -- Up-to-date symlink: /home/jaime/RM3_ws/install/controller_manager_msgs/share/controller_manager_msgs/srv/LoadConfigureController.idl
[1.787s] -- Up-to-date symlink: /home/jaime/RM3_ws/install/controller_manager_msgs/share/controller_manager_msgs/srv/LoadController.idl
[1.790s] -- Up-to-date symlink: /home/jaime/RM3_ws/install/controller_manager_msgs/share/controller_manager_msgs/srv/LoadStartController.idl
[1.790s] -- Up-to-date symlink: /home/jaime/RM3_ws/install/controller_manager_msgs/share/controller_manager_msgs/srv/ReloadControllerLibraries.idl
[1.792s] -- Up-to-date symlink: /home/jaime/RM3_ws/install/controller_manager_msgs/share/controller_manager_msgs/srv/SwitchController.idl
[1.792s] -- Up-to-date symlink: /home/jaime/RM3_ws/install/controller_manager_msgs/share/controller_manager_msgs/srv/UnloadController.idl
[1.794s] -- Up-to-date symlink: /home/jaime/RM3_ws/install/controller_manager_msgs/share/controller_manager_msgs/msg/ControllerState.msg
[1.796s] -- Up-to-date symlink: /home/jaime/RM3_ws/install/controller_manager_msgs/share/controller_manager_msgs/msg/HardwareInterface.msg
[1.796s] -- Up-to-date symlink: /home/jaime/RM3_ws/install/controller_manager_msgs/share/controller_manager_msgs/srv/ConfigureController.srv
[1.797s] -- Up-to-date symlink: /home/jaime/RM3_ws/install/controller_manager_msgs/share/controller_manager_msgs/srv/ConfigureController_Request.msg
[1.798s] -- Up-to-date symlink: /home/jaime/RM3_ws/install/controller_manager_msgs/share/controller_manager_msgs/srv/ConfigureController_Response.msg
[1.798s] -- Up-to-date symlink: /home/jaime/RM3_ws/install/controller_manager_msgs/share/controller_manager_msgs/srv/ConfigureStartController.srv
[1.799s] -- Up-to-date symlink: /home/jaime/RM3_ws/install/controller_manager_msgs/share/controller_manager_msgs/srv/ConfigureStartController_Request.msg
[1.804s] -- Up-to-date symlink: /home/jaime/RM3_ws/install/controller_manager_msgs/share/controller_manager_msgs/srv/ConfigureStartController_Response.msg
[1.804s] -- Up-to-date symlink: /home/jaime/RM3_ws/install/controller_manager_msgs/share/controller_manager_msgs/srv/ListControllers.srv
[1.804s] -- Up-to-date symlink: /home/jaime/RM3_ws/install/controller_manager_msgs/share/controller_manager_msgs/srv/ListControllers_Request.msg
[1.804s] -- Up-to-date symlink: /home/jaime/RM3_ws/install/controller_manager_msgs/share/controller_manager_msgs/srv/ListControllers_Response.msg
[1.805s] -- Up-to-date symlink: /home/jaime/RM3_ws/install/controller_manager_msgs/share/controller_manager_msgs/srv/ListControllerTypes.srv
[1.805s] -- Up-to-date symlink: /home/jaime/RM3_ws/install/controller_manager_msgs/share/controller_manager_msgs/srv/ListControllerTypes_Request.msg
[1.806s] -- Up-to-date symlink: /home/jaime/RM3_ws/install/controller_manager_msgs/share/controller_manager_msgs/srv/ListControllerTypes_Response.msg
[1.808s] -- Up-to-date symlink: /home/jaime/RM3_ws/install/controller_manager_msgs/share/controller_manager_msgs/srv/ListHardwareInterfaces.srv
[1.809s] -- Up-to-date symlink: /home/jaime/RM3_ws/install/controller_manager_msgs/share/controller_manager_msgs/srv/ListHardwareInterfaces_Request.msg
[1.810s] -- Up-to-date symlink: /home/jaime/RM3_ws/install/controller_manager_msgs/share/controller_manager_msgs/srv/ListHardwareInterfaces_Response.msg
[1.811s] -- Up-to-date symlink: /home/jaime/RM3_ws/install/controller_manager_msgs/share/controller_manager_msgs/srv/LoadConfigureController.srv
[1.812s] -- Up-to-date symlink: /home/jaime/RM3_ws/install/controller_manager_msgs/share/controller_manager_msgs/srv/LoadConfigureController_Request.msg
[1.819s] -- Up-to-date symlink: /home/jaime/RM3_ws/install/controller_manager_msgs/share/controller_manager_msgs/srv/LoadConfigureController_Response.msg
[1.819s] -- Up-to-date symlink: /home/jaime/RM3_ws/install/controller_manager_msgs/share/controller_manager_msgs/srv/LoadController.srv
[1.820s] -- Up-to-date symlink: /home/jaime/RM3_ws/install/controller_manager_msgs/share/controller_manager_msgs/srv/LoadController_Request.msg
[1.820s] -- Up-to-date symlink: /home/jaime/RM3_ws/install/controller_manager_msgs/share/controller_manager_msgs/srv/LoadController_Response.msg
[1.820s] -- Up-to-date symlink: /home/jaime/RM3_ws/install/controller_manager_msgs/share/controller_manager_msgs/srv/LoadStartController.srv
[1.820s] -- Up-to-date symlink: /home/jaime/RM3_ws/install/controller_manager_msgs/share/controller_manager_msgs/srv/LoadStartController_Request.msg
[1.821s] -- Up-to-date symlink: /home/jaime/RM3_ws/install/controller_manager_msgs/share/controller_manager_msgs/srv/LoadStartController_Response.msg
[1.822s] -- Up-to-date symlink: /home/jaime/RM3_ws/install/controller_manager_msgs/share/controller_manager_msgs/srv/ReloadControllerLibraries.srv
[1.823s] -- Up-to-date symlink: /home/jaime/RM3_ws/install/controller_manager_msgs/share/controller_manager_msgs/srv/ReloadControllerLibraries_Request.msg
[1.823s] -- Up-to-date symlink: /home/jaime/RM3_ws/install/controller_manager_msgs/share/controller_manager_msgs/srv/ReloadControllerLibraries_Response.msg
[1.824s] -- Up-to-date symlink: /home/jaime/RM3_ws/install/controller_manager_msgs/share/controller_manager_msgs/srv/SwitchController.srv
[1.825s] -- Up-to-date symlink: /home/jaime/RM3_ws/install/controller_manager_msgs/share/controller_manager_msgs/srv/SwitchController_Request.msg
[1.827s] -- Up-to-date symlink: /home/jaime/RM3_ws/install/controller_manager_msgs/share/controller_manager_msgs/srv/SwitchController_Response.msg
[1.828s] -- Up-to-date symlink: /home/jaime/RM3_ws/install/controller_manager_msgs/share/controller_manager_msgs/srv/UnloadController.srv
[1.828s] -- Up-to-date symlink: /home/jaime/RM3_ws/install/controller_manager_msgs/share/controller_manager_msgs/srv/UnloadController_Request.msg
[1.829s] -- Up-to-date symlink: /home/jaime/RM3_ws/install/controller_manager_msgs/share/controller_manager_msgs/srv/UnloadController_Response.msg
[1.830s] -- Up-to-date symlink: /home/jaime/RM3_ws/install/controller_manager_msgs/share/ament_index/resource_index/package_run_dependencies/controller_manager_msgs
[1.831s] -- Up-to-date symlink: /home/jaime/RM3_ws/install/controller_manager_msgs/share/ament_index/resource_index/parent_prefix_path/controller_manager_msgs
[1.832s] -- Up-to-date symlink: /home/jaime/RM3_ws/install/controller_manager_msgs/share/controller_manager_msgs/environment/ament_prefix_path.sh
[1.833s] -- Up-to-date symlink: /home/jaime/RM3_ws/install/controller_manager_msgs/share/controller_manager_msgs/environment/ament_prefix_path.dsv
[1.834s] -- Up-to-date symlink: /home/jaime/RM3_ws/install/controller_manager_msgs/share/controller_manager_msgs/environment/path.sh
[1.835s] -- Up-to-date symlink: /home/jaime/RM3_ws/install/controller_manager_msgs/share/controller_manager_msgs/environment/path.dsv
[1.835s] -- Up-to-date symlink: /home/jaime/RM3_ws/install/controller_manager_msgs/share/controller_manager_msgs/local_setup.bash
[1.837s] -- Up-to-date symlink: /home/jaime/RM3_ws/install/controller_manager_msgs/share/controller_manager_msgs/local_setup.sh
[1.837s] -- Up-to-date symlink: /home/jaime/RM3_ws/install/controller_manager_msgs/share/controller_manager_msgs/local_setup.zsh
[1.838s] -- Up-to-date symlink: /home/jaime/RM3_ws/install/controller_manager_msgs/share/controller_manager_msgs/local_setup.dsv
[1.838s] -- Symlinking: /home/jaime/RM3_ws/install/controller_manager_msgs/share/controller_manager_msgs/package.dsv
[1.852s] -- Up-to-date symlink: /home/jaime/RM3_ws/install/controller_manager_msgs/share/ament_index/resource_index/packages/controller_manager_msgs
[1.855s] -- Up-to-date symlink: /home/jaime/RM3_ws/install/controller_manager_msgs/share/controller_manager_msgs/cmake/rosidl_cmake-extras.cmake
[1.856s] -- Up-to-date symlink: /home/jaime/RM3_ws/install/controller_manager_msgs/share/controller_manager_msgs/cmake/ament_cmake_export_dependencies-extras.cmake
[1.856s] -- Up-to-date symlink: /home/jaime/RM3_ws/install/controller_manager_msgs/share/controller_manager_msgs/cmake/ament_cmake_export_libraries-extras.cmake
[1.858s] -- Up-to-date symlink: /home/jaime/RM3_ws/install/controller_manager_msgs/share/controller_manager_msgs/cmake/ament_cmake_export_targets-extras.cmake
[1.858s] -- Up-to-date symlink: /home/jaime/RM3_ws/install/controller_manager_msgs/share/controller_manager_msgs/cmake/ament_cmake_export_include_directories-extras.cmake
[1.859s] -- Up-to-date symlink: /home/jaime/RM3_ws/install/controller_manager_msgs/share/controller_manager_msgs/cmake/rosidl_cmake_export_typesupport_libraries-extras.cmake
[1.860s] -- Up-to-date symlink: /home/jaime/RM3_ws/install/controller_manager_msgs/share/controller_manager_msgs/cmake/rosidl_cmake_export_typesupport_targets-extras.cmake
[1.861s] -- Up-to-date symlink: /home/jaime/RM3_ws/install/controller_manager_msgs/share/controller_manager_msgs/cmake/controller_manager_msgsConfig.cmake
[1.862s] -- Up-to-date symlink: /home/jaime/RM3_ws/install/controller_manager_msgs/share/controller_manager_msgs/cmake/controller_manager_msgsConfig-version.cmake
[1.863s] -- Up-to-date symlink: /home/jaime/RM3_ws/install/controller_manager_msgs/share/controller_manager_msgs/package.xml
[1.867s] -- Up-to-date: /home/jaime/RM3_ws/install/controller_manager_msgs/lib/libcontroller_manager_msgs__rosidl_generator_c.so
[1.869s] -- Up-to-date: /home/jaime/RM3_ws/install/controller_manager_msgs/lib/libcontroller_manager_msgs__rosidl_typesupport_introspection_c.so
[1.870s] -- Up-to-date: /home/jaime/RM3_ws/install/controller_manager_msgs/lib/libcontroller_manager_msgs__rosidl_typesupport_c.so
[1.872s] -- Up-to-date: /home/jaime/RM3_ws/install/controller_manager_msgs/lib/libcontroller_manager_msgs__rosidl_typesupport_introspection_cpp.so
[1.874s] -- Up-to-date: /home/jaime/RM3_ws/install/controller_manager_msgs/lib/libcontroller_manager_msgs__rosidl_typesupport_cpp.so
[1.932s] -- Up-to-date: /home/jaime/RM3_ws/install/controller_manager_msgs/share/controller_manager_msgs/cmake/controller_manager_msgs__rosidl_generator_cExport.cmake
[1.932s] -- Up-to-date: /home/jaime/RM3_ws/install/controller_manager_msgs/share/controller_manager_msgs/cmake/controller_manager_msgs__rosidl_generator_cExport-noconfig.cmake
[1.933s] -- Up-to-date: /home/jaime/RM3_ws/install/controller_manager_msgs/share/controller_manager_msgs/cmake/controller_manager_msgs__rosidl_typesupport_introspection_cExport.cmake
[1.933s] -- Up-to-date: /home/jaime/RM3_ws/install/controller_manager_msgs/share/controller_manager_msgs/cmake/controller_manager_msgs__rosidl_typesupport_introspection_cExport-noconfig.cmake
[1.933s] -- Up-to-date: /home/jaime/RM3_ws/install/controller_manager_msgs/share/controller_manager_msgs/cmake/controller_manager_msgs__rosidl_typesupport_cExport.cmake
[1.934s] -- Up-to-date: /home/jaime/RM3_ws/install/controller_manager_msgs/share/controller_manager_msgs/cmake/controller_manager_msgs__rosidl_typesupport_cExport-noconfig.cmake
[1.935s] -- Up-to-date: /home/jaime/RM3_ws/install/controller_manager_msgs/share/controller_manager_msgs/cmake/controller_manager_msgs__rosidl_generator_cppExport.cmake
[1.936s] -- Up-to-date: /home/jaime/RM3_ws/install/controller_manager_msgs/share/controller_manager_msgs/cmake/controller_manager_msgs__rosidl_typesupport_introspection_cppExport.cmake
[1.938s] -- Up-to-date: /home/jaime/RM3_ws/install/controller_manager_msgs/share/controller_manager_msgs/cmake/controller_manager_msgs__rosidl_typesupport_introspection_cppExport-noconfig.cmake
[1.943s] -- Up-to-date: /home/jaime/RM3_ws/install/controller_manager_msgs/share/controller_manager_msgs/cmake/controller_manager_msgs__rosidl_typesupport_cppExport.cmake
[1.944s] -- Up-to-date: /home/jaime/RM3_ws/install/controller_manager_msgs/share/controller_manager_msgs/cmake/controller_manager_msgs__rosidl_typesupport_cppExport-noconfig.cmake
[1.962s] Invoked command in '/home/jaime/RM3_ws/build/controller_manager_msgs' returned '0': CMAKE_PREFIX_PATH=/opt/ros/foxy /usr/bin/cmake --install /home/jaime/RM3_ws/build/controller_manager_msgs
