[1.785s] Invoking command in '/home/jaime/RM3_ws/src/nav_rm3': PYTHONPATH=/home/jaime/RM3_ws/install/nav_rm3/lib/python3.8/site-packages:${PYTHONPATH} /usr/bin/python3 setup.py egg_info --egg-base ../../build/nav_rm3 build --build-base /home/jaime/RM3_ws/build/nav_rm3/build install --prefix /home/jaime/RM3_ws/install/nav_rm3 --record /home/jaime/RM3_ws/build/nav_rm3/install.log --single-version-externally-managed
[2.099s] running egg_info
[2.100s] writing ../../build/nav_rm3/nav_rm3.egg-info/PKG-INFO
[2.101s] writing dependency_links to ../../build/nav_rm3/nav_rm3.egg-info/dependency_links.txt
[2.101s] writing entry points to ../../build/nav_rm3/nav_rm3.egg-info/entry_points.txt
[2.101s] writing requirements to ../../build/nav_rm3/nav_rm3.egg-info/requires.txt
[2.102s] writing top-level names to ../../build/nav_rm3/nav_rm3.egg-info/top_level.txt
[2.162s] reading manifest file '../../build/nav_rm3/nav_rm3.egg-info/SOURCES.txt'
[2.162s] writing manifest file '../../build/nav_rm3/nav_rm3.egg-info/SOURCES.txt'
[2.162s] running build
[2.162s] running build_py
[2.162s] running install
[2.163s] running install_lib
[2.184s] running install_data
[2.185s] copying launch/navigation2.launch.py -> /home/jaime/RM3_ws/install/nav_rm3/share/nav_rm3/launch
[2.185s] running install_egg_info
[2.188s] removing '/home/jaime/RM3_ws/install/nav_rm3/lib/python3.8/site-packages/nav_rm3-0.0.0-py3.8.egg-info' (and everything under it)
[2.188s] Copying ../../build/nav_rm3/nav_rm3.egg-info to /home/jaime/RM3_ws/install/nav_rm3/lib/python3.8/site-packages/nav_rm3-0.0.0-py3.8.egg-info
[2.189s] running install_scripts
[2.216s] writing list of installed files to '/home/jaime/RM3_ws/build/nav_rm3/install.log'
[2.310s] Invoked command in '/home/jaime/RM3_ws/src/nav_rm3' returned '0': PYTHONPATH=/home/jaime/RM3_ws/install/nav_rm3/lib/python3.8/site-packages:${PYTHONPATH} /usr/bin/python3 setup.py egg_info --egg-base ../../build/nav_rm3 build --build-base /home/jaime/RM3_ws/build/nav_rm3/build install --prefix /home/jaime/RM3_ws/install/nav_rm3 --record /home/jaime/RM3_ws/build/nav_rm3/install.log --single-version-externally-managed
