[0.071s] Invoking command in '/home/jaime/RM3_ws/build/diff_drive_controller': AMENT_PREFIX_PATH=/home/jaime/RM3_ws/install/controller_manager:/home/jaime/RM3_ws/install/controller_interface:/home/jaime/RM3_ws/install/hardware_interface:/home/jaime/RM3_ws/install/ros2_control_test_assets:/home/jaime/RM3_ws/install/controller_manager_msgs:${AMENT_PREFIX_PATH} CMAKE_PREFIX_PATH=/home/jaime/RM3_ws/install/controller_manager:/home/jaime/RM3_ws/install/controller_interface:/home/jaime/RM3_ws/install/hardware_interface:/home/jaime/RM3_ws/install/ros2_control_test_assets:/home/jaime/RM3_ws/install/controller_manager_msgs:/opt/ros/foxy LD_LIBRARY_PATH=/home/jaime/RM3_ws/install/controller_manager/lib:/home/jaime/RM3_ws/install/controller_interface/lib:/home/jaime/RM3_ws/install/hardware_interface/lib:/home/jaime/RM3_ws/install/controller_manager_msgs/lib:${LD_LIBRARY_PATH} PYTHONPATH=/home/jaime/RM3_ws/install/controller_manager/lib/python3.8/site-packages:/home/jaime/RM3_ws/install/controller_manager_msgs/lib/python3.8/site-packages:${PYTHONPATH} /usr/bin/cmake /home/jaime/RM3_ws/src/ros2_controllers/diff_drive_controller -DAMENT_CMAKE_SYMLINK_INSTALL=1 -DCMAKE_INSTALL_PREFIX=/home/jaime/RM3_ws/install/diff_drive_controller
[0.119s] -- Found ament_cmake: 0.9.9 (/opt/ros/foxy/share/ament_cmake/cmake)
[0.119s] -- Using PYTHON_EXECUTABLE: /usr/bin/python3
[0.351s] -- Override CMake install command with custom implementation using symlinks instead of copying resources
[0.359s] -- Found controller_interface: 0.10.1 (/home/jaime/RM3_ws/install/controller_interface/share/controller_interface/cmake)
[0.392s] -- Using all available rosidl_typesupport_c: rosidl_typesupport_fastrtps_c;rosidl_typesupport_introspection_c
[0.396s] -- Found rosidl_adapter: 1.2.1 (/opt/ros/foxy/share/rosidl_adapter/cmake)
[0.574s] -- Using all available rosidl_typesupport_cpp: rosidl_typesupport_fastrtps_cpp;rosidl_typesupport_introspection_cpp
[1.284s] -- Found rmw_implementation_cmake: 1.0.3 (/opt/ros/foxy/share/rmw_implementation_cmake/cmake)
[1.286s] -- Using RMW implementation 'rmw_fastrtps_cpp' as default
[1.733s] -- Found nav_msgs: 2.0.5 (/opt/ros/foxy/share/nav_msgs/cmake)
[1.823s] -- Found realtime_tools: 2.2.0 (/opt/ros/foxy/share/realtime_tools/cmake)
[1.870s] -- Found tf2: 0.13.13 (/opt/ros/foxy/share/tf2/cmake)
[1.880s] -- Found tf2_msgs: 0.13.13 (/opt/ros/foxy/share/tf2_msgs/cmake)
[2.117s] -- Found ament_cmake_gmock: 0.9.9 (/opt/ros/foxy/share/ament_cmake_gmock/cmake)
[2.118s] -- Found controller_manager: 0.10.1 (/home/jaime/RM3_ws/install/controller_manager/share/controller_manager/cmake)
[2.205s] -- Found gmock sources under '/opt/ros/foxy/src/gmock_vendor': C++ tests using 'Google Mock' will be built
[2.208s] -- Found ament_cmake_gtest: 0.9.9 (/opt/ros/foxy/share/ament_cmake_gtest/cmake)
[2.209s] -- Found gtest sources under '/opt/ros/foxy/src/gtest_vendor': C++ tests using 'Google Test' will be built
[2.433s] -- Configuring done
[2.549s] -- Generating done
[2.553s] -- Build files have been written to: /home/jaime/RM3_ws/build/diff_drive_controller
[2.594s] Invoked command in '/home/jaime/RM3_ws/build/diff_drive_controller' returned '0': AMENT_PREFIX_PATH=/home/jaime/RM3_ws/install/controller_manager:/home/jaime/RM3_ws/install/controller_interface:/home/jaime/RM3_ws/install/hardware_interface:/home/jaime/RM3_ws/install/ros2_control_test_assets:/home/jaime/RM3_ws/install/controller_manager_msgs:${AMENT_PREFIX_PATH} CMAKE_PREFIX_PATH=/home/jaime/RM3_ws/install/controller_manager:/home/jaime/RM3_ws/install/controller_interface:/home/jaime/RM3_ws/install/hardware_interface:/home/jaime/RM3_ws/install/ros2_control_test_assets:/home/jaime/RM3_ws/install/controller_manager_msgs:/opt/ros/foxy LD_LIBRARY_PATH=/home/jaime/RM3_ws/install/controller_manager/lib:/home/jaime/RM3_ws/install/controller_interface/lib:/home/jaime/RM3_ws/install/hardware_interface/lib:/home/jaime/RM3_ws/install/controller_manager_msgs/lib:${LD_LIBRARY_PATH} PYTHONPATH=/home/jaime/RM3_ws/install/controller_manager/lib/python3.8/site-packages:/home/jaime/RM3_ws/install/controller_manager_msgs/lib/python3.8/site-packages:${PYTHONPATH} /usr/bin/cmake /home/jaime/RM3_ws/src/ros2_controllers/diff_drive_controller -DAMENT_CMAKE_SYMLINK_INSTALL=1 -DCMAKE_INSTALL_PREFIX=/home/jaime/RM3_ws/install/diff_drive_controller
[2.595s] Invoking command in '/home/jaime/RM3_ws/build/diff_drive_controller': AMENT_PREFIX_PATH=/home/jaime/RM3_ws/install/controller_manager:/home/jaime/RM3_ws/install/controller_interface:/home/jaime/RM3_ws/install/hardware_interface:/home/jaime/RM3_ws/install/ros2_control_test_assets:/home/jaime/RM3_ws/install/controller_manager_msgs:${AMENT_PREFIX_PATH} CMAKE_PREFIX_PATH=/home/jaime/RM3_ws/install/controller_manager:/home/jaime/RM3_ws/install/controller_interface:/home/jaime/RM3_ws/install/hardware_interface:/home/jaime/RM3_ws/install/ros2_control_test_assets:/home/jaime/RM3_ws/install/controller_manager_msgs:/opt/ros/foxy LD_LIBRARY_PATH=/home/jaime/RM3_ws/install/controller_manager/lib:/home/jaime/RM3_ws/install/controller_interface/lib:/home/jaime/RM3_ws/install/hardware_interface/lib:/home/jaime/RM3_ws/install/controller_manager_msgs/lib:${LD_LIBRARY_PATH} PYTHONPATH=/home/jaime/RM3_ws/install/controller_manager/lib/python3.8/site-packages:/home/jaime/RM3_ws/install/controller_manager_msgs/lib/python3.8/site-packages:${PYTHONPATH} /usr/bin/cmake --build /home/jaime/RM3_ws/build/diff_drive_controller
[2.679s] [ 13%] Built target gmock_main
[2.693s] [ 33%] Built target gmock
[2.724s] [ 46%] Built target test_accumulator
[2.725s] [ 73%] Built target diff_drive_controller
[2.773s] [ 86%] Built target test_diff_drive_controller
[2.774s] [100%] Built target test_load_diff_drive_controller
[2.830s] Invoked command in '/home/jaime/RM3_ws/build/diff_drive_controller' returned '0': AMENT_PREFIX_PATH=/home/jaime/RM3_ws/install/controller_manager:/home/jaime/RM3_ws/install/controller_interface:/home/jaime/RM3_ws/install/hardware_interface:/home/jaime/RM3_ws/install/ros2_control_test_assets:/home/jaime/RM3_ws/install/controller_manager_msgs:${AMENT_PREFIX_PATH} CMAKE_PREFIX_PATH=/home/jaime/RM3_ws/install/controller_manager:/home/jaime/RM3_ws/install/controller_interface:/home/jaime/RM3_ws/install/hardware_interface:/home/jaime/RM3_ws/install/ros2_control_test_assets:/home/jaime/RM3_ws/install/controller_manager_msgs:/opt/ros/foxy LD_LIBRARY_PATH=/home/jaime/RM3_ws/install/controller_manager/lib:/home/jaime/RM3_ws/install/controller_interface/lib:/home/jaime/RM3_ws/install/hardware_interface/lib:/home/jaime/RM3_ws/install/controller_manager_msgs/lib:${LD_LIBRARY_PATH} PYTHONPATH=/home/jaime/RM3_ws/install/controller_manager/lib/python3.8/site-packages:/home/jaime/RM3_ws/install/controller_manager_msgs/lib/python3.8/site-packages:${PYTHONPATH} /usr/bin/cmake --build /home/jaime/RM3_ws/build/diff_drive_controller
[2.935s] Invoking command in '/home/jaime/RM3_ws/build/diff_drive_controller': AMENT_PREFIX_PATH=/home/jaime/RM3_ws/install/controller_manager:/home/jaime/RM3_ws/install/controller_interface:/home/jaime/RM3_ws/install/hardware_interface:/home/jaime/RM3_ws/install/ros2_control_test_assets:/home/jaime/RM3_ws/install/controller_manager_msgs:${AMENT_PREFIX_PATH} CMAKE_PREFIX_PATH=/home/jaime/RM3_ws/install/controller_manager:/home/jaime/RM3_ws/install/controller_interface:/home/jaime/RM3_ws/install/hardware_interface:/home/jaime/RM3_ws/install/ros2_control_test_assets:/home/jaime/RM3_ws/install/controller_manager_msgs:/opt/ros/foxy LD_LIBRARY_PATH=/home/jaime/RM3_ws/install/controller_manager/lib:/home/jaime/RM3_ws/install/controller_interface/lib:/home/jaime/RM3_ws/install/hardware_interface/lib:/home/jaime/RM3_ws/install/controller_manager_msgs/lib:${LD_LIBRARY_PATH} PYTHONPATH=/home/jaime/RM3_ws/install/controller_manager/lib/python3.8/site-packages:/home/jaime/RM3_ws/install/controller_manager_msgs/lib/python3.8/site-packages:${PYTHONPATH} /usr/bin/cmake --install /home/jaime/RM3_ws/build/diff_drive_controller
[2.955s] -- Install configuration: ""
[2.955s] -- Execute custom install script
[2.955s] -- Up-to-date symlink: /home/jaime/RM3_ws/install/diff_drive_controller/share/diff_drive_controller//diff_drive_plugin.xml
[2.955s] -- Up-to-date symlink: /home/jaime/RM3_ws/install/diff_drive_controller/include/diff_drive_controller/diff_drive_controller.hpp
[2.955s] -- Up-to-date symlink: /home/jaime/RM3_ws/install/diff_drive_controller/include/diff_drive_controller/odometry.hpp
[2.955s] -- Up-to-date symlink: /home/jaime/RM3_ws/install/diff_drive_controller/include/diff_drive_controller/rolling_mean_accumulator.hpp
[2.956s] -- Up-to-date symlink: /home/jaime/RM3_ws/install/diff_drive_controller/include/diff_drive_controller/speed_limiter.hpp
[2.956s] -- Up-to-date symlink: /home/jaime/RM3_ws/install/diff_drive_controller/include/diff_drive_controller/visibility_control.h
[2.956s] -- Up-to-date symlink: /home/jaime/RM3_ws/install/diff_drive_controller/lib/libdiff_drive_controller.so
[2.956s] -- Up-to-date symlink: /home/jaime/RM3_ws/install/diff_drive_controller/share/diff_drive_controller/environment/library_path.sh
[2.956s] -- Up-to-date symlink: /home/jaime/RM3_ws/install/diff_drive_controller/share/diff_drive_controller/environment/library_path.dsv
[2.956s] -- Up-to-date symlink: /home/jaime/RM3_ws/install/diff_drive_controller/share/ament_index/resource_index/package_run_dependencies/diff_drive_controller
[2.956s] -- Up-to-date symlink: /home/jaime/RM3_ws/install/diff_drive_controller/share/ament_index/resource_index/parent_prefix_path/diff_drive_controller
[2.956s] -- Up-to-date symlink: /home/jaime/RM3_ws/install/diff_drive_controller/share/diff_drive_controller/environment/ament_prefix_path.sh
[2.956s] -- Up-to-date symlink: /home/jaime/RM3_ws/install/diff_drive_controller/share/diff_drive_controller/environment/ament_prefix_path.dsv
[2.956s] -- Up-to-date symlink: /home/jaime/RM3_ws/install/diff_drive_controller/share/diff_drive_controller/environment/path.sh
[2.956s] -- Up-to-date symlink: /home/jaime/RM3_ws/install/diff_drive_controller/share/diff_drive_controller/environment/path.dsv
[2.956s] -- Up-to-date symlink: /home/jaime/RM3_ws/install/diff_drive_controller/share/diff_drive_controller/local_setup.bash
[2.957s] -- Up-to-date symlink: /home/jaime/RM3_ws/install/diff_drive_controller/share/diff_drive_controller/local_setup.sh
[2.957s] -- Up-to-date symlink: /home/jaime/RM3_ws/install/diff_drive_controller/share/diff_drive_controller/local_setup.zsh
[2.958s] -- Up-to-date symlink: /home/jaime/RM3_ws/install/diff_drive_controller/share/diff_drive_controller/local_setup.dsv
[2.958s] -- Symlinking: /home/jaime/RM3_ws/install/diff_drive_controller/share/diff_drive_controller/package.dsv
[2.963s] -- Up-to-date symlink: /home/jaime/RM3_ws/install/diff_drive_controller/share/ament_index/resource_index/packages/diff_drive_controller
[2.964s] -- Up-to-date symlink: /home/jaime/RM3_ws/install/diff_drive_controller/share/ament_index/resource_index/controller_interface__pluginlib__plugin/diff_drive_controller
[2.966s] -- Up-to-date symlink: /home/jaime/RM3_ws/install/diff_drive_controller/share/diff_drive_controller/cmake/ament_cmake_export_dependencies-extras.cmake
[2.966s] -- Up-to-date symlink: /home/jaime/RM3_ws/install/diff_drive_controller/share/diff_drive_controller/cmake/ament_cmake_export_include_directories-extras.cmake
[2.966s] -- Up-to-date symlink: /home/jaime/RM3_ws/install/diff_drive_controller/share/diff_drive_controller/cmake/ament_cmake_export_libraries-extras.cmake
[2.967s] -- Up-to-date symlink: /home/jaime/RM3_ws/install/diff_drive_controller/share/diff_drive_controller/cmake/diff_drive_controllerConfig.cmake
[2.967s] -- Up-to-date symlink: /home/jaime/RM3_ws/install/diff_drive_controller/share/diff_drive_controller/cmake/diff_drive_controllerConfig-version.cmake
[2.967s] -- Up-to-date symlink: /home/jaime/RM3_ws/install/diff_drive_controller/share/diff_drive_controller/package.xml
[3.006s] Invoked command in '/home/jaime/RM3_ws/build/diff_drive_controller' returned '0': AMENT_PREFIX_PATH=/home/jaime/RM3_ws/install/controller_manager:/home/jaime/RM3_ws/install/controller_interface:/home/jaime/RM3_ws/install/hardware_interface:/home/jaime/RM3_ws/install/ros2_control_test_assets:/home/jaime/RM3_ws/install/controller_manager_msgs:${AMENT_PREFIX_PATH} CMAKE_PREFIX_PATH=/home/jaime/RM3_ws/install/controller_manager:/home/jaime/RM3_ws/install/controller_interface:/home/jaime/RM3_ws/install/hardware_interface:/home/jaime/RM3_ws/install/ros2_control_test_assets:/home/jaime/RM3_ws/install/controller_manager_msgs:/opt/ros/foxy LD_LIBRARY_PATH=/home/jaime/RM3_ws/install/controller_manager/lib:/home/jaime/RM3_ws/install/controller_interface/lib:/home/jaime/RM3_ws/install/hardware_interface/lib:/home/jaime/RM3_ws/install/controller_manager_msgs/lib:${LD_LIBRARY_PATH} PYTHONPATH=/home/jaime/RM3_ws/install/controller_manager/lib/python3.8/site-packages:/home/jaime/RM3_ws/install/controller_manager_msgs/lib/python3.8/site-packages:${PYTHONPATH} /usr/bin/cmake --install /home/jaime/RM3_ws/build/diff_drive_controller
