[0.178s] Invoking command in '/home/jaime/RM3_ws/build/effort_controllers': AMENT_PREFIX_PATH=/home/jaime/RM3_ws/install/forward_command_controller:/home/jaime/RM3_ws/install/controller_manager:/home/jaime/RM3_ws/install/controller_interface:/home/jaime/RM3_ws/install/hardware_interface:/home/jaime/RM3_ws/install/ros2_control_test_assets:/home/jaime/RM3_ws/install/controller_manager_msgs:${AMENT_PREFIX_PATH} CMAKE_PREFIX_PATH=/home/jaime/RM3_ws/install/forward_command_controller:/home/jaime/RM3_ws/install/controller_manager:/home/jaime/RM3_ws/install/controller_interface:/home/jaime/RM3_ws/install/hardware_interface:/home/jaime/RM3_ws/install/ros2_control_test_assets:/home/jaime/RM3_ws/install/controller_manager_msgs:/opt/ros/foxy LD_LIBRARY_PATH=/home/jaime/RM3_ws/install/forward_command_controller/lib:/home/jaime/RM3_ws/install/controller_manager/lib:/home/jaime/RM3_ws/install/controller_interface/lib:/home/jaime/RM3_ws/install/hardware_interface/lib:/home/jaime/RM3_ws/install/controller_manager_msgs/lib:${LD_LIBRARY_PATH} PYTHONPATH=/home/jaime/RM3_ws/install/controller_manager/lib/python3.8/site-packages:/home/jaime/RM3_ws/install/controller_manager_msgs/lib/python3.8/site-packages:${PYTHONPATH} /usr/bin/cmake --build /home/jaime/RM3_ws/build/effort_controllers -- -j8 -l8
[0.268s] [ 18%] Built target gmock_main
[0.269s] [ 45%] Built target gmock
[0.285s] [ 63%] Built target effort_controllers
[0.336s] [ 81%] Built target test_load_joint_group_effort_controller
[0.337s] [100%] Built target test_joint_group_effort_controller
[0.364s] Invoked command in '/home/jaime/RM3_ws/build/effort_controllers' returned '0': AMENT_PREFIX_PATH=/home/jaime/RM3_ws/install/forward_command_controller:/home/jaime/RM3_ws/install/controller_manager:/home/jaime/RM3_ws/install/controller_interface:/home/jaime/RM3_ws/install/hardware_interface:/home/jaime/RM3_ws/install/ros2_control_test_assets:/home/jaime/RM3_ws/install/controller_manager_msgs:${AMENT_PREFIX_PATH} CMAKE_PREFIX_PATH=/home/jaime/RM3_ws/install/forward_command_controller:/home/jaime/RM3_ws/install/controller_manager:/home/jaime/RM3_ws/install/controller_interface:/home/jaime/RM3_ws/install/hardware_interface:/home/jaime/RM3_ws/install/ros2_control_test_assets:/home/jaime/RM3_ws/install/controller_manager_msgs:/opt/ros/foxy LD_LIBRARY_PATH=/home/jaime/RM3_ws/install/forward_command_controller/lib:/home/jaime/RM3_ws/install/controller_manager/lib:/home/jaime/RM3_ws/install/controller_interface/lib:/home/jaime/RM3_ws/install/hardware_interface/lib:/home/jaime/RM3_ws/install/controller_manager_msgs/lib:${LD_LIBRARY_PATH} PYTHONPATH=/home/jaime/RM3_ws/install/controller_manager/lib/python3.8/site-packages:/home/jaime/RM3_ws/install/controller_manager_msgs/lib/python3.8/site-packages:${PYTHONPATH} /usr/bin/cmake --build /home/jaime/RM3_ws/build/effort_controllers -- -j8 -l8
[0.417s] Invoking command in '/home/jaime/RM3_ws/build/effort_controllers': AMENT_PREFIX_PATH=/home/jaime/RM3_ws/install/forward_command_controller:/home/jaime/RM3_ws/install/controller_manager:/home/jaime/RM3_ws/install/controller_interface:/home/jaime/RM3_ws/install/hardware_interface:/home/jaime/RM3_ws/install/ros2_control_test_assets:/home/jaime/RM3_ws/install/controller_manager_msgs:${AMENT_PREFIX_PATH} CMAKE_PREFIX_PATH=/home/jaime/RM3_ws/install/forward_command_controller:/home/jaime/RM3_ws/install/controller_manager:/home/jaime/RM3_ws/install/controller_interface:/home/jaime/RM3_ws/install/hardware_interface:/home/jaime/RM3_ws/install/ros2_control_test_assets:/home/jaime/RM3_ws/install/controller_manager_msgs:/opt/ros/foxy LD_LIBRARY_PATH=/home/jaime/RM3_ws/install/forward_command_controller/lib:/home/jaime/RM3_ws/install/controller_manager/lib:/home/jaime/RM3_ws/install/controller_interface/lib:/home/jaime/RM3_ws/install/hardware_interface/lib:/home/jaime/RM3_ws/install/controller_manager_msgs/lib:${LD_LIBRARY_PATH} PYTHONPATH=/home/jaime/RM3_ws/install/controller_manager/lib/python3.8/site-packages:/home/jaime/RM3_ws/install/controller_manager_msgs/lib/python3.8/site-packages:${PYTHONPATH} /usr/bin/cmake --install /home/jaime/RM3_ws/build/effort_controllers
[0.426s] -- Install configuration: ""
[0.426s] -- Execute custom install script
[0.427s] -- Up-to-date symlink: /home/jaime/RM3_ws/install/effort_controllers/share/effort_controllers//effort_controllers_plugins.xml
[0.427s] -- Up-to-date symlink: /home/jaime/RM3_ws/install/effort_controllers/include/effort_controllers/joint_group_effort_controller.hpp
[0.428s] -- Up-to-date symlink: /home/jaime/RM3_ws/install/effort_controllers/include/effort_controllers/visibility_control.h
[0.432s] -- Up-to-date symlink: /home/jaime/RM3_ws/install/effort_controllers/lib/libeffort_controllers.so
[0.434s] -- Up-to-date symlink: /home/jaime/RM3_ws/install/effort_controllers/share/effort_controllers/environment/library_path.sh
[0.434s] -- Up-to-date symlink: /home/jaime/RM3_ws/install/effort_controllers/share/effort_controllers/environment/library_path.dsv
[0.435s] -- Up-to-date symlink: /home/jaime/RM3_ws/install/effort_controllers/share/ament_index/resource_index/package_run_dependencies/effort_controllers
[0.436s] -- Up-to-date symlink: /home/jaime/RM3_ws/install/effort_controllers/share/ament_index/resource_index/parent_prefix_path/effort_controllers
[0.436s] -- Up-to-date symlink: /home/jaime/RM3_ws/install/effort_controllers/share/effort_controllers/environment/ament_prefix_path.sh
[0.436s] -- Up-to-date symlink: /home/jaime/RM3_ws/install/effort_controllers/share/effort_controllers/environment/ament_prefix_path.dsv
[0.436s] -- Up-to-date symlink: /home/jaime/RM3_ws/install/effort_controllers/share/effort_controllers/environment/path.sh
[0.436s] -- Up-to-date symlink: /home/jaime/RM3_ws/install/effort_controllers/share/effort_controllers/environment/path.dsv
[0.441s] -- Up-to-date symlink: /home/jaime/RM3_ws/install/effort_controllers/share/effort_controllers/local_setup.bash
[0.442s] -- Up-to-date symlink: /home/jaime/RM3_ws/install/effort_controllers/share/effort_controllers/local_setup.sh
[0.442s] -- Up-to-date symlink: /home/jaime/RM3_ws/install/effort_controllers/share/effort_controllers/local_setup.zsh
[0.442s] -- Up-to-date symlink: /home/jaime/RM3_ws/install/effort_controllers/share/effort_controllers/local_setup.dsv
[0.442s] -- Symlinking: /home/jaime/RM3_ws/install/effort_controllers/share/effort_controllers/package.dsv
[0.446s] -- Up-to-date symlink: /home/jaime/RM3_ws/install/effort_controllers/share/ament_index/resource_index/packages/effort_controllers
[0.446s] -- Up-to-date symlink: /home/jaime/RM3_ws/install/effort_controllers/share/ament_index/resource_index/controller_interface__pluginlib__plugin/effort_controllers
[0.447s] -- Up-to-date symlink: /home/jaime/RM3_ws/install/effort_controllers/share/effort_controllers/cmake/ament_cmake_export_dependencies-extras.cmake
[0.447s] -- Up-to-date symlink: /home/jaime/RM3_ws/install/effort_controllers/share/effort_controllers/cmake/ament_cmake_export_include_directories-extras.cmake
[0.447s] -- Up-to-date symlink: /home/jaime/RM3_ws/install/effort_controllers/share/effort_controllers/cmake/ament_cmake_export_libraries-extras.cmake
[0.448s] -- Up-to-date symlink: /home/jaime/RM3_ws/install/effort_controllers/share/effort_controllers/cmake/effort_controllersConfig.cmake
[0.448s] -- Up-to-date symlink: /home/jaime/RM3_ws/install/effort_controllers/share/effort_controllers/cmake/effort_controllersConfig-version.cmake
[0.448s] -- Up-to-date symlink: /home/jaime/RM3_ws/install/effort_controllers/share/effort_controllers/package.xml
[0.528s] Invoked command in '/home/jaime/RM3_ws/build/effort_controllers' returned '0': AMENT_PREFIX_PATH=/home/jaime/RM3_ws/install/forward_command_controller:/home/jaime/RM3_ws/install/controller_manager:/home/jaime/RM3_ws/install/controller_interface:/home/jaime/RM3_ws/install/hardware_interface:/home/jaime/RM3_ws/install/ros2_control_test_assets:/home/jaime/RM3_ws/install/controller_manager_msgs:${AMENT_PREFIX_PATH} CMAKE_PREFIX_PATH=/home/jaime/RM3_ws/install/forward_command_controller:/home/jaime/RM3_ws/install/controller_manager:/home/jaime/RM3_ws/install/controller_interface:/home/jaime/RM3_ws/install/hardware_interface:/home/jaime/RM3_ws/install/ros2_control_test_assets:/home/jaime/RM3_ws/install/controller_manager_msgs:/opt/ros/foxy LD_LIBRARY_PATH=/home/jaime/RM3_ws/install/forward_command_controller/lib:/home/jaime/RM3_ws/install/controller_manager/lib:/home/jaime/RM3_ws/install/controller_interface/lib:/home/jaime/RM3_ws/install/hardware_interface/lib:/home/jaime/RM3_ws/install/controller_manager_msgs/lib:${LD_LIBRARY_PATH} PYTHONPATH=/home/jaime/RM3_ws/install/controller_manager/lib/python3.8/site-packages:/home/jaime/RM3_ws/install/controller_manager_msgs/lib/python3.8/site-packages:${PYTHONPATH} /usr/bin/cmake --install /home/jaime/RM3_ws/build/effort_controllers
