[0.057s] Invoking command in '/home/jaime/RM3_ws/build/controller_interface': AMENT_PREFIX_PATH=/home/jaime/RM3_ws/install/hardware_interface CMAKE_PREFIX_PATH=/home/jaime/RM3_ws/install/hardware_interface LD_LIBRARY_PATH=/home/jaime/RM3_ws/install/hardware_interface/lib /usr/bin/cmake --build /home/jaime/RM3_ws/build/controller_interface -- -j8 -l8
[0.234s] [ 20%] Built target gmock
[0.270s] [ 33%] Built target gmock_main
[0.329s] [ 46%] Built target controller_interface
[0.371s] [ 60%] Built target test_semantic_component_interface
[0.394s] [ 73%] Built target test_force_torque_sensor
[0.403s] [ 86%] Built target test_imu_sensor
[0.415s] [100%] Built target test_controller_with_options
[0.431s] Invoked command in '/home/jaime/RM3_ws/build/controller_interface' returned '0': AMENT_PREFIX_PATH=/home/jaime/RM3_ws/install/hardware_interface CMAKE_PREFIX_PATH=/home/jaime/RM3_ws/install/hardware_interface LD_LIBRARY_PATH=/home/jaime/RM3_ws/install/hardware_interface/lib /usr/bin/cmake --build /home/jaime/RM3_ws/build/controller_interface -- -j8 -l8
[0.513s] Invoking command in '/home/jaime/RM3_ws/build/controller_interface': AMENT_PREFIX_PATH=/home/jaime/RM3_ws/install/hardware_interface CMAKE_PREFIX_PATH=/home/jaime/RM3_ws/install/hardware_interface LD_LIBRARY_PATH=/home/jaime/RM3_ws/install/hardware_interface/lib /usr/bin/cmake --install /home/jaime/RM3_ws/build/controller_interface
[0.523s] -- Install configuration: ""
[0.525s] -- Execute custom install script
[0.530s] -- Up-to-date symlink: /home/jaime/RM3_ws/install/controller_interface/include/controller_interface/controller_interface.hpp
[0.530s] -- Up-to-date symlink: /home/jaime/RM3_ws/install/controller_interface/include/controller_interface/controller_state_names.hpp
[0.531s] -- Up-to-date symlink: /home/jaime/RM3_ws/install/controller_interface/include/controller_interface/helpers.hpp
[0.531s] -- Up-to-date symlink: /home/jaime/RM3_ws/install/controller_interface/include/controller_interface/visibility_control.h
[0.531s] -- Up-to-date symlink: /home/jaime/RM3_ws/install/controller_interface/include/semantic_components/force_torque_sensor.hpp
[0.532s] -- Up-to-date symlink: /home/jaime/RM3_ws/install/controller_interface/include/semantic_components/imu_sensor.hpp
[0.533s] -- Up-to-date symlink: /home/jaime/RM3_ws/install/controller_interface/include/semantic_components/semantic_component_interface.hpp
[0.533s] -- Up-to-date symlink: /home/jaime/RM3_ws/install/controller_interface/lib/libcontroller_interface.so
[0.534s] -- Up-to-date symlink: /home/jaime/RM3_ws/install/controller_interface/share/controller_interface/environment/library_path.sh
[0.534s] -- Up-to-date symlink: /home/jaime/RM3_ws/install/controller_interface/share/controller_interface/environment/library_path.dsv
[0.534s] -- Up-to-date symlink: /home/jaime/RM3_ws/install/controller_interface/share/ament_index/resource_index/package_run_dependencies/controller_interface
[0.534s] -- Up-to-date symlink: /home/jaime/RM3_ws/install/controller_interface/share/ament_index/resource_index/parent_prefix_path/controller_interface
[0.535s] -- Up-to-date symlink: /home/jaime/RM3_ws/install/controller_interface/share/controller_interface/environment/ament_prefix_path.sh
[0.535s] -- Up-to-date symlink: /home/jaime/RM3_ws/install/controller_interface/share/controller_interface/environment/ament_prefix_path.dsv
[0.535s] -- Up-to-date symlink: /home/jaime/RM3_ws/install/controller_interface/share/controller_interface/environment/path.sh
[0.536s] -- Up-to-date symlink: /home/jaime/RM3_ws/install/controller_interface/share/controller_interface/environment/path.dsv
[0.536s] -- Up-to-date symlink: /home/jaime/RM3_ws/install/controller_interface/share/controller_interface/local_setup.bash
[0.537s] -- Up-to-date symlink: /home/jaime/RM3_ws/install/controller_interface/share/controller_interface/local_setup.sh
[0.537s] -- Up-to-date symlink: /home/jaime/RM3_ws/install/controller_interface/share/controller_interface/local_setup.zsh
[0.537s] -- Up-to-date symlink: /home/jaime/RM3_ws/install/controller_interface/share/controller_interface/local_setup.dsv
[0.538s] -- Symlinking: /home/jaime/RM3_ws/install/controller_interface/share/controller_interface/package.dsv
[0.549s] -- Up-to-date symlink: /home/jaime/RM3_ws/install/controller_interface/share/ament_index/resource_index/packages/controller_interface
[0.549s] -- Up-to-date symlink: /home/jaime/RM3_ws/install/controller_interface/share/controller_interface/cmake/ament_cmake_export_dependencies-extras.cmake
[0.550s] -- Up-to-date symlink: /home/jaime/RM3_ws/install/controller_interface/share/controller_interface/cmake/ament_cmake_export_include_directories-extras.cmake
[0.550s] -- Up-to-date symlink: /home/jaime/RM3_ws/install/controller_interface/share/controller_interface/cmake/ament_cmake_export_libraries-extras.cmake
[0.551s] -- Up-to-date symlink: /home/jaime/RM3_ws/install/controller_interface/share/controller_interface/cmake/controller_interfaceConfig.cmake
[0.551s] -- Up-to-date symlink: /home/jaime/RM3_ws/install/controller_interface/share/controller_interface/cmake/controller_interfaceConfig-version.cmake
[0.552s] -- Up-to-date symlink: /home/jaime/RM3_ws/install/controller_interface/share/controller_interface/package.xml
[0.566s] Invoked command in '/home/jaime/RM3_ws/build/controller_interface' returned '0': AMENT_PREFIX_PATH=/home/jaime/RM3_ws/install/hardware_interface CMAKE_PREFIX_PATH=/home/jaime/RM3_ws/install/hardware_interface LD_LIBRARY_PATH=/home/jaime/RM3_ws/install/hardware_interface/lib /usr/bin/cmake --install /home/jaime/RM3_ws/build/controller_interface
