[0.027s] Invoking command in '/home/jaime/RM3_ws/build/ros2_control': AMENT_PREFIX_PATH=/home/jaime/RM3_ws/install/ros2controlcli:/home/jaime/RM3_ws/install/controller_manager:/home/jaime/RM3_ws/install/controller_interface:/home/jaime/RM3_ws/install/hardware_interface:/home/jaime/RM3_ws/install/ros2_control_test_assets:/home/jaime/RM3_ws/install/controller_manager_msgs:${AMENT_PREFIX_PATH} CMAKE_PREFIX_PATH=/home/jaime/RM3_ws/install/controller_manager:/home/jaime/RM3_ws/install/controller_interface:/home/jaime/RM3_ws/install/hardware_interface:/home/jaime/RM3_ws/install/ros2_control_test_assets:/home/jaime/RM3_ws/install/controller_manager_msgs:/home/jaime/RM3_ws/install/robominer_msgs/share/robominer_msgs/cmake:/opt/ros/foxy LD_LIBRARY_PATH=/home/jaime/RM3_ws/install/controller_manager/lib:/home/jaime/RM3_ws/install/controller_interface/lib:/home/jaime/RM3_ws/install/hardware_interface/lib:/home/jaime/RM3_ws/install/controller_manager_msgs/lib:${LD_LIBRARY_PATH} PYTHONPATH=/home/jaime/RM3_ws/build/ros2controlcli:/home/jaime/RM3_ws/install/ros2controlcli/lib/python3.8/site-packages:/home/jaime/RM3_ws/install/controller_manager/lib/python3.8/site-packages:/home/jaime/RM3_ws/install/controller_manager_msgs/lib/python3.8/site-packages:${PYTHONPATH} /usr/bin/cmake /home/jaime/RM3_ws/src/ros2_control/ros2_control -DAMENT_CMAKE_SYMLINK_INSTALL=1 -DCMAKE_INSTALL_PREFIX=/home/jaime/RM3_ws/install/ros2_control
[0.087s] -- The C compiler identification is GNU 9.4.0
[0.147s] -- The CXX compiler identification is GNU 9.4.0
[0.153s] -- Check for working C compiler: /usr/bin/cc
[0.233s] -- Check for working C compiler: /usr/bin/cc -- works
[0.234s] -- Detecting C compiler ABI info
[0.319s] -- Detecting C compiler ABI info - done
[0.336s] -- Detecting C compile features
[0.336s] -- Detecting C compile features - done
[0.337s] -- Check for working CXX compiler: /usr/bin/c++
[0.425s] -- Check for working CXX compiler: /usr/bin/c++ -- works
[0.426s] -- Detecting CXX compiler ABI info
[0.519s] -- Detecting CXX compiler ABI info - done
[0.534s] -- Detecting CXX compile features
[0.535s] -- Detecting CXX compile features - done
[0.538s] -- Found ament_cmake: 0.9.9 (/opt/ros/foxy/share/ament_cmake/cmake)
[0.577s] -- Found PythonInterp: /usr/bin/python3 (found suitable version "3.8.10", minimum required is "3") 
[0.577s] -- Using PYTHON_EXECUTABLE: /usr/bin/python3
[0.795s] -- Override CMake install command with custom implementation using symlinks instead of copying resources
[0.902s] -- Configuring done
[0.904s] -- Generating done
[0.904s] -- Build files have been written to: /home/jaime/RM3_ws/build/ros2_control
[0.909s] Invoked command in '/home/jaime/RM3_ws/build/ros2_control' returned '0': AMENT_PREFIX_PATH=/home/jaime/RM3_ws/install/ros2controlcli:/home/jaime/RM3_ws/install/controller_manager:/home/jaime/RM3_ws/install/controller_interface:/home/jaime/RM3_ws/install/hardware_interface:/home/jaime/RM3_ws/install/ros2_control_test_assets:/home/jaime/RM3_ws/install/controller_manager_msgs:${AMENT_PREFIX_PATH} CMAKE_PREFIX_PATH=/home/jaime/RM3_ws/install/controller_manager:/home/jaime/RM3_ws/install/controller_interface:/home/jaime/RM3_ws/install/hardware_interface:/home/jaime/RM3_ws/install/ros2_control_test_assets:/home/jaime/RM3_ws/install/controller_manager_msgs:/home/jaime/RM3_ws/install/robominer_msgs/share/robominer_msgs/cmake:/opt/ros/foxy LD_LIBRARY_PATH=/home/jaime/RM3_ws/install/controller_manager/lib:/home/jaime/RM3_ws/install/controller_interface/lib:/home/jaime/RM3_ws/install/hardware_interface/lib:/home/jaime/RM3_ws/install/controller_manager_msgs/lib:${LD_LIBRARY_PATH} PYTHONPATH=/home/jaime/RM3_ws/build/ros2controlcli:/home/jaime/RM3_ws/install/ros2controlcli/lib/python3.8/site-packages:/home/jaime/RM3_ws/install/controller_manager/lib/python3.8/site-packages:/home/jaime/RM3_ws/install/controller_manager_msgs/lib/python3.8/site-packages:${PYTHONPATH} /usr/bin/cmake /home/jaime/RM3_ws/src/ros2_control/ros2_control -DAMENT_CMAKE_SYMLINK_INSTALL=1 -DCMAKE_INSTALL_PREFIX=/home/jaime/RM3_ws/install/ros2_control
[0.912s] Invoking command in '/home/jaime/RM3_ws/build/ros2_control': AMENT_PREFIX_PATH=/home/jaime/RM3_ws/install/ros2controlcli:/home/jaime/RM3_ws/install/controller_manager:/home/jaime/RM3_ws/install/controller_interface:/home/jaime/RM3_ws/install/hardware_interface:/home/jaime/RM3_ws/install/ros2_control_test_assets:/home/jaime/RM3_ws/install/controller_manager_msgs:${AMENT_PREFIX_PATH} CMAKE_PREFIX_PATH=/home/jaime/RM3_ws/install/controller_manager:/home/jaime/RM3_ws/install/controller_interface:/home/jaime/RM3_ws/install/hardware_interface:/home/jaime/RM3_ws/install/ros2_control_test_assets:/home/jaime/RM3_ws/install/controller_manager_msgs:/home/jaime/RM3_ws/install/robominer_msgs/share/robominer_msgs/cmake:/opt/ros/foxy LD_LIBRARY_PATH=/home/jaime/RM3_ws/install/controller_manager/lib:/home/jaime/RM3_ws/install/controller_interface/lib:/home/jaime/RM3_ws/install/hardware_interface/lib:/home/jaime/RM3_ws/install/controller_manager_msgs/lib:${LD_LIBRARY_PATH} PYTHONPATH=/home/jaime/RM3_ws/build/ros2controlcli:/home/jaime/RM3_ws/install/ros2controlcli/lib/python3.8/site-packages:/home/jaime/RM3_ws/install/controller_manager/lib/python3.8/site-packages:/home/jaime/RM3_ws/install/controller_manager_msgs/lib/python3.8/site-packages:${PYTHONPATH} /usr/bin/cmake --build /home/jaime/RM3_ws/build/ros2_control -- -j8 -l8
[0.954s] Invoked command in '/home/jaime/RM3_ws/build/ros2_control' returned '0': AMENT_PREFIX_PATH=/home/jaime/RM3_ws/install/ros2controlcli:/home/jaime/RM3_ws/install/controller_manager:/home/jaime/RM3_ws/install/controller_interface:/home/jaime/RM3_ws/install/hardware_interface:/home/jaime/RM3_ws/install/ros2_control_test_assets:/home/jaime/RM3_ws/install/controller_manager_msgs:${AMENT_PREFIX_PATH} CMAKE_PREFIX_PATH=/home/jaime/RM3_ws/install/controller_manager:/home/jaime/RM3_ws/install/controller_interface:/home/jaime/RM3_ws/install/hardware_interface:/home/jaime/RM3_ws/install/ros2_control_test_assets:/home/jaime/RM3_ws/install/controller_manager_msgs:/home/jaime/RM3_ws/install/robominer_msgs/share/robominer_msgs/cmake:/opt/ros/foxy LD_LIBRARY_PATH=/home/jaime/RM3_ws/install/controller_manager/lib:/home/jaime/RM3_ws/install/controller_interface/lib:/home/jaime/RM3_ws/install/hardware_interface/lib:/home/jaime/RM3_ws/install/controller_manager_msgs/lib:${LD_LIBRARY_PATH} PYTHONPATH=/home/jaime/RM3_ws/build/ros2controlcli:/home/jaime/RM3_ws/install/ros2controlcli/lib/python3.8/site-packages:/home/jaime/RM3_ws/install/controller_manager/lib/python3.8/site-packages:/home/jaime/RM3_ws/install/controller_manager_msgs/lib/python3.8/site-packages:${PYTHONPATH} /usr/bin/cmake --build /home/jaime/RM3_ws/build/ros2_control -- -j8 -l8
[0.980s] Invoking command in '/home/jaime/RM3_ws/build/ros2_control': AMENT_PREFIX_PATH=/home/jaime/RM3_ws/install/ros2controlcli:/home/jaime/RM3_ws/install/controller_manager:/home/jaime/RM3_ws/install/controller_interface:/home/jaime/RM3_ws/install/hardware_interface:/home/jaime/RM3_ws/install/ros2_control_test_assets:/home/jaime/RM3_ws/install/controller_manager_msgs:${AMENT_PREFIX_PATH} CMAKE_PREFIX_PATH=/home/jaime/RM3_ws/install/controller_manager:/home/jaime/RM3_ws/install/controller_interface:/home/jaime/RM3_ws/install/hardware_interface:/home/jaime/RM3_ws/install/ros2_control_test_assets:/home/jaime/RM3_ws/install/controller_manager_msgs:/home/jaime/RM3_ws/install/robominer_msgs/share/robominer_msgs/cmake:/opt/ros/foxy LD_LIBRARY_PATH=/home/jaime/RM3_ws/install/controller_manager/lib:/home/jaime/RM3_ws/install/controller_interface/lib:/home/jaime/RM3_ws/install/hardware_interface/lib:/home/jaime/RM3_ws/install/controller_manager_msgs/lib:${LD_LIBRARY_PATH} PYTHONPATH=/home/jaime/RM3_ws/build/ros2controlcli:/home/jaime/RM3_ws/install/ros2controlcli/lib/python3.8/site-packages:/home/jaime/RM3_ws/install/controller_manager/lib/python3.8/site-packages:/home/jaime/RM3_ws/install/controller_manager_msgs/lib/python3.8/site-packages:${PYTHONPATH} /usr/bin/cmake --install /home/jaime/RM3_ws/build/ros2_control
[0.988s] -- Install configuration: ""
[0.988s] -- Execute custom install script
[0.989s] -- Symlinking: /home/jaime/RM3_ws/install/ros2_control/share/ament_index/resource_index/package_run_dependencies/ros2_control
[0.998s] -- Symlinking: /home/jaime/RM3_ws/install/ros2_control/share/ament_index/resource_index/parent_prefix_path/ros2_control
[1.008s] -- Symlinking: /home/jaime/RM3_ws/install/ros2_control/share/ros2_control/environment/ament_prefix_path.sh
[1.019s] -- Symlinking: /home/jaime/RM3_ws/install/ros2_control/share/ros2_control/environment/ament_prefix_path.dsv
[1.029s] -- Symlinking: /home/jaime/RM3_ws/install/ros2_control/share/ros2_control/environment/path.sh
[1.039s] -- Symlinking: /home/jaime/RM3_ws/install/ros2_control/share/ros2_control/environment/path.dsv
[1.048s] -- Symlinking: /home/jaime/RM3_ws/install/ros2_control/share/ros2_control/local_setup.bash
[1.058s] -- Symlinking: /home/jaime/RM3_ws/install/ros2_control/share/ros2_control/local_setup.sh
[1.068s] -- Symlinking: /home/jaime/RM3_ws/install/ros2_control/share/ros2_control/local_setup.zsh
[1.077s] -- Symlinking: /home/jaime/RM3_ws/install/ros2_control/share/ros2_control/local_setup.dsv
[1.088s] -- Symlinking: /home/jaime/RM3_ws/install/ros2_control/share/ros2_control/package.dsv
[1.097s] -- Symlinking: /home/jaime/RM3_ws/install/ros2_control/share/ament_index/resource_index/packages/ros2_control
[1.107s] -- Symlinking: /home/jaime/RM3_ws/install/ros2_control/share/ros2_control/cmake/ros2_controlConfig.cmake
[1.116s] -- Symlinking: /home/jaime/RM3_ws/install/ros2_control/share/ros2_control/cmake/ros2_controlConfig-version.cmake
[1.125s] -- Symlinking: /home/jaime/RM3_ws/install/ros2_control/share/ros2_control/package.xml
[1.137s] Invoked command in '/home/jaime/RM3_ws/build/ros2_control' returned '0': AMENT_PREFIX_PATH=/home/jaime/RM3_ws/install/ros2controlcli:/home/jaime/RM3_ws/install/controller_manager:/home/jaime/RM3_ws/install/controller_interface:/home/jaime/RM3_ws/install/hardware_interface:/home/jaime/RM3_ws/install/ros2_control_test_assets:/home/jaime/RM3_ws/install/controller_manager_msgs:${AMENT_PREFIX_PATH} CMAKE_PREFIX_PATH=/home/jaime/RM3_ws/install/controller_manager:/home/jaime/RM3_ws/install/controller_interface:/home/jaime/RM3_ws/install/hardware_interface:/home/jaime/RM3_ws/install/ros2_control_test_assets:/home/jaime/RM3_ws/install/controller_manager_msgs:/home/jaime/RM3_ws/install/robominer_msgs/share/robominer_msgs/cmake:/opt/ros/foxy LD_LIBRARY_PATH=/home/jaime/RM3_ws/install/controller_manager/lib:/home/jaime/RM3_ws/install/controller_interface/lib:/home/jaime/RM3_ws/install/hardware_interface/lib:/home/jaime/RM3_ws/install/controller_manager_msgs/lib:${LD_LIBRARY_PATH} PYTHONPATH=/home/jaime/RM3_ws/build/ros2controlcli:/home/jaime/RM3_ws/install/ros2controlcli/lib/python3.8/site-packages:/home/jaime/RM3_ws/install/controller_manager/lib/python3.8/site-packages:/home/jaime/RM3_ws/install/controller_manager_msgs/lib/python3.8/site-packages:${PYTHONPATH} /usr/bin/cmake --install /home/jaime/RM3_ws/build/ros2_control
