[1.529s] Invoking command in '/home/jaime/RM3_ws/build/robominer_locomotion_control': PYTHONPATH=/home/jaime/RM3_ws/install/robominer_locomotion_control/lib/python3.8/site-packages:${PYTHONPATH} /usr/bin/python3 setup.py develop --prefix /home/jaime/RM3_ws/install/robominer_locomotion_control --uninstall --editable --build-directory /home/jaime/RM3_ws/build/robominer_locomotion_control/build
[1.839s] running develop
[2.069s] Invoked command in '/home/jaime/RM3_ws/build/robominer_locomotion_control' returned '0': PYTHONPATH=/home/jaime/RM3_ws/install/robominer_locomotion_control/lib/python3.8/site-packages:${PYTHONPATH} /usr/bin/python3 setup.py develop --prefix /home/jaime/RM3_ws/install/robominer_locomotion_control --uninstall --editable --build-directory /home/jaime/RM3_ws/build/robominer_locomotion_control/build
[2.073s] Invoking command in '/home/jaime/RM3_ws/src/TALTECH_RM3_ROS_PACKAGES/robominer_locomotion_control': PYTHONPATH=/home/jaime/RM3_ws/install/robominer_locomotion_control/lib/python3.8/site-packages:${PYTHONPATH} /usr/bin/python3 setup.py egg_info --egg-base ../../../build/robominer_locomotion_control build --build-base /home/jaime/RM3_ws/build/robominer_locomotion_control/build install --prefix /home/jaime/RM3_ws/install/robominer_locomotion_control --record /home/jaime/RM3_ws/build/robominer_locomotion_control/install.log --single-version-externally-managed
[2.344s] running egg_info
[2.345s] writing ../../../build/robominer_locomotion_control/robominer_locomotion_control.egg-info/PKG-INFO
[2.346s] writing dependency_links to ../../../build/robominer_locomotion_control/robominer_locomotion_control.egg-info/dependency_links.txt
[2.346s] writing entry points to ../../../build/robominer_locomotion_control/robominer_locomotion_control.egg-info/entry_points.txt
[2.346s] writing requirements to ../../../build/robominer_locomotion_control/robominer_locomotion_control.egg-info/requires.txt
[2.346s] writing top-level names to ../../../build/robominer_locomotion_control/robominer_locomotion_control.egg-info/top_level.txt
[2.397s] reading manifest file '../../../build/robominer_locomotion_control/robominer_locomotion_control.egg-info/SOURCES.txt'
[2.398s] writing manifest file '../../../build/robominer_locomotion_control/robominer_locomotion_control.egg-info/SOURCES.txt'
[2.398s] running build
[2.398s] running build_py
[2.398s] running install
[2.399s] running install_lib
[2.401s] running install_data
[2.402s] running install_egg_info
[2.404s] removing '/home/jaime/RM3_ws/install/robominer_locomotion_control/lib/python3.8/site-packages/robominer_locomotion_control-0.0.0-py3.8.egg-info' (and everything under it)
[2.405s] Copying ../../../build/robominer_locomotion_control/robominer_locomotion_control.egg-info to /home/jaime/RM3_ws/install/robominer_locomotion_control/lib/python3.8/site-packages/robominer_locomotion_control-0.0.0-py3.8.egg-info
[2.406s] running install_scripts
[2.432s] Installing open_loop_steering script to /home/jaime/RM3_ws/install/robominer_locomotion_control/lib/robominer_locomotion_control
[2.433s] writing list of installed files to '/home/jaime/RM3_ws/build/robominer_locomotion_control/install.log'
[2.486s] Invoked command in '/home/jaime/RM3_ws/src/TALTECH_RM3_ROS_PACKAGES/robominer_locomotion_control' returned '0': PYTHONPATH=/home/jaime/RM3_ws/install/robominer_locomotion_control/lib/python3.8/site-packages:${PYTHONPATH} /usr/bin/python3 setup.py egg_info --egg-base ../../../build/robominer_locomotion_control build --build-base /home/jaime/RM3_ws/build/robominer_locomotion_control/build install --prefix /home/jaime/RM3_ws/install/robominer_locomotion_control --record /home/jaime/RM3_ws/build/robominer_locomotion_control/install.log --single-version-externally-managed
