[0.035s] Invoking command in '/home/jaime/RM3_ws/build/controller_manager': AMENT_PREFIX_PATH=/home/jaime/RM3_ws/install/controller_interface:/home/jaime/RM3_ws/install/hardware_interface:/home/jaime/RM3_ws/install/ros2_control_test_assets:/home/jaime/RM3_ws/install/controller_manager_msgs:${AMENT_PREFIX_PATH} CMAKE_PREFIX_PATH=/home/jaime/RM3_ws/install/controller_interface:/home/jaime/RM3_ws/install/hardware_interface:/home/jaime/RM3_ws/install/ros2_control_test_assets:/home/jaime/RM3_ws/install/controller_manager_msgs:/opt/ros/foxy LD_LIBRARY_PATH=/home/jaime/RM3_ws/install/controller_interface/lib:/home/jaime/RM3_ws/install/hardware_interface/lib:/home/jaime/RM3_ws/install/controller_manager_msgs/lib:${LD_LIBRARY_PATH} PYTHONPATH=/home/jaime/RM3_ws/install/controller_manager_msgs/lib/python3.8/site-packages:${PYTHONPATH} /usr/bin/cmake --build /home/jaime/RM3_ws/build/controller_manager -- -j8 -l8
[0.099s] [ 20%] Built target gmock
[0.100s] [ 20%] Built target gmock_main
[0.106s] [ 28%] Built target controller_manager
[0.152s] [ 36%] Built target test_controller
[0.154s] [ 44%] Built target test_controller_with_interfaces
[0.163s] [ 52%] Built target ros2_control_node
[0.168s] [ 60%] Built target test_controller_failed_init
[0.201s] [ 68%] Built target test_controller_manager
[0.203s] [ 76%] Built target test_spawner_unspawner
[0.221s] [ 84%] Built target test_load_controller
[0.221s] [ 92%] Built target test_release_interfaces
[0.229s] [100%] Built target test_controller_manager_srvs
[0.246s] Invoked command in '/home/jaime/RM3_ws/build/controller_manager' returned '0': AMENT_PREFIX_PATH=/home/jaime/RM3_ws/install/controller_interface:/home/jaime/RM3_ws/install/hardware_interface:/home/jaime/RM3_ws/install/ros2_control_test_assets:/home/jaime/RM3_ws/install/controller_manager_msgs:${AMENT_PREFIX_PATH} CMAKE_PREFIX_PATH=/home/jaime/RM3_ws/install/controller_interface:/home/jaime/RM3_ws/install/hardware_interface:/home/jaime/RM3_ws/install/ros2_control_test_assets:/home/jaime/RM3_ws/install/controller_manager_msgs:/opt/ros/foxy LD_LIBRARY_PATH=/home/jaime/RM3_ws/install/controller_interface/lib:/home/jaime/RM3_ws/install/hardware_interface/lib:/home/jaime/RM3_ws/install/controller_manager_msgs/lib:${LD_LIBRARY_PATH} PYTHONPATH=/home/jaime/RM3_ws/install/controller_manager_msgs/lib/python3.8/site-packages:${PYTHONPATH} /usr/bin/cmake --build /home/jaime/RM3_ws/build/controller_manager -- -j8 -l8
[0.290s] Invoking command in '/home/jaime/RM3_ws/build/controller_manager': AMENT_PREFIX_PATH=/home/jaime/RM3_ws/install/controller_interface:/home/jaime/RM3_ws/install/hardware_interface:/home/jaime/RM3_ws/install/ros2_control_test_assets:/home/jaime/RM3_ws/install/controller_manager_msgs:${AMENT_PREFIX_PATH} CMAKE_PREFIX_PATH=/home/jaime/RM3_ws/install/controller_interface:/home/jaime/RM3_ws/install/hardware_interface:/home/jaime/RM3_ws/install/ros2_control_test_assets:/home/jaime/RM3_ws/install/controller_manager_msgs:/opt/ros/foxy LD_LIBRARY_PATH=/home/jaime/RM3_ws/install/controller_interface/lib:/home/jaime/RM3_ws/install/hardware_interface/lib:/home/jaime/RM3_ws/install/controller_manager_msgs/lib:${LD_LIBRARY_PATH} PYTHONPATH=/home/jaime/RM3_ws/install/controller_manager_msgs/lib/python3.8/site-packages:${PYTHONPATH} /usr/bin/cmake --install /home/jaime/RM3_ws/build/controller_manager
[0.300s] -- Install configuration: ""
[0.300s] -- Execute custom install script
[0.301s] -- Up-to-date symlink: /home/jaime/RM3_ws/install/controller_manager/lib/libcontroller_manager.so
[0.301s] -- Up-to-date symlink: /home/jaime/RM3_ws/install/controller_manager/lib/controller_manager/ros2_control_node
[0.302s] -- Up-to-date symlink: /home/jaime/RM3_ws/install/controller_manager/include/controller_manager/controller_manager.hpp
[0.303s] -- Up-to-date symlink: /home/jaime/RM3_ws/install/controller_manager/include/controller_manager/controller_spec.hpp
[0.303s] -- Up-to-date symlink: /home/jaime/RM3_ws/install/controller_manager/include/controller_manager/visibility_control.h
[0.303s] -- Up-to-date symlink: /home/jaime/RM3_ws/install/controller_manager/lib/controller_manager/spawner.py
[0.304s] -- Up-to-date symlink: /home/jaime/RM3_ws/install/controller_manager/lib/controller_manager/unspawner.py
[0.304s] -- Up-to-date symlink: /home/jaime/RM3_ws/install/controller_manager/share/controller_manager/test/test_controller/test_controller.xml
[0.304s] -- Up-to-date symlink: /home/jaime/RM3_ws/install/controller_manager/lib/libtest_controller.so
[0.305s] -- Up-to-date symlink: /home/jaime/RM3_ws/install/controller_manager/share/controller_manager/test/test_controller_failed_init/test_controller_failed_init.xml
[0.305s] -- Up-to-date symlink: /home/jaime/RM3_ws/install/controller_manager/lib/libtest_controller_failed_init.so
[0.305s] -- Up-to-date symlink: /home/jaime/RM3_ws/install/controller_manager/share/controller_manager/test/test_controller_with_interfaces/test_controller_with_interfaces.xml
[0.306s] -- Up-to-date symlink: /home/jaime/RM3_ws/install/controller_manager/lib/libtest_controller_with_interfaces.so
[0.306s] -- Up-to-date symlink: /home/jaime/RM3_ws/install/controller_manager/share/controller_manager/environment/pythonpath.sh
[0.307s] -- Up-to-date symlink: /home/jaime/RM3_ws/install/controller_manager/share/controller_manager/environment/pythonpath.dsv
[0.307s] -- Up-to-date symlink: /home/jaime/RM3_ws/install/controller_manager/lib/python3.8/site-packages/controller_manager/__init__.py
[0.307s] -- Up-to-date symlink: /home/jaime/RM3_ws/install/controller_manager/lib/python3.8/site-packages/controller_manager/controller_manager_services.py
[0.308s] -- Up-to-date symlink: /home/jaime/RM3_ws/install/controller_manager/lib/python3.8/site-packages/controller_manager/launch_utils.py
[0.309s] -- Up-to-date symlink: /home/jaime/RM3_ws/install/controller_manager/share/controller_manager/environment/library_path.sh
[0.309s] -- Up-to-date symlink: /home/jaime/RM3_ws/install/controller_manager/share/controller_manager/environment/library_path.dsv
[0.309s] -- Up-to-date symlink: /home/jaime/RM3_ws/install/controller_manager/share/ament_index/resource_index/package_run_dependencies/controller_manager
[0.310s] -- Up-to-date symlink: /home/jaime/RM3_ws/install/controller_manager/share/ament_index/resource_index/parent_prefix_path/controller_manager
[0.310s] -- Up-to-date symlink: /home/jaime/RM3_ws/install/controller_manager/share/controller_manager/environment/ament_prefix_path.sh
[0.310s] -- Up-to-date symlink: /home/jaime/RM3_ws/install/controller_manager/share/controller_manager/environment/ament_prefix_path.dsv
[0.310s] -- Up-to-date symlink: /home/jaime/RM3_ws/install/controller_manager/share/controller_manager/environment/path.sh
[0.310s] -- Up-to-date symlink: /home/jaime/RM3_ws/install/controller_manager/share/controller_manager/environment/path.dsv
[0.311s] -- Up-to-date symlink: /home/jaime/RM3_ws/install/controller_manager/share/controller_manager/local_setup.bash
[0.311s] -- Up-to-date symlink: /home/jaime/RM3_ws/install/controller_manager/share/controller_manager/local_setup.sh
[0.315s] -- Up-to-date symlink: /home/jaime/RM3_ws/install/controller_manager/share/controller_manager/local_setup.zsh
[0.315s] -- Up-to-date symlink: /home/jaime/RM3_ws/install/controller_manager/share/controller_manager/local_setup.dsv
[0.315s] -- Symlinking: /home/jaime/RM3_ws/install/controller_manager/share/controller_manager/package.dsv
[0.320s] -- Up-to-date symlink: /home/jaime/RM3_ws/install/controller_manager/share/ament_index/resource_index/packages/controller_manager
[0.320s] -- Up-to-date symlink: /home/jaime/RM3_ws/install/controller_manager/share/ament_index/resource_index/controller_interface__pluginlib__plugin/controller_manager
[0.321s] -- Up-to-date symlink: /home/jaime/RM3_ws/install/controller_manager/share/controller_manager/cmake/ament_cmake_export_libraries-extras.cmake
[0.321s] -- Up-to-date symlink: /home/jaime/RM3_ws/install/controller_manager/share/controller_manager/cmake/ament_cmake_export_include_directories-extras.cmake
[0.321s] -- Up-to-date symlink: /home/jaime/RM3_ws/install/controller_manager/share/controller_manager/cmake/ament_cmake_export_dependencies-extras.cmake
[0.321s] -- Up-to-date symlink: /home/jaime/RM3_ws/install/controller_manager/share/controller_manager/cmake/controller_managerConfig.cmake
[0.321s] -- Up-to-date symlink: /home/jaime/RM3_ws/install/controller_manager/share/controller_manager/cmake/controller_managerConfig-version.cmake
[0.322s] -- Up-to-date symlink: /home/jaime/RM3_ws/install/controller_manager/share/controller_manager/package.xml
[0.356s] Listing '/home/jaime/RM3_ws/install/controller_manager/lib/python3.8/site-packages/controller_manager'...
[0.370s] Invoked command in '/home/jaime/RM3_ws/build/controller_manager' returned '0': AMENT_PREFIX_PATH=/home/jaime/RM3_ws/install/controller_interface:/home/jaime/RM3_ws/install/hardware_interface:/home/jaime/RM3_ws/install/ros2_control_test_assets:/home/jaime/RM3_ws/install/controller_manager_msgs:${AMENT_PREFIX_PATH} CMAKE_PREFIX_PATH=/home/jaime/RM3_ws/install/controller_interface:/home/jaime/RM3_ws/install/hardware_interface:/home/jaime/RM3_ws/install/ros2_control_test_assets:/home/jaime/RM3_ws/install/controller_manager_msgs:/opt/ros/foxy LD_LIBRARY_PATH=/home/jaime/RM3_ws/install/controller_interface/lib:/home/jaime/RM3_ws/install/hardware_interface/lib:/home/jaime/RM3_ws/install/controller_manager_msgs/lib:${LD_LIBRARY_PATH} PYTHONPATH=/home/jaime/RM3_ws/install/controller_manager_msgs/lib/python3.8/site-packages:${PYTHONPATH} /usr/bin/cmake --install /home/jaime/RM3_ws/build/controller_manager
