[0.114s] Invoking command in '/home/jaime/RM3_ws/build/joint_state_controller': AMENT_PREFIX_PATH=/home/jaime/RM3_ws/install/joint_state_broadcaster:/home/jaime/RM3_ws/install/controller_manager:/home/jaime/RM3_ws/install/controller_interface:/home/jaime/RM3_ws/install/hardware_interface:/home/jaime/RM3_ws/install/ros2_control_test_assets:/home/jaime/RM3_ws/install/controller_manager_msgs:${AMENT_PREFIX_PATH} CMAKE_PREFIX_PATH=/home/jaime/RM3_ws/install/joint_state_broadcaster:/home/jaime/RM3_ws/install/controller_manager:/home/jaime/RM3_ws/install/controller_interface:/home/jaime/RM3_ws/install/hardware_interface:/home/jaime/RM3_ws/install/ros2_control_test_assets:/home/jaime/RM3_ws/install/controller_manager_msgs:/opt/ros/foxy LD_LIBRARY_PATH=/home/jaime/RM3_ws/install/joint_state_broadcaster/lib:/home/jaime/RM3_ws/install/controller_manager/lib:/home/jaime/RM3_ws/install/controller_interface/lib:/home/jaime/RM3_ws/install/hardware_interface/lib:/home/jaime/RM3_ws/install/controller_manager_msgs/lib:${LD_LIBRARY_PATH} PYTHONPATH=/home/jaime/RM3_ws/install/controller_manager/lib/python3.8/site-packages:/home/jaime/RM3_ws/install/controller_manager_msgs/lib/python3.8/site-packages:${PYTHONPATH} /usr/bin/cmake /home/jaime/RM3_ws/src/ros2_controllers/joint_state_controller -DCMAKE_INSTALL_PREFIX=/home/jaime/RM3_ws/install/joint_state_controller
[0.162s] -- Found ament_cmake: 0.9.9 (/opt/ros/foxy/share/ament_cmake/cmake)
[0.183s] -- Using PYTHON_EXECUTABLE: /usr/bin/python3
[0.477s] -- Override CMake install command with custom implementation using symlinks instead of copying resources
[0.478s] -- Found joint_state_broadcaster: 0.8.0 (/home/jaime/RM3_ws/install/joint_state_broadcaster/share/joint_state_broadcaster/cmake)
[0.497s] -- Using all available rosidl_typesupport_c: rosidl_typesupport_fastrtps_c;rosidl_typesupport_introspection_c
[0.503s] -- Found rosidl_adapter: 1.2.1 (/opt/ros/foxy/share/rosidl_adapter/cmake)
[0.668s] -- Using all available rosidl_typesupport_cpp: rosidl_typesupport_fastrtps_cpp;rosidl_typesupport_introspection_cpp
[1.362s] -- Found rmw_implementation_cmake: 1.0.3 (/opt/ros/foxy/share/rmw_implementation_cmake/cmake)
[1.364s] -- Using RMW implementation 'rmw_fastrtps_cpp' as default
[1.807s] -- Found ament_cmake_gmock: 0.9.9 (/opt/ros/foxy/share/ament_cmake_gmock/cmake)
[1.808s] -- Found controller_manager: 0.10.1 (/home/jaime/RM3_ws/install/controller_manager/share/controller_manager/cmake)
[1.874s] -- Found ros2_control_test_assets: 0.10.1 (/home/jaime/RM3_ws/install/ros2_control_test_assets/share/ros2_control_test_assets/cmake)
[1.876s] -- Found gmock sources under '/opt/ros/foxy/src/gmock_vendor': C++ tests using 'Google Mock' will be built
[1.878s] -- Found ament_cmake_gtest: 0.9.9 (/opt/ros/foxy/share/ament_cmake_gtest/cmake)
[1.878s] -- Found gtest sources under '/opt/ros/foxy/src/gtest_vendor': C++ tests using 'Google Test' will be built
[2.047s] -- Configuring done
[2.105s] -- Generating done
[2.109s] -- Build files have been written to: /home/jaime/RM3_ws/build/joint_state_controller
[2.123s] Invoked command in '/home/jaime/RM3_ws/build/joint_state_controller' returned '0': AMENT_PREFIX_PATH=/home/jaime/RM3_ws/install/joint_state_broadcaster:/home/jaime/RM3_ws/install/controller_manager:/home/jaime/RM3_ws/install/controller_interface:/home/jaime/RM3_ws/install/hardware_interface:/home/jaime/RM3_ws/install/ros2_control_test_assets:/home/jaime/RM3_ws/install/controller_manager_msgs:${AMENT_PREFIX_PATH} CMAKE_PREFIX_PATH=/home/jaime/RM3_ws/install/joint_state_broadcaster:/home/jaime/RM3_ws/install/controller_manager:/home/jaime/RM3_ws/install/controller_interface:/home/jaime/RM3_ws/install/hardware_interface:/home/jaime/RM3_ws/install/ros2_control_test_assets:/home/jaime/RM3_ws/install/controller_manager_msgs:/opt/ros/foxy LD_LIBRARY_PATH=/home/jaime/RM3_ws/install/joint_state_broadcaster/lib:/home/jaime/RM3_ws/install/controller_manager/lib:/home/jaime/RM3_ws/install/controller_interface/lib:/home/jaime/RM3_ws/install/hardware_interface/lib:/home/jaime/RM3_ws/install/controller_manager_msgs/lib:${LD_LIBRARY_PATH} PYTHONPATH=/home/jaime/RM3_ws/install/controller_manager/lib/python3.8/site-packages:/home/jaime/RM3_ws/install/controller_manager_msgs/lib/python3.8/site-packages:${PYTHONPATH} /usr/bin/cmake /home/jaime/RM3_ws/src/ros2_controllers/joint_state_controller -DCMAKE_INSTALL_PREFIX=/home/jaime/RM3_ws/install/joint_state_controller
[2.127s] Invoking command in '/home/jaime/RM3_ws/build/joint_state_controller': AMENT_PREFIX_PATH=/home/jaime/RM3_ws/install/joint_state_broadcaster:/home/jaime/RM3_ws/install/controller_manager:/home/jaime/RM3_ws/install/controller_interface:/home/jaime/RM3_ws/install/hardware_interface:/home/jaime/RM3_ws/install/ros2_control_test_assets:/home/jaime/RM3_ws/install/controller_manager_msgs:${AMENT_PREFIX_PATH} CMAKE_PREFIX_PATH=/home/jaime/RM3_ws/install/joint_state_broadcaster:/home/jaime/RM3_ws/install/controller_manager:/home/jaime/RM3_ws/install/controller_interface:/home/jaime/RM3_ws/install/hardware_interface:/home/jaime/RM3_ws/install/ros2_control_test_assets:/home/jaime/RM3_ws/install/controller_manager_msgs:/opt/ros/foxy LD_LIBRARY_PATH=/home/jaime/RM3_ws/install/joint_state_broadcaster/lib:/home/jaime/RM3_ws/install/controller_manager/lib:/home/jaime/RM3_ws/install/controller_interface/lib:/home/jaime/RM3_ws/install/hardware_interface/lib:/home/jaime/RM3_ws/install/controller_manager_msgs/lib:${LD_LIBRARY_PATH} PYTHONPATH=/home/jaime/RM3_ws/install/controller_manager/lib/python3.8/site-packages:/home/jaime/RM3_ws/install/controller_manager_msgs/lib/python3.8/site-packages:${PYTHONPATH} /usr/bin/cmake --build /home/jaime/RM3_ws/build/joint_state_controller -- -j8 -l8
[2.208s] [ 33%] Built target gmock
[2.217s] [ 55%] Built target gmock_main
[2.229s] [ 77%] Built target joint_state_controller
[2.263s] [100%] Built target test_load_joint_state_controller
[2.282s] Invoked command in '/home/jaime/RM3_ws/build/joint_state_controller' returned '0': AMENT_PREFIX_PATH=/home/jaime/RM3_ws/install/joint_state_broadcaster:/home/jaime/RM3_ws/install/controller_manager:/home/jaime/RM3_ws/install/controller_interface:/home/jaime/RM3_ws/install/hardware_interface:/home/jaime/RM3_ws/install/ros2_control_test_assets:/home/jaime/RM3_ws/install/controller_manager_msgs:${AMENT_PREFIX_PATH} CMAKE_PREFIX_PATH=/home/jaime/RM3_ws/install/joint_state_broadcaster:/home/jaime/RM3_ws/install/controller_manager:/home/jaime/RM3_ws/install/controller_interface:/home/jaime/RM3_ws/install/hardware_interface:/home/jaime/RM3_ws/install/ros2_control_test_assets:/home/jaime/RM3_ws/install/controller_manager_msgs:/opt/ros/foxy LD_LIBRARY_PATH=/home/jaime/RM3_ws/install/joint_state_broadcaster/lib:/home/jaime/RM3_ws/install/controller_manager/lib:/home/jaime/RM3_ws/install/controller_interface/lib:/home/jaime/RM3_ws/install/hardware_interface/lib:/home/jaime/RM3_ws/install/controller_manager_msgs/lib:${LD_LIBRARY_PATH} PYTHONPATH=/home/jaime/RM3_ws/install/controller_manager/lib/python3.8/site-packages:/home/jaime/RM3_ws/install/controller_manager_msgs/lib/python3.8/site-packages:${PYTHONPATH} /usr/bin/cmake --build /home/jaime/RM3_ws/build/joint_state_controller -- -j8 -l8
[2.354s] Invoking command in '/home/jaime/RM3_ws/build/joint_state_controller': AMENT_PREFIX_PATH=/home/jaime/RM3_ws/install/joint_state_broadcaster:/home/jaime/RM3_ws/install/controller_manager:/home/jaime/RM3_ws/install/controller_interface:/home/jaime/RM3_ws/install/hardware_interface:/home/jaime/RM3_ws/install/ros2_control_test_assets:/home/jaime/RM3_ws/install/controller_manager_msgs:${AMENT_PREFIX_PATH} CMAKE_PREFIX_PATH=/home/jaime/RM3_ws/install/joint_state_broadcaster:/home/jaime/RM3_ws/install/controller_manager:/home/jaime/RM3_ws/install/controller_interface:/home/jaime/RM3_ws/install/hardware_interface:/home/jaime/RM3_ws/install/ros2_control_test_assets:/home/jaime/RM3_ws/install/controller_manager_msgs:/opt/ros/foxy LD_LIBRARY_PATH=/home/jaime/RM3_ws/install/joint_state_broadcaster/lib:/home/jaime/RM3_ws/install/controller_manager/lib:/home/jaime/RM3_ws/install/controller_interface/lib:/home/jaime/RM3_ws/install/hardware_interface/lib:/home/jaime/RM3_ws/install/controller_manager_msgs/lib:${LD_LIBRARY_PATH} PYTHONPATH=/home/jaime/RM3_ws/install/controller_manager/lib/python3.8/site-packages:/home/jaime/RM3_ws/install/controller_manager_msgs/lib/python3.8/site-packages:${PYTHONPATH} /usr/bin/cmake --install /home/jaime/RM3_ws/build/joint_state_controller
[2.361s] -- Install configuration: ""
[2.362s] -- Execute custom install script
[2.362s] -- Up-to-date symlink: /home/jaime/RM3_ws/install/joint_state_controller/share/joint_state_controller//joint_state_plugin.xml
[2.363s] -- Up-to-date symlink: /home/jaime/RM3_ws/install/joint_state_controller/lib/libjoint_state_controller.so
[2.363s] -- Up-to-date symlink: /home/jaime/RM3_ws/install/joint_state_controller/share/joint_state_controller/environment/library_path.sh
[2.363s] -- Up-to-date symlink: /home/jaime/RM3_ws/install/joint_state_controller/share/joint_state_controller/environment/library_path.dsv
[2.363s] -- Up-to-date symlink: /home/jaime/RM3_ws/install/joint_state_controller/share/ament_index/resource_index/package_run_dependencies/joint_state_controller
[2.364s] -- Up-to-date symlink: /home/jaime/RM3_ws/install/joint_state_controller/share/ament_index/resource_index/parent_prefix_path/joint_state_controller
[2.364s] -- Up-to-date symlink: /home/jaime/RM3_ws/install/joint_state_controller/share/joint_state_controller/environment/ament_prefix_path.sh
[2.364s] -- Up-to-date symlink: /home/jaime/RM3_ws/install/joint_state_controller/share/joint_state_controller/environment/ament_prefix_path.dsv
[2.365s] -- Up-to-date symlink: /home/jaime/RM3_ws/install/joint_state_controller/share/joint_state_controller/environment/path.sh
[2.365s] -- Up-to-date symlink: /home/jaime/RM3_ws/install/joint_state_controller/share/joint_state_controller/environment/path.dsv
[2.365s] -- Up-to-date symlink: /home/jaime/RM3_ws/install/joint_state_controller/share/joint_state_controller/local_setup.bash
[2.365s] -- Up-to-date symlink: /home/jaime/RM3_ws/install/joint_state_controller/share/joint_state_controller/local_setup.sh
[2.366s] -- Up-to-date symlink: /home/jaime/RM3_ws/install/joint_state_controller/share/joint_state_controller/local_setup.zsh
[2.366s] -- Up-to-date symlink: /home/jaime/RM3_ws/install/joint_state_controller/share/joint_state_controller/local_setup.dsv
[2.366s] -- Symlinking: /home/jaime/RM3_ws/install/joint_state_controller/share/joint_state_controller/package.dsv
[2.376s] -- Up-to-date symlink: /home/jaime/RM3_ws/install/joint_state_controller/share/ament_index/resource_index/packages/joint_state_controller
[2.376s] -- Up-to-date symlink: /home/jaime/RM3_ws/install/joint_state_controller/share/ament_index/resource_index/controller_interface__pluginlib__plugin/joint_state_controller
[2.376s] -- Up-to-date symlink: /home/jaime/RM3_ws/install/joint_state_controller/share/joint_state_controller/cmake/ament_cmake_export_dependencies-extras.cmake
[2.377s] -- Up-to-date symlink: /home/jaime/RM3_ws/install/joint_state_controller/share/joint_state_controller/cmake/ament_cmake_export_libraries-extras.cmake
[2.377s] -- Up-to-date symlink: /home/jaime/RM3_ws/install/joint_state_controller/share/joint_state_controller/cmake/joint_state_controllerConfig.cmake
[2.377s] -- Up-to-date symlink: /home/jaime/RM3_ws/install/joint_state_controller/share/joint_state_controller/cmake/joint_state_controllerConfig-version.cmake
[2.377s] -- Up-to-date symlink: /home/jaime/RM3_ws/install/joint_state_controller/share/joint_state_controller/package.xml
[2.381s] Invoked command in '/home/jaime/RM3_ws/build/joint_state_controller' returned '0': AMENT_PREFIX_PATH=/home/jaime/RM3_ws/install/joint_state_broadcaster:/home/jaime/RM3_ws/install/controller_manager:/home/jaime/RM3_ws/install/controller_interface:/home/jaime/RM3_ws/install/hardware_interface:/home/jaime/RM3_ws/install/ros2_control_test_assets:/home/jaime/RM3_ws/install/controller_manager_msgs:${AMENT_PREFIX_PATH} CMAKE_PREFIX_PATH=/home/jaime/RM3_ws/install/joint_state_broadcaster:/home/jaime/RM3_ws/install/controller_manager:/home/jaime/RM3_ws/install/controller_interface:/home/jaime/RM3_ws/install/hardware_interface:/home/jaime/RM3_ws/install/ros2_control_test_assets:/home/jaime/RM3_ws/install/controller_manager_msgs:/opt/ros/foxy LD_LIBRARY_PATH=/home/jaime/RM3_ws/install/joint_state_broadcaster/lib:/home/jaime/RM3_ws/install/controller_manager/lib:/home/jaime/RM3_ws/install/controller_interface/lib:/home/jaime/RM3_ws/install/hardware_interface/lib:/home/jaime/RM3_ws/install/controller_manager_msgs/lib:${LD_LIBRARY_PATH} PYTHONPATH=/home/jaime/RM3_ws/install/controller_manager/lib/python3.8/site-packages:/home/jaime/RM3_ws/install/controller_manager_msgs/lib/python3.8/site-packages:${PYTHONPATH} /usr/bin/cmake --install /home/jaime/RM3_ws/build/joint_state_controller
