[0.094s] Invoking command in '/home/jaime/RM3_ws/build/controller_manager_msgs': CMAKE_PREFIX_PATH=/opt/ros/foxy /usr/bin/cmake --build /home/jaime/RM3_ws/build/controller_manager_msgs -- -j8 -l8
[0.998s] [  0%] Built target controller_manager_msgs__cpp
[0.998s] [ 12%] Built target controller_manager_msgs__rosidl_generator_c
[0.999s] [ 24%] Built target controller_manager_msgs__rosidl_typesupport_cpp
[0.999s] [ 36%] Built target controller_manager_msgs__rosidl_typesupport_c
[0.999s] [ 48%] Built target controller_manager_msgs__rosidl_typesupport_fastrtps_cpp
[0.999s] [ 60%] Built target controller_manager_msgs__rosidl_typesupport_introspection_cpp
[0.999s] [ 72%] Built target controller_manager_msgs__rosidl_typesupport_introspection_c
[0.999s] [ 84%] Built target controller_manager_msgs__rosidl_typesupport_fastrtps_c
[0.999s] [ 84%] Built target controller_manager_msgs
[0.999s] [ 85%] Built target controller_manager_msgs__py
[0.999s] [ 96%] Built target controller_manager_msgs__python
[1.000s] [ 98%] Built target controller_manager_msgs__rosidl_typesupport_c__pyext
[1.000s] [ 98%] Built target controller_manager_msgs__rosidl_typesupport_fastrtps_c__pyext
[1.000s] [100%] Built target controller_manager_msgs__rosidl_typesupport_introspection_c__pyext
[1.012s] Invoked command in '/home/jaime/RM3_ws/build/controller_manager_msgs' returned '0': CMAKE_PREFIX_PATH=/opt/ros/foxy /usr/bin/cmake --build /home/jaime/RM3_ws/build/controller_manager_msgs -- -j8 -l8
[1.364s] Invoking command in '/home/jaime/RM3_ws/build/controller_manager_msgs': CMAKE_PREFIX_PATH=/opt/ros/foxy /usr/bin/cmake --install /home/jaime/RM3_ws/build/controller_manager_msgs
[1.380s] -- Install configuration: ""
[1.380s] -- Execute custom install script
[1.381s] -- Up-to-date symlink: /home/jaime/RM3_ws/install/controller_manager_msgs/share/ament_index/resource_index/rosidl_interfaces/controller_manager_msgs
[1.382s] -- Up-to-date symlink: /home/jaime/RM3_ws/install/controller_manager_msgs/include/controller_manager_msgs/msg/controller_state.h
[1.382s] -- Up-to-date symlink: /home/jaime/RM3_ws/install/controller_manager_msgs/include/controller_manager_msgs/msg/detail/controller_state__functions.h
[1.382s] -- Up-to-date symlink: /home/jaime/RM3_ws/install/controller_manager_msgs/include/controller_manager_msgs/msg/detail/controller_state__struct.h
[1.383s] -- Up-to-date symlink: /home/jaime/RM3_ws/install/controller_manager_msgs/include/controller_manager_msgs/msg/detail/controller_state__type_support.h
[1.383s] -- Up-to-date symlink: /home/jaime/RM3_ws/install/controller_manager_msgs/include/controller_manager_msgs/msg/detail/hardware_interface__functions.h
[1.383s] -- Up-to-date symlink: /home/jaime/RM3_ws/install/controller_manager_msgs/include/controller_manager_msgs/msg/detail/hardware_interface__struct.h
[1.383s] -- Up-to-date symlink: /home/jaime/RM3_ws/install/controller_manager_msgs/include/controller_manager_msgs/msg/detail/hardware_interface__type_support.h
[1.383s] -- Up-to-date symlink: /home/jaime/RM3_ws/install/controller_manager_msgs/include/controller_manager_msgs/msg/hardware_interface.h
[1.383s] -- Up-to-date symlink: /home/jaime/RM3_ws/install/controller_manager_msgs/include/controller_manager_msgs/msg/rosidl_generator_c__visibility_control.h
[1.383s] -- Up-to-date symlink: /home/jaime/RM3_ws/install/controller_manager_msgs/include/controller_manager_msgs/srv/configure_controller.h
[1.383s] -- Up-to-date symlink: /home/jaime/RM3_ws/install/controller_manager_msgs/include/controller_manager_msgs/srv/configure_start_controller.h
[1.384s] -- Up-to-date symlink: /home/jaime/RM3_ws/install/controller_manager_msgs/include/controller_manager_msgs/srv/detail/configure_controller__functions.h
[1.384s] -- Up-to-date symlink: /home/jaime/RM3_ws/install/controller_manager_msgs/include/controller_manager_msgs/srv/detail/configure_controller__struct.h
[1.384s] -- Up-to-date symlink: /home/jaime/RM3_ws/install/controller_manager_msgs/include/controller_manager_msgs/srv/detail/configure_controller__type_support.h
[1.384s] -- Up-to-date symlink: /home/jaime/RM3_ws/install/controller_manager_msgs/include/controller_manager_msgs/srv/detail/configure_start_controller__functions.h
[1.385s] -- Up-to-date symlink: /home/jaime/RM3_ws/install/controller_manager_msgs/include/controller_manager_msgs/srv/detail/configure_start_controller__struct.h
[1.385s] -- Up-to-date symlink: /home/jaime/RM3_ws/install/controller_manager_msgs/include/controller_manager_msgs/srv/detail/configure_start_controller__type_support.h
[1.385s] -- Up-to-date symlink: /home/jaime/RM3_ws/install/controller_manager_msgs/include/controller_manager_msgs/srv/detail/list_controller_types__functions.h
[1.385s] -- Up-to-date symlink: /home/jaime/RM3_ws/install/controller_manager_msgs/include/controller_manager_msgs/srv/detail/list_controller_types__struct.h
[1.386s] -- Up-to-date symlink: /home/jaime/RM3_ws/install/controller_manager_msgs/include/controller_manager_msgs/srv/detail/list_controller_types__type_support.h
[1.386s] -- Up-to-date symlink: /home/jaime/RM3_ws/install/controller_manager_msgs/include/controller_manager_msgs/srv/detail/list_controllers__functions.h
[1.386s] -- Up-to-date symlink: /home/jaime/RM3_ws/install/controller_manager_msgs/include/controller_manager_msgs/srv/detail/list_controllers__struct.h
[1.386s] -- Up-to-date symlink: /home/jaime/RM3_ws/install/controller_manager_msgs/include/controller_manager_msgs/srv/detail/list_controllers__type_support.h
[1.386s] -- Up-to-date symlink: /home/jaime/RM3_ws/install/controller_manager_msgs/include/controller_manager_msgs/srv/detail/list_hardware_interfaces__functions.h
[1.386s] -- Up-to-date symlink: /home/jaime/RM3_ws/install/controller_manager_msgs/include/controller_manager_msgs/srv/detail/list_hardware_interfaces__struct.h
[1.387s] -- Up-to-date symlink: /home/jaime/RM3_ws/install/controller_manager_msgs/include/controller_manager_msgs/srv/detail/list_hardware_interfaces__type_support.h
[1.387s] -- Up-to-date symlink: /home/jaime/RM3_ws/install/controller_manager_msgs/include/controller_manager_msgs/srv/detail/load_configure_controller__functions.h
[1.387s] -- Up-to-date symlink: /home/jaime/RM3_ws/install/controller_manager_msgs/include/controller_manager_msgs/srv/detail/load_configure_controller__struct.h
[1.388s] -- Up-to-date symlink: /home/jaime/RM3_ws/install/controller_manager_msgs/include/controller_manager_msgs/srv/detail/load_configure_controller__type_support.h
[1.388s] -- Up-to-date symlink: /home/jaime/RM3_ws/install/controller_manager_msgs/include/controller_manager_msgs/srv/detail/load_controller__functions.h
[1.388s] -- Up-to-date symlink: /home/jaime/RM3_ws/install/controller_manager_msgs/include/controller_manager_msgs/srv/detail/load_controller__struct.h
[1.388s] -- Up-to-date symlink: /home/jaime/RM3_ws/install/controller_manager_msgs/include/controller_manager_msgs/srv/detail/load_controller__type_support.h
[1.388s] -- Up-to-date symlink: /home/jaime/RM3_ws/install/controller_manager_msgs/include/controller_manager_msgs/srv/detail/load_start_controller__functions.h
[1.388s] -- Up-to-date symlink: /home/jaime/RM3_ws/install/controller_manager_msgs/include/controller_manager_msgs/srv/detail/load_start_controller__struct.h
[1.389s] -- Up-to-date symlink: /home/jaime/RM3_ws/install/controller_manager_msgs/include/controller_manager_msgs/srv/detail/load_start_controller__type_support.h
[1.389s] -- Up-to-date symlink: /home/jaime/RM3_ws/install/controller_manager_msgs/include/controller_manager_msgs/srv/detail/reload_controller_libraries__functions.h
[1.390s] -- Up-to-date symlink: /home/jaime/RM3_ws/install/controller_manager_msgs/include/controller_manager_msgs/srv/detail/reload_controller_libraries__struct.h
[1.390s] -- Up-to-date symlink: /home/jaime/RM3_ws/install/controller_manager_msgs/include/controller_manager_msgs/srv/detail/reload_controller_libraries__type_support.h
[1.390s] -- Up-to-date symlink: /home/jaime/RM3_ws/install/controller_manager_msgs/include/controller_manager_msgs/srv/detail/switch_controller__functions.h
[1.391s] -- Up-to-date symlink: /home/jaime/RM3_ws/install/controller_manager_msgs/include/controller_manager_msgs/srv/detail/switch_controller__struct.h
[1.391s] -- Up-to-date symlink: /home/jaime/RM3_ws/install/controller_manager_msgs/include/controller_manager_msgs/srv/detail/switch_controller__type_support.h
[1.391s] -- Up-to-date symlink: /home/jaime/RM3_ws/install/controller_manager_msgs/include/controller_manager_msgs/srv/detail/unload_controller__functions.h
[1.391s] -- Up-to-date symlink: /home/jaime/RM3_ws/install/controller_manager_msgs/include/controller_manager_msgs/srv/detail/unload_controller__struct.h
[1.391s] -- Up-to-date symlink: /home/jaime/RM3_ws/install/controller_manager_msgs/include/controller_manager_msgs/srv/detail/unload_controller__type_support.h
[1.391s] -- Up-to-date symlink: /home/jaime/RM3_ws/install/controller_manager_msgs/include/controller_manager_msgs/srv/list_controller_types.h
[1.392s] -- Up-to-date symlink: /home/jaime/RM3_ws/install/controller_manager_msgs/include/controller_manager_msgs/srv/list_controllers.h
[1.392s] -- Up-to-date symlink: /home/jaime/RM3_ws/install/controller_manager_msgs/include/controller_manager_msgs/srv/list_hardware_interfaces.h
[1.392s] -- Up-to-date symlink: /home/jaime/RM3_ws/install/controller_manager_msgs/include/controller_manager_msgs/srv/load_configure_controller.h
[1.392s] -- Up-to-date symlink: /home/jaime/RM3_ws/install/controller_manager_msgs/include/controller_manager_msgs/srv/load_controller.h
[1.392s] -- Up-to-date symlink: /home/jaime/RM3_ws/install/controller_manager_msgs/include/controller_manager_msgs/srv/load_start_controller.h
[1.392s] -- Up-to-date symlink: /home/jaime/RM3_ws/install/controller_manager_msgs/include/controller_manager_msgs/srv/reload_controller_libraries.h
[1.392s] -- Up-to-date symlink: /home/jaime/RM3_ws/install/controller_manager_msgs/include/controller_manager_msgs/srv/switch_controller.h
[1.392s] -- Up-to-date symlink: /home/jaime/RM3_ws/install/controller_manager_msgs/include/controller_manager_msgs/srv/unload_controller.h
[1.392s] -- Up-to-date symlink: /home/jaime/RM3_ws/install/controller_manager_msgs/share/controller_manager_msgs/environment/library_path.sh
[1.392s] -- Up-to-date symlink: /home/jaime/RM3_ws/install/controller_manager_msgs/share/controller_manager_msgs/environment/library_path.dsv
[1.393s] -- Up-to-date symlink: /home/jaime/RM3_ws/install/controller_manager_msgs/include/controller_manager_msgs/msg/detail/controller_state__rosidl_typesupport_fastrtps_c.h
[1.393s] -- Up-to-date symlink: /home/jaime/RM3_ws/install/controller_manager_msgs/include/controller_manager_msgs/msg/detail/hardware_interface__rosidl_typesupport_fastrtps_c.h
[1.393s] -- Up-to-date symlink: /home/jaime/RM3_ws/install/controller_manager_msgs/include/controller_manager_msgs/msg/rosidl_typesupport_fastrtps_c__visibility_control.h
[1.393s] -- Up-to-date symlink: /home/jaime/RM3_ws/install/controller_manager_msgs/include/controller_manager_msgs/srv/detail/configure_controller__rosidl_typesupport_fastrtps_c.h
[1.393s] -- Up-to-date symlink: /home/jaime/RM3_ws/install/controller_manager_msgs/include/controller_manager_msgs/srv/detail/configure_start_controller__rosidl_typesupport_fastrtps_c.h
[1.393s] -- Up-to-date symlink: /home/jaime/RM3_ws/install/controller_manager_msgs/include/controller_manager_msgs/srv/detail/list_controller_types__rosidl_typesupport_fastrtps_c.h
[1.393s] -- Up-to-date symlink: /home/jaime/RM3_ws/install/controller_manager_msgs/include/controller_manager_msgs/srv/detail/list_controllers__rosidl_typesupport_fastrtps_c.h
[1.394s] -- Up-to-date symlink: /home/jaime/RM3_ws/install/controller_manager_msgs/include/controller_manager_msgs/srv/detail/list_hardware_interfaces__rosidl_typesupport_fastrtps_c.h
[1.394s] -- Up-to-date symlink: /home/jaime/RM3_ws/install/controller_manager_msgs/include/controller_manager_msgs/srv/detail/load_configure_controller__rosidl_typesupport_fastrtps_c.h
[1.394s] -- Up-to-date symlink: /home/jaime/RM3_ws/install/controller_manager_msgs/include/controller_manager_msgs/srv/detail/load_controller__rosidl_typesupport_fastrtps_c.h
[1.394s] -- Up-to-date symlink: /home/jaime/RM3_ws/install/controller_manager_msgs/include/controller_manager_msgs/srv/detail/load_start_controller__rosidl_typesupport_fastrtps_c.h
[1.394s] -- Up-to-date symlink: /home/jaime/RM3_ws/install/controller_manager_msgs/include/controller_manager_msgs/srv/detail/reload_controller_libraries__rosidl_typesupport_fastrtps_c.h
[1.395s] -- Up-to-date symlink: /home/jaime/RM3_ws/install/controller_manager_msgs/include/controller_manager_msgs/srv/detail/switch_controller__rosidl_typesupport_fastrtps_c.h
[1.395s] -- Up-to-date symlink: /home/jaime/RM3_ws/install/controller_manager_msgs/include/controller_manager_msgs/srv/detail/unload_controller__rosidl_typesupport_fastrtps_c.h
[1.395s] -- Up-to-date symlink: /home/jaime/RM3_ws/install/controller_manager_msgs/lib/libcontroller_manager_msgs__rosidl_typesupport_fastrtps_c.so
[1.396s] -- Up-to-date symlink: /home/jaime/RM3_ws/install/controller_manager_msgs/include/controller_manager_msgs/msg/detail/controller_state__rosidl_typesupport_fastrtps_cpp.hpp
[1.396s] -- Up-to-date symlink: /home/jaime/RM3_ws/install/controller_manager_msgs/include/controller_manager_msgs/msg/detail/hardware_interface__rosidl_typesupport_fastrtps_cpp.hpp
[1.397s] -- Up-to-date symlink: /home/jaime/RM3_ws/install/controller_manager_msgs/include/controller_manager_msgs/msg/rosidl_typesupport_fastrtps_cpp__visibility_control.h
[1.397s] -- Up-to-date symlink: /home/jaime/RM3_ws/install/controller_manager_msgs/include/controller_manager_msgs/srv/detail/configure_controller__rosidl_typesupport_fastrtps_cpp.hpp
[1.397s] -- Up-to-date symlink: /home/jaime/RM3_ws/install/controller_manager_msgs/include/controller_manager_msgs/srv/detail/configure_start_controller__rosidl_typesupport_fastrtps_cpp.hpp
[1.397s] -- Up-to-date symlink: /home/jaime/RM3_ws/install/controller_manager_msgs/include/controller_manager_msgs/srv/detail/list_controller_types__rosidl_typesupport_fastrtps_cpp.hpp
[1.397s] -- Up-to-date symlink: /home/jaime/RM3_ws/install/controller_manager_msgs/include/controller_manager_msgs/srv/detail/list_controllers__rosidl_typesupport_fastrtps_cpp.hpp
[1.397s] -- Up-to-date symlink: /home/jaime/RM3_ws/install/controller_manager_msgs/include/controller_manager_msgs/srv/detail/list_hardware_interfaces__rosidl_typesupport_fastrtps_cpp.hpp
[1.398s] -- Up-to-date symlink: /home/jaime/RM3_ws/install/controller_manager_msgs/include/controller_manager_msgs/srv/detail/load_configure_controller__rosidl_typesupport_fastrtps_cpp.hpp
[1.398s] -- Up-to-date symlink: /home/jaime/RM3_ws/install/controller_manager_msgs/include/controller_manager_msgs/srv/detail/load_controller__rosidl_typesupport_fastrtps_cpp.hpp
[1.398s] -- Up-to-date symlink: /home/jaime/RM3_ws/install/controller_manager_msgs/include/controller_manager_msgs/srv/detail/load_start_controller__rosidl_typesupport_fastrtps_cpp.hpp
[1.398s] -- Up-to-date symlink: /home/jaime/RM3_ws/install/controller_manager_msgs/include/controller_manager_msgs/srv/detail/reload_controller_libraries__rosidl_typesupport_fastrtps_cpp.hpp
[1.398s] -- Up-to-date symlink: /home/jaime/RM3_ws/install/controller_manager_msgs/include/controller_manager_msgs/srv/detail/switch_controller__rosidl_typesupport_fastrtps_cpp.hpp
[1.398s] -- Up-to-date symlink: /home/jaime/RM3_ws/install/controller_manager_msgs/include/controller_manager_msgs/srv/detail/unload_controller__rosidl_typesupport_fastrtps_cpp.hpp
[1.398s] -- Up-to-date symlink: /home/jaime/RM3_ws/install/controller_manager_msgs/lib/libcontroller_manager_msgs__rosidl_typesupport_fastrtps_cpp.so
[1.399s] -- Up-to-date symlink: /home/jaime/RM3_ws/install/controller_manager_msgs/include/controller_manager_msgs/msg/detail/controller_state__rosidl_typesupport_introspection_c.h
[1.400s] -- Up-to-date symlink: /home/jaime/RM3_ws/install/controller_manager_msgs/include/controller_manager_msgs/msg/detail/hardware_interface__rosidl_typesupport_introspection_c.h
[1.400s] -- Up-to-date symlink: /home/jaime/RM3_ws/install/controller_manager_msgs/include/controller_manager_msgs/msg/rosidl_typesupport_introspection_c__visibility_control.h
[1.400s] -- Up-to-date symlink: /home/jaime/RM3_ws/install/controller_manager_msgs/include/controller_manager_msgs/srv/detail/configure_controller__rosidl_typesupport_introspection_c.h
[1.400s] -- Up-to-date symlink: /home/jaime/RM3_ws/install/controller_manager_msgs/include/controller_manager_msgs/srv/detail/configure_start_controller__rosidl_typesupport_introspection_c.h
[1.400s] -- Up-to-date symlink: /home/jaime/RM3_ws/install/controller_manager_msgs/include/controller_manager_msgs/srv/detail/list_controller_types__rosidl_typesupport_introspection_c.h
[1.400s] -- Up-to-date symlink: /home/jaime/RM3_ws/install/controller_manager_msgs/include/controller_manager_msgs/srv/detail/list_controllers__rosidl_typesupport_introspection_c.h
[1.401s] -- Up-to-date symlink: /home/jaime/RM3_ws/install/controller_manager_msgs/include/controller_manager_msgs/srv/detail/list_hardware_interfaces__rosidl_typesupport_introspection_c.h
[1.401s] -- Up-to-date symlink: /home/jaime/RM3_ws/install/controller_manager_msgs/include/controller_manager_msgs/srv/detail/load_configure_controller__rosidl_typesupport_introspection_c.h
[1.401s] -- Up-to-date symlink: /home/jaime/RM3_ws/install/controller_manager_msgs/include/controller_manager_msgs/srv/detail/load_controller__rosidl_typesupport_introspection_c.h
[1.401s] -- Up-to-date symlink: /home/jaime/RM3_ws/install/controller_manager_msgs/include/controller_manager_msgs/srv/detail/load_start_controller__rosidl_typesupport_introspection_c.h
[1.401s] -- Up-to-date symlink: /home/jaime/RM3_ws/install/controller_manager_msgs/include/controller_manager_msgs/srv/detail/reload_controller_libraries__rosidl_typesupport_introspection_c.h
[1.401s] -- Up-to-date symlink: /home/jaime/RM3_ws/install/controller_manager_msgs/include/controller_manager_msgs/srv/detail/switch_controller__rosidl_typesupport_introspection_c.h
[1.401s] -- Up-to-date symlink: /home/jaime/RM3_ws/install/controller_manager_msgs/include/controller_manager_msgs/srv/detail/unload_controller__rosidl_typesupport_introspection_c.h
[1.403s] -- Up-to-date symlink: /home/jaime/RM3_ws/install/controller_manager_msgs/include/controller_manager_msgs/msg/controller_state.hpp
[1.403s] -- Up-to-date symlink: /home/jaime/RM3_ws/install/controller_manager_msgs/include/controller_manager_msgs/msg/detail/controller_state__builder.hpp
[1.403s] -- Up-to-date symlink: /home/jaime/RM3_ws/install/controller_manager_msgs/include/controller_manager_msgs/msg/detail/controller_state__struct.hpp
[1.404s] -- Up-to-date symlink: /home/jaime/RM3_ws/install/controller_manager_msgs/include/controller_manager_msgs/msg/detail/controller_state__traits.hpp
[1.404s] -- Up-to-date symlink: /home/jaime/RM3_ws/install/controller_manager_msgs/include/controller_manager_msgs/msg/detail/hardware_interface__builder.hpp
[1.404s] -- Up-to-date symlink: /home/jaime/RM3_ws/install/controller_manager_msgs/include/controller_manager_msgs/msg/detail/hardware_interface__struct.hpp
[1.404s] -- Up-to-date symlink: /home/jaime/RM3_ws/install/controller_manager_msgs/include/controller_manager_msgs/msg/detail/hardware_interface__traits.hpp
[1.404s] -- Up-to-date symlink: /home/jaime/RM3_ws/install/controller_manager_msgs/include/controller_manager_msgs/msg/hardware_interface.hpp
[1.404s] -- Up-to-date symlink: /home/jaime/RM3_ws/install/controller_manager_msgs/include/controller_manager_msgs/srv/configure_controller.hpp
[1.404s] -- Up-to-date symlink: /home/jaime/RM3_ws/install/controller_manager_msgs/include/controller_manager_msgs/srv/configure_start_controller.hpp
[1.404s] -- Up-to-date symlink: /home/jaime/RM3_ws/install/controller_manager_msgs/include/controller_manager_msgs/srv/detail/configure_controller__builder.hpp
[1.405s] -- Up-to-date symlink: /home/jaime/RM3_ws/install/controller_manager_msgs/include/controller_manager_msgs/srv/detail/configure_controller__struct.hpp
[1.405s] -- Up-to-date symlink: /home/jaime/RM3_ws/install/controller_manager_msgs/include/controller_manager_msgs/srv/detail/configure_controller__traits.hpp
[1.405s] -- Up-to-date symlink: /home/jaime/RM3_ws/install/controller_manager_msgs/include/controller_manager_msgs/srv/detail/configure_start_controller__builder.hpp
[1.405s] -- Up-to-date symlink: /home/jaime/RM3_ws/install/controller_manager_msgs/include/controller_manager_msgs/srv/detail/configure_start_controller__struct.hpp
[1.405s] -- Up-to-date symlink: /home/jaime/RM3_ws/install/controller_manager_msgs/include/controller_manager_msgs/srv/detail/configure_start_controller__traits.hpp
[1.405s] -- Up-to-date symlink: /home/jaime/RM3_ws/install/controller_manager_msgs/include/controller_manager_msgs/srv/detail/list_controller_types__builder.hpp
[1.406s] -- Up-to-date symlink: /home/jaime/RM3_ws/install/controller_manager_msgs/include/controller_manager_msgs/srv/detail/list_controller_types__struct.hpp
[1.406s] -- Up-to-date symlink: /home/jaime/RM3_ws/install/controller_manager_msgs/include/controller_manager_msgs/srv/detail/list_controller_types__traits.hpp
[1.406s] -- Up-to-date symlink: /home/jaime/RM3_ws/install/controller_manager_msgs/include/controller_manager_msgs/srv/detail/list_controllers__builder.hpp
[1.406s] -- Up-to-date symlink: /home/jaime/RM3_ws/install/controller_manager_msgs/include/controller_manager_msgs/srv/detail/list_controllers__struct.hpp
[1.407s] -- Up-to-date symlink: /home/jaime/RM3_ws/install/controller_manager_msgs/include/controller_manager_msgs/srv/detail/list_controllers__traits.hpp
[1.407s] -- Up-to-date symlink: /home/jaime/RM3_ws/install/controller_manager_msgs/include/controller_manager_msgs/srv/detail/list_hardware_interfaces__builder.hpp
[1.407s] -- Up-to-date symlink: /home/jaime/RM3_ws/install/controller_manager_msgs/include/controller_manager_msgs/srv/detail/list_hardware_interfaces__struct.hpp
[1.407s] -- Up-to-date symlink: /home/jaime/RM3_ws/install/controller_manager_msgs/include/controller_manager_msgs/srv/detail/list_hardware_interfaces__traits.hpp
[1.407s] -- Up-to-date symlink: /home/jaime/RM3_ws/install/controller_manager_msgs/include/controller_manager_msgs/srv/detail/load_configure_controller__builder.hpp
[1.407s] -- Up-to-date symlink: /home/jaime/RM3_ws/install/controller_manager_msgs/include/controller_manager_msgs/srv/detail/load_configure_controller__struct.hpp
[1.408s] -- Up-to-date symlink: /home/jaime/RM3_ws/install/controller_manager_msgs/include/controller_manager_msgs/srv/detail/load_configure_controller__traits.hpp
[1.408s] -- Up-to-date symlink: /home/jaime/RM3_ws/install/controller_manager_msgs/include/controller_manager_msgs/srv/detail/load_controller__builder.hpp
[1.408s] -- Up-to-date symlink: /home/jaime/RM3_ws/install/controller_manager_msgs/include/controller_manager_msgs/srv/detail/load_controller__struct.hpp
[1.408s] -- Up-to-date symlink: /home/jaime/RM3_ws/install/controller_manager_msgs/include/controller_manager_msgs/srv/detail/load_controller__traits.hpp
[1.408s] -- Up-to-date symlink: /home/jaime/RM3_ws/install/controller_manager_msgs/include/controller_manager_msgs/srv/detail/load_start_controller__builder.hpp
[1.408s] -- Up-to-date symlink: /home/jaime/RM3_ws/install/controller_manager_msgs/include/controller_manager_msgs/srv/detail/load_start_controller__struct.hpp
[1.408s] -- Up-to-date symlink: /home/jaime/RM3_ws/install/controller_manager_msgs/include/controller_manager_msgs/srv/detail/load_start_controller__traits.hpp
[1.408s] -- Up-to-date symlink: /home/jaime/RM3_ws/install/controller_manager_msgs/include/controller_manager_msgs/srv/detail/reload_controller_libraries__builder.hpp
[1.410s] -- Up-to-date symlink: /home/jaime/RM3_ws/install/controller_manager_msgs/include/controller_manager_msgs/srv/detail/reload_controller_libraries__struct.hpp
[1.410s] -- Up-to-date symlink: /home/jaime/RM3_ws/install/controller_manager_msgs/include/controller_manager_msgs/srv/detail/reload_controller_libraries__traits.hpp
[1.412s] -- Up-to-date symlink: /home/jaime/RM3_ws/install/controller_manager_msgs/include/controller_manager_msgs/srv/detail/switch_controller__builder.hpp
[1.412s] -- Up-to-date symlink: /home/jaime/RM3_ws/install/controller_manager_msgs/include/controller_manager_msgs/srv/detail/switch_controller__struct.hpp
[1.413s] -- Up-to-date symlink: /home/jaime/RM3_ws/install/controller_manager_msgs/include/controller_manager_msgs/srv/detail/switch_controller__traits.hpp
[1.413s] -- Up-to-date symlink: /home/jaime/RM3_ws/install/controller_manager_msgs/include/controller_manager_msgs/srv/detail/unload_controller__builder.hpp
[1.413s] -- Up-to-date symlink: /home/jaime/RM3_ws/install/controller_manager_msgs/include/controller_manager_msgs/srv/detail/unload_controller__struct.hpp
[1.414s] -- Up-to-date symlink: /home/jaime/RM3_ws/install/controller_manager_msgs/include/controller_manager_msgs/srv/detail/unload_controller__traits.hpp
[1.414s] -- Up-to-date symlink: /home/jaime/RM3_ws/install/controller_manager_msgs/include/controller_manager_msgs/srv/list_controller_types.hpp
[1.414s] -- Up-to-date symlink: /home/jaime/RM3_ws/install/controller_manager_msgs/include/controller_manager_msgs/srv/list_controllers.hpp
[1.414s] -- Up-to-date symlink: /home/jaime/RM3_ws/install/controller_manager_msgs/include/controller_manager_msgs/srv/list_hardware_interfaces.hpp
[1.414s] -- Up-to-date symlink: /home/jaime/RM3_ws/install/controller_manager_msgs/include/controller_manager_msgs/srv/load_configure_controller.hpp
[1.414s] -- Up-to-date symlink: /home/jaime/RM3_ws/install/controller_manager_msgs/include/controller_manager_msgs/srv/load_controller.hpp
[1.414s] -- Up-to-date symlink: /home/jaime/RM3_ws/install/controller_manager_msgs/include/controller_manager_msgs/srv/load_start_controller.hpp
[1.414s] -- Up-to-date symlink: /home/jaime/RM3_ws/install/controller_manager_msgs/include/controller_manager_msgs/srv/reload_controller_libraries.hpp
[1.415s] -- Up-to-date symlink: /home/jaime/RM3_ws/install/controller_manager_msgs/include/controller_manager_msgs/srv/switch_controller.hpp
[1.415s] -- Up-to-date symlink: /home/jaime/RM3_ws/install/controller_manager_msgs/include/controller_manager_msgs/srv/unload_controller.hpp
[1.415s] -- Up-to-date symlink: /home/jaime/RM3_ws/install/controller_manager_msgs/include/controller_manager_msgs/msg/detail/controller_state__rosidl_typesupport_introspection_cpp.hpp
[1.415s] -- Up-to-date symlink: /home/jaime/RM3_ws/install/controller_manager_msgs/include/controller_manager_msgs/msg/detail/hardware_interface__rosidl_typesupport_introspection_cpp.hpp
[1.415s] -- Up-to-date symlink: /home/jaime/RM3_ws/install/controller_manager_msgs/include/controller_manager_msgs/srv/detail/configure_controller__rosidl_typesupport_introspection_cpp.hpp
[1.415s] -- Up-to-date symlink: /home/jaime/RM3_ws/install/controller_manager_msgs/include/controller_manager_msgs/srv/detail/configure_start_controller__rosidl_typesupport_introspection_cpp.hpp
[1.416s] -- Up-to-date symlink: /home/jaime/RM3_ws/install/controller_manager_msgs/include/controller_manager_msgs/srv/detail/list_controller_types__rosidl_typesupport_introspection_cpp.hpp
[1.416s] -- Up-to-date symlink: /home/jaime/RM3_ws/install/controller_manager_msgs/include/controller_manager_msgs/srv/detail/list_controllers__rosidl_typesupport_introspection_cpp.hpp
[1.416s] -- Up-to-date symlink: /home/jaime/RM3_ws/install/controller_manager_msgs/include/controller_manager_msgs/srv/detail/list_hardware_interfaces__rosidl_typesupport_introspection_cpp.hpp
[1.416s] -- Up-to-date symlink: /home/jaime/RM3_ws/install/controller_manager_msgs/include/controller_manager_msgs/srv/detail/load_configure_controller__rosidl_typesupport_introspection_cpp.hpp
[1.416s] -- Up-to-date symlink: /home/jaime/RM3_ws/install/controller_manager_msgs/include/controller_manager_msgs/srv/detail/load_controller__rosidl_typesupport_introspection_cpp.hpp
[1.417s] -- Up-to-date symlink: /home/jaime/RM3_ws/install/controller_manager_msgs/include/controller_manager_msgs/srv/detail/load_start_controller__rosidl_typesupport_introspection_cpp.hpp
[1.417s] -- Up-to-date symlink: /home/jaime/RM3_ws/install/controller_manager_msgs/include/controller_manager_msgs/srv/detail/reload_controller_libraries__rosidl_typesupport_introspection_cpp.hpp
[1.417s] -- Up-to-date symlink: /home/jaime/RM3_ws/install/controller_manager_msgs/include/controller_manager_msgs/srv/detail/switch_controller__rosidl_typesupport_introspection_cpp.hpp
[1.417s] -- Up-to-date symlink: /home/jaime/RM3_ws/install/controller_manager_msgs/include/controller_manager_msgs/srv/detail/unload_controller__rosidl_typesupport_introspection_cpp.hpp
[1.417s] -- Up-to-date symlink: /home/jaime/RM3_ws/install/controller_manager_msgs/share/controller_manager_msgs/environment/pythonpath.sh
[1.417s] -- Up-to-date symlink: /home/jaime/RM3_ws/install/controller_manager_msgs/share/controller_manager_msgs/environment/pythonpath.dsv
[1.417s] -- Up-to-date symlink: /home/jaime/RM3_ws/install/controller_manager_msgs/lib/python3.8/site-packages/controller_manager_msgs/__init__.py
[1.417s] -- Up-to-date symlink: /home/jaime/RM3_ws/install/controller_manager_msgs/lib/python3.8/site-packages/controller_manager_msgs/msg/__init__.py
[1.418s] -- Up-to-date symlink: /home/jaime/RM3_ws/install/controller_manager_msgs/lib/python3.8/site-packages/controller_manager_msgs/msg/_controller_state.py
[1.418s] -- Up-to-date symlink: /home/jaime/RM3_ws/install/controller_manager_msgs/lib/python3.8/site-packages/controller_manager_msgs/msg/_hardware_interface.py
[1.419s] -- Up-to-date symlink: /home/jaime/RM3_ws/install/controller_manager_msgs/lib/python3.8/site-packages/controller_manager_msgs/srv/__init__.py
[1.419s] -- Up-to-date symlink: /home/jaime/RM3_ws/install/controller_manager_msgs/lib/python3.8/site-packages/controller_manager_msgs/srv/_configure_controller.py
[1.419s] -- Up-to-date symlink: /home/jaime/RM3_ws/install/controller_manager_msgs/lib/python3.8/site-packages/controller_manager_msgs/srv/_configure_start_controller.py
[1.419s] -- Up-to-date symlink: /home/jaime/RM3_ws/install/controller_manager_msgs/lib/python3.8/site-packages/controller_manager_msgs/srv/_list_controller_types.py
[1.419s] -- Up-to-date symlink: /home/jaime/RM3_ws/install/controller_manager_msgs/lib/python3.8/site-packages/controller_manager_msgs/srv/_list_controllers.py
[1.419s] -- Up-to-date symlink: /home/jaime/RM3_ws/install/controller_manager_msgs/lib/python3.8/site-packages/controller_manager_msgs/srv/_list_hardware_interfaces.py
[1.420s] -- Up-to-date symlink: /home/jaime/RM3_ws/install/controller_manager_msgs/lib/python3.8/site-packages/controller_manager_msgs/srv/_load_configure_controller.py
[1.420s] -- Up-to-date symlink: /home/jaime/RM3_ws/install/controller_manager_msgs/lib/python3.8/site-packages/controller_manager_msgs/srv/_load_controller.py
[1.420s] -- Up-to-date symlink: /home/jaime/RM3_ws/install/controller_manager_msgs/lib/python3.8/site-packages/controller_manager_msgs/srv/_load_start_controller.py
[1.420s] -- Up-to-date symlink: /home/jaime/RM3_ws/install/controller_manager_msgs/lib/python3.8/site-packages/controller_manager_msgs/srv/_reload_controller_libraries.py
[1.420s] -- Up-to-date symlink: /home/jaime/RM3_ws/install/controller_manager_msgs/lib/python3.8/site-packages/controller_manager_msgs/srv/_switch_controller.py
[1.420s] -- Up-to-date symlink: /home/jaime/RM3_ws/install/controller_manager_msgs/lib/python3.8/site-packages/controller_manager_msgs/srv/_unload_controller.py
[1.421s] -- Up-to-date symlink: /home/jaime/RM3_ws/install/controller_manager_msgs/lib/python3.8/site-packages/controller_manager_msgs/controller_manager_msgs_s__rosidl_typesupport_fastrtps_c.cpython-38-x86_64-linux-gnu.so
[1.421s] -- Up-to-date symlink: /home/jaime/RM3_ws/install/controller_manager_msgs/lib/python3.8/site-packages/controller_manager_msgs/controller_manager_msgs_s__rosidl_typesupport_introspection_c.cpython-38-x86_64-linux-gnu.so
[1.422s] -- Up-to-date symlink: /home/jaime/RM3_ws/install/controller_manager_msgs/lib/python3.8/site-packages/controller_manager_msgs/controller_manager_msgs_s__rosidl_typesupport_c.cpython-38-x86_64-linux-gnu.so
[1.422s] -- Up-to-date symlink: /home/jaime/RM3_ws/install/controller_manager_msgs/lib/libcontroller_manager_msgs__python.so
[1.422s] -- Up-to-date symlink: /home/jaime/RM3_ws/install/controller_manager_msgs/share/controller_manager_msgs/msg/ControllerState.idl
[1.423s] -- Up-to-date symlink: /home/jaime/RM3_ws/install/controller_manager_msgs/share/controller_manager_msgs/msg/HardwareInterface.idl
[1.423s] -- Up-to-date symlink: /home/jaime/RM3_ws/install/controller_manager_msgs/share/controller_manager_msgs/srv/ConfigureController.idl
[1.423s] -- Up-to-date symlink: /home/jaime/RM3_ws/install/controller_manager_msgs/share/controller_manager_msgs/srv/ConfigureStartController.idl
[1.423s] -- Up-to-date symlink: /home/jaime/RM3_ws/install/controller_manager_msgs/share/controller_manager_msgs/srv/ListControllers.idl
[1.424s] -- Up-to-date symlink: /home/jaime/RM3_ws/install/controller_manager_msgs/share/controller_manager_msgs/srv/ListControllerTypes.idl
[1.424s] -- Up-to-date symlink: /home/jaime/RM3_ws/install/controller_manager_msgs/share/controller_manager_msgs/srv/ListHardwareInterfaces.idl
[1.425s] -- Up-to-date symlink: /home/jaime/RM3_ws/install/controller_manager_msgs/share/controller_manager_msgs/srv/LoadConfigureController.idl
[1.425s] -- Up-to-date symlink: /home/jaime/RM3_ws/install/controller_manager_msgs/share/controller_manager_msgs/srv/LoadController.idl
[1.425s] -- Up-to-date symlink: /home/jaime/RM3_ws/install/controller_manager_msgs/share/controller_manager_msgs/srv/LoadStartController.idl
[1.425s] -- Up-to-date symlink: /home/jaime/RM3_ws/install/controller_manager_msgs/share/controller_manager_msgs/srv/ReloadControllerLibraries.idl
[1.426s] -- Up-to-date symlink: /home/jaime/RM3_ws/install/controller_manager_msgs/share/controller_manager_msgs/srv/SwitchController.idl
[1.426s] -- Up-to-date symlink: /home/jaime/RM3_ws/install/controller_manager_msgs/share/controller_manager_msgs/srv/UnloadController.idl
[1.426s] -- Up-to-date symlink: /home/jaime/RM3_ws/install/controller_manager_msgs/share/controller_manager_msgs/msg/ControllerState.msg
[1.426s] -- Up-to-date symlink: /home/jaime/RM3_ws/install/controller_manager_msgs/share/controller_manager_msgs/msg/HardwareInterface.msg
[1.426s] -- Up-to-date symlink: /home/jaime/RM3_ws/install/controller_manager_msgs/share/controller_manager_msgs/srv/ConfigureController.srv
[1.426s] -- Up-to-date symlink: /home/jaime/RM3_ws/install/controller_manager_msgs/share/controller_manager_msgs/srv/ConfigureController_Request.msg
[1.427s] -- Up-to-date symlink: /home/jaime/RM3_ws/install/controller_manager_msgs/share/controller_manager_msgs/srv/ConfigureController_Response.msg
[1.427s] -- Up-to-date symlink: /home/jaime/RM3_ws/install/controller_manager_msgs/share/controller_manager_msgs/srv/ConfigureStartController.srv
[1.427s] -- Up-to-date symlink: /home/jaime/RM3_ws/install/controller_manager_msgs/share/controller_manager_msgs/srv/ConfigureStartController_Request.msg
[1.427s] -- Up-to-date symlink: /home/jaime/RM3_ws/install/controller_manager_msgs/share/controller_manager_msgs/srv/ConfigureStartController_Response.msg
[1.428s] -- Up-to-date symlink: /home/jaime/RM3_ws/install/controller_manager_msgs/share/controller_manager_msgs/srv/ListControllers.srv
[1.428s] -- Up-to-date symlink: /home/jaime/RM3_ws/install/controller_manager_msgs/share/controller_manager_msgs/srv/ListControllers_Request.msg
[1.429s] -- Up-to-date symlink: /home/jaime/RM3_ws/install/controller_manager_msgs/share/controller_manager_msgs/srv/ListControllers_Response.msg
[1.430s] -- Up-to-date symlink: /home/jaime/RM3_ws/install/controller_manager_msgs/share/controller_manager_msgs/srv/ListControllerTypes.srv
[1.430s] -- Up-to-date symlink: /home/jaime/RM3_ws/install/controller_manager_msgs/share/controller_manager_msgs/srv/ListControllerTypes_Request.msg
[1.430s] -- Up-to-date symlink: /home/jaime/RM3_ws/install/controller_manager_msgs/share/controller_manager_msgs/srv/ListControllerTypes_Response.msg
[1.430s] -- Up-to-date symlink: /home/jaime/RM3_ws/install/controller_manager_msgs/share/controller_manager_msgs/srv/ListHardwareInterfaces.srv
[1.431s] -- Up-to-date symlink: /home/jaime/RM3_ws/install/controller_manager_msgs/share/controller_manager_msgs/srv/ListHardwareInterfaces_Request.msg
[1.431s] -- Up-to-date symlink: /home/jaime/RM3_ws/install/controller_manager_msgs/share/controller_manager_msgs/srv/ListHardwareInterfaces_Response.msg
[1.431s] -- Up-to-date symlink: /home/jaime/RM3_ws/install/controller_manager_msgs/share/controller_manager_msgs/srv/LoadConfigureController.srv
[1.431s] -- Up-to-date symlink: /home/jaime/RM3_ws/install/controller_manager_msgs/share/controller_manager_msgs/srv/LoadConfigureController_Request.msg
[1.432s] -- Up-to-date symlink: /home/jaime/RM3_ws/install/controller_manager_msgs/share/controller_manager_msgs/srv/LoadConfigureController_Response.msg
[1.432s] -- Up-to-date symlink: /home/jaime/RM3_ws/install/controller_manager_msgs/share/controller_manager_msgs/srv/LoadController.srv
[1.432s] -- Up-to-date symlink: /home/jaime/RM3_ws/install/controller_manager_msgs/share/controller_manager_msgs/srv/LoadController_Request.msg
[1.432s] -- Up-to-date symlink: /home/jaime/RM3_ws/install/controller_manager_msgs/share/controller_manager_msgs/srv/LoadController_Response.msg
[1.433s] -- Up-to-date symlink: /home/jaime/RM3_ws/install/controller_manager_msgs/share/controller_manager_msgs/srv/LoadStartController.srv
[1.433s] -- Up-to-date symlink: /home/jaime/RM3_ws/install/controller_manager_msgs/share/controller_manager_msgs/srv/LoadStartController_Request.msg
[1.433s] -- Up-to-date symlink: /home/jaime/RM3_ws/install/controller_manager_msgs/share/controller_manager_msgs/srv/LoadStartController_Response.msg
[1.433s] -- Up-to-date symlink: /home/jaime/RM3_ws/install/controller_manager_msgs/share/controller_manager_msgs/srv/ReloadControllerLibraries.srv
[1.434s] -- Up-to-date symlink: /home/jaime/RM3_ws/install/controller_manager_msgs/share/controller_manager_msgs/srv/ReloadControllerLibraries_Request.msg
[1.434s] -- Up-to-date symlink: /home/jaime/RM3_ws/install/controller_manager_msgs/share/controller_manager_msgs/srv/ReloadControllerLibraries_Response.msg
[1.434s] -- Up-to-date symlink: /home/jaime/RM3_ws/install/controller_manager_msgs/share/controller_manager_msgs/srv/SwitchController.srv
[1.434s] -- Up-to-date symlink: /home/jaime/RM3_ws/install/controller_manager_msgs/share/controller_manager_msgs/srv/SwitchController_Request.msg
[1.435s] -- Up-to-date symlink: /home/jaime/RM3_ws/install/controller_manager_msgs/share/controller_manager_msgs/srv/SwitchController_Response.msg
[1.435s] -- Up-to-date symlink: /home/jaime/RM3_ws/install/controller_manager_msgs/share/controller_manager_msgs/srv/UnloadController.srv
[1.436s] -- Up-to-date symlink: /home/jaime/RM3_ws/install/controller_manager_msgs/share/controller_manager_msgs/srv/UnloadController_Request.msg
[1.436s] -- Up-to-date symlink: /home/jaime/RM3_ws/install/controller_manager_msgs/share/controller_manager_msgs/srv/UnloadController_Response.msg
[1.436s] -- Up-to-date symlink: /home/jaime/RM3_ws/install/controller_manager_msgs/share/ament_index/resource_index/package_run_dependencies/controller_manager_msgs
[1.437s] -- Up-to-date symlink: /home/jaime/RM3_ws/install/controller_manager_msgs/share/ament_index/resource_index/parent_prefix_path/controller_manager_msgs
[1.438s] -- Up-to-date symlink: /home/jaime/RM3_ws/install/controller_manager_msgs/share/controller_manager_msgs/environment/ament_prefix_path.sh
[1.438s] -- Up-to-date symlink: /home/jaime/RM3_ws/install/controller_manager_msgs/share/controller_manager_msgs/environment/ament_prefix_path.dsv
[1.439s] -- Up-to-date symlink: /home/jaime/RM3_ws/install/controller_manager_msgs/share/controller_manager_msgs/environment/path.sh
[1.439s] -- Up-to-date symlink: /home/jaime/RM3_ws/install/controller_manager_msgs/share/controller_manager_msgs/environment/path.dsv
[1.439s] -- Up-to-date symlink: /home/jaime/RM3_ws/install/controller_manager_msgs/share/controller_manager_msgs/local_setup.bash
[1.440s] -- Up-to-date symlink: /home/jaime/RM3_ws/install/controller_manager_msgs/share/controller_manager_msgs/local_setup.sh
[1.440s] -- Up-to-date symlink: /home/jaime/RM3_ws/install/controller_manager_msgs/share/controller_manager_msgs/local_setup.zsh
[1.440s] -- Up-to-date symlink: /home/jaime/RM3_ws/install/controller_manager_msgs/share/controller_manager_msgs/local_setup.dsv
[1.441s] -- Symlinking: /home/jaime/RM3_ws/install/controller_manager_msgs/share/controller_manager_msgs/package.dsv
[1.448s] -- Up-to-date symlink: /home/jaime/RM3_ws/install/controller_manager_msgs/share/ament_index/resource_index/packages/controller_manager_msgs
[1.449s] -- Up-to-date symlink: /home/jaime/RM3_ws/install/controller_manager_msgs/share/controller_manager_msgs/cmake/rosidl_cmake-extras.cmake
[1.449s] -- Up-to-date symlink: /home/jaime/RM3_ws/install/controller_manager_msgs/share/controller_manager_msgs/cmake/ament_cmake_export_dependencies-extras.cmake
[1.449s] -- Up-to-date symlink: /home/jaime/RM3_ws/install/controller_manager_msgs/share/controller_manager_msgs/cmake/ament_cmake_export_libraries-extras.cmake
[1.450s] -- Up-to-date symlink: /home/jaime/RM3_ws/install/controller_manager_msgs/share/controller_manager_msgs/cmake/ament_cmake_export_targets-extras.cmake
[1.450s] -- Up-to-date symlink: /home/jaime/RM3_ws/install/controller_manager_msgs/share/controller_manager_msgs/cmake/ament_cmake_export_include_directories-extras.cmake
[1.450s] -- Up-to-date symlink: /home/jaime/RM3_ws/install/controller_manager_msgs/share/controller_manager_msgs/cmake/rosidl_cmake_export_typesupport_libraries-extras.cmake
[1.450s] -- Up-to-date symlink: /home/jaime/RM3_ws/install/controller_manager_msgs/share/controller_manager_msgs/cmake/rosidl_cmake_export_typesupport_targets-extras.cmake
[1.450s] -- Up-to-date symlink: /home/jaime/RM3_ws/install/controller_manager_msgs/share/controller_manager_msgs/cmake/controller_manager_msgsConfig.cmake
[1.450s] -- Up-to-date symlink: /home/jaime/RM3_ws/install/controller_manager_msgs/share/controller_manager_msgs/cmake/controller_manager_msgsConfig-version.cmake
[1.451s] -- Up-to-date symlink: /home/jaime/RM3_ws/install/controller_manager_msgs/share/controller_manager_msgs/package.xml
[1.451s] -- Up-to-date: /home/jaime/RM3_ws/install/controller_manager_msgs/lib/libcontroller_manager_msgs__rosidl_generator_c.so
[1.451s] -- Up-to-date: /home/jaime/RM3_ws/install/controller_manager_msgs/lib/libcontroller_manager_msgs__rosidl_typesupport_introspection_c.so
[1.452s] -- Up-to-date: /home/jaime/RM3_ws/install/controller_manager_msgs/lib/libcontroller_manager_msgs__rosidl_typesupport_c.so
[1.452s] -- Up-to-date: /home/jaime/RM3_ws/install/controller_manager_msgs/lib/libcontroller_manager_msgs__rosidl_typesupport_introspection_cpp.so
[1.453s] -- Up-to-date: /home/jaime/RM3_ws/install/controller_manager_msgs/lib/libcontroller_manager_msgs__rosidl_typesupport_cpp.so
[1.500s] -- Up-to-date: /home/jaime/RM3_ws/install/controller_manager_msgs/share/controller_manager_msgs/cmake/controller_manager_msgs__rosidl_generator_cExport.cmake
[1.501s] -- Up-to-date: /home/jaime/RM3_ws/install/controller_manager_msgs/share/controller_manager_msgs/cmake/controller_manager_msgs__rosidl_generator_cExport-noconfig.cmake
[1.501s] -- Up-to-date: /home/jaime/RM3_ws/install/controller_manager_msgs/share/controller_manager_msgs/cmake/controller_manager_msgs__rosidl_typesupport_introspection_cExport.cmake
[1.501s] -- Up-to-date: /home/jaime/RM3_ws/install/controller_manager_msgs/share/controller_manager_msgs/cmake/controller_manager_msgs__rosidl_typesupport_introspection_cExport-noconfig.cmake
[1.501s] -- Up-to-date: /home/jaime/RM3_ws/install/controller_manager_msgs/share/controller_manager_msgs/cmake/controller_manager_msgs__rosidl_typesupport_cExport.cmake
[1.501s] -- Up-to-date: /home/jaime/RM3_ws/install/controller_manager_msgs/share/controller_manager_msgs/cmake/controller_manager_msgs__rosidl_typesupport_cExport-noconfig.cmake
[1.502s] -- Up-to-date: /home/jaime/RM3_ws/install/controller_manager_msgs/share/controller_manager_msgs/cmake/controller_manager_msgs__rosidl_generator_cppExport.cmake
[1.502s] -- Up-to-date: /home/jaime/RM3_ws/install/controller_manager_msgs/share/controller_manager_msgs/cmake/controller_manager_msgs__rosidl_typesupport_introspection_cppExport.cmake
[1.502s] -- Up-to-date: /home/jaime/RM3_ws/install/controller_manager_msgs/share/controller_manager_msgs/cmake/controller_manager_msgs__rosidl_typesupport_introspection_cppExport-noconfig.cmake
[1.502s] -- Up-to-date: /home/jaime/RM3_ws/install/controller_manager_msgs/share/controller_manager_msgs/cmake/controller_manager_msgs__rosidl_typesupport_cppExport.cmake
[1.502s] -- Up-to-date: /home/jaime/RM3_ws/install/controller_manager_msgs/share/controller_manager_msgs/cmake/controller_manager_msgs__rosidl_typesupport_cppExport-noconfig.cmake
[1.514s] Invoked command in '/home/jaime/RM3_ws/build/controller_manager_msgs' returned '0': CMAKE_PREFIX_PATH=/opt/ros/foxy /usr/bin/cmake --install /home/jaime/RM3_ws/build/controller_manager_msgs
