running develop
Removing /home/jaime/RM3_ws/install/robominer_bringup/lib/python3.8/site-packages/robominer-bringup.egg-link (link to .)
running egg_info
writing ../../../build/robominer_bringup/robominer_bringup.egg-info/PKG-INFO
writing dependency_links to ../../../build/robominer_bringup/robominer_bringup.egg-info/dependency_links.txt
writing entry points to ../../../build/robominer_bringup/robominer_bringup.egg-info/entry_points.txt
writing requirements to ../../../build/robominer_bringup/robominer_bringup.egg-info/requires.txt
writing top-level names to ../../../build/robominer_bringup/robominer_bringup.egg-info/top_level.txt
reading manifest file '../../../build/robominer_bringup/robominer_bringup.egg-info/SOURCES.txt'
writing manifest file '../../../build/robominer_bringup/robominer_bringup.egg-info/SOURCES.txt'
running build
running build_py
running install
running install_lib
creating /home/jaime/RM3_ws/install/robominer_bringup/lib/python3.8/site-packages/robominer_bringup
copying /home/jaime/RM3_ws/build/robominer_bringup/build/lib/robominer_bringup/__init__.py -> /home/jaime/RM3_ws/install/robominer_bringup/lib/python3.8/site-packages/robominer_bringup
byte-compiling /home/jaime/RM3_ws/install/robominer_bringup/lib/python3.8/site-packages/robominer_bringup/__init__.py to __init__.cpython-38.pyc
running install_data
running install_egg_info
Copying ../../../build/robominer_bringup/robominer_bringup.egg-info to /home/jaime/RM3_ws/install/robominer_bringup/lib/python3.8/site-packages/robominer_bringup-0.0.0-py3.8.egg-info
running install_scripts
writing list of installed files to '/home/jaime/RM3_ws/build/robominer_bringup/install.log'
