[0.186s] Invoking command in '/home/jaime/RM3_ws/build/controller_interface': AMENT_PREFIX_PATH=/home/jaime/RM3_ws/install/hardware_interface:${AMENT_PREFIX_PATH} CMAKE_PREFIX_PATH=/home/jaime/RM3_ws/install/hardware_interface:/opt/ros/foxy LD_LIBRARY_PATH=/home/jaime/RM3_ws/install/hardware_interface/lib:${LD_LIBRARY_PATH} /usr/bin/cmake --build /home/jaime/RM3_ws/build/controller_interface -- -j8 -l8
[0.327s] [ 20%] Built target gmock
[0.345s] [ 33%] Built target gmock_main
[0.350s] [ 46%] Built target controller_interface
[0.433s] [ 60%] Built target test_semantic_component_interface
[0.435s] [ 73%] Built target test_force_torque_sensor
[0.435s] [ 86%] Built target test_imu_sensor
[0.493s] [100%] Built target test_controller_with_options
[0.507s] Invoked command in '/home/jaime/RM3_ws/build/controller_interface' returned '0': AMENT_PREFIX_PATH=/home/jaime/RM3_ws/install/hardware_interface:${AMENT_PREFIX_PATH} CMAKE_PREFIX_PATH=/home/jaime/RM3_ws/install/hardware_interface:/opt/ros/foxy LD_LIBRARY_PATH=/home/jaime/RM3_ws/install/hardware_interface/lib:${LD_LIBRARY_PATH} /usr/bin/cmake --build /home/jaime/RM3_ws/build/controller_interface -- -j8 -l8
[0.583s] Invoking command in '/home/jaime/RM3_ws/build/controller_interface': AMENT_PREFIX_PATH=/home/jaime/RM3_ws/install/hardware_interface:${AMENT_PREFIX_PATH} CMAKE_PREFIX_PATH=/home/jaime/RM3_ws/install/hardware_interface:/opt/ros/foxy LD_LIBRARY_PATH=/home/jaime/RM3_ws/install/hardware_interface/lib:${LD_LIBRARY_PATH} /usr/bin/cmake --install /home/jaime/RM3_ws/build/controller_interface
[0.659s] -- Install configuration: ""
[0.660s] -- Execute custom install script
[0.661s] -- Up-to-date symlink: /home/jaime/RM3_ws/install/controller_interface/include/controller_interface/controller_interface.hpp
[0.661s] -- Up-to-date symlink: /home/jaime/RM3_ws/install/controller_interface/include/controller_interface/controller_state_names.hpp
[0.661s] -- Up-to-date symlink: /home/jaime/RM3_ws/install/controller_interface/include/controller_interface/helpers.hpp
[0.662s] -- Up-to-date symlink: /home/jaime/RM3_ws/install/controller_interface/include/controller_interface/visibility_control.h
[0.662s] -- Up-to-date symlink: /home/jaime/RM3_ws/install/controller_interface/include/semantic_components/force_torque_sensor.hpp
[0.662s] -- Up-to-date symlink: /home/jaime/RM3_ws/install/controller_interface/include/semantic_components/imu_sensor.hpp
[0.663s] -- Up-to-date symlink: /home/jaime/RM3_ws/install/controller_interface/include/semantic_components/semantic_component_interface.hpp
[0.663s] -- Up-to-date symlink: /home/jaime/RM3_ws/install/controller_interface/lib/libcontroller_interface.so
[0.663s] -- Up-to-date symlink: /home/jaime/RM3_ws/install/controller_interface/share/controller_interface/environment/library_path.sh
[0.664s] -- Up-to-date symlink: /home/jaime/RM3_ws/install/controller_interface/share/controller_interface/environment/library_path.dsv
[0.664s] -- Up-to-date symlink: /home/jaime/RM3_ws/install/controller_interface/share/ament_index/resource_index/package_run_dependencies/controller_interface
[0.664s] -- Up-to-date symlink: /home/jaime/RM3_ws/install/controller_interface/share/ament_index/resource_index/parent_prefix_path/controller_interface
[0.665s] -- Up-to-date symlink: /home/jaime/RM3_ws/install/controller_interface/share/controller_interface/environment/ament_prefix_path.sh
[0.665s] -- Up-to-date symlink: /home/jaime/RM3_ws/install/controller_interface/share/controller_interface/environment/ament_prefix_path.dsv
[0.666s] -- Up-to-date symlink: /home/jaime/RM3_ws/install/controller_interface/share/controller_interface/environment/path.sh
[0.666s] -- Up-to-date symlink: /home/jaime/RM3_ws/install/controller_interface/share/controller_interface/environment/path.dsv
[0.666s] -- Up-to-date symlink: /home/jaime/RM3_ws/install/controller_interface/share/controller_interface/local_setup.bash
[0.666s] -- Up-to-date symlink: /home/jaime/RM3_ws/install/controller_interface/share/controller_interface/local_setup.sh
[0.666s] -- Up-to-date symlink: /home/jaime/RM3_ws/install/controller_interface/share/controller_interface/local_setup.zsh
[0.667s] -- Up-to-date symlink: /home/jaime/RM3_ws/install/controller_interface/share/controller_interface/local_setup.dsv
[0.668s] -- Symlinking: /home/jaime/RM3_ws/install/controller_interface/share/controller_interface/package.dsv
[0.668s] -- Up-to-date symlink: /home/jaime/RM3_ws/install/controller_interface/share/ament_index/resource_index/packages/controller_interface
[0.668s] -- Up-to-date symlink: /home/jaime/RM3_ws/install/controller_interface/share/controller_interface/cmake/ament_cmake_export_dependencies-extras.cmake
[0.668s] -- Up-to-date symlink: /home/jaime/RM3_ws/install/controller_interface/share/controller_interface/cmake/ament_cmake_export_include_directories-extras.cmake
[0.669s] -- Up-to-date symlink: /home/jaime/RM3_ws/install/controller_interface/share/controller_interface/cmake/ament_cmake_export_libraries-extras.cmake
[0.669s] -- Up-to-date symlink: /home/jaime/RM3_ws/install/controller_interface/share/controller_interface/cmake/controller_interfaceConfig.cmake
[0.669s] -- Up-to-date symlink: /home/jaime/RM3_ws/install/controller_interface/share/controller_interface/cmake/controller_interfaceConfig-version.cmake
[0.669s] -- Up-to-date symlink: /home/jaime/RM3_ws/install/controller_interface/share/controller_interface/package.xml
[0.706s] Invoked command in '/home/jaime/RM3_ws/build/controller_interface' returned '0': AMENT_PREFIX_PATH=/home/jaime/RM3_ws/install/hardware_interface:${AMENT_PREFIX_PATH} CMAKE_PREFIX_PATH=/home/jaime/RM3_ws/install/hardware_interface:/opt/ros/foxy LD_LIBRARY_PATH=/home/jaime/RM3_ws/install/hardware_interface/lib:${LD_LIBRARY_PATH} /usr/bin/cmake --install /home/jaime/RM3_ws/build/controller_interface
