[0.107s] Invoking command in '/home/jaime/RM3_ws/build/controller_manager_msgs': CMAKE_PREFIX_PATH=/opt/ros/foxy /usr/bin/cmake --build /home/jaime/RM3_ws/build/controller_manager_msgs -- -j8 -l8
[1.262s] [  0%] Built target controller_manager_msgs__cpp
[1.267s] [ 12%] Built target controller_manager_msgs__rosidl_generator_c
[1.268s] [ 36%] Built target controller_manager_msgs__rosidl_typesupport_cpp
[1.268s] [ 36%] Built target controller_manager_msgs__rosidl_typesupport_introspection_cpp
[1.269s] [ 48%] Built target controller_manager_msgs__rosidl_typesupport_introspection_c
[1.269s] [ 60%] Built target controller_manager_msgs__rosidl_typesupport_c
[1.269s] [ 72%] Built target controller_manager_msgs__rosidl_typesupport_fastrtps_cpp
[1.270s] [ 84%] Built target controller_manager_msgs__rosidl_typesupport_fastrtps_c
[1.270s] [ 84%] Built target controller_manager_msgs
[1.270s] [ 85%] Built target controller_manager_msgs__py
[1.270s] [ 96%] Built target controller_manager_msgs__python
[1.271s] [ 97%] Built target controller_manager_msgs__rosidl_typesupport_c__pyext
[1.271s] [100%] Built target controller_manager_msgs__rosidl_typesupport_fastrtps_c__pyext
[1.271s] [100%] Built target controller_manager_msgs__rosidl_typesupport_introspection_c__pyext
[1.306s] Invoked command in '/home/jaime/RM3_ws/build/controller_manager_msgs' returned '0': CMAKE_PREFIX_PATH=/opt/ros/foxy /usr/bin/cmake --build /home/jaime/RM3_ws/build/controller_manager_msgs -- -j8 -l8
[1.809s] Invoking command in '/home/jaime/RM3_ws/build/controller_manager_msgs': CMAKE_PREFIX_PATH=/opt/ros/foxy /usr/bin/cmake --install /home/jaime/RM3_ws/build/controller_manager_msgs
[1.831s] -- Install configuration: ""
[1.843s] -- Execute custom install script
[1.845s] -- Up-to-date symlink: /home/jaime/RM3_ws/install/controller_manager_msgs/share/ament_index/resource_index/rosidl_interfaces/controller_manager_msgs
[1.857s] -- Up-to-date symlink: /home/jaime/RM3_ws/install/controller_manager_msgs/include/controller_manager_msgs/msg/controller_state.h
[1.858s] -- Up-to-date symlink: /home/jaime/RM3_ws/install/controller_manager_msgs/include/controller_manager_msgs/msg/detail/controller_state__functions.h
[1.859s] -- Up-to-date symlink: /home/jaime/RM3_ws/install/controller_manager_msgs/include/controller_manager_msgs/msg/detail/controller_state__struct.h
[1.859s] -- Up-to-date symlink: /home/jaime/RM3_ws/install/controller_manager_msgs/include/controller_manager_msgs/msg/detail/controller_state__type_support.h
[1.860s] -- Up-to-date symlink: /home/jaime/RM3_ws/install/controller_manager_msgs/include/controller_manager_msgs/msg/detail/hardware_interface__functions.h
[1.861s] -- Up-to-date symlink: /home/jaime/RM3_ws/install/controller_manager_msgs/include/controller_manager_msgs/msg/detail/hardware_interface__struct.h
[1.861s] -- Up-to-date symlink: /home/jaime/RM3_ws/install/controller_manager_msgs/include/controller_manager_msgs/msg/detail/hardware_interface__type_support.h
[1.862s] -- Up-to-date symlink: /home/jaime/RM3_ws/install/controller_manager_msgs/include/controller_manager_msgs/msg/hardware_interface.h
[1.863s] -- Up-to-date symlink: /home/jaime/RM3_ws/install/controller_manager_msgs/include/controller_manager_msgs/msg/rosidl_generator_c__visibility_control.h
[1.864s] -- Up-to-date symlink: /home/jaime/RM3_ws/install/controller_manager_msgs/include/controller_manager_msgs/srv/configure_controller.h
[1.864s] -- Up-to-date symlink: /home/jaime/RM3_ws/install/controller_manager_msgs/include/controller_manager_msgs/srv/configure_start_controller.h
[1.866s] -- Up-to-date symlink: /home/jaime/RM3_ws/install/controller_manager_msgs/include/controller_manager_msgs/srv/detail/configure_controller__functions.h
[1.867s] -- Up-to-date symlink: /home/jaime/RM3_ws/install/controller_manager_msgs/include/controller_manager_msgs/srv/detail/configure_controller__struct.h
[1.867s] -- Up-to-date symlink: /home/jaime/RM3_ws/install/controller_manager_msgs/include/controller_manager_msgs/srv/detail/configure_controller__type_support.h
[1.868s] -- Up-to-date symlink: /home/jaime/RM3_ws/install/controller_manager_msgs/include/controller_manager_msgs/srv/detail/configure_start_controller__functions.h
[1.869s] -- Up-to-date symlink: /home/jaime/RM3_ws/install/controller_manager_msgs/include/controller_manager_msgs/srv/detail/configure_start_controller__struct.h
[1.870s] -- Up-to-date symlink: /home/jaime/RM3_ws/install/controller_manager_msgs/include/controller_manager_msgs/srv/detail/configure_start_controller__type_support.h
[1.870s] -- Up-to-date symlink: /home/jaime/RM3_ws/install/controller_manager_msgs/include/controller_manager_msgs/srv/detail/list_controller_types__functions.h
[1.871s] -- Up-to-date symlink: /home/jaime/RM3_ws/install/controller_manager_msgs/include/controller_manager_msgs/srv/detail/list_controller_types__struct.h
[1.871s] -- Up-to-date symlink: /home/jaime/RM3_ws/install/controller_manager_msgs/include/controller_manager_msgs/srv/detail/list_controller_types__type_support.h
[1.872s] -- Up-to-date symlink: /home/jaime/RM3_ws/install/controller_manager_msgs/include/controller_manager_msgs/srv/detail/list_controllers__functions.h
[1.873s] -- Up-to-date symlink: /home/jaime/RM3_ws/install/controller_manager_msgs/include/controller_manager_msgs/srv/detail/list_controllers__struct.h
[1.873s] -- Up-to-date symlink: /home/jaime/RM3_ws/install/controller_manager_msgs/include/controller_manager_msgs/srv/detail/list_controllers__type_support.h
[1.874s] -- Up-to-date symlink: /home/jaime/RM3_ws/install/controller_manager_msgs/include/controller_manager_msgs/srv/detail/list_hardware_interfaces__functions.h
[1.875s] -- Up-to-date symlink: /home/jaime/RM3_ws/install/controller_manager_msgs/include/controller_manager_msgs/srv/detail/list_hardware_interfaces__struct.h
[1.876s] -- Up-to-date symlink: /home/jaime/RM3_ws/install/controller_manager_msgs/include/controller_manager_msgs/srv/detail/list_hardware_interfaces__type_support.h
[1.877s] -- Up-to-date symlink: /home/jaime/RM3_ws/install/controller_manager_msgs/include/controller_manager_msgs/srv/detail/load_configure_controller__functions.h
[1.878s] -- Up-to-date symlink: /home/jaime/RM3_ws/install/controller_manager_msgs/include/controller_manager_msgs/srv/detail/load_configure_controller__struct.h
[1.879s] -- Up-to-date symlink: /home/jaime/RM3_ws/install/controller_manager_msgs/include/controller_manager_msgs/srv/detail/load_configure_controller__type_support.h
[1.879s] -- Up-to-date symlink: /home/jaime/RM3_ws/install/controller_manager_msgs/include/controller_manager_msgs/srv/detail/load_controller__functions.h
[1.880s] -- Up-to-date symlink: /home/jaime/RM3_ws/install/controller_manager_msgs/include/controller_manager_msgs/srv/detail/load_controller__struct.h
[1.883s] -- Up-to-date symlink: /home/jaime/RM3_ws/install/controller_manager_msgs/include/controller_manager_msgs/srv/detail/load_controller__type_support.h
[1.884s] -- Up-to-date symlink: /home/jaime/RM3_ws/install/controller_manager_msgs/include/controller_manager_msgs/srv/detail/load_start_controller__functions.h
[1.885s] -- Up-to-date symlink: /home/jaime/RM3_ws/install/controller_manager_msgs/include/controller_manager_msgs/srv/detail/load_start_controller__struct.h
[1.887s] -- Up-to-date symlink: /home/jaime/RM3_ws/install/controller_manager_msgs/include/controller_manager_msgs/srv/detail/load_start_controller__type_support.h
[1.888s] -- Up-to-date symlink: /home/jaime/RM3_ws/install/controller_manager_msgs/include/controller_manager_msgs/srv/detail/reload_controller_libraries__functions.h
[1.889s] -- Up-to-date symlink: /home/jaime/RM3_ws/install/controller_manager_msgs/include/controller_manager_msgs/srv/detail/reload_controller_libraries__struct.h
[1.889s] -- Up-to-date symlink: /home/jaime/RM3_ws/install/controller_manager_msgs/include/controller_manager_msgs/srv/detail/reload_controller_libraries__type_support.h
[1.890s] -- Up-to-date symlink: /home/jaime/RM3_ws/install/controller_manager_msgs/include/controller_manager_msgs/srv/detail/switch_controller__functions.h
[1.891s] -- Up-to-date symlink: /home/jaime/RM3_ws/install/controller_manager_msgs/include/controller_manager_msgs/srv/detail/switch_controller__struct.h
[1.892s] -- Up-to-date symlink: /home/jaime/RM3_ws/install/controller_manager_msgs/include/controller_manager_msgs/srv/detail/switch_controller__type_support.h
[1.893s] -- Up-to-date symlink: /home/jaime/RM3_ws/install/controller_manager_msgs/include/controller_manager_msgs/srv/detail/unload_controller__functions.h
[1.895s] -- Up-to-date symlink: /home/jaime/RM3_ws/install/controller_manager_msgs/include/controller_manager_msgs/srv/detail/unload_controller__struct.h
[1.898s] -- Up-to-date symlink: /home/jaime/RM3_ws/install/controller_manager_msgs/include/controller_manager_msgs/srv/detail/unload_controller__type_support.h
[1.898s] -- Up-to-date symlink: /home/jaime/RM3_ws/install/controller_manager_msgs/include/controller_manager_msgs/srv/list_controller_types.h
[1.898s] -- Up-to-date symlink: /home/jaime/RM3_ws/install/controller_manager_msgs/include/controller_manager_msgs/srv/list_controllers.h
[1.899s] -- Up-to-date symlink: /home/jaime/RM3_ws/install/controller_manager_msgs/include/controller_manager_msgs/srv/list_hardware_interfaces.h
[1.900s] -- Up-to-date symlink: /home/jaime/RM3_ws/install/controller_manager_msgs/include/controller_manager_msgs/srv/load_configure_controller.h
[1.900s] -- Up-to-date symlink: /home/jaime/RM3_ws/install/controller_manager_msgs/include/controller_manager_msgs/srv/load_controller.h
[1.900s] -- Up-to-date symlink: /home/jaime/RM3_ws/install/controller_manager_msgs/include/controller_manager_msgs/srv/load_start_controller.h
[1.901s] -- Up-to-date symlink: /home/jaime/RM3_ws/install/controller_manager_msgs/include/controller_manager_msgs/srv/reload_controller_libraries.h
[1.901s] -- Up-to-date symlink: /home/jaime/RM3_ws/install/controller_manager_msgs/include/controller_manager_msgs/srv/switch_controller.h
[1.902s] -- Up-to-date symlink: /home/jaime/RM3_ws/install/controller_manager_msgs/include/controller_manager_msgs/srv/unload_controller.h
[1.903s] -- Up-to-date symlink: /home/jaime/RM3_ws/install/controller_manager_msgs/share/controller_manager_msgs/environment/library_path.sh
[1.903s] -- Up-to-date symlink: /home/jaime/RM3_ws/install/controller_manager_msgs/share/controller_manager_msgs/environment/library_path.dsv
[1.905s] -- Up-to-date symlink: /home/jaime/RM3_ws/install/controller_manager_msgs/include/controller_manager_msgs/msg/detail/controller_state__rosidl_typesupport_fastrtps_c.h
[1.905s] -- Up-to-date symlink: /home/jaime/RM3_ws/install/controller_manager_msgs/include/controller_manager_msgs/msg/detail/hardware_interface__rosidl_typesupport_fastrtps_c.h
[1.906s] -- Up-to-date symlink: /home/jaime/RM3_ws/install/controller_manager_msgs/include/controller_manager_msgs/msg/rosidl_typesupport_fastrtps_c__visibility_control.h
[1.906s] -- Up-to-date symlink: /home/jaime/RM3_ws/install/controller_manager_msgs/include/controller_manager_msgs/srv/detail/configure_controller__rosidl_typesupport_fastrtps_c.h
[1.907s] -- Up-to-date symlink: /home/jaime/RM3_ws/install/controller_manager_msgs/include/controller_manager_msgs/srv/detail/configure_start_controller__rosidl_typesupport_fastrtps_c.h
[1.907s] -- Up-to-date symlink: /home/jaime/RM3_ws/install/controller_manager_msgs/include/controller_manager_msgs/srv/detail/list_controller_types__rosidl_typesupport_fastrtps_c.h
[1.908s] -- Up-to-date symlink: /home/jaime/RM3_ws/install/controller_manager_msgs/include/controller_manager_msgs/srv/detail/list_controllers__rosidl_typesupport_fastrtps_c.h
[1.909s] -- Up-to-date symlink: /home/jaime/RM3_ws/install/controller_manager_msgs/include/controller_manager_msgs/srv/detail/list_hardware_interfaces__rosidl_typesupport_fastrtps_c.h
[1.910s] -- Up-to-date symlink: /home/jaime/RM3_ws/install/controller_manager_msgs/include/controller_manager_msgs/srv/detail/load_configure_controller__rosidl_typesupport_fastrtps_c.h
[1.911s] -- Up-to-date symlink: /home/jaime/RM3_ws/install/controller_manager_msgs/include/controller_manager_msgs/srv/detail/load_controller__rosidl_typesupport_fastrtps_c.h
[1.911s] -- Up-to-date symlink: /home/jaime/RM3_ws/install/controller_manager_msgs/include/controller_manager_msgs/srv/detail/load_start_controller__rosidl_typesupport_fastrtps_c.h
[1.912s] -- Up-to-date symlink: /home/jaime/RM3_ws/install/controller_manager_msgs/include/controller_manager_msgs/srv/detail/reload_controller_libraries__rosidl_typesupport_fastrtps_c.h
[1.913s] -- Up-to-date symlink: /home/jaime/RM3_ws/install/controller_manager_msgs/include/controller_manager_msgs/srv/detail/switch_controller__rosidl_typesupport_fastrtps_c.h
[1.915s] -- Up-to-date symlink: /home/jaime/RM3_ws/install/controller_manager_msgs/include/controller_manager_msgs/srv/detail/unload_controller__rosidl_typesupport_fastrtps_c.h
[1.916s] -- Up-to-date symlink: /home/jaime/RM3_ws/install/controller_manager_msgs/lib/libcontroller_manager_msgs__rosidl_typesupport_fastrtps_c.so
[1.917s] -- Up-to-date symlink: /home/jaime/RM3_ws/install/controller_manager_msgs/include/controller_manager_msgs/msg/detail/controller_state__rosidl_typesupport_fastrtps_cpp.hpp
[1.918s] -- Up-to-date symlink: /home/jaime/RM3_ws/install/controller_manager_msgs/include/controller_manager_msgs/msg/detail/hardware_interface__rosidl_typesupport_fastrtps_cpp.hpp
[1.918s] -- Up-to-date symlink: /home/jaime/RM3_ws/install/controller_manager_msgs/include/controller_manager_msgs/msg/rosidl_typesupport_fastrtps_cpp__visibility_control.h
[1.919s] -- Up-to-date symlink: /home/jaime/RM3_ws/install/controller_manager_msgs/include/controller_manager_msgs/srv/detail/configure_controller__rosidl_typesupport_fastrtps_cpp.hpp
[1.919s] -- Up-to-date symlink: /home/jaime/RM3_ws/install/controller_manager_msgs/include/controller_manager_msgs/srv/detail/configure_start_controller__rosidl_typesupport_fastrtps_cpp.hpp
[1.920s] -- Up-to-date symlink: /home/jaime/RM3_ws/install/controller_manager_msgs/include/controller_manager_msgs/srv/detail/list_controller_types__rosidl_typesupport_fastrtps_cpp.hpp
[1.921s] -- Up-to-date symlink: /home/jaime/RM3_ws/install/controller_manager_msgs/include/controller_manager_msgs/srv/detail/list_controllers__rosidl_typesupport_fastrtps_cpp.hpp
[1.921s] -- Up-to-date symlink: /home/jaime/RM3_ws/install/controller_manager_msgs/include/controller_manager_msgs/srv/detail/list_hardware_interfaces__rosidl_typesupport_fastrtps_cpp.hpp
[1.923s] -- Up-to-date symlink: /home/jaime/RM3_ws/install/controller_manager_msgs/include/controller_manager_msgs/srv/detail/load_configure_controller__rosidl_typesupport_fastrtps_cpp.hpp
[1.923s] -- Up-to-date symlink: /home/jaime/RM3_ws/install/controller_manager_msgs/include/controller_manager_msgs/srv/detail/load_controller__rosidl_typesupport_fastrtps_cpp.hpp
[1.924s] -- Up-to-date symlink: /home/jaime/RM3_ws/install/controller_manager_msgs/include/controller_manager_msgs/srv/detail/load_start_controller__rosidl_typesupport_fastrtps_cpp.hpp
[1.925s] -- Up-to-date symlink: /home/jaime/RM3_ws/install/controller_manager_msgs/include/controller_manager_msgs/srv/detail/reload_controller_libraries__rosidl_typesupport_fastrtps_cpp.hpp
[1.925s] -- Up-to-date symlink: /home/jaime/RM3_ws/install/controller_manager_msgs/include/controller_manager_msgs/srv/detail/switch_controller__rosidl_typesupport_fastrtps_cpp.hpp
[1.927s] -- Up-to-date symlink: /home/jaime/RM3_ws/install/controller_manager_msgs/include/controller_manager_msgs/srv/detail/unload_controller__rosidl_typesupport_fastrtps_cpp.hpp
[1.928s] -- Up-to-date symlink: /home/jaime/RM3_ws/install/controller_manager_msgs/lib/libcontroller_manager_msgs__rosidl_typesupport_fastrtps_cpp.so
[1.930s] -- Up-to-date symlink: /home/jaime/RM3_ws/install/controller_manager_msgs/include/controller_manager_msgs/msg/detail/controller_state__rosidl_typesupport_introspection_c.h
[1.933s] -- Up-to-date symlink: /home/jaime/RM3_ws/install/controller_manager_msgs/include/controller_manager_msgs/msg/detail/hardware_interface__rosidl_typesupport_introspection_c.h
[1.934s] -- Up-to-date symlink: /home/jaime/RM3_ws/install/controller_manager_msgs/include/controller_manager_msgs/msg/rosidl_typesupport_introspection_c__visibility_control.h
[1.935s] -- Up-to-date symlink: /home/jaime/RM3_ws/install/controller_manager_msgs/include/controller_manager_msgs/srv/detail/configure_controller__rosidl_typesupport_introspection_c.h
[1.936s] -- Up-to-date symlink: /home/jaime/RM3_ws/install/controller_manager_msgs/include/controller_manager_msgs/srv/detail/configure_start_controller__rosidl_typesupport_introspection_c.h
[1.937s] -- Up-to-date symlink: /home/jaime/RM3_ws/install/controller_manager_msgs/include/controller_manager_msgs/srv/detail/list_controller_types__rosidl_typesupport_introspection_c.h
[1.937s] -- Up-to-date symlink: /home/jaime/RM3_ws/install/controller_manager_msgs/include/controller_manager_msgs/srv/detail/list_controllers__rosidl_typesupport_introspection_c.h
[1.938s] -- Up-to-date symlink: /home/jaime/RM3_ws/install/controller_manager_msgs/include/controller_manager_msgs/srv/detail/list_hardware_interfaces__rosidl_typesupport_introspection_c.h
[1.939s] -- Up-to-date symlink: /home/jaime/RM3_ws/install/controller_manager_msgs/include/controller_manager_msgs/srv/detail/load_configure_controller__rosidl_typesupport_introspection_c.h
[1.940s] -- Up-to-date symlink: /home/jaime/RM3_ws/install/controller_manager_msgs/include/controller_manager_msgs/srv/detail/load_controller__rosidl_typesupport_introspection_c.h
[1.940s] -- Up-to-date symlink: /home/jaime/RM3_ws/install/controller_manager_msgs/include/controller_manager_msgs/srv/detail/load_start_controller__rosidl_typesupport_introspection_c.h
[1.941s] -- Up-to-date symlink: /home/jaime/RM3_ws/install/controller_manager_msgs/include/controller_manager_msgs/srv/detail/reload_controller_libraries__rosidl_typesupport_introspection_c.h
[1.942s] -- Up-to-date symlink: /home/jaime/RM3_ws/install/controller_manager_msgs/include/controller_manager_msgs/srv/detail/switch_controller__rosidl_typesupport_introspection_c.h
[1.943s] -- Up-to-date symlink: /home/jaime/RM3_ws/install/controller_manager_msgs/include/controller_manager_msgs/srv/detail/unload_controller__rosidl_typesupport_introspection_c.h
[1.952s] -- Up-to-date symlink: /home/jaime/RM3_ws/install/controller_manager_msgs/include/controller_manager_msgs/msg/controller_state.hpp
[1.952s] -- Up-to-date symlink: /home/jaime/RM3_ws/install/controller_manager_msgs/include/controller_manager_msgs/msg/detail/controller_state__builder.hpp
[1.952s] -- Up-to-date symlink: /home/jaime/RM3_ws/install/controller_manager_msgs/include/controller_manager_msgs/msg/detail/controller_state__struct.hpp
[1.953s] -- Up-to-date symlink: /home/jaime/RM3_ws/install/controller_manager_msgs/include/controller_manager_msgs/msg/detail/controller_state__traits.hpp
[1.953s] -- Up-to-date symlink: /home/jaime/RM3_ws/install/controller_manager_msgs/include/controller_manager_msgs/msg/detail/hardware_interface__builder.hpp
[1.954s] -- Up-to-date symlink: /home/jaime/RM3_ws/install/controller_manager_msgs/include/controller_manager_msgs/msg/detail/hardware_interface__struct.hpp
[1.954s] -- Up-to-date symlink: /home/jaime/RM3_ws/install/controller_manager_msgs/include/controller_manager_msgs/msg/detail/hardware_interface__traits.hpp
[1.957s] -- Up-to-date symlink: /home/jaime/RM3_ws/install/controller_manager_msgs/include/controller_manager_msgs/msg/hardware_interface.hpp
[1.960s] -- Up-to-date symlink: /home/jaime/RM3_ws/install/controller_manager_msgs/include/controller_manager_msgs/srv/configure_controller.hpp
[1.960s] -- Up-to-date symlink: /home/jaime/RM3_ws/install/controller_manager_msgs/include/controller_manager_msgs/srv/configure_start_controller.hpp
[1.961s] -- Up-to-date symlink: /home/jaime/RM3_ws/install/controller_manager_msgs/include/controller_manager_msgs/srv/detail/configure_controller__builder.hpp
[1.962s] -- Up-to-date symlink: /home/jaime/RM3_ws/install/controller_manager_msgs/include/controller_manager_msgs/srv/detail/configure_controller__struct.hpp
[1.963s] -- Up-to-date symlink: /home/jaime/RM3_ws/install/controller_manager_msgs/include/controller_manager_msgs/srv/detail/configure_controller__traits.hpp
[1.964s] -- Up-to-date symlink: /home/jaime/RM3_ws/install/controller_manager_msgs/include/controller_manager_msgs/srv/detail/configure_start_controller__builder.hpp
[1.965s] -- Up-to-date symlink: /home/jaime/RM3_ws/install/controller_manager_msgs/include/controller_manager_msgs/srv/detail/configure_start_controller__struct.hpp
[1.965s] -- Up-to-date symlink: /home/jaime/RM3_ws/install/controller_manager_msgs/include/controller_manager_msgs/srv/detail/configure_start_controller__traits.hpp
[1.966s] -- Up-to-date symlink: /home/jaime/RM3_ws/install/controller_manager_msgs/include/controller_manager_msgs/srv/detail/list_controller_types__builder.hpp
[1.967s] -- Up-to-date symlink: /home/jaime/RM3_ws/install/controller_manager_msgs/include/controller_manager_msgs/srv/detail/list_controller_types__struct.hpp
[1.968s] -- Up-to-date symlink: /home/jaime/RM3_ws/install/controller_manager_msgs/include/controller_manager_msgs/srv/detail/list_controller_types__traits.hpp
[1.969s] -- Up-to-date symlink: /home/jaime/RM3_ws/install/controller_manager_msgs/include/controller_manager_msgs/srv/detail/list_controllers__builder.hpp
[1.970s] -- Up-to-date symlink: /home/jaime/RM3_ws/install/controller_manager_msgs/include/controller_manager_msgs/srv/detail/list_controllers__struct.hpp
[1.971s] -- Up-to-date symlink: /home/jaime/RM3_ws/install/controller_manager_msgs/include/controller_manager_msgs/srv/detail/list_controllers__traits.hpp
[1.972s] -- Up-to-date symlink: /home/jaime/RM3_ws/install/controller_manager_msgs/include/controller_manager_msgs/srv/detail/list_hardware_interfaces__builder.hpp
[1.973s] -- Up-to-date symlink: /home/jaime/RM3_ws/install/controller_manager_msgs/include/controller_manager_msgs/srv/detail/list_hardware_interfaces__struct.hpp
[1.973s] -- Up-to-date symlink: /home/jaime/RM3_ws/install/controller_manager_msgs/include/controller_manager_msgs/srv/detail/list_hardware_interfaces__traits.hpp
[1.974s] -- Up-to-date symlink: /home/jaime/RM3_ws/install/controller_manager_msgs/include/controller_manager_msgs/srv/detail/load_configure_controller__builder.hpp
[1.974s] -- Up-to-date symlink: /home/jaime/RM3_ws/install/controller_manager_msgs/include/controller_manager_msgs/srv/detail/load_configure_controller__struct.hpp
[1.975s] -- Up-to-date symlink: /home/jaime/RM3_ws/install/controller_manager_msgs/include/controller_manager_msgs/srv/detail/load_configure_controller__traits.hpp
[1.975s] -- Up-to-date symlink: /home/jaime/RM3_ws/install/controller_manager_msgs/include/controller_manager_msgs/srv/detail/load_controller__builder.hpp
[1.977s] -- Up-to-date symlink: /home/jaime/RM3_ws/install/controller_manager_msgs/include/controller_manager_msgs/srv/detail/load_controller__struct.hpp
[1.977s] -- Up-to-date symlink: /home/jaime/RM3_ws/install/controller_manager_msgs/include/controller_manager_msgs/srv/detail/load_controller__traits.hpp
[1.978s] -- Up-to-date symlink: /home/jaime/RM3_ws/install/controller_manager_msgs/include/controller_manager_msgs/srv/detail/load_start_controller__builder.hpp
[1.979s] -- Up-to-date symlink: /home/jaime/RM3_ws/install/controller_manager_msgs/include/controller_manager_msgs/srv/detail/load_start_controller__struct.hpp
[1.980s] -- Up-to-date symlink: /home/jaime/RM3_ws/install/controller_manager_msgs/include/controller_manager_msgs/srv/detail/load_start_controller__traits.hpp
[1.981s] -- Up-to-date symlink: /home/jaime/RM3_ws/install/controller_manager_msgs/include/controller_manager_msgs/srv/detail/reload_controller_libraries__builder.hpp
[1.981s] -- Up-to-date symlink: /home/jaime/RM3_ws/install/controller_manager_msgs/include/controller_manager_msgs/srv/detail/reload_controller_libraries__struct.hpp
[1.982s] -- Up-to-date symlink: /home/jaime/RM3_ws/install/controller_manager_msgs/include/controller_manager_msgs/srv/detail/reload_controller_libraries__traits.hpp
[1.982s] -- Up-to-date symlink: /home/jaime/RM3_ws/install/controller_manager_msgs/include/controller_manager_msgs/srv/detail/switch_controller__builder.hpp
[1.983s] -- Up-to-date symlink: /home/jaime/RM3_ws/install/controller_manager_msgs/include/controller_manager_msgs/srv/detail/switch_controller__struct.hpp
[1.984s] -- Up-to-date symlink: /home/jaime/RM3_ws/install/controller_manager_msgs/include/controller_manager_msgs/srv/detail/switch_controller__traits.hpp
[1.984s] -- Up-to-date symlink: /home/jaime/RM3_ws/install/controller_manager_msgs/include/controller_manager_msgs/srv/detail/unload_controller__builder.hpp
[1.985s] -- Up-to-date symlink: /home/jaime/RM3_ws/install/controller_manager_msgs/include/controller_manager_msgs/srv/detail/unload_controller__struct.hpp
[1.986s] -- Up-to-date symlink: /home/jaime/RM3_ws/install/controller_manager_msgs/include/controller_manager_msgs/srv/detail/unload_controller__traits.hpp
[1.987s] -- Up-to-date symlink: /home/jaime/RM3_ws/install/controller_manager_msgs/include/controller_manager_msgs/srv/list_controller_types.hpp
[1.989s] -- Up-to-date symlink: /home/jaime/RM3_ws/install/controller_manager_msgs/include/controller_manager_msgs/srv/list_controllers.hpp
[1.989s] -- Up-to-date symlink: /home/jaime/RM3_ws/install/controller_manager_msgs/include/controller_manager_msgs/srv/list_hardware_interfaces.hpp
[1.990s] -- Up-to-date symlink: /home/jaime/RM3_ws/install/controller_manager_msgs/include/controller_manager_msgs/srv/load_configure_controller.hpp
[1.991s] -- Up-to-date symlink: /home/jaime/RM3_ws/install/controller_manager_msgs/include/controller_manager_msgs/srv/load_controller.hpp
[1.992s] -- Up-to-date symlink: /home/jaime/RM3_ws/install/controller_manager_msgs/include/controller_manager_msgs/srv/load_start_controller.hpp
[1.992s] -- Up-to-date symlink: /home/jaime/RM3_ws/install/controller_manager_msgs/include/controller_manager_msgs/srv/reload_controller_libraries.hpp
[1.993s] -- Up-to-date symlink: /home/jaime/RM3_ws/install/controller_manager_msgs/include/controller_manager_msgs/srv/switch_controller.hpp
[1.994s] -- Up-to-date symlink: /home/jaime/RM3_ws/install/controller_manager_msgs/include/controller_manager_msgs/srv/unload_controller.hpp
[1.996s] -- Up-to-date symlink: /home/jaime/RM3_ws/install/controller_manager_msgs/include/controller_manager_msgs/msg/detail/controller_state__rosidl_typesupport_introspection_cpp.hpp
[1.997s] -- Up-to-date symlink: /home/jaime/RM3_ws/install/controller_manager_msgs/include/controller_manager_msgs/msg/detail/hardware_interface__rosidl_typesupport_introspection_cpp.hpp
[1.998s] -- Up-to-date symlink: /home/jaime/RM3_ws/install/controller_manager_msgs/include/controller_manager_msgs/srv/detail/configure_controller__rosidl_typesupport_introspection_cpp.hpp
[1.998s] -- Up-to-date symlink: /home/jaime/RM3_ws/install/controller_manager_msgs/include/controller_manager_msgs/srv/detail/configure_start_controller__rosidl_typesupport_introspection_cpp.hpp
[1.999s] -- Up-to-date symlink: /home/jaime/RM3_ws/install/controller_manager_msgs/include/controller_manager_msgs/srv/detail/list_controller_types__rosidl_typesupport_introspection_cpp.hpp
[2.000s] -- Up-to-date symlink: /home/jaime/RM3_ws/install/controller_manager_msgs/include/controller_manager_msgs/srv/detail/list_controllers__rosidl_typesupport_introspection_cpp.hpp
[2.001s] -- Up-to-date symlink: /home/jaime/RM3_ws/install/controller_manager_msgs/include/controller_manager_msgs/srv/detail/list_hardware_interfaces__rosidl_typesupport_introspection_cpp.hpp
[2.001s] -- Up-to-date symlink: /home/jaime/RM3_ws/install/controller_manager_msgs/include/controller_manager_msgs/srv/detail/load_configure_controller__rosidl_typesupport_introspection_cpp.hpp
[2.003s] -- Up-to-date symlink: /home/jaime/RM3_ws/install/controller_manager_msgs/include/controller_manager_msgs/srv/detail/load_controller__rosidl_typesupport_introspection_cpp.hpp
[2.003s] -- Up-to-date symlink: /home/jaime/RM3_ws/install/controller_manager_msgs/include/controller_manager_msgs/srv/detail/load_start_controller__rosidl_typesupport_introspection_cpp.hpp
[2.004s] -- Up-to-date symlink: /home/jaime/RM3_ws/install/controller_manager_msgs/include/controller_manager_msgs/srv/detail/reload_controller_libraries__rosidl_typesupport_introspection_cpp.hpp
[2.006s] -- Up-to-date symlink: /home/jaime/RM3_ws/install/controller_manager_msgs/include/controller_manager_msgs/srv/detail/switch_controller__rosidl_typesupport_introspection_cpp.hpp
[2.006s] -- Up-to-date symlink: /home/jaime/RM3_ws/install/controller_manager_msgs/include/controller_manager_msgs/srv/detail/unload_controller__rosidl_typesupport_introspection_cpp.hpp
[2.007s] -- Up-to-date symlink: /home/jaime/RM3_ws/install/controller_manager_msgs/share/controller_manager_msgs/environment/pythonpath.sh
[2.008s] -- Up-to-date symlink: /home/jaime/RM3_ws/install/controller_manager_msgs/share/controller_manager_msgs/environment/pythonpath.dsv
[2.008s] -- Up-to-date symlink: /home/jaime/RM3_ws/install/controller_manager_msgs/lib/python3.8/site-packages/controller_manager_msgs/__init__.py
[2.010s] -- Up-to-date symlink: /home/jaime/RM3_ws/install/controller_manager_msgs/lib/python3.8/site-packages/controller_manager_msgs/msg/__init__.py
[2.011s] -- Up-to-date symlink: /home/jaime/RM3_ws/install/controller_manager_msgs/lib/python3.8/site-packages/controller_manager_msgs/msg/_controller_state.py
[2.012s] -- Up-to-date symlink: /home/jaime/RM3_ws/install/controller_manager_msgs/lib/python3.8/site-packages/controller_manager_msgs/msg/_hardware_interface.py
[2.013s] -- Up-to-date symlink: /home/jaime/RM3_ws/install/controller_manager_msgs/lib/python3.8/site-packages/controller_manager_msgs/srv/__init__.py
[2.013s] -- Up-to-date symlink: /home/jaime/RM3_ws/install/controller_manager_msgs/lib/python3.8/site-packages/controller_manager_msgs/srv/_configure_controller.py
[2.013s] -- Up-to-date symlink: /home/jaime/RM3_ws/install/controller_manager_msgs/lib/python3.8/site-packages/controller_manager_msgs/srv/_configure_start_controller.py
[2.014s] -- Up-to-date symlink: /home/jaime/RM3_ws/install/controller_manager_msgs/lib/python3.8/site-packages/controller_manager_msgs/srv/_list_controller_types.py
[2.014s] -- Up-to-date symlink: /home/jaime/RM3_ws/install/controller_manager_msgs/lib/python3.8/site-packages/controller_manager_msgs/srv/_list_controllers.py
[2.014s] -- Up-to-date symlink: /home/jaime/RM3_ws/install/controller_manager_msgs/lib/python3.8/site-packages/controller_manager_msgs/srv/_list_hardware_interfaces.py
[2.015s] -- Up-to-date symlink: /home/jaime/RM3_ws/install/controller_manager_msgs/lib/python3.8/site-packages/controller_manager_msgs/srv/_load_configure_controller.py
[2.015s] -- Up-to-date symlink: /home/jaime/RM3_ws/install/controller_manager_msgs/lib/python3.8/site-packages/controller_manager_msgs/srv/_load_controller.py
[2.015s] -- Up-to-date symlink: /home/jaime/RM3_ws/install/controller_manager_msgs/lib/python3.8/site-packages/controller_manager_msgs/srv/_load_start_controller.py
[2.015s] -- Up-to-date symlink: /home/jaime/RM3_ws/install/controller_manager_msgs/lib/python3.8/site-packages/controller_manager_msgs/srv/_reload_controller_libraries.py
[2.015s] -- Up-to-date symlink: /home/jaime/RM3_ws/install/controller_manager_msgs/lib/python3.8/site-packages/controller_manager_msgs/srv/_switch_controller.py
[2.015s] -- Up-to-date symlink: /home/jaime/RM3_ws/install/controller_manager_msgs/lib/python3.8/site-packages/controller_manager_msgs/srv/_unload_controller.py
[2.016s] -- Up-to-date symlink: /home/jaime/RM3_ws/install/controller_manager_msgs/lib/python3.8/site-packages/controller_manager_msgs/controller_manager_msgs_s__rosidl_typesupport_fastrtps_c.cpython-38-x86_64-linux-gnu.so
[2.018s] -- Up-to-date symlink: /home/jaime/RM3_ws/install/controller_manager_msgs/lib/python3.8/site-packages/controller_manager_msgs/controller_manager_msgs_s__rosidl_typesupport_introspection_c.cpython-38-x86_64-linux-gnu.so
[2.018s] -- Up-to-date symlink: /home/jaime/RM3_ws/install/controller_manager_msgs/lib/python3.8/site-packages/controller_manager_msgs/controller_manager_msgs_s__rosidl_typesupport_c.cpython-38-x86_64-linux-gnu.so
[2.019s] -- Up-to-date symlink: /home/jaime/RM3_ws/install/controller_manager_msgs/lib/libcontroller_manager_msgs__python.so
[2.021s] -- Up-to-date symlink: /home/jaime/RM3_ws/install/controller_manager_msgs/share/controller_manager_msgs/msg/ControllerState.idl
[2.021s] -- Up-to-date symlink: /home/jaime/RM3_ws/install/controller_manager_msgs/share/controller_manager_msgs/msg/HardwareInterface.idl
[2.023s] -- Up-to-date symlink: /home/jaime/RM3_ws/install/controller_manager_msgs/share/controller_manager_msgs/srv/ConfigureController.idl
[2.023s] -- Up-to-date symlink: /home/jaime/RM3_ws/install/controller_manager_msgs/share/controller_manager_msgs/srv/ConfigureStartController.idl
[2.024s] -- Up-to-date symlink: /home/jaime/RM3_ws/install/controller_manager_msgs/share/controller_manager_msgs/srv/ListControllers.idl
[2.025s] -- Up-to-date symlink: /home/jaime/RM3_ws/install/controller_manager_msgs/share/controller_manager_msgs/srv/ListControllerTypes.idl
[2.026s] -- Up-to-date symlink: /home/jaime/RM3_ws/install/controller_manager_msgs/share/controller_manager_msgs/srv/ListHardwareInterfaces.idl
[2.028s] -- Up-to-date symlink: /home/jaime/RM3_ws/install/controller_manager_msgs/share/controller_manager_msgs/srv/LoadConfigureController.idl
[2.029s] -- Up-to-date symlink: /home/jaime/RM3_ws/install/controller_manager_msgs/share/controller_manager_msgs/srv/LoadController.idl
[2.029s] -- Up-to-date symlink: /home/jaime/RM3_ws/install/controller_manager_msgs/share/controller_manager_msgs/srv/LoadStartController.idl
[2.030s] -- Up-to-date symlink: /home/jaime/RM3_ws/install/controller_manager_msgs/share/controller_manager_msgs/srv/ReloadControllerLibraries.idl
[2.036s] -- Up-to-date symlink: /home/jaime/RM3_ws/install/controller_manager_msgs/share/controller_manager_msgs/srv/SwitchController.idl
[2.037s] -- Up-to-date symlink: /home/jaime/RM3_ws/install/controller_manager_msgs/share/controller_manager_msgs/srv/UnloadController.idl
[2.037s] -- Up-to-date symlink: /home/jaime/RM3_ws/install/controller_manager_msgs/share/controller_manager_msgs/msg/ControllerState.msg
[2.038s] -- Up-to-date symlink: /home/jaime/RM3_ws/install/controller_manager_msgs/share/controller_manager_msgs/msg/HardwareInterface.msg
[2.038s] -- Up-to-date symlink: /home/jaime/RM3_ws/install/controller_manager_msgs/share/controller_manager_msgs/srv/ConfigureController.srv
[2.038s] -- Up-to-date symlink: /home/jaime/RM3_ws/install/controller_manager_msgs/share/controller_manager_msgs/srv/ConfigureController_Request.msg
[2.038s] -- Up-to-date symlink: /home/jaime/RM3_ws/install/controller_manager_msgs/share/controller_manager_msgs/srv/ConfigureController_Response.msg
[2.038s] -- Up-to-date symlink: /home/jaime/RM3_ws/install/controller_manager_msgs/share/controller_manager_msgs/srv/ConfigureStartController.srv
[2.041s] -- Up-to-date symlink: /home/jaime/RM3_ws/install/controller_manager_msgs/share/controller_manager_msgs/srv/ConfigureStartController_Request.msg
[2.041s] -- Up-to-date symlink: /home/jaime/RM3_ws/install/controller_manager_msgs/share/controller_manager_msgs/srv/ConfigureStartController_Response.msg
[2.042s] -- Up-to-date symlink: /home/jaime/RM3_ws/install/controller_manager_msgs/share/controller_manager_msgs/srv/ListControllers.srv
[2.044s] -- Up-to-date symlink: /home/jaime/RM3_ws/install/controller_manager_msgs/share/controller_manager_msgs/srv/ListControllers_Request.msg
[2.045s] -- Up-to-date symlink: /home/jaime/RM3_ws/install/controller_manager_msgs/share/controller_manager_msgs/srv/ListControllers_Response.msg
[2.046s] -- Up-to-date symlink: /home/jaime/RM3_ws/install/controller_manager_msgs/share/controller_manager_msgs/srv/ListControllerTypes.srv
[2.046s] -- Up-to-date symlink: /home/jaime/RM3_ws/install/controller_manager_msgs/share/controller_manager_msgs/srv/ListControllerTypes_Request.msg
[2.048s] -- Up-to-date symlink: /home/jaime/RM3_ws/install/controller_manager_msgs/share/controller_manager_msgs/srv/ListControllerTypes_Response.msg
[2.049s] -- Up-to-date symlink: /home/jaime/RM3_ws/install/controller_manager_msgs/share/controller_manager_msgs/srv/ListHardwareInterfaces.srv
[2.049s] -- Up-to-date symlink: /home/jaime/RM3_ws/install/controller_manager_msgs/share/controller_manager_msgs/srv/ListHardwareInterfaces_Request.msg
[2.050s] -- Up-to-date symlink: /home/jaime/RM3_ws/install/controller_manager_msgs/share/controller_manager_msgs/srv/ListHardwareInterfaces_Response.msg
[2.051s] -- Up-to-date symlink: /home/jaime/RM3_ws/install/controller_manager_msgs/share/controller_manager_msgs/srv/LoadConfigureController.srv
[2.051s] -- Up-to-date symlink: /home/jaime/RM3_ws/install/controller_manager_msgs/share/controller_manager_msgs/srv/LoadConfigureController_Request.msg
[2.052s] -- Up-to-date symlink: /home/jaime/RM3_ws/install/controller_manager_msgs/share/controller_manager_msgs/srv/LoadConfigureController_Response.msg
[2.056s] -- Up-to-date symlink: /home/jaime/RM3_ws/install/controller_manager_msgs/share/controller_manager_msgs/srv/LoadController.srv
[2.058s] -- Up-to-date symlink: /home/jaime/RM3_ws/install/controller_manager_msgs/share/controller_manager_msgs/srv/LoadController_Request.msg
[2.058s] -- Up-to-date symlink: /home/jaime/RM3_ws/install/controller_manager_msgs/share/controller_manager_msgs/srv/LoadController_Response.msg
[2.058s] -- Up-to-date symlink: /home/jaime/RM3_ws/install/controller_manager_msgs/share/controller_manager_msgs/srv/LoadStartController.srv
[2.058s] -- Up-to-date symlink: /home/jaime/RM3_ws/install/controller_manager_msgs/share/controller_manager_msgs/srv/LoadStartController_Request.msg
[2.058s] -- Up-to-date symlink: /home/jaime/RM3_ws/install/controller_manager_msgs/share/controller_manager_msgs/srv/LoadStartController_Response.msg
[2.058s] -- Up-to-date symlink: /home/jaime/RM3_ws/install/controller_manager_msgs/share/controller_manager_msgs/srv/ReloadControllerLibraries.srv
[2.073s] -- Up-to-date symlink: /home/jaime/RM3_ws/install/controller_manager_msgs/share/controller_manager_msgs/srv/ReloadControllerLibraries_Request.msg
[2.074s] -- Up-to-date symlink: /home/jaime/RM3_ws/install/controller_manager_msgs/share/controller_manager_msgs/srv/ReloadControllerLibraries_Response.msg
[2.075s] -- Up-to-date symlink: /home/jaime/RM3_ws/install/controller_manager_msgs/share/controller_manager_msgs/srv/SwitchController.srv
[2.075s] -- Up-to-date symlink: /home/jaime/RM3_ws/install/controller_manager_msgs/share/controller_manager_msgs/srv/SwitchController_Request.msg
[2.076s] -- Up-to-date symlink: /home/jaime/RM3_ws/install/controller_manager_msgs/share/controller_manager_msgs/srv/SwitchController_Response.msg
[2.076s] -- Up-to-date symlink: /home/jaime/RM3_ws/install/controller_manager_msgs/share/controller_manager_msgs/srv/UnloadController.srv
[2.078s] -- Up-to-date symlink: /home/jaime/RM3_ws/install/controller_manager_msgs/share/controller_manager_msgs/srv/UnloadController_Request.msg
[2.078s] -- Up-to-date symlink: /home/jaime/RM3_ws/install/controller_manager_msgs/share/controller_manager_msgs/srv/UnloadController_Response.msg
[2.078s] -- Up-to-date symlink: /home/jaime/RM3_ws/install/controller_manager_msgs/share/ament_index/resource_index/package_run_dependencies/controller_manager_msgs
[2.078s] -- Up-to-date symlink: /home/jaime/RM3_ws/install/controller_manager_msgs/share/ament_index/resource_index/parent_prefix_path/controller_manager_msgs
[2.078s] -- Up-to-date symlink: /home/jaime/RM3_ws/install/controller_manager_msgs/share/controller_manager_msgs/environment/ament_prefix_path.sh
[2.079s] -- Up-to-date symlink: /home/jaime/RM3_ws/install/controller_manager_msgs/share/controller_manager_msgs/environment/ament_prefix_path.dsv
[2.079s] -- Up-to-date symlink: /home/jaime/RM3_ws/install/controller_manager_msgs/share/controller_manager_msgs/environment/path.sh
[2.079s] -- Up-to-date symlink: /home/jaime/RM3_ws/install/controller_manager_msgs/share/controller_manager_msgs/environment/path.dsv
[2.079s] -- Up-to-date symlink: /home/jaime/RM3_ws/install/controller_manager_msgs/share/controller_manager_msgs/local_setup.bash
[2.079s] -- Up-to-date symlink: /home/jaime/RM3_ws/install/controller_manager_msgs/share/controller_manager_msgs/local_setup.sh
[2.079s] -- Up-to-date symlink: /home/jaime/RM3_ws/install/controller_manager_msgs/share/controller_manager_msgs/local_setup.zsh
[2.080s] -- Up-to-date symlink: /home/jaime/RM3_ws/install/controller_manager_msgs/share/controller_manager_msgs/local_setup.dsv
[2.080s] -- Symlinking: /home/jaime/RM3_ws/install/controller_manager_msgs/share/controller_manager_msgs/package.dsv
[2.087s] -- Up-to-date symlink: /home/jaime/RM3_ws/install/controller_manager_msgs/share/ament_index/resource_index/packages/controller_manager_msgs
[2.087s] -- Up-to-date symlink: /home/jaime/RM3_ws/install/controller_manager_msgs/share/controller_manager_msgs/cmake/rosidl_cmake-extras.cmake
[2.088s] -- Up-to-date symlink: /home/jaime/RM3_ws/install/controller_manager_msgs/share/controller_manager_msgs/cmake/ament_cmake_export_dependencies-extras.cmake
[2.090s] -- Up-to-date symlink: /home/jaime/RM3_ws/install/controller_manager_msgs/share/controller_manager_msgs/cmake/ament_cmake_export_libraries-extras.cmake
[2.091s] -- Up-to-date symlink: /home/jaime/RM3_ws/install/controller_manager_msgs/share/controller_manager_msgs/cmake/ament_cmake_export_targets-extras.cmake
[2.094s] -- Up-to-date symlink: /home/jaime/RM3_ws/install/controller_manager_msgs/share/controller_manager_msgs/cmake/ament_cmake_export_include_directories-extras.cmake
[2.094s] -- Up-to-date symlink: /home/jaime/RM3_ws/install/controller_manager_msgs/share/controller_manager_msgs/cmake/rosidl_cmake_export_typesupport_libraries-extras.cmake
[2.095s] -- Up-to-date symlink: /home/jaime/RM3_ws/install/controller_manager_msgs/share/controller_manager_msgs/cmake/rosidl_cmake_export_typesupport_targets-extras.cmake
[2.096s] -- Up-to-date symlink: /home/jaime/RM3_ws/install/controller_manager_msgs/share/controller_manager_msgs/cmake/controller_manager_msgsConfig.cmake
[2.097s] -- Up-to-date symlink: /home/jaime/RM3_ws/install/controller_manager_msgs/share/controller_manager_msgs/cmake/controller_manager_msgsConfig-version.cmake
[2.099s] -- Up-to-date symlink: /home/jaime/RM3_ws/install/controller_manager_msgs/share/controller_manager_msgs/package.xml
[2.099s] -- Up-to-date: /home/jaime/RM3_ws/install/controller_manager_msgs/lib/libcontroller_manager_msgs__rosidl_generator_c.so
[2.102s] -- Up-to-date: /home/jaime/RM3_ws/install/controller_manager_msgs/lib/libcontroller_manager_msgs__rosidl_typesupport_introspection_c.so
[2.102s] -- Up-to-date: /home/jaime/RM3_ws/install/controller_manager_msgs/lib/libcontroller_manager_msgs__rosidl_typesupport_c.so
[2.105s] -- Up-to-date: /home/jaime/RM3_ws/install/controller_manager_msgs/lib/libcontroller_manager_msgs__rosidl_typesupport_introspection_cpp.so
[2.106s] -- Up-to-date: /home/jaime/RM3_ws/install/controller_manager_msgs/lib/libcontroller_manager_msgs__rosidl_typesupport_cpp.so
[2.178s] -- Up-to-date: /home/jaime/RM3_ws/install/controller_manager_msgs/share/controller_manager_msgs/cmake/controller_manager_msgs__rosidl_generator_cExport.cmake
[2.178s] -- Up-to-date: /home/jaime/RM3_ws/install/controller_manager_msgs/share/controller_manager_msgs/cmake/controller_manager_msgs__rosidl_generator_cExport-noconfig.cmake
[2.186s] -- Up-to-date: /home/jaime/RM3_ws/install/controller_manager_msgs/share/controller_manager_msgs/cmake/controller_manager_msgs__rosidl_typesupport_introspection_cExport.cmake
[2.186s] -- Up-to-date: /home/jaime/RM3_ws/install/controller_manager_msgs/share/controller_manager_msgs/cmake/controller_manager_msgs__rosidl_typesupport_introspection_cExport-noconfig.cmake
[2.186s] -- Up-to-date: /home/jaime/RM3_ws/install/controller_manager_msgs/share/controller_manager_msgs/cmake/controller_manager_msgs__rosidl_typesupport_cExport.cmake
[2.186s] -- Up-to-date: /home/jaime/RM3_ws/install/controller_manager_msgs/share/controller_manager_msgs/cmake/controller_manager_msgs__rosidl_typesupport_cExport-noconfig.cmake
[2.198s] -- Up-to-date: /home/jaime/RM3_ws/install/controller_manager_msgs/share/controller_manager_msgs/cmake/controller_manager_msgs__rosidl_generator_cppExport.cmake
[2.199s] -- Up-to-date: /home/jaime/RM3_ws/install/controller_manager_msgs/share/controller_manager_msgs/cmake/controller_manager_msgs__rosidl_typesupport_introspection_cppExport.cmake
[2.199s] -- Up-to-date: /home/jaime/RM3_ws/install/controller_manager_msgs/share/controller_manager_msgs/cmake/controller_manager_msgs__rosidl_typesupport_introspection_cppExport-noconfig.cmake
[2.200s] -- Up-to-date: /home/jaime/RM3_ws/install/controller_manager_msgs/share/controller_manager_msgs/cmake/controller_manager_msgs__rosidl_typesupport_cppExport.cmake
[2.200s] -- Up-to-date: /home/jaime/RM3_ws/install/controller_manager_msgs/share/controller_manager_msgs/cmake/controller_manager_msgs__rosidl_typesupport_cppExport-noconfig.cmake
[2.209s] Invoked command in '/home/jaime/RM3_ws/build/controller_manager_msgs' returned '0': CMAKE_PREFIX_PATH=/opt/ros/foxy /usr/bin/cmake --install /home/jaime/RM3_ws/build/controller_manager_msgs
