[0.109s] Invoking command in '/home/jaime/RM3_ws/build/transmission_interface': AMENT_PREFIX_PATH=/home/jaime/RM3_ws/install/hardware_interface:${AMENT_PREFIX_PATH} CMAKE_PREFIX_PATH=/home/jaime/RM3_ws/install/hardware_interface:/opt/ros/foxy LD_LIBRARY_PATH=/home/jaime/RM3_ws/install/hardware_interface/lib:${LD_LIBRARY_PATH} /usr/bin/cmake --build /home/jaime/RM3_ws/build/transmission_interface -- -j8 -l8
[0.204s] [ 27%] Built target gmock
[0.210s] [ 45%] Built target gmock_main
[0.259s] [ 63%] Built target test_four_bar_linkage_transmission
[0.278s] [ 90%] Built target test_differential_transmission
[0.279s] [100%] Built target test_simple_transmission
[0.295s] Invoked command in '/home/jaime/RM3_ws/build/transmission_interface' returned '0': AMENT_PREFIX_PATH=/home/jaime/RM3_ws/install/hardware_interface:${AMENT_PREFIX_PATH} CMAKE_PREFIX_PATH=/home/jaime/RM3_ws/install/hardware_interface:/opt/ros/foxy LD_LIBRARY_PATH=/home/jaime/RM3_ws/install/hardware_interface/lib:${LD_LIBRARY_PATH} /usr/bin/cmake --build /home/jaime/RM3_ws/build/transmission_interface -- -j8 -l8
[0.343s] Invoking command in '/home/jaime/RM3_ws/build/transmission_interface': AMENT_PREFIX_PATH=/home/jaime/RM3_ws/install/hardware_interface:${AMENT_PREFIX_PATH} CMAKE_PREFIX_PATH=/home/jaime/RM3_ws/install/hardware_interface:/opt/ros/foxy LD_LIBRARY_PATH=/home/jaime/RM3_ws/install/hardware_interface/lib:${LD_LIBRARY_PATH} /usr/bin/cmake --install /home/jaime/RM3_ws/build/transmission_interface
[0.354s] -- Install configuration: ""
[0.354s] -- Execute custom install script
[0.354s] -- Up-to-date symlink: /home/jaime/RM3_ws/install/transmission_interface/include/transmission_interface/accessor.hpp
[0.354s] -- Up-to-date symlink: /home/jaime/RM3_ws/install/transmission_interface/include/transmission_interface/differential_transmission.hpp
[0.354s] -- Up-to-date symlink: /home/jaime/RM3_ws/install/transmission_interface/include/transmission_interface/exception.hpp
[0.354s] -- Up-to-date symlink: /home/jaime/RM3_ws/install/transmission_interface/include/transmission_interface/four_bar_linkage_transmission.hpp
[0.354s] -- Up-to-date symlink: /home/jaime/RM3_ws/install/transmission_interface/include/transmission_interface/handle.hpp
[0.355s] -- Up-to-date symlink: /home/jaime/RM3_ws/install/transmission_interface/include/transmission_interface/simple_transmission.hpp
[0.355s] -- Up-to-date symlink: /home/jaime/RM3_ws/install/transmission_interface/include/transmission_interface/transmission.hpp
[0.355s] -- Up-to-date symlink: /home/jaime/RM3_ws/install/transmission_interface/include/transmission_interface/transmission_parser.hpp
[0.355s] -- Up-to-date symlink: /home/jaime/RM3_ws/install/transmission_interface/include/transmission_interface/visibility_control.h
[0.355s] -- Up-to-date symlink: /home/jaime/RM3_ws/install/transmission_interface/share/ament_index/resource_index/package_run_dependencies/transmission_interface
[0.355s] -- Up-to-date symlink: /home/jaime/RM3_ws/install/transmission_interface/share/ament_index/resource_index/parent_prefix_path/transmission_interface
[0.355s] -- Up-to-date symlink: /home/jaime/RM3_ws/install/transmission_interface/share/transmission_interface/environment/ament_prefix_path.sh
[0.355s] -- Up-to-date symlink: /home/jaime/RM3_ws/install/transmission_interface/share/transmission_interface/environment/ament_prefix_path.dsv
[0.355s] -- Up-to-date symlink: /home/jaime/RM3_ws/install/transmission_interface/share/transmission_interface/environment/path.sh
[0.355s] -- Up-to-date symlink: /home/jaime/RM3_ws/install/transmission_interface/share/transmission_interface/environment/path.dsv
[0.355s] -- Up-to-date symlink: /home/jaime/RM3_ws/install/transmission_interface/share/transmission_interface/local_setup.bash
[0.355s] -- Up-to-date symlink: /home/jaime/RM3_ws/install/transmission_interface/share/transmission_interface/local_setup.sh
[0.356s] -- Up-to-date symlink: /home/jaime/RM3_ws/install/transmission_interface/share/transmission_interface/local_setup.zsh
[0.361s] -- Up-to-date symlink: /home/jaime/RM3_ws/install/transmission_interface/share/transmission_interface/local_setup.dsv
[0.361s] -- Symlinking: /home/jaime/RM3_ws/install/transmission_interface/share/transmission_interface/package.dsv
[0.364s] -- Up-to-date symlink: /home/jaime/RM3_ws/install/transmission_interface/share/ament_index/resource_index/packages/transmission_interface
[0.365s] -- Up-to-date symlink: /home/jaime/RM3_ws/install/transmission_interface/share/transmission_interface/cmake/ament_cmake_export_include_directories-extras.cmake
[0.365s] -- Up-to-date symlink: /home/jaime/RM3_ws/install/transmission_interface/share/transmission_interface/cmake/ament_cmake_export_dependencies-extras.cmake
[0.366s] -- Up-to-date symlink: /home/jaime/RM3_ws/install/transmission_interface/share/transmission_interface/cmake/transmission_interfaceConfig.cmake
[0.366s] -- Up-to-date symlink: /home/jaime/RM3_ws/install/transmission_interface/share/transmission_interface/cmake/transmission_interfaceConfig-version.cmake
[0.368s] -- Up-to-date symlink: /home/jaime/RM3_ws/install/transmission_interface/share/transmission_interface/package.xml
[0.375s] Invoked command in '/home/jaime/RM3_ws/build/transmission_interface' returned '0': AMENT_PREFIX_PATH=/home/jaime/RM3_ws/install/hardware_interface:${AMENT_PREFIX_PATH} CMAKE_PREFIX_PATH=/home/jaime/RM3_ws/install/hardware_interface:/opt/ros/foxy LD_LIBRARY_PATH=/home/jaime/RM3_ws/install/hardware_interface/lib:${LD_LIBRARY_PATH} /usr/bin/cmake --install /home/jaime/RM3_ws/build/transmission_interface
