-- Found ament_cmake: 0.9.9 (/opt/ros/foxy/share/ament_cmake/cmake)
-- Found PythonInterp: /usr/bin/python3 (found suitable version "3.8.10", minimum required is "3") 
-- Using PYTHON_EXECUTABLE: /usr/bin/python3
-- Override CMake install command with custom implementation using symlinks instead of copying resources
-- Found builtin_interfaces: 1.0.0 (/opt/ros/foxy/share/builtin_interfaces/cmake)
-- Using all available rosidl_typesupport_c: rosidl_typesupport_fastrtps_c;rosidl_typesupport_introspection_c
-- Found rosidl_adapter: 1.2.1 (/opt/ros/foxy/share/rosidl_adapter/cmake)
-- Using all available rosidl_typesupport_cpp: rosidl_typesupport_fastrtps_cpp;rosidl_typesupport_introspection_cpp
-- Found rosidl_default_generators: 1.0.1 (/opt/ros/foxy/share/rosidl_default_generators/cmake)
-- Found ament_lint_auto: 0.9.6 (/opt/ros/foxy/share/ament_lint_auto/cmake)
-- Found PythonInterp: /usr/bin/python3 (found version "3.8.10") 
-- Found ament_cmake_ros: 0.9.2 (/opt/ros/foxy/share/ament_cmake_ros/cmake)
-- Using all available rosidl_typesupport_c: rosidl_typesupport_fastrtps_c;rosidl_typesupport_introspection_c
-- Using all available rosidl_typesupport_cpp: rosidl_typesupport_fastrtps_cpp;rosidl_typesupport_introspection_cpp
-- Found PythonInterp: /usr/bin/python3 (found suitable version "3.8.10", minimum required is "3.5") 
-- Found python_cmake_module: 0.8.1 (/opt/ros/foxy/share/python_cmake_module/cmake)
-- Using PYTHON_EXECUTABLE: /usr/bin/python3
-- Using PYTHON_INCLUDE_DIRS: /usr/include/python3.8
-- Using PYTHON_LIBRARIES: /usr/lib/x86_64-linux-gnu/libpython3.8.so
-- Added test 'copyright' to check source files copyright and LICENSE
-- Added test 'lint_cmake' to check CMake code style
-- Added test 'xmllint' to check XML markup files
-- Configuring done
-- Generating done
-- Build files have been written to: /home/jaime/RM3_ws/build/controller_manager_msgs
[ 12%] Built target controller_manager_msgs__rosidl_generator_c
[ 12%] Built target controller_manager_msgs__cpp
[ 24%] Built target controller_manager_msgs__rosidl_typesupport_introspection_c
[ 36%] Built target controller_manager_msgs__rosidl_typesupport_c
[ 48%] Built target controller_manager_msgs__rosidl_typesupport_introspection_cpp
[ 60%] Built target controller_manager_msgs__rosidl_typesupport_cpp
[ 72%] Built target controller_manager_msgs__rosidl_typesupport_fastrtps_cpp
[ 84%] Built target controller_manager_msgs__rosidl_typesupport_fastrtps_c
[ 84%] Built target controller_manager_msgs
[ 85%] Built target controller_manager_msgs__py
[ 96%] Built target controller_manager_msgs__python
[ 98%] Built target controller_manager_msgs__rosidl_typesupport_introspection_c__pyext
[ 99%] Built target controller_manager_msgs__rosidl_typesupport_c__pyext
[100%] Built target controller_manager_msgs__rosidl_typesupport_fastrtps_c__pyext
