[0.060s] Invoking command in '/home/jaime/RM3_ws/build/controller_manager': AMENT_PREFIX_PATH=/home/jaime/RM3_ws/install/controller_interface:/home/jaime/RM3_ws/install/hardware_interface:/home/jaime/RM3_ws/install/ros2_control_test_assets:/home/jaime/RM3_ws/install/controller_manager_msgs CMAKE_PREFIX_PATH=/home/jaime/RM3_ws/install/controller_interface:/home/jaime/RM3_ws/install/hardware_interface:/home/jaime/RM3_ws/install/ros2_control_test_assets:/home/jaime/RM3_ws/install/controller_manager_msgs LD_LIBRARY_PATH=/home/jaime/RM3_ws/install/controller_interface/lib:/home/jaime/RM3_ws/install/hardware_interface/lib:/home/jaime/RM3_ws/install/controller_manager_msgs/lib PYTHONPATH=/home/jaime/RM3_ws/install/controller_manager_msgs/lib/python3.8/site-packages /usr/bin/cmake --build /home/jaime/RM3_ws/build/controller_manager -- -j8 -l8
[0.137s] [ 12%] Built target gmock
[0.139s] [ 20%] Built target gmock_main
[0.164s] [ 28%] Built target controller_manager
[0.212s] [ 36%] Built target test_controller_with_interfaces
[0.216s] [ 44%] Built target test_controller
[0.264s] [ 52%] Built target test_controller_failed_init
[0.267s] [ 60%] Built target test_release_interfaces
[0.319s] [ 68%] Built target test_load_controller
[0.319s] [ 76%] Built target test_controller_manager_srvs
[0.368s] [ 84%] Built target test_controller_manager
[0.372s] [ 92%] Built target test_spawner_unspawner
[0.418s] [100%] Built target ros2_control_node
[0.436s] Invoked command in '/home/jaime/RM3_ws/build/controller_manager' returned '0': AMENT_PREFIX_PATH=/home/jaime/RM3_ws/install/controller_interface:/home/jaime/RM3_ws/install/hardware_interface:/home/jaime/RM3_ws/install/ros2_control_test_assets:/home/jaime/RM3_ws/install/controller_manager_msgs CMAKE_PREFIX_PATH=/home/jaime/RM3_ws/install/controller_interface:/home/jaime/RM3_ws/install/hardware_interface:/home/jaime/RM3_ws/install/ros2_control_test_assets:/home/jaime/RM3_ws/install/controller_manager_msgs LD_LIBRARY_PATH=/home/jaime/RM3_ws/install/controller_interface/lib:/home/jaime/RM3_ws/install/hardware_interface/lib:/home/jaime/RM3_ws/install/controller_manager_msgs/lib PYTHONPATH=/home/jaime/RM3_ws/install/controller_manager_msgs/lib/python3.8/site-packages /usr/bin/cmake --build /home/jaime/RM3_ws/build/controller_manager -- -j8 -l8
[0.505s] Invoking command in '/home/jaime/RM3_ws/build/controller_manager': AMENT_PREFIX_PATH=/home/jaime/RM3_ws/install/controller_interface:/home/jaime/RM3_ws/install/hardware_interface:/home/jaime/RM3_ws/install/ros2_control_test_assets:/home/jaime/RM3_ws/install/controller_manager_msgs CMAKE_PREFIX_PATH=/home/jaime/RM3_ws/install/controller_interface:/home/jaime/RM3_ws/install/hardware_interface:/home/jaime/RM3_ws/install/ros2_control_test_assets:/home/jaime/RM3_ws/install/controller_manager_msgs LD_LIBRARY_PATH=/home/jaime/RM3_ws/install/controller_interface/lib:/home/jaime/RM3_ws/install/hardware_interface/lib:/home/jaime/RM3_ws/install/controller_manager_msgs/lib PYTHONPATH=/home/jaime/RM3_ws/install/controller_manager_msgs/lib/python3.8/site-packages /usr/bin/cmake --install /home/jaime/RM3_ws/build/controller_manager
[0.517s] -- Install configuration: ""
[0.518s] -- Execute custom install script
[0.519s] -- Up-to-date symlink: /home/jaime/RM3_ws/install/controller_manager/lib/libcontroller_manager.so
[0.520s] -- Up-to-date symlink: /home/jaime/RM3_ws/install/controller_manager/lib/controller_manager/ros2_control_node
[0.522s] -- Up-to-date symlink: /home/jaime/RM3_ws/install/controller_manager/include/controller_manager/controller_manager.hpp
[0.523s] -- Up-to-date symlink: /home/jaime/RM3_ws/install/controller_manager/include/controller_manager/controller_spec.hpp
[0.523s] -- Up-to-date symlink: /home/jaime/RM3_ws/install/controller_manager/include/controller_manager/visibility_control.h
[0.523s] -- Up-to-date symlink: /home/jaime/RM3_ws/install/controller_manager/lib/controller_manager/spawner.py
[0.524s] -- Up-to-date symlink: /home/jaime/RM3_ws/install/controller_manager/lib/controller_manager/unspawner.py
[0.524s] -- Up-to-date symlink: /home/jaime/RM3_ws/install/controller_manager/share/controller_manager/test/test_controller/test_controller.xml
[0.525s] -- Up-to-date symlink: /home/jaime/RM3_ws/install/controller_manager/lib/libtest_controller.so
[0.525s] -- Up-to-date symlink: /home/jaime/RM3_ws/install/controller_manager/share/controller_manager/test/test_controller_failed_init/test_controller_failed_init.xml
[0.527s] -- Up-to-date symlink: /home/jaime/RM3_ws/install/controller_manager/lib/libtest_controller_failed_init.so
[0.527s] -- Up-to-date symlink: /home/jaime/RM3_ws/install/controller_manager/share/controller_manager/test/test_controller_with_interfaces/test_controller_with_interfaces.xml
[0.527s] -- Up-to-date symlink: /home/jaime/RM3_ws/install/controller_manager/lib/libtest_controller_with_interfaces.so
[0.528s] -- Up-to-date symlink: /home/jaime/RM3_ws/install/controller_manager/share/controller_manager/environment/pythonpath.sh
[0.529s] -- Up-to-date symlink: /home/jaime/RM3_ws/install/controller_manager/share/controller_manager/environment/pythonpath.dsv
[0.529s] -- Up-to-date symlink: /home/jaime/RM3_ws/install/controller_manager/lib/python3.8/site-packages/controller_manager/__init__.py
[0.531s] -- Up-to-date symlink: /home/jaime/RM3_ws/install/controller_manager/lib/python3.8/site-packages/controller_manager/controller_manager_services.py
[0.531s] -- Up-to-date symlink: /home/jaime/RM3_ws/install/controller_manager/lib/python3.8/site-packages/controller_manager/launch_utils.py
[0.532s] -- Up-to-date symlink: /home/jaime/RM3_ws/install/controller_manager/share/controller_manager/environment/library_path.sh
[0.532s] -- Up-to-date symlink: /home/jaime/RM3_ws/install/controller_manager/share/controller_manager/environment/library_path.dsv
[0.534s] -- Up-to-date symlink: /home/jaime/RM3_ws/install/controller_manager/share/ament_index/resource_index/package_run_dependencies/controller_manager
[0.535s] -- Up-to-date symlink: /home/jaime/RM3_ws/install/controller_manager/share/ament_index/resource_index/parent_prefix_path/controller_manager
[0.536s] -- Up-to-date symlink: /home/jaime/RM3_ws/install/controller_manager/share/controller_manager/environment/ament_prefix_path.sh
[0.536s] -- Up-to-date symlink: /home/jaime/RM3_ws/install/controller_manager/share/controller_manager/environment/ament_prefix_path.dsv
[0.537s] -- Up-to-date symlink: /home/jaime/RM3_ws/install/controller_manager/share/controller_manager/environment/path.sh
[0.537s] -- Up-to-date symlink: /home/jaime/RM3_ws/install/controller_manager/share/controller_manager/environment/path.dsv
[0.538s] -- Up-to-date symlink: /home/jaime/RM3_ws/install/controller_manager/share/controller_manager/local_setup.bash
[0.539s] -- Up-to-date symlink: /home/jaime/RM3_ws/install/controller_manager/share/controller_manager/local_setup.sh
[0.539s] -- Up-to-date symlink: /home/jaime/RM3_ws/install/controller_manager/share/controller_manager/local_setup.zsh
[0.541s] -- Up-to-date symlink: /home/jaime/RM3_ws/install/controller_manager/share/controller_manager/local_setup.dsv
[0.542s] -- Symlinking: /home/jaime/RM3_ws/install/controller_manager/share/controller_manager/package.dsv
[0.551s] -- Up-to-date symlink: /home/jaime/RM3_ws/install/controller_manager/share/ament_index/resource_index/packages/controller_manager
[0.551s] -- Up-to-date symlink: /home/jaime/RM3_ws/install/controller_manager/share/ament_index/resource_index/controller_interface__pluginlib__plugin/controller_manager
[0.552s] -- Up-to-date symlink: /home/jaime/RM3_ws/install/controller_manager/share/controller_manager/cmake/ament_cmake_export_libraries-extras.cmake
[0.553s] -- Up-to-date symlink: /home/jaime/RM3_ws/install/controller_manager/share/controller_manager/cmake/ament_cmake_export_include_directories-extras.cmake
[0.553s] -- Up-to-date symlink: /home/jaime/RM3_ws/install/controller_manager/share/controller_manager/cmake/ament_cmake_export_dependencies-extras.cmake
[0.553s] -- Up-to-date symlink: /home/jaime/RM3_ws/install/controller_manager/share/controller_manager/cmake/controller_managerConfig.cmake
[0.554s] -- Up-to-date symlink: /home/jaime/RM3_ws/install/controller_manager/share/controller_manager/cmake/controller_managerConfig-version.cmake
[0.555s] -- Up-to-date symlink: /home/jaime/RM3_ws/install/controller_manager/share/controller_manager/package.xml
[0.609s] Listing '/home/jaime/RM3_ws/install/controller_manager/lib/python3.8/site-packages/controller_manager'...
[0.630s] Invoked command in '/home/jaime/RM3_ws/build/controller_manager' returned '0': AMENT_PREFIX_PATH=/home/jaime/RM3_ws/install/controller_interface:/home/jaime/RM3_ws/install/hardware_interface:/home/jaime/RM3_ws/install/ros2_control_test_assets:/home/jaime/RM3_ws/install/controller_manager_msgs CMAKE_PREFIX_PATH=/home/jaime/RM3_ws/install/controller_interface:/home/jaime/RM3_ws/install/hardware_interface:/home/jaime/RM3_ws/install/ros2_control_test_assets:/home/jaime/RM3_ws/install/controller_manager_msgs LD_LIBRARY_PATH=/home/jaime/RM3_ws/install/controller_interface/lib:/home/jaime/RM3_ws/install/hardware_interface/lib:/home/jaime/RM3_ws/install/controller_manager_msgs/lib PYTHONPATH=/home/jaime/RM3_ws/install/controller_manager_msgs/lib/python3.8/site-packages /usr/bin/cmake --install /home/jaime/RM3_ws/build/controller_manager
