[0.161s] Invoking command in '/home/jaime/RM3_ws/build/gripper_controllers': AMENT_PREFIX_PATH=/home/jaime/RM3_ws/install/controller_manager:/home/jaime/RM3_ws/install/controller_interface:/home/jaime/RM3_ws/install/hardware_interface:/home/jaime/RM3_ws/install/ros2_control_test_assets:/home/jaime/RM3_ws/install/controller_manager_msgs:${AMENT_PREFIX_PATH} CMAKE_PREFIX_PATH=/home/jaime/RM3_ws/install/controller_manager:/home/jaime/RM3_ws/install/controller_interface:/home/jaime/RM3_ws/install/hardware_interface:/home/jaime/RM3_ws/install/ros2_control_test_assets:/home/jaime/RM3_ws/install/controller_manager_msgs:/opt/ros/foxy LD_LIBRARY_PATH=/home/jaime/RM3_ws/install/controller_manager/lib:/home/jaime/RM3_ws/install/controller_interface/lib:/home/jaime/RM3_ws/install/hardware_interface/lib:/home/jaime/RM3_ws/install/controller_manager_msgs/lib:${LD_LIBRARY_PATH} PYTHONPATH=/home/jaime/RM3_ws/install/controller_manager/lib/python3.8/site-packages:/home/jaime/RM3_ws/install/controller_manager_msgs/lib/python3.8/site-packages:${PYTHONPATH} /usr/bin/cmake /home/jaime/RM3_ws/src/ros2_controllers/gripper_controllers -DAMENT_CMAKE_SYMLINK_INSTALL=1 -DCMAKE_INSTALL_PREFIX=/home/jaime/RM3_ws/install/gripper_controllers
[1.451s] -- Found ament_cmake: 0.9.9 (/opt/ros/foxy/share/ament_cmake/cmake)
[1.451s] -- Using PYTHON_EXECUTABLE: /usr/bin/python3
[1.451s] -- Override CMake install command with custom implementation using symlinks instead of copying resources
[1.451s] -- Found rclcpp_action: 2.4.1 (/opt/ros/foxy/share/rclcpp_action/cmake)
[1.451s] -- Using all available rosidl_typesupport_c: rosidl_typesupport_fastrtps_c;rosidl_typesupport_introspection_c
[1.451s] -- Found rosidl_adapter: 1.2.1 (/opt/ros/foxy/share/rosidl_adapter/cmake)
[1.451s] -- Using all available rosidl_typesupport_cpp: rosidl_typesupport_fastrtps_cpp;rosidl_typesupport_introspection_cpp
[1.451s] -- Found rmw_implementation_cmake: 1.0.3 (/opt/ros/foxy/share/rmw_implementation_cmake/cmake)
[1.451s] -- Using RMW implementation 'rmw_fastrtps_cpp' as default
[1.451s] -- Found control_msgs: 2.5.1 (/opt/ros/foxy/share/control_msgs/cmake)
[1.451s] -- Found control_toolbox: 2.0.2 (/opt/ros/foxy/share/control_toolbox/cmake)
[1.452s] -- Found controller_interface: 0.10.1 (/home/jaime/RM3_ws/install/controller_interface/share/controller_interface/cmake)
[1.709s] -- Found ament_cmake_gmock: 0.9.9 (/opt/ros/foxy/share/ament_cmake_gmock/cmake)
[1.709s] -- Found controller_manager: 0.10.1 (/home/jaime/RM3_ws/install/controller_manager/share/controller_manager/cmake)
[1.777s] -- Found ros2_control_test_assets: 0.10.1 (/home/jaime/RM3_ws/install/ros2_control_test_assets/share/ros2_control_test_assets/cmake)
[1.779s] -- Found gmock sources under '/opt/ros/foxy/src/gmock_vendor': C++ tests using 'Google Mock' will be built
[1.781s] -- Found ament_cmake_gtest: 0.9.9 (/opt/ros/foxy/share/ament_cmake_gtest/cmake)
[1.781s] -- Found gtest sources under '/opt/ros/foxy/src/gtest_vendor': C++ tests using 'Google Test' will be built
[1.932s] -- Configuring done
[1.994s] -- Generating done
[1.996s] -- Build files have been written to: /home/jaime/RM3_ws/build/gripper_controllers
[2.026s] Invoked command in '/home/jaime/RM3_ws/build/gripper_controllers' returned '0': AMENT_PREFIX_PATH=/home/jaime/RM3_ws/install/controller_manager:/home/jaime/RM3_ws/install/controller_interface:/home/jaime/RM3_ws/install/hardware_interface:/home/jaime/RM3_ws/install/ros2_control_test_assets:/home/jaime/RM3_ws/install/controller_manager_msgs:${AMENT_PREFIX_PATH} CMAKE_PREFIX_PATH=/home/jaime/RM3_ws/install/controller_manager:/home/jaime/RM3_ws/install/controller_interface:/home/jaime/RM3_ws/install/hardware_interface:/home/jaime/RM3_ws/install/ros2_control_test_assets:/home/jaime/RM3_ws/install/controller_manager_msgs:/opt/ros/foxy LD_LIBRARY_PATH=/home/jaime/RM3_ws/install/controller_manager/lib:/home/jaime/RM3_ws/install/controller_interface/lib:/home/jaime/RM3_ws/install/hardware_interface/lib:/home/jaime/RM3_ws/install/controller_manager_msgs/lib:${LD_LIBRARY_PATH} PYTHONPATH=/home/jaime/RM3_ws/install/controller_manager/lib/python3.8/site-packages:/home/jaime/RM3_ws/install/controller_manager_msgs/lib/python3.8/site-packages:${PYTHONPATH} /usr/bin/cmake /home/jaime/RM3_ws/src/ros2_controllers/gripper_controllers -DAMENT_CMAKE_SYMLINK_INSTALL=1 -DCMAKE_INSTALL_PREFIX=/home/jaime/RM3_ws/install/gripper_controllers
[2.031s] Invoking command in '/home/jaime/RM3_ws/build/gripper_controllers': AMENT_PREFIX_PATH=/home/jaime/RM3_ws/install/controller_manager:/home/jaime/RM3_ws/install/controller_interface:/home/jaime/RM3_ws/install/hardware_interface:/home/jaime/RM3_ws/install/ros2_control_test_assets:/home/jaime/RM3_ws/install/controller_manager_msgs:${AMENT_PREFIX_PATH} CMAKE_PREFIX_PATH=/home/jaime/RM3_ws/install/controller_manager:/home/jaime/RM3_ws/install/controller_interface:/home/jaime/RM3_ws/install/hardware_interface:/home/jaime/RM3_ws/install/ros2_control_test_assets:/home/jaime/RM3_ws/install/controller_manager_msgs:/opt/ros/foxy LD_LIBRARY_PATH=/home/jaime/RM3_ws/install/controller_manager/lib:/home/jaime/RM3_ws/install/controller_interface/lib:/home/jaime/RM3_ws/install/hardware_interface/lib:/home/jaime/RM3_ws/install/controller_manager_msgs/lib:${LD_LIBRARY_PATH} PYTHONPATH=/home/jaime/RM3_ws/install/controller_manager/lib/python3.8/site-packages:/home/jaime/RM3_ws/install/controller_manager_msgs/lib/python3.8/site-packages:${PYTHONPATH} /usr/bin/cmake --build /home/jaime/RM3_ws/build/gripper_controllers
[2.123s] [ 33%] Built target gmock
[2.143s] [ 55%] Built target gripper_action_controller
[2.164s] [ 77%] Built target gmock_main
[2.216s] [100%] Built target test_load_gripper_action_controllers
[2.232s] Invoked command in '/home/jaime/RM3_ws/build/gripper_controllers' returned '0': AMENT_PREFIX_PATH=/home/jaime/RM3_ws/install/controller_manager:/home/jaime/RM3_ws/install/controller_interface:/home/jaime/RM3_ws/install/hardware_interface:/home/jaime/RM3_ws/install/ros2_control_test_assets:/home/jaime/RM3_ws/install/controller_manager_msgs:${AMENT_PREFIX_PATH} CMAKE_PREFIX_PATH=/home/jaime/RM3_ws/install/controller_manager:/home/jaime/RM3_ws/install/controller_interface:/home/jaime/RM3_ws/install/hardware_interface:/home/jaime/RM3_ws/install/ros2_control_test_assets:/home/jaime/RM3_ws/install/controller_manager_msgs:/opt/ros/foxy LD_LIBRARY_PATH=/home/jaime/RM3_ws/install/controller_manager/lib:/home/jaime/RM3_ws/install/controller_interface/lib:/home/jaime/RM3_ws/install/hardware_interface/lib:/home/jaime/RM3_ws/install/controller_manager_msgs/lib:${LD_LIBRARY_PATH} PYTHONPATH=/home/jaime/RM3_ws/install/controller_manager/lib/python3.8/site-packages:/home/jaime/RM3_ws/install/controller_manager_msgs/lib/python3.8/site-packages:${PYTHONPATH} /usr/bin/cmake --build /home/jaime/RM3_ws/build/gripper_controllers
[2.284s] Invoking command in '/home/jaime/RM3_ws/build/gripper_controllers': AMENT_PREFIX_PATH=/home/jaime/RM3_ws/install/controller_manager:/home/jaime/RM3_ws/install/controller_interface:/home/jaime/RM3_ws/install/hardware_interface:/home/jaime/RM3_ws/install/ros2_control_test_assets:/home/jaime/RM3_ws/install/controller_manager_msgs:${AMENT_PREFIX_PATH} CMAKE_PREFIX_PATH=/home/jaime/RM3_ws/install/controller_manager:/home/jaime/RM3_ws/install/controller_interface:/home/jaime/RM3_ws/install/hardware_interface:/home/jaime/RM3_ws/install/ros2_control_test_assets:/home/jaime/RM3_ws/install/controller_manager_msgs:/opt/ros/foxy LD_LIBRARY_PATH=/home/jaime/RM3_ws/install/controller_manager/lib:/home/jaime/RM3_ws/install/controller_interface/lib:/home/jaime/RM3_ws/install/hardware_interface/lib:/home/jaime/RM3_ws/install/controller_manager_msgs/lib:${LD_LIBRARY_PATH} PYTHONPATH=/home/jaime/RM3_ws/install/controller_manager/lib/python3.8/site-packages:/home/jaime/RM3_ws/install/controller_manager_msgs/lib/python3.8/site-packages:${PYTHONPATH} /usr/bin/cmake --install /home/jaime/RM3_ws/build/gripper_controllers
[2.301s] -- Install configuration: ""
[2.301s] -- Execute custom install script
[2.302s] -- Up-to-date symlink: /home/jaime/RM3_ws/install/gripper_controllers/share/gripper_controllers//ros_control_plugins.xml
[2.306s] -- Up-to-date symlink: /home/jaime/RM3_ws/install/gripper_controllers/include/gripper_action_controller.hpp
[2.306s] -- Up-to-date symlink: /home/jaime/RM3_ws/install/gripper_controllers/include/gripper_action_controller_impl.hpp
[2.306s] -- Up-to-date symlink: /home/jaime/RM3_ws/install/gripper_controllers/include/hardware_interface_adapter.hpp
[2.306s] -- Up-to-date symlink: /home/jaime/RM3_ws/install/gripper_controllers/include/visibility_control.hpp
[2.306s] -- Up-to-date symlink: /home/jaime/RM3_ws/install/gripper_controllers/lib/libgripper_action_controller.so
[2.306s] -- Up-to-date symlink: /home/jaime/RM3_ws/install/gripper_controllers/share/ament_index/resource_index/package_run_dependencies/gripper_controllers
[2.307s] -- Up-to-date symlink: /home/jaime/RM3_ws/install/gripper_controllers/share/ament_index/resource_index/parent_prefix_path/gripper_controllers
[2.307s] -- Up-to-date symlink: /home/jaime/RM3_ws/install/gripper_controllers/share/gripper_controllers/environment/ament_prefix_path.sh
[2.307s] -- Up-to-date symlink: /home/jaime/RM3_ws/install/gripper_controllers/share/gripper_controllers/environment/ament_prefix_path.dsv
[2.307s] -- Up-to-date symlink: /home/jaime/RM3_ws/install/gripper_controllers/share/gripper_controllers/environment/path.sh
[2.307s] -- Up-to-date symlink: /home/jaime/RM3_ws/install/gripper_controllers/share/gripper_controllers/environment/path.dsv
[2.307s] -- Up-to-date symlink: /home/jaime/RM3_ws/install/gripper_controllers/share/gripper_controllers/local_setup.bash
[2.307s] -- Up-to-date symlink: /home/jaime/RM3_ws/install/gripper_controllers/share/gripper_controllers/local_setup.sh
[2.307s] -- Up-to-date symlink: /home/jaime/RM3_ws/install/gripper_controllers/share/gripper_controllers/local_setup.zsh
[2.307s] -- Up-to-date symlink: /home/jaime/RM3_ws/install/gripper_controllers/share/gripper_controllers/local_setup.dsv
[2.307s] -- Symlinking: /home/jaime/RM3_ws/install/gripper_controllers/share/gripper_controllers/package.dsv
[2.313s] -- Up-to-date symlink: /home/jaime/RM3_ws/install/gripper_controllers/share/ament_index/resource_index/packages/gripper_controllers
[2.313s] -- Up-to-date symlink: /home/jaime/RM3_ws/install/gripper_controllers/share/ament_index/resource_index/controller_interface__pluginlib__plugin/gripper_controllers
[2.314s] -- Up-to-date symlink: /home/jaime/RM3_ws/install/gripper_controllers/share/gripper_controllers/cmake/gripper_controllersConfig.cmake
[2.314s] -- Up-to-date symlink: /home/jaime/RM3_ws/install/gripper_controllers/share/gripper_controllers/cmake/gripper_controllersConfig-version.cmake
[2.314s] -- Up-to-date symlink: /home/jaime/RM3_ws/install/gripper_controllers/share/gripper_controllers/package.xml
[2.350s] Invoked command in '/home/jaime/RM3_ws/build/gripper_controllers' returned '0': AMENT_PREFIX_PATH=/home/jaime/RM3_ws/install/controller_manager:/home/jaime/RM3_ws/install/controller_interface:/home/jaime/RM3_ws/install/hardware_interface:/home/jaime/RM3_ws/install/ros2_control_test_assets:/home/jaime/RM3_ws/install/controller_manager_msgs:${AMENT_PREFIX_PATH} CMAKE_PREFIX_PATH=/home/jaime/RM3_ws/install/controller_manager:/home/jaime/RM3_ws/install/controller_interface:/home/jaime/RM3_ws/install/hardware_interface:/home/jaime/RM3_ws/install/ros2_control_test_assets:/home/jaime/RM3_ws/install/controller_manager_msgs:/opt/ros/foxy LD_LIBRARY_PATH=/home/jaime/RM3_ws/install/controller_manager/lib:/home/jaime/RM3_ws/install/controller_interface/lib:/home/jaime/RM3_ws/install/hardware_interface/lib:/home/jaime/RM3_ws/install/controller_manager_msgs/lib:${LD_LIBRARY_PATH} PYTHONPATH=/home/jaime/RM3_ws/install/controller_manager/lib/python3.8/site-packages:/home/jaime/RM3_ws/install/controller_manager_msgs/lib/python3.8/site-packages:${PYTHONPATH} /usr/bin/cmake --install /home/jaime/RM3_ws/build/gripper_controllers
