[1.161s] Invoking command in '/home/jaime/RM3_ws/src/TALTECH_RM3_ROS_PACKAGES/robominer_locomotion_control': PYTHONPATH=/home/jaime/RM3_ws/install/robominer_locomotion_control/lib/python3.8/site-packages:${PYTHONPATH} /usr/bin/python3 setup.py egg_info --egg-base ../../../build/robominer_locomotion_control build --build-base /home/jaime/RM3_ws/build/robominer_locomotion_control/build install --prefix /home/jaime/RM3_ws/install/robominer_locomotion_control --record /home/jaime/RM3_ws/build/robominer_locomotion_control/install.log --single-version-externally-managed
[1.394s] running egg_info
[1.394s] creating ../../../build/robominer_locomotion_control/robominer_locomotion_control.egg-info
[1.395s] writing ../../../build/robominer_locomotion_control/robominer_locomotion_control.egg-info/PKG-INFO
[1.395s] writing dependency_links to ../../../build/robominer_locomotion_control/robominer_locomotion_control.egg-info/dependency_links.txt
[1.395s] writing entry points to ../../../build/robominer_locomotion_control/robominer_locomotion_control.egg-info/entry_points.txt
[1.395s] writing requirements to ../../../build/robominer_locomotion_control/robominer_locomotion_control.egg-info/requires.txt
[1.395s] writing top-level names to ../../../build/robominer_locomotion_control/robominer_locomotion_control.egg-info/top_level.txt
[1.396s] writing manifest file '../../../build/robominer_locomotion_control/robominer_locomotion_control.egg-info/SOURCES.txt'
[1.441s] reading manifest file '../../../build/robominer_locomotion_control/robominer_locomotion_control.egg-info/SOURCES.txt'
[1.443s] writing manifest file '../../../build/robominer_locomotion_control/robominer_locomotion_control.egg-info/SOURCES.txt'
[1.443s] running build
[1.443s] running build_py
[1.443s] creating /home/jaime/RM3_ws/build/robominer_locomotion_control/build
[1.444s] creating /home/jaime/RM3_ws/build/robominer_locomotion_control/build/lib
[1.444s] creating /home/jaime/RM3_ws/build/robominer_locomotion_control/build/lib/robominer_locomotion_control
[1.444s] copying robominer_locomotion_control/__init__.py -> /home/jaime/RM3_ws/build/robominer_locomotion_control/build/lib/robominer_locomotion_control
[1.445s] copying robominer_locomotion_control/open_loop_steering.py -> /home/jaime/RM3_ws/build/robominer_locomotion_control/build/lib/robominer_locomotion_control
[1.445s] running install
[1.445s] running install_lib
[1.448s] creating /home/jaime/RM3_ws/install/robominer_locomotion_control/lib/python3.8/site-packages/robominer_locomotion_control
[1.448s] copying /home/jaime/RM3_ws/build/robominer_locomotion_control/build/lib/robominer_locomotion_control/__init__.py -> /home/jaime/RM3_ws/install/robominer_locomotion_control/lib/python3.8/site-packages/robominer_locomotion_control
[1.449s] copying /home/jaime/RM3_ws/build/robominer_locomotion_control/build/lib/robominer_locomotion_control/open_loop_steering.py -> /home/jaime/RM3_ws/install/robominer_locomotion_control/lib/python3.8/site-packages/robominer_locomotion_control
[1.449s] byte-compiling /home/jaime/RM3_ws/install/robominer_locomotion_control/lib/python3.8/site-packages/robominer_locomotion_control/__init__.py to __init__.cpython-38.pyc
[1.449s] byte-compiling /home/jaime/RM3_ws/install/robominer_locomotion_control/lib/python3.8/site-packages/robominer_locomotion_control/open_loop_steering.py to open_loop_steering.cpython-38.pyc
[1.449s] running install_data
[1.450s] creating /home/jaime/RM3_ws/install/robominer_locomotion_control/share/ament_index
[1.450s] creating /home/jaime/RM3_ws/install/robominer_locomotion_control/share/ament_index/resource_index
[1.450s] creating /home/jaime/RM3_ws/install/robominer_locomotion_control/share/ament_index/resource_index/packages
[1.451s] copying resource/robominer_locomotion_control -> /home/jaime/RM3_ws/install/robominer_locomotion_control/share/ament_index/resource_index/packages
[1.451s] copying package.xml -> /home/jaime/RM3_ws/install/robominer_locomotion_control/share/robominer_locomotion_control
[1.451s] creating /home/jaime/RM3_ws/install/robominer_locomotion_control/share/robominer_locomotion_control/launch
[1.451s] copying launch/open_loop_steering.launch.py -> /home/jaime/RM3_ws/install/robominer_locomotion_control/share/robominer_locomotion_control/launch
[1.451s] running install_egg_info
[1.453s] Copying ../../../build/robominer_locomotion_control/robominer_locomotion_control.egg-info to /home/jaime/RM3_ws/install/robominer_locomotion_control/lib/python3.8/site-packages/robominer_locomotion_control-0.0.0-py3.8.egg-info
[1.454s] running install_scripts
[1.476s] Installing open_loop_steering script to /home/jaime/RM3_ws/install/robominer_locomotion_control/lib/robominer_locomotion_control
[1.476s] writing list of installed files to '/home/jaime/RM3_ws/build/robominer_locomotion_control/install.log'
[1.522s] Invoked command in '/home/jaime/RM3_ws/src/TALTECH_RM3_ROS_PACKAGES/robominer_locomotion_control' returned '0': PYTHONPATH=/home/jaime/RM3_ws/install/robominer_locomotion_control/lib/python3.8/site-packages:${PYTHONPATH} /usr/bin/python3 setup.py egg_info --egg-base ../../../build/robominer_locomotion_control build --build-base /home/jaime/RM3_ws/build/robominer_locomotion_control/build install --prefix /home/jaime/RM3_ws/install/robominer_locomotion_control --record /home/jaime/RM3_ws/build/robominer_locomotion_control/install.log --single-version-externally-managed
