[0.094s] Invoking command in '/home/jaime/RM3_ws/build/gripper_controllers': AMENT_PREFIX_PATH=/home/jaime/RM3_ws/install/controller_manager:/home/jaime/RM3_ws/install/controller_interface:/home/jaime/RM3_ws/install/hardware_interface:/home/jaime/RM3_ws/install/ros2_control_test_assets:/home/jaime/RM3_ws/install/controller_manager_msgs:${AMENT_PREFIX_PATH} CMAKE_PREFIX_PATH=/home/jaime/RM3_ws/install/controller_manager:/home/jaime/RM3_ws/install/controller_interface:/home/jaime/RM3_ws/install/hardware_interface:/home/jaime/RM3_ws/install/ros2_control_test_assets:/home/jaime/RM3_ws/install/controller_manager_msgs:/opt/ros/foxy LD_LIBRARY_PATH=/home/jaime/RM3_ws/install/controller_manager/lib:/home/jaime/RM3_ws/install/controller_interface/lib:/home/jaime/RM3_ws/install/hardware_interface/lib:/home/jaime/RM3_ws/install/controller_manager_msgs/lib:${LD_LIBRARY_PATH} PYTHONPATH=/home/jaime/RM3_ws/install/controller_manager/lib/python3.8/site-packages:/home/jaime/RM3_ws/install/controller_manager_msgs/lib/python3.8/site-packages:${PYTHONPATH} /usr/bin/cmake --build /home/jaime/RM3_ws/build/gripper_controllers -- -j8 -l8
[0.251s] [ 22%] Built target gripper_action_controller
[0.262s] [ 44%] Built target gmock_main
[0.263s] [ 77%] Built target gmock
[0.330s] [100%] Built target test_load_gripper_action_controllers
[0.354s] Invoked command in '/home/jaime/RM3_ws/build/gripper_controllers' returned '0': AMENT_PREFIX_PATH=/home/jaime/RM3_ws/install/controller_manager:/home/jaime/RM3_ws/install/controller_interface:/home/jaime/RM3_ws/install/hardware_interface:/home/jaime/RM3_ws/install/ros2_control_test_assets:/home/jaime/RM3_ws/install/controller_manager_msgs:${AMENT_PREFIX_PATH} CMAKE_PREFIX_PATH=/home/jaime/RM3_ws/install/controller_manager:/home/jaime/RM3_ws/install/controller_interface:/home/jaime/RM3_ws/install/hardware_interface:/home/jaime/RM3_ws/install/ros2_control_test_assets:/home/jaime/RM3_ws/install/controller_manager_msgs:/opt/ros/foxy LD_LIBRARY_PATH=/home/jaime/RM3_ws/install/controller_manager/lib:/home/jaime/RM3_ws/install/controller_interface/lib:/home/jaime/RM3_ws/install/hardware_interface/lib:/home/jaime/RM3_ws/install/controller_manager_msgs/lib:${LD_LIBRARY_PATH} PYTHONPATH=/home/jaime/RM3_ws/install/controller_manager/lib/python3.8/site-packages:/home/jaime/RM3_ws/install/controller_manager_msgs/lib/python3.8/site-packages:${PYTHONPATH} /usr/bin/cmake --build /home/jaime/RM3_ws/build/gripper_controllers -- -j8 -l8
[0.605s] Invoking command in '/home/jaime/RM3_ws/build/gripper_controllers': AMENT_PREFIX_PATH=/home/jaime/RM3_ws/install/controller_manager:/home/jaime/RM3_ws/install/controller_interface:/home/jaime/RM3_ws/install/hardware_interface:/home/jaime/RM3_ws/install/ros2_control_test_assets:/home/jaime/RM3_ws/install/controller_manager_msgs:${AMENT_PREFIX_PATH} CMAKE_PREFIX_PATH=/home/jaime/RM3_ws/install/controller_manager:/home/jaime/RM3_ws/install/controller_interface:/home/jaime/RM3_ws/install/hardware_interface:/home/jaime/RM3_ws/install/ros2_control_test_assets:/home/jaime/RM3_ws/install/controller_manager_msgs:/opt/ros/foxy LD_LIBRARY_PATH=/home/jaime/RM3_ws/install/controller_manager/lib:/home/jaime/RM3_ws/install/controller_interface/lib:/home/jaime/RM3_ws/install/hardware_interface/lib:/home/jaime/RM3_ws/install/controller_manager_msgs/lib:${LD_LIBRARY_PATH} PYTHONPATH=/home/jaime/RM3_ws/install/controller_manager/lib/python3.8/site-packages:/home/jaime/RM3_ws/install/controller_manager_msgs/lib/python3.8/site-packages:${PYTHONPATH} /usr/bin/cmake --install /home/jaime/RM3_ws/build/gripper_controllers
[0.614s] -- Install configuration: ""
[0.615s] -- Execute custom install script
[0.615s] -- Up-to-date symlink: /home/jaime/RM3_ws/install/gripper_controllers/share/gripper_controllers//ros_control_plugins.xml
[0.615s] -- Up-to-date symlink: /home/jaime/RM3_ws/install/gripper_controllers/include/gripper_action_controller.hpp
[0.615s] -- Up-to-date symlink: /home/jaime/RM3_ws/install/gripper_controllers/include/gripper_action_controller_impl.hpp
[0.619s] -- Up-to-date symlink: /home/jaime/RM3_ws/install/gripper_controllers/include/hardware_interface_adapter.hpp
[0.620s] -- Up-to-date symlink: /home/jaime/RM3_ws/install/gripper_controllers/include/visibility_control.hpp
[0.620s] -- Up-to-date symlink: /home/jaime/RM3_ws/install/gripper_controllers/lib/libgripper_action_controller.so
[0.620s] -- Up-to-date symlink: /home/jaime/RM3_ws/install/gripper_controllers/share/ament_index/resource_index/package_run_dependencies/gripper_controllers
[0.620s] -- Up-to-date symlink: /home/jaime/RM3_ws/install/gripper_controllers/share/ament_index/resource_index/parent_prefix_path/gripper_controllers
[0.621s] -- Up-to-date symlink: /home/jaime/RM3_ws/install/gripper_controllers/share/gripper_controllers/environment/ament_prefix_path.sh
[0.621s] -- Up-to-date symlink: /home/jaime/RM3_ws/install/gripper_controllers/share/gripper_controllers/environment/ament_prefix_path.dsv
[0.621s] -- Up-to-date symlink: /home/jaime/RM3_ws/install/gripper_controllers/share/gripper_controllers/environment/path.sh
[0.622s] -- Up-to-date symlink: /home/jaime/RM3_ws/install/gripper_controllers/share/gripper_controllers/environment/path.dsv
[0.622s] -- Up-to-date symlink: /home/jaime/RM3_ws/install/gripper_controllers/share/gripper_controllers/local_setup.bash
[0.622s] -- Up-to-date symlink: /home/jaime/RM3_ws/install/gripper_controllers/share/gripper_controllers/local_setup.sh
[0.623s] -- Up-to-date symlink: /home/jaime/RM3_ws/install/gripper_controllers/share/gripper_controllers/local_setup.zsh
[0.623s] -- Up-to-date symlink: /home/jaime/RM3_ws/install/gripper_controllers/share/gripper_controllers/local_setup.dsv
[0.623s] -- Symlinking: /home/jaime/RM3_ws/install/gripper_controllers/share/gripper_controllers/package.dsv
[0.637s] -- Up-to-date symlink: /home/jaime/RM3_ws/install/gripper_controllers/share/ament_index/resource_index/packages/gripper_controllers
[0.637s] -- Up-to-date symlink: /home/jaime/RM3_ws/install/gripper_controllers/share/ament_index/resource_index/controller_interface__pluginlib__plugin/gripper_controllers
[0.639s] -- Up-to-date symlink: /home/jaime/RM3_ws/install/gripper_controllers/share/gripper_controllers/cmake/gripper_controllersConfig.cmake
[0.640s] -- Up-to-date symlink: /home/jaime/RM3_ws/install/gripper_controllers/share/gripper_controllers/cmake/gripper_controllersConfig-version.cmake
[0.640s] -- Up-to-date symlink: /home/jaime/RM3_ws/install/gripper_controllers/share/gripper_controllers/package.xml
[0.724s] Invoked command in '/home/jaime/RM3_ws/build/gripper_controllers' returned '0': AMENT_PREFIX_PATH=/home/jaime/RM3_ws/install/controller_manager:/home/jaime/RM3_ws/install/controller_interface:/home/jaime/RM3_ws/install/hardware_interface:/home/jaime/RM3_ws/install/ros2_control_test_assets:/home/jaime/RM3_ws/install/controller_manager_msgs:${AMENT_PREFIX_PATH} CMAKE_PREFIX_PATH=/home/jaime/RM3_ws/install/controller_manager:/home/jaime/RM3_ws/install/controller_interface:/home/jaime/RM3_ws/install/hardware_interface:/home/jaime/RM3_ws/install/ros2_control_test_assets:/home/jaime/RM3_ws/install/controller_manager_msgs:/opt/ros/foxy LD_LIBRARY_PATH=/home/jaime/RM3_ws/install/controller_manager/lib:/home/jaime/RM3_ws/install/controller_interface/lib:/home/jaime/RM3_ws/install/hardware_interface/lib:/home/jaime/RM3_ws/install/controller_manager_msgs/lib:${LD_LIBRARY_PATH} PYTHONPATH=/home/jaime/RM3_ws/install/controller_manager/lib/python3.8/site-packages:/home/jaime/RM3_ws/install/controller_manager_msgs/lib/python3.8/site-packages:${PYTHONPATH} /usr/bin/cmake --install /home/jaime/RM3_ws/build/gripper_controllers
