[1.748s] Invoking command in '/home/jaime/RM3_ws/src/nav_rm3': PYTHONPATH=/home/jaime/RM3_ws/install/nav_rm3/lib/python3.8/site-packages:${PYTHONPATH} /usr/bin/python3 setup.py egg_info --egg-base ../../build/nav_rm3 build --build-base /home/jaime/RM3_ws/build/nav_rm3/build install --prefix /home/jaime/RM3_ws/install/nav_rm3 --record /home/jaime/RM3_ws/build/nav_rm3/install.log --single-version-externally-managed
[2.061s] running egg_info
[2.066s] writing ../../build/nav_rm3/nav_rm3.egg-info/PKG-INFO
[2.067s] writing dependency_links to ../../build/nav_rm3/nav_rm3.egg-info/dependency_links.txt
[2.067s] writing entry points to ../../build/nav_rm3/nav_rm3.egg-info/entry_points.txt
[2.068s] writing requirements to ../../build/nav_rm3/nav_rm3.egg-info/requires.txt
[2.068s] writing top-level names to ../../build/nav_rm3/nav_rm3.egg-info/top_level.txt
[2.141s] reading manifest file '../../build/nav_rm3/nav_rm3.egg-info/SOURCES.txt'
[2.142s] writing manifest file '../../build/nav_rm3/nav_rm3.egg-info/SOURCES.txt'
[2.142s] running build
[2.143s] running build_py
[2.143s] running install
[2.144s] running install_lib
[2.146s] running install_data
[2.147s] copying config/nav2.yaml -> /home/jaime/RM3_ws/install/nav_rm3/share/nav_rm3/config
[2.147s] running install_egg_info
[2.150s] removing '/home/jaime/RM3_ws/install/nav_rm3/lib/python3.8/site-packages/nav_rm3-0.0.0-py3.8.egg-info' (and everything under it)
[2.150s] Copying ../../build/nav_rm3/nav_rm3.egg-info to /home/jaime/RM3_ws/install/nav_rm3/lib/python3.8/site-packages/nav_rm3-0.0.0-py3.8.egg-info
[2.151s] running install_scripts
[2.180s] writing list of installed files to '/home/jaime/RM3_ws/build/nav_rm3/install.log'
[2.254s] Invoked command in '/home/jaime/RM3_ws/src/nav_rm3' returned '0': PYTHONPATH=/home/jaime/RM3_ws/install/nav_rm3/lib/python3.8/site-packages:${PYTHONPATH} /usr/bin/python3 setup.py egg_info --egg-base ../../build/nav_rm3 build --build-base /home/jaime/RM3_ws/build/nav_rm3/build install --prefix /home/jaime/RM3_ws/install/nav_rm3 --record /home/jaime/RM3_ws/build/nav_rm3/install.log --single-version-externally-managed
