[1.846s] Invoking command in '/home/jaime/RM3_ws/build/ros2controlcli': AMENT_PREFIX_PATH=/home/jaime/RM3_ws/install/controller_manager:/home/jaime/RM3_ws/install/controller_interface:/home/jaime/RM3_ws/install/hardware_interface:/home/jaime/RM3_ws/install/ros2_control_test_assets:/home/jaime/RM3_ws/install/controller_manager_msgs:${AMENT_PREFIX_PATH} CMAKE_PREFIX_PATH=/home/jaime/RM3_ws/install/controller_manager:/home/jaime/RM3_ws/install/controller_interface:/home/jaime/RM3_ws/install/hardware_interface:/home/jaime/RM3_ws/install/ros2_control_test_assets:/home/jaime/RM3_ws/install/controller_manager_msgs LD_LIBRARY_PATH=/home/jaime/RM3_ws/install/controller_manager/lib:/home/jaime/RM3_ws/install/controller_interface/lib:/home/jaime/RM3_ws/install/hardware_interface/lib:/home/jaime/RM3_ws/install/controller_manager_msgs/lib:${LD_LIBRARY_PATH} PYTHONPATH=/home/jaime/RM3_ws/install/ros2controlcli/lib/python3.8/site-packages:/home/jaime/RM3_ws/install/controller_manager/lib/python3.8/site-packages:/home/jaime/RM3_ws/install/controller_manager_msgs/lib/python3.8/site-packages:${PYTHONPATH} /usr/bin/python3 setup.py develop --prefix /home/jaime/RM3_ws/install/ros2controlcli --uninstall --editable --build-directory /home/jaime/RM3_ws/build/ros2controlcli/build
[2.348s] running develop
[2.638s] Invoked command in '/home/jaime/RM3_ws/build/ros2controlcli' returned '0': AMENT_PREFIX_PATH=/home/jaime/RM3_ws/install/controller_manager:/home/jaime/RM3_ws/install/controller_interface:/home/jaime/RM3_ws/install/hardware_interface:/home/jaime/RM3_ws/install/ros2_control_test_assets:/home/jaime/RM3_ws/install/controller_manager_msgs:${AMENT_PREFIX_PATH} CMAKE_PREFIX_PATH=/home/jaime/RM3_ws/install/controller_manager:/home/jaime/RM3_ws/install/controller_interface:/home/jaime/RM3_ws/install/hardware_interface:/home/jaime/RM3_ws/install/ros2_control_test_assets:/home/jaime/RM3_ws/install/controller_manager_msgs LD_LIBRARY_PATH=/home/jaime/RM3_ws/install/controller_manager/lib:/home/jaime/RM3_ws/install/controller_interface/lib:/home/jaime/RM3_ws/install/hardware_interface/lib:/home/jaime/RM3_ws/install/controller_manager_msgs/lib:${LD_LIBRARY_PATH} PYTHONPATH=/home/jaime/RM3_ws/install/ros2controlcli/lib/python3.8/site-packages:/home/jaime/RM3_ws/install/controller_manager/lib/python3.8/site-packages:/home/jaime/RM3_ws/install/controller_manager_msgs/lib/python3.8/site-packages:${PYTHONPATH} /usr/bin/python3 setup.py develop --prefix /home/jaime/RM3_ws/install/ros2controlcli --uninstall --editable --build-directory /home/jaime/RM3_ws/build/ros2controlcli/build
[2.643s] Invoking command in '/home/jaime/RM3_ws/src/ros2_control/ros2controlcli': AMENT_PREFIX_PATH=/home/jaime/RM3_ws/install/controller_manager:/home/jaime/RM3_ws/install/controller_interface:/home/jaime/RM3_ws/install/hardware_interface:/home/jaime/RM3_ws/install/ros2_control_test_assets:/home/jaime/RM3_ws/install/controller_manager_msgs:${AMENT_PREFIX_PATH} CMAKE_PREFIX_PATH=/home/jaime/RM3_ws/install/controller_manager:/home/jaime/RM3_ws/install/controller_interface:/home/jaime/RM3_ws/install/hardware_interface:/home/jaime/RM3_ws/install/ros2_control_test_assets:/home/jaime/RM3_ws/install/controller_manager_msgs LD_LIBRARY_PATH=/home/jaime/RM3_ws/install/controller_manager/lib:/home/jaime/RM3_ws/install/controller_interface/lib:/home/jaime/RM3_ws/install/hardware_interface/lib:/home/jaime/RM3_ws/install/controller_manager_msgs/lib:${LD_LIBRARY_PATH} PYTHONPATH=/home/jaime/RM3_ws/install/ros2controlcli/lib/python3.8/site-packages:/home/jaime/RM3_ws/install/controller_manager/lib/python3.8/site-packages:/home/jaime/RM3_ws/install/controller_manager_msgs/lib/python3.8/site-packages:${PYTHONPATH} /usr/bin/python3 setup.py egg_info --egg-base ../../../build/ros2controlcli build --build-base /home/jaime/RM3_ws/build/ros2controlcli/build install --prefix /home/jaime/RM3_ws/install/ros2controlcli --record /home/jaime/RM3_ws/build/ros2controlcli/install.log --single-version-externally-managed
[3.043s] running egg_info
[3.044s] writing ../../../build/ros2controlcli/ros2controlcli.egg-info/PKG-INFO
[3.045s] writing dependency_links to ../../../build/ros2controlcli/ros2controlcli.egg-info/dependency_links.txt
[3.046s] writing entry points to ../../../build/ros2controlcli/ros2controlcli.egg-info/entry_points.txt
[3.046s] writing requirements to ../../../build/ros2controlcli/ros2controlcli.egg-info/requires.txt
[3.047s] writing top-level names to ../../../build/ros2controlcli/ros2controlcli.egg-info/top_level.txt
[3.121s] reading manifest file '../../../build/ros2controlcli/ros2controlcli.egg-info/SOURCES.txt'
[3.123s] writing manifest file '../../../build/ros2controlcli/ros2controlcli.egg-info/SOURCES.txt'
[3.123s] running build
[3.124s] running build_py
[3.128s] running install
[3.130s] running install_lib
[3.137s] running install_data
[3.139s] running install_egg_info
[3.143s] removing '/home/jaime/RM3_ws/install/ros2controlcli/lib/python3.8/site-packages/ros2controlcli-0.10.1-py3.8.egg-info' (and everything under it)
[3.144s] Copying ../../../build/ros2controlcli/ros2controlcli.egg-info to /home/jaime/RM3_ws/install/ros2controlcli/lib/python3.8/site-packages/ros2controlcli-0.10.1-py3.8.egg-info
[3.144s] running install_scripts
[3.177s] writing list of installed files to '/home/jaime/RM3_ws/build/ros2controlcli/install.log'
[3.230s] Invoked command in '/home/jaime/RM3_ws/src/ros2_control/ros2controlcli' returned '0': AMENT_PREFIX_PATH=/home/jaime/RM3_ws/install/controller_manager:/home/jaime/RM3_ws/install/controller_interface:/home/jaime/RM3_ws/install/hardware_interface:/home/jaime/RM3_ws/install/ros2_control_test_assets:/home/jaime/RM3_ws/install/controller_manager_msgs:${AMENT_PREFIX_PATH} CMAKE_PREFIX_PATH=/home/jaime/RM3_ws/install/controller_manager:/home/jaime/RM3_ws/install/controller_interface:/home/jaime/RM3_ws/install/hardware_interface:/home/jaime/RM3_ws/install/ros2_control_test_assets:/home/jaime/RM3_ws/install/controller_manager_msgs LD_LIBRARY_PATH=/home/jaime/RM3_ws/install/controller_manager/lib:/home/jaime/RM3_ws/install/controller_interface/lib:/home/jaime/RM3_ws/install/hardware_interface/lib:/home/jaime/RM3_ws/install/controller_manager_msgs/lib:${LD_LIBRARY_PATH} PYTHONPATH=/home/jaime/RM3_ws/install/ros2controlcli/lib/python3.8/site-packages:/home/jaime/RM3_ws/install/controller_manager/lib/python3.8/site-packages:/home/jaime/RM3_ws/install/controller_manager_msgs/lib/python3.8/site-packages:${PYTHONPATH} /usr/bin/python3 setup.py egg_info --egg-base ../../../build/ros2controlcli build --build-base /home/jaime/RM3_ws/build/ros2controlcli/build install --prefix /home/jaime/RM3_ws/install/ros2controlcli --record /home/jaime/RM3_ws/build/ros2controlcli/install.log --single-version-externally-managed
