[0.980s] Invoking command in '/home/jaime/RM3_ws/build/robominer_msgs': CMAKE_PREFIX_PATH=/opt/ros/foxy /usr/bin/cmake --build /home/jaime/RM3_ws/build/robominer_msgs -- -j8 -l8
[1.035s] [  0%] Built target robominer_msgs__cpp
[1.040s] [ 12%] Built target robominer_msgs__rosidl_generator_c
[1.072s] [ 24%] Built target robominer_msgs__rosidl_typesupport_cpp
[1.077s] [ 35%] Built target robominer_msgs__rosidl_typesupport_fastrtps_cpp
[1.078s] [ 47%] Built target robominer_msgs__rosidl_typesupport_introspection_cpp
[1.091s] [ 59%] Built target robominer_msgs__rosidl_typesupport_introspection_c
[1.092s] [ 70%] Built target robominer_msgs__rosidl_typesupport_c
[1.211s] [ 82%] Built target robominer_msgs__rosidl_typesupport_fastrtps_c
[1.211s] [ 82%] Built target robominer_msgs
[1.214s] [ 83%] Built target robominer_msgs__py
[1.255s] [ 94%] Built target robominer_msgs__python
[1.296s] [ 96%] Built target robominer_msgs__rosidl_typesupport_introspection_c__pyext
[1.306s] [ 98%] Built target robominer_msgs__rosidl_typesupport_c__pyext
[1.321s] [100%] Built target robominer_msgs__rosidl_typesupport_fastrtps_c__pyext
[1.370s] Invoked command in '/home/jaime/RM3_ws/build/robominer_msgs' returned '0': CMAKE_PREFIX_PATH=/opt/ros/foxy /usr/bin/cmake --build /home/jaime/RM3_ws/build/robominer_msgs -- -j8 -l8
[1.845s] Invoking command in '/home/jaime/RM3_ws/build/robominer_msgs': CMAKE_PREFIX_PATH=/opt/ros/foxy /usr/bin/cmake --install /home/jaime/RM3_ws/build/robominer_msgs
[1.876s] -- Install configuration: ""
[1.877s] -- Execute custom install script
[1.877s] -- Up-to-date symlink: /home/jaime/RM3_ws/install/robominer_msgs/share/ament_index/resource_index/rosidl_interfaces/robominer_msgs
[1.878s] -- Up-to-date symlink: /home/jaime/RM3_ws/install/robominer_msgs/include/robominer_msgs/msg/detail/fiducial_transform__functions.h
[1.878s] -- Up-to-date symlink: /home/jaime/RM3_ws/install/robominer_msgs/include/robominer_msgs/msg/detail/fiducial_transform__struct.h
[1.878s] -- Up-to-date symlink: /home/jaime/RM3_ws/install/robominer_msgs/include/robominer_msgs/msg/detail/fiducial_transform__type_support.h
[1.878s] -- Up-to-date symlink: /home/jaime/RM3_ws/install/robominer_msgs/include/robominer_msgs/msg/detail/fiducial_transform_array__functions.h
[1.878s] -- Up-to-date symlink: /home/jaime/RM3_ws/install/robominer_msgs/include/robominer_msgs/msg/detail/fiducial_transform_array__struct.h
[1.878s] -- Up-to-date symlink: /home/jaime/RM3_ws/install/robominer_msgs/include/robominer_msgs/msg/detail/fiducial_transform_array__type_support.h
[1.879s] -- Up-to-date symlink: /home/jaime/RM3_ws/install/robominer_msgs/include/robominer_msgs/msg/detail/motor_module_command__functions.h
[1.879s] -- Up-to-date symlink: /home/jaime/RM3_ws/install/robominer_msgs/include/robominer_msgs/msg/detail/motor_module_command__struct.h
[1.879s] -- Up-to-date symlink: /home/jaime/RM3_ws/install/robominer_msgs/include/robominer_msgs/msg/detail/motor_module_command__type_support.h
[1.879s] -- Up-to-date symlink: /home/jaime/RM3_ws/install/robominer_msgs/include/robominer_msgs/msg/detail/motor_module_feedback__functions.h
[1.879s] -- Up-to-date symlink: /home/jaime/RM3_ws/install/robominer_msgs/include/robominer_msgs/msg/detail/motor_module_feedback__struct.h
[1.879s] -- Up-to-date symlink: /home/jaime/RM3_ws/install/robominer_msgs/include/robominer_msgs/msg/detail/motor_module_feedback__type_support.h
[1.879s] -- Up-to-date symlink: /home/jaime/RM3_ws/install/robominer_msgs/include/robominer_msgs/msg/detail/spectrometer_calibration__functions.h
[1.879s] -- Up-to-date symlink: /home/jaime/RM3_ws/install/robominer_msgs/include/robominer_msgs/msg/detail/spectrometer_calibration__struct.h
[1.879s] -- Up-to-date symlink: /home/jaime/RM3_ws/install/robominer_msgs/include/robominer_msgs/msg/detail/spectrometer_calibration__type_support.h
[1.880s] -- Up-to-date symlink: /home/jaime/RM3_ws/install/robominer_msgs/include/robominer_msgs/msg/detail/spectrometer_frequency_command__functions.h
[1.880s] -- Up-to-date symlink: /home/jaime/RM3_ws/install/robominer_msgs/include/robominer_msgs/msg/detail/spectrometer_frequency_command__struct.h
[1.880s] -- Up-to-date symlink: /home/jaime/RM3_ws/install/robominer_msgs/include/robominer_msgs/msg/detail/spectrometer_frequency_command__type_support.h
[1.880s] -- Up-to-date symlink: /home/jaime/RM3_ws/install/robominer_msgs/include/robominer_msgs/msg/detail/spectrometer_measurement__functions.h
[1.880s] -- Up-to-date symlink: /home/jaime/RM3_ws/install/robominer_msgs/include/robominer_msgs/msg/detail/spectrometer_measurement__struct.h
[1.880s] -- Up-to-date symlink: /home/jaime/RM3_ws/install/robominer_msgs/include/robominer_msgs/msg/detail/spectrometer_measurement__type_support.h
[1.880s] -- Up-to-date symlink: /home/jaime/RM3_ws/install/robominer_msgs/include/robominer_msgs/msg/detail/whisker__functions.h
[1.880s] -- Up-to-date symlink: /home/jaime/RM3_ws/install/robominer_msgs/include/robominer_msgs/msg/detail/whisker__struct.h
[1.880s] -- Up-to-date symlink: /home/jaime/RM3_ws/install/robominer_msgs/include/robominer_msgs/msg/detail/whisker__type_support.h
[1.880s] -- Up-to-date symlink: /home/jaime/RM3_ws/install/robominer_msgs/include/robominer_msgs/msg/detail/whisker_array__functions.h
[1.881s] -- Up-to-date symlink: /home/jaime/RM3_ws/install/robominer_msgs/include/robominer_msgs/msg/detail/whisker_array__struct.h
[1.881s] -- Up-to-date symlink: /home/jaime/RM3_ws/install/robominer_msgs/include/robominer_msgs/msg/detail/whisker_array__type_support.h
[1.881s] -- Up-to-date symlink: /home/jaime/RM3_ws/install/robominer_msgs/include/robominer_msgs/msg/detail/whisker_pos_in_grid__functions.h
[1.881s] -- Up-to-date symlink: /home/jaime/RM3_ws/install/robominer_msgs/include/robominer_msgs/msg/detail/whisker_pos_in_grid__struct.h
[1.881s] -- Up-to-date symlink: /home/jaime/RM3_ws/install/robominer_msgs/include/robominer_msgs/msg/detail/whisker_pos_in_grid__type_support.h
[1.882s] -- Up-to-date symlink: /home/jaime/RM3_ws/install/robominer_msgs/include/robominer_msgs/msg/fiducial_transform.h
[1.882s] -- Up-to-date symlink: /home/jaime/RM3_ws/install/robominer_msgs/include/robominer_msgs/msg/fiducial_transform_array.h
[1.882s] -- Up-to-date symlink: /home/jaime/RM3_ws/install/robominer_msgs/include/robominer_msgs/msg/motor_module_command.h
[1.882s] -- Up-to-date symlink: /home/jaime/RM3_ws/install/robominer_msgs/include/robominer_msgs/msg/motor_module_feedback.h
[1.883s] -- Up-to-date symlink: /home/jaime/RM3_ws/install/robominer_msgs/include/robominer_msgs/msg/rosidl_generator_c__visibility_control.h
[1.883s] -- Up-to-date symlink: /home/jaime/RM3_ws/install/robominer_msgs/include/robominer_msgs/msg/spectrometer_calibration.h
[1.883s] -- Up-to-date symlink: /home/jaime/RM3_ws/install/robominer_msgs/include/robominer_msgs/msg/spectrometer_frequency_command.h
[1.884s] -- Up-to-date symlink: /home/jaime/RM3_ws/install/robominer_msgs/include/robominer_msgs/msg/spectrometer_measurement.h
[1.884s] -- Up-to-date symlink: /home/jaime/RM3_ws/install/robominer_msgs/include/robominer_msgs/msg/whisker.h
[1.884s] -- Up-to-date symlink: /home/jaime/RM3_ws/install/robominer_msgs/include/robominer_msgs/msg/whisker_array.h
[1.884s] -- Up-to-date symlink: /home/jaime/RM3_ws/install/robominer_msgs/include/robominer_msgs/msg/whisker_pos_in_grid.h
[1.884s] -- Up-to-date symlink: /home/jaime/RM3_ws/install/robominer_msgs/share/robominer_msgs/environment/library_path.sh
[1.884s] -- Up-to-date symlink: /home/jaime/RM3_ws/install/robominer_msgs/share/robominer_msgs/environment/library_path.dsv
[1.884s] -- Up-to-date symlink: /home/jaime/RM3_ws/install/robominer_msgs/include/robominer_msgs/msg/detail/fiducial_transform__rosidl_typesupport_fastrtps_c.h
[1.885s] -- Up-to-date symlink: /home/jaime/RM3_ws/install/robominer_msgs/include/robominer_msgs/msg/detail/fiducial_transform_array__rosidl_typesupport_fastrtps_c.h
[1.885s] -- Up-to-date symlink: /home/jaime/RM3_ws/install/robominer_msgs/include/robominer_msgs/msg/detail/motor_module_command__rosidl_typesupport_fastrtps_c.h
[1.885s] -- Up-to-date symlink: /home/jaime/RM3_ws/install/robominer_msgs/include/robominer_msgs/msg/detail/motor_module_feedback__rosidl_typesupport_fastrtps_c.h
[1.886s] -- Up-to-date symlink: /home/jaime/RM3_ws/install/robominer_msgs/include/robominer_msgs/msg/detail/spectrometer_calibration__rosidl_typesupport_fastrtps_c.h
[1.886s] -- Up-to-date symlink: /home/jaime/RM3_ws/install/robominer_msgs/include/robominer_msgs/msg/detail/spectrometer_frequency_command__rosidl_typesupport_fastrtps_c.h
[1.886s] -- Up-to-date symlink: /home/jaime/RM3_ws/install/robominer_msgs/include/robominer_msgs/msg/detail/spectrometer_measurement__rosidl_typesupport_fastrtps_c.h
[1.886s] -- Up-to-date symlink: /home/jaime/RM3_ws/install/robominer_msgs/include/robominer_msgs/msg/detail/whisker__rosidl_typesupport_fastrtps_c.h
[1.887s] -- Up-to-date symlink: /home/jaime/RM3_ws/install/robominer_msgs/include/robominer_msgs/msg/detail/whisker_array__rosidl_typesupport_fastrtps_c.h
[1.887s] -- Up-to-date symlink: /home/jaime/RM3_ws/install/robominer_msgs/include/robominer_msgs/msg/detail/whisker_pos_in_grid__rosidl_typesupport_fastrtps_c.h
[1.887s] -- Up-to-date symlink: /home/jaime/RM3_ws/install/robominer_msgs/include/robominer_msgs/msg/rosidl_typesupport_fastrtps_c__visibility_control.h
[1.887s] -- Up-to-date symlink: /home/jaime/RM3_ws/install/robominer_msgs/lib/librobominer_msgs__rosidl_typesupport_fastrtps_c.so
[1.887s] -- Up-to-date symlink: /home/jaime/RM3_ws/install/robominer_msgs/include/robominer_msgs/msg/detail/fiducial_transform__rosidl_typesupport_fastrtps_cpp.hpp
[1.887s] -- Up-to-date symlink: /home/jaime/RM3_ws/install/robominer_msgs/include/robominer_msgs/msg/detail/fiducial_transform_array__rosidl_typesupport_fastrtps_cpp.hpp
[1.887s] -- Up-to-date symlink: /home/jaime/RM3_ws/install/robominer_msgs/include/robominer_msgs/msg/detail/motor_module_command__rosidl_typesupport_fastrtps_cpp.hpp
[1.887s] -- Up-to-date symlink: /home/jaime/RM3_ws/install/robominer_msgs/include/robominer_msgs/msg/detail/motor_module_feedback__rosidl_typesupport_fastrtps_cpp.hpp
[1.888s] -- Up-to-date symlink: /home/jaime/RM3_ws/install/robominer_msgs/include/robominer_msgs/msg/detail/spectrometer_calibration__rosidl_typesupport_fastrtps_cpp.hpp
[1.888s] -- Up-to-date symlink: /home/jaime/RM3_ws/install/robominer_msgs/include/robominer_msgs/msg/detail/spectrometer_frequency_command__rosidl_typesupport_fastrtps_cpp.hpp
[1.888s] -- Up-to-date symlink: /home/jaime/RM3_ws/install/robominer_msgs/include/robominer_msgs/msg/detail/spectrometer_measurement__rosidl_typesupport_fastrtps_cpp.hpp
[1.888s] -- Up-to-date symlink: /home/jaime/RM3_ws/install/robominer_msgs/include/robominer_msgs/msg/detail/whisker__rosidl_typesupport_fastrtps_cpp.hpp
[1.888s] -- Up-to-date symlink: /home/jaime/RM3_ws/install/robominer_msgs/include/robominer_msgs/msg/detail/whisker_array__rosidl_typesupport_fastrtps_cpp.hpp
[1.889s] -- Up-to-date symlink: /home/jaime/RM3_ws/install/robominer_msgs/include/robominer_msgs/msg/detail/whisker_pos_in_grid__rosidl_typesupport_fastrtps_cpp.hpp
[1.889s] -- Up-to-date symlink: /home/jaime/RM3_ws/install/robominer_msgs/include/robominer_msgs/msg/rosidl_typesupport_fastrtps_cpp__visibility_control.h
[1.889s] -- Up-to-date symlink: /home/jaime/RM3_ws/install/robominer_msgs/lib/librobominer_msgs__rosidl_typesupport_fastrtps_cpp.so
[1.889s] -- Up-to-date symlink: /home/jaime/RM3_ws/install/robominer_msgs/include/robominer_msgs/msg/detail/fiducial_transform__rosidl_typesupport_introspection_c.h
[1.889s] -- Up-to-date symlink: /home/jaime/RM3_ws/install/robominer_msgs/include/robominer_msgs/msg/detail/fiducial_transform_array__rosidl_typesupport_introspection_c.h
[1.889s] -- Up-to-date symlink: /home/jaime/RM3_ws/install/robominer_msgs/include/robominer_msgs/msg/detail/motor_module_command__rosidl_typesupport_introspection_c.h
[1.889s] -- Up-to-date symlink: /home/jaime/RM3_ws/install/robominer_msgs/include/robominer_msgs/msg/detail/motor_module_feedback__rosidl_typesupport_introspection_c.h
[1.889s] -- Up-to-date symlink: /home/jaime/RM3_ws/install/robominer_msgs/include/robominer_msgs/msg/detail/spectrometer_calibration__rosidl_typesupport_introspection_c.h
[1.890s] -- Up-to-date symlink: /home/jaime/RM3_ws/install/robominer_msgs/include/robominer_msgs/msg/detail/spectrometer_frequency_command__rosidl_typesupport_introspection_c.h
[1.890s] -- Up-to-date symlink: /home/jaime/RM3_ws/install/robominer_msgs/include/robominer_msgs/msg/detail/spectrometer_measurement__rosidl_typesupport_introspection_c.h
[1.890s] -- Up-to-date symlink: /home/jaime/RM3_ws/install/robominer_msgs/include/robominer_msgs/msg/detail/whisker__rosidl_typesupport_introspection_c.h
[1.890s] -- Up-to-date symlink: /home/jaime/RM3_ws/install/robominer_msgs/include/robominer_msgs/msg/detail/whisker_array__rosidl_typesupport_introspection_c.h
[1.891s] -- Up-to-date symlink: /home/jaime/RM3_ws/install/robominer_msgs/include/robominer_msgs/msg/detail/whisker_pos_in_grid__rosidl_typesupport_introspection_c.h
[1.891s] -- Up-to-date symlink: /home/jaime/RM3_ws/install/robominer_msgs/include/robominer_msgs/msg/rosidl_typesupport_introspection_c__visibility_control.h
[1.891s] -- Up-to-date symlink: /home/jaime/RM3_ws/install/robominer_msgs/include/robominer_msgs/msg/detail/fiducial_transform__builder.hpp
[1.891s] -- Up-to-date symlink: /home/jaime/RM3_ws/install/robominer_msgs/include/robominer_msgs/msg/detail/fiducial_transform__struct.hpp
[1.892s] -- Up-to-date symlink: /home/jaime/RM3_ws/install/robominer_msgs/include/robominer_msgs/msg/detail/fiducial_transform__traits.hpp
[1.892s] -- Up-to-date symlink: /home/jaime/RM3_ws/install/robominer_msgs/include/robominer_msgs/msg/detail/fiducial_transform_array__builder.hpp
[1.893s] -- Up-to-date symlink: /home/jaime/RM3_ws/install/robominer_msgs/include/robominer_msgs/msg/detail/fiducial_transform_array__struct.hpp
[1.893s] -- Up-to-date symlink: /home/jaime/RM3_ws/install/robominer_msgs/include/robominer_msgs/msg/detail/fiducial_transform_array__traits.hpp
[1.893s] -- Up-to-date symlink: /home/jaime/RM3_ws/install/robominer_msgs/include/robominer_msgs/msg/detail/motor_module_command__builder.hpp
[1.893s] -- Up-to-date symlink: /home/jaime/RM3_ws/install/robominer_msgs/include/robominer_msgs/msg/detail/motor_module_command__struct.hpp
[1.894s] -- Up-to-date symlink: /home/jaime/RM3_ws/install/robominer_msgs/include/robominer_msgs/msg/detail/motor_module_command__traits.hpp
[1.894s] -- Up-to-date symlink: /home/jaime/RM3_ws/install/robominer_msgs/include/robominer_msgs/msg/detail/motor_module_feedback__builder.hpp
[1.894s] -- Up-to-date symlink: /home/jaime/RM3_ws/install/robominer_msgs/include/robominer_msgs/msg/detail/motor_module_feedback__struct.hpp
[1.895s] -- Up-to-date symlink: /home/jaime/RM3_ws/install/robominer_msgs/include/robominer_msgs/msg/detail/motor_module_feedback__traits.hpp
[1.895s] -- Up-to-date symlink: /home/jaime/RM3_ws/install/robominer_msgs/include/robominer_msgs/msg/detail/spectrometer_calibration__builder.hpp
[1.895s] -- Up-to-date symlink: /home/jaime/RM3_ws/install/robominer_msgs/include/robominer_msgs/msg/detail/spectrometer_calibration__struct.hpp
[1.896s] -- Up-to-date symlink: /home/jaime/RM3_ws/install/robominer_msgs/include/robominer_msgs/msg/detail/spectrometer_calibration__traits.hpp
[1.896s] -- Up-to-date symlink: /home/jaime/RM3_ws/install/robominer_msgs/include/robominer_msgs/msg/detail/spectrometer_frequency_command__builder.hpp
[1.896s] -- Up-to-date symlink: /home/jaime/RM3_ws/install/robominer_msgs/include/robominer_msgs/msg/detail/spectrometer_frequency_command__struct.hpp
[1.896s] -- Up-to-date symlink: /home/jaime/RM3_ws/install/robominer_msgs/include/robominer_msgs/msg/detail/spectrometer_frequency_command__traits.hpp
[1.897s] -- Up-to-date symlink: /home/jaime/RM3_ws/install/robominer_msgs/include/robominer_msgs/msg/detail/spectrometer_measurement__builder.hpp
[1.897s] -- Up-to-date symlink: /home/jaime/RM3_ws/install/robominer_msgs/include/robominer_msgs/msg/detail/spectrometer_measurement__struct.hpp
[1.897s] -- Up-to-date symlink: /home/jaime/RM3_ws/install/robominer_msgs/include/robominer_msgs/msg/detail/spectrometer_measurement__traits.hpp
[1.897s] -- Up-to-date symlink: /home/jaime/RM3_ws/install/robominer_msgs/include/robominer_msgs/msg/detail/whisker__builder.hpp
[1.898s] -- Up-to-date symlink: /home/jaime/RM3_ws/install/robominer_msgs/include/robominer_msgs/msg/detail/whisker__struct.hpp
[1.898s] -- Up-to-date symlink: /home/jaime/RM3_ws/install/robominer_msgs/include/robominer_msgs/msg/detail/whisker__traits.hpp
[1.898s] -- Up-to-date symlink: /home/jaime/RM3_ws/install/robominer_msgs/include/robominer_msgs/msg/detail/whisker_array__builder.hpp
[1.899s] -- Up-to-date symlink: /home/jaime/RM3_ws/install/robominer_msgs/include/robominer_msgs/msg/detail/whisker_array__struct.hpp
[1.899s] -- Up-to-date symlink: /home/jaime/RM3_ws/install/robominer_msgs/include/robominer_msgs/msg/detail/whisker_array__traits.hpp
[1.899s] -- Up-to-date symlink: /home/jaime/RM3_ws/install/robominer_msgs/include/robominer_msgs/msg/detail/whisker_pos_in_grid__builder.hpp
[1.899s] -- Up-to-date symlink: /home/jaime/RM3_ws/install/robominer_msgs/include/robominer_msgs/msg/detail/whisker_pos_in_grid__struct.hpp
[1.899s] -- Up-to-date symlink: /home/jaime/RM3_ws/install/robominer_msgs/include/robominer_msgs/msg/detail/whisker_pos_in_grid__traits.hpp
[1.899s] -- Up-to-date symlink: /home/jaime/RM3_ws/install/robominer_msgs/include/robominer_msgs/msg/fiducial_transform.hpp
[1.900s] -- Up-to-date symlink: /home/jaime/RM3_ws/install/robominer_msgs/include/robominer_msgs/msg/fiducial_transform_array.hpp
[1.900s] -- Up-to-date symlink: /home/jaime/RM3_ws/install/robominer_msgs/include/robominer_msgs/msg/motor_module_command.hpp
[1.900s] -- Up-to-date symlink: /home/jaime/RM3_ws/install/robominer_msgs/include/robominer_msgs/msg/motor_module_feedback.hpp
[1.900s] -- Up-to-date symlink: /home/jaime/RM3_ws/install/robominer_msgs/include/robominer_msgs/msg/spectrometer_calibration.hpp
[1.900s] -- Up-to-date symlink: /home/jaime/RM3_ws/install/robominer_msgs/include/robominer_msgs/msg/spectrometer_frequency_command.hpp
[1.901s] -- Up-to-date symlink: /home/jaime/RM3_ws/install/robominer_msgs/include/robominer_msgs/msg/spectrometer_measurement.hpp
[1.901s] -- Up-to-date symlink: /home/jaime/RM3_ws/install/robominer_msgs/include/robominer_msgs/msg/whisker.hpp
[1.901s] -- Up-to-date symlink: /home/jaime/RM3_ws/install/robominer_msgs/include/robominer_msgs/msg/whisker_array.hpp
[1.901s] -- Up-to-date symlink: /home/jaime/RM3_ws/install/robominer_msgs/include/robominer_msgs/msg/whisker_pos_in_grid.hpp
[1.901s] -- Up-to-date symlink: /home/jaime/RM3_ws/install/robominer_msgs/include/robominer_msgs/msg/detail/fiducial_transform__rosidl_typesupport_introspection_cpp.hpp
[1.902s] -- Up-to-date symlink: /home/jaime/RM3_ws/install/robominer_msgs/include/robominer_msgs/msg/detail/fiducial_transform_array__rosidl_typesupport_introspection_cpp.hpp
[1.902s] -- Up-to-date symlink: /home/jaime/RM3_ws/install/robominer_msgs/include/robominer_msgs/msg/detail/motor_module_command__rosidl_typesupport_introspection_cpp.hpp
[1.902s] -- Up-to-date symlink: /home/jaime/RM3_ws/install/robominer_msgs/include/robominer_msgs/msg/detail/motor_module_feedback__rosidl_typesupport_introspection_cpp.hpp
[1.902s] -- Up-to-date symlink: /home/jaime/RM3_ws/install/robominer_msgs/include/robominer_msgs/msg/detail/spectrometer_calibration__rosidl_typesupport_introspection_cpp.hpp
[1.902s] -- Up-to-date symlink: /home/jaime/RM3_ws/install/robominer_msgs/include/robominer_msgs/msg/detail/spectrometer_frequency_command__rosidl_typesupport_introspection_cpp.hpp
[1.902s] -- Up-to-date symlink: /home/jaime/RM3_ws/install/robominer_msgs/include/robominer_msgs/msg/detail/spectrometer_measurement__rosidl_typesupport_introspection_cpp.hpp
[1.903s] -- Up-to-date symlink: /home/jaime/RM3_ws/install/robominer_msgs/include/robominer_msgs/msg/detail/whisker__rosidl_typesupport_introspection_cpp.hpp
[1.903s] -- Up-to-date symlink: /home/jaime/RM3_ws/install/robominer_msgs/include/robominer_msgs/msg/detail/whisker_array__rosidl_typesupport_introspection_cpp.hpp
[1.903s] -- Up-to-date symlink: /home/jaime/RM3_ws/install/robominer_msgs/include/robominer_msgs/msg/detail/whisker_pos_in_grid__rosidl_typesupport_introspection_cpp.hpp
[1.903s] -- Up-to-date symlink: /home/jaime/RM3_ws/install/robominer_msgs/share/robominer_msgs/environment/pythonpath.sh
[1.904s] -- Up-to-date symlink: /home/jaime/RM3_ws/install/robominer_msgs/share/robominer_msgs/environment/pythonpath.dsv
[1.904s] -- Up-to-date symlink: /home/jaime/RM3_ws/install/robominer_msgs/lib/python3.8/site-packages/robominer_msgs/__init__.py
[1.904s] -- Up-to-date symlink: /home/jaime/RM3_ws/install/robominer_msgs/lib/python3.8/site-packages/robominer_msgs/msg/__init__.py
[1.904s] -- Up-to-date symlink: /home/jaime/RM3_ws/install/robominer_msgs/lib/python3.8/site-packages/robominer_msgs/msg/_fiducial_transform.py
[1.904s] -- Up-to-date symlink: /home/jaime/RM3_ws/install/robominer_msgs/lib/python3.8/site-packages/robominer_msgs/msg/_fiducial_transform_array.py
[1.904s] -- Up-to-date symlink: /home/jaime/RM3_ws/install/robominer_msgs/lib/python3.8/site-packages/robominer_msgs/msg/_motor_module_command.py
[1.905s] -- Up-to-date symlink: /home/jaime/RM3_ws/install/robominer_msgs/lib/python3.8/site-packages/robominer_msgs/msg/_motor_module_feedback.py
[1.905s] -- Up-to-date symlink: /home/jaime/RM3_ws/install/robominer_msgs/lib/python3.8/site-packages/robominer_msgs/msg/_spectrometer_calibration.py
[1.905s] -- Up-to-date symlink: /home/jaime/RM3_ws/install/robominer_msgs/lib/python3.8/site-packages/robominer_msgs/msg/_spectrometer_frequency_command.py
[1.905s] -- Up-to-date symlink: /home/jaime/RM3_ws/install/robominer_msgs/lib/python3.8/site-packages/robominer_msgs/msg/_spectrometer_measurement.py
[1.906s] -- Up-to-date symlink: /home/jaime/RM3_ws/install/robominer_msgs/lib/python3.8/site-packages/robominer_msgs/msg/_whisker.py
[1.906s] -- Up-to-date symlink: /home/jaime/RM3_ws/install/robominer_msgs/lib/python3.8/site-packages/robominer_msgs/msg/_whisker_array.py
[1.906s] -- Up-to-date symlink: /home/jaime/RM3_ws/install/robominer_msgs/lib/python3.8/site-packages/robominer_msgs/msg/_whisker_pos_in_grid.py
[1.906s] -- Up-to-date symlink: /home/jaime/RM3_ws/install/robominer_msgs/lib/python3.8/site-packages/robominer_msgs/robominer_msgs_s__rosidl_typesupport_fastrtps_c.cpython-38-x86_64-linux-gnu.so
[1.906s] -- Up-to-date symlink: /home/jaime/RM3_ws/install/robominer_msgs/lib/python3.8/site-packages/robominer_msgs/robominer_msgs_s__rosidl_typesupport_introspection_c.cpython-38-x86_64-linux-gnu.so
[1.907s] -- Up-to-date symlink: /home/jaime/RM3_ws/install/robominer_msgs/lib/python3.8/site-packages/robominer_msgs/robominer_msgs_s__rosidl_typesupport_c.cpython-38-x86_64-linux-gnu.so
[1.907s] -- Up-to-date symlink: /home/jaime/RM3_ws/install/robominer_msgs/lib/librobominer_msgs__python.so
[1.907s] -- Up-to-date symlink: /home/jaime/RM3_ws/install/robominer_msgs/share/robominer_msgs/msg/MotorModuleFeedback.idl
[1.907s] -- Up-to-date symlink: /home/jaime/RM3_ws/install/robominer_msgs/share/robominer_msgs/msg/MotorModuleCommand.idl
[1.908s] -- Up-to-date symlink: /home/jaime/RM3_ws/install/robominer_msgs/share/robominer_msgs/msg/WhiskerPosInGrid.idl
[1.908s] -- Up-to-date symlink: /home/jaime/RM3_ws/install/robominer_msgs/share/robominer_msgs/msg/Whisker.idl
[1.908s] -- Up-to-date symlink: /home/jaime/RM3_ws/install/robominer_msgs/share/robominer_msgs/msg/WhiskerArray.idl
[1.908s] -- Up-to-date symlink: /home/jaime/RM3_ws/install/robominer_msgs/share/robominer_msgs/msg/SpectrometerMeasurement.idl
[1.908s] -- Up-to-date symlink: /home/jaime/RM3_ws/install/robominer_msgs/share/robominer_msgs/msg/SpectrometerCalibration.idl
[1.908s] -- Up-to-date symlink: /home/jaime/RM3_ws/install/robominer_msgs/share/robominer_msgs/msg/SpectrometerFrequencyCommand.idl
[1.909s] -- Up-to-date symlink: /home/jaime/RM3_ws/install/robominer_msgs/share/robominer_msgs/msg/FiducialTransform.idl
[1.909s] -- Up-to-date symlink: /home/jaime/RM3_ws/install/robominer_msgs/share/robominer_msgs/msg/FiducialTransformArray.idl
[1.909s] -- Up-to-date symlink: /home/jaime/RM3_ws/install/robominer_msgs/share/robominer_msgs/msg/MotorModuleFeedback.msg
[1.909s] -- Up-to-date symlink: /home/jaime/RM3_ws/install/robominer_msgs/share/robominer_msgs/msg/MotorModuleCommand.msg
[1.909s] -- Up-to-date symlink: /home/jaime/RM3_ws/install/robominer_msgs/share/robominer_msgs/msg/WhiskerPosInGrid.msg
[1.909s] -- Up-to-date symlink: /home/jaime/RM3_ws/install/robominer_msgs/share/robominer_msgs/msg/Whisker.msg
[1.909s] -- Up-to-date symlink: /home/jaime/RM3_ws/install/robominer_msgs/share/robominer_msgs/msg/WhiskerArray.msg
[1.909s] -- Up-to-date symlink: /home/jaime/RM3_ws/install/robominer_msgs/share/robominer_msgs/msg/SpectrometerMeasurement.msg
[1.910s] -- Up-to-date symlink: /home/jaime/RM3_ws/install/robominer_msgs/share/robominer_msgs/msg/SpectrometerCalibration.msg
[1.910s] -- Up-to-date symlink: /home/jaime/RM3_ws/install/robominer_msgs/share/robominer_msgs/msg/SpectrometerFrequencyCommand.msg
[1.910s] -- Up-to-date symlink: /home/jaime/RM3_ws/install/robominer_msgs/share/robominer_msgs/msg/FiducialTransform.msg
[1.910s] -- Up-to-date symlink: /home/jaime/RM3_ws/install/robominer_msgs/share/robominer_msgs/msg/FiducialTransformArray.msg
[1.911s] -- Up-to-date symlink: /home/jaime/RM3_ws/install/robominer_msgs/share/ament_index/resource_index/package_run_dependencies/robominer_msgs
[1.911s] -- Up-to-date symlink: /home/jaime/RM3_ws/install/robominer_msgs/share/ament_index/resource_index/parent_prefix_path/robominer_msgs
[1.911s] -- Up-to-date symlink: /home/jaime/RM3_ws/install/robominer_msgs/share/robominer_msgs/environment/ament_prefix_path.sh
[1.911s] -- Up-to-date symlink: /home/jaime/RM3_ws/install/robominer_msgs/share/robominer_msgs/environment/ament_prefix_path.dsv
[1.911s] -- Up-to-date symlink: /home/jaime/RM3_ws/install/robominer_msgs/share/robominer_msgs/environment/path.sh
[1.911s] -- Up-to-date symlink: /home/jaime/RM3_ws/install/robominer_msgs/share/robominer_msgs/environment/path.dsv
[1.911s] -- Up-to-date symlink: /home/jaime/RM3_ws/install/robominer_msgs/share/robominer_msgs/local_setup.bash
[1.911s] -- Up-to-date symlink: /home/jaime/RM3_ws/install/robominer_msgs/share/robominer_msgs/local_setup.sh
[1.911s] -- Up-to-date symlink: /home/jaime/RM3_ws/install/robominer_msgs/share/robominer_msgs/local_setup.zsh
[1.911s] -- Up-to-date symlink: /home/jaime/RM3_ws/install/robominer_msgs/share/robominer_msgs/local_setup.dsv
[1.912s] -- Symlinking: /home/jaime/RM3_ws/install/robominer_msgs/share/robominer_msgs/package.dsv
[1.919s] -- Up-to-date symlink: /home/jaime/RM3_ws/install/robominer_msgs/share/ament_index/resource_index/packages/robominer_msgs
[1.919s] -- Up-to-date symlink: /home/jaime/RM3_ws/install/robominer_msgs/share/robominer_msgs/cmake/rosidl_cmake-extras.cmake
[1.920s] -- Up-to-date symlink: /home/jaime/RM3_ws/install/robominer_msgs/share/robominer_msgs/cmake/ament_cmake_export_dependencies-extras.cmake
[1.920s] -- Up-to-date symlink: /home/jaime/RM3_ws/install/robominer_msgs/share/robominer_msgs/cmake/ament_cmake_export_libraries-extras.cmake
[1.921s] -- Up-to-date symlink: /home/jaime/RM3_ws/install/robominer_msgs/share/robominer_msgs/cmake/ament_cmake_export_targets-extras.cmake
[1.921s] -- Up-to-date symlink: /home/jaime/RM3_ws/install/robominer_msgs/share/robominer_msgs/cmake/ament_cmake_export_include_directories-extras.cmake
[1.921s] -- Up-to-date symlink: /home/jaime/RM3_ws/install/robominer_msgs/share/robominer_msgs/cmake/rosidl_cmake_export_typesupport_libraries-extras.cmake
[1.922s] -- Up-to-date symlink: /home/jaime/RM3_ws/install/robominer_msgs/share/robominer_msgs/cmake/rosidl_cmake_export_typesupport_targets-extras.cmake
[1.923s] -- Up-to-date symlink: /home/jaime/RM3_ws/install/robominer_msgs/share/robominer_msgs/cmake/robominer_msgsConfig.cmake
[1.923s] -- Up-to-date symlink: /home/jaime/RM3_ws/install/robominer_msgs/share/robominer_msgs/cmake/robominer_msgsConfig-version.cmake
[1.923s] -- Up-to-date symlink: /home/jaime/RM3_ws/install/robominer_msgs/share/robominer_msgs/package.xml
[1.923s] -- Up-to-date: /home/jaime/RM3_ws/install/robominer_msgs/lib/librobominer_msgs__rosidl_generator_c.so
[1.923s] -- Up-to-date: /home/jaime/RM3_ws/install/robominer_msgs/lib/librobominer_msgs__rosidl_typesupport_introspection_c.so
[1.924s] -- Up-to-date: /home/jaime/RM3_ws/install/robominer_msgs/lib/librobominer_msgs__rosidl_typesupport_c.so
[1.924s] -- Up-to-date: /home/jaime/RM3_ws/install/robominer_msgs/lib/librobominer_msgs__rosidl_typesupport_introspection_cpp.so
[1.924s] -- Up-to-date: /home/jaime/RM3_ws/install/robominer_msgs/lib/librobominer_msgs__rosidl_typesupport_cpp.so
[1.976s] -- Up-to-date: /home/jaime/RM3_ws/install/robominer_msgs/share/robominer_msgs/cmake/robominer_msgs__rosidl_generator_cExport.cmake
[1.977s] -- Up-to-date: /home/jaime/RM3_ws/install/robominer_msgs/share/robominer_msgs/cmake/robominer_msgs__rosidl_generator_cExport-noconfig.cmake
[1.977s] -- Up-to-date: /home/jaime/RM3_ws/install/robominer_msgs/share/robominer_msgs/cmake/robominer_msgs__rosidl_typesupport_introspection_cExport.cmake
[1.977s] -- Up-to-date: /home/jaime/RM3_ws/install/robominer_msgs/share/robominer_msgs/cmake/robominer_msgs__rosidl_typesupport_introspection_cExport-noconfig.cmake
[1.977s] -- Up-to-date: /home/jaime/RM3_ws/install/robominer_msgs/share/robominer_msgs/cmake/robominer_msgs__rosidl_typesupport_cExport.cmake
[1.978s] -- Up-to-date: /home/jaime/RM3_ws/install/robominer_msgs/share/robominer_msgs/cmake/robominer_msgs__rosidl_typesupport_cExport-noconfig.cmake
[1.978s] -- Up-to-date: /home/jaime/RM3_ws/install/robominer_msgs/share/robominer_msgs/cmake/robominer_msgs__rosidl_generator_cppExport.cmake
[1.978s] -- Up-to-date: /home/jaime/RM3_ws/install/robominer_msgs/share/robominer_msgs/cmake/robominer_msgs__rosidl_typesupport_introspection_cppExport.cmake
[1.978s] -- Up-to-date: /home/jaime/RM3_ws/install/robominer_msgs/share/robominer_msgs/cmake/robominer_msgs__rosidl_typesupport_introspection_cppExport-noconfig.cmake
[1.978s] -- Up-to-date: /home/jaime/RM3_ws/install/robominer_msgs/share/robominer_msgs/cmake/robominer_msgs__rosidl_typesupport_cppExport.cmake
[1.978s] -- Up-to-date: /home/jaime/RM3_ws/install/robominer_msgs/share/robominer_msgs/cmake/robominer_msgs__rosidl_typesupport_cppExport-noconfig.cmake
[2.032s] Invoked command in '/home/jaime/RM3_ws/build/robominer_msgs' returned '0': CMAKE_PREFIX_PATH=/opt/ros/foxy /usr/bin/cmake --install /home/jaime/RM3_ws/build/robominer_msgs
