[1.480s] Invoking command in '/home/jaime/RM3_ws/build/ros2controlcli': AMENT_PREFIX_PATH=/home/jaime/RM3_ws/install/controller_manager:/home/jaime/RM3_ws/install/controller_interface:/home/jaime/RM3_ws/install/hardware_interface:/home/jaime/RM3_ws/install/ros2_control_test_assets:/home/jaime/RM3_ws/install/controller_manager_msgs CMAKE_PREFIX_PATH=/home/jaime/RM3_ws/install/controller_manager:/home/jaime/RM3_ws/install/controller_interface:/home/jaime/RM3_ws/install/hardware_interface:/home/jaime/RM3_ws/install/ros2_control_test_assets:/home/jaime/RM3_ws/install/controller_manager_msgs LD_LIBRARY_PATH=/home/jaime/RM3_ws/install/controller_manager/lib:/home/jaime/RM3_ws/install/controller_interface/lib:/home/jaime/RM3_ws/install/hardware_interface/lib:/home/jaime/RM3_ws/install/controller_manager_msgs/lib PYTHONPATH=/home/jaime/RM3_ws/install/ros2controlcli/lib/python3.8/site-packages:/home/jaime/RM3_ws/install/controller_manager/lib/python3.8/site-packages:/home/jaime/RM3_ws/install/controller_manager_msgs/lib/python3.8/site-packages /usr/bin/python3 setup.py develop --prefix /home/jaime/RM3_ws/install/ros2controlcli --uninstall --editable --build-directory /home/jaime/RM3_ws/build/ros2controlcli/build
[1.963s] running develop
[2.250s] Invoked command in '/home/jaime/RM3_ws/build/ros2controlcli' returned '0': AMENT_PREFIX_PATH=/home/jaime/RM3_ws/install/controller_manager:/home/jaime/RM3_ws/install/controller_interface:/home/jaime/RM3_ws/install/hardware_interface:/home/jaime/RM3_ws/install/ros2_control_test_assets:/home/jaime/RM3_ws/install/controller_manager_msgs CMAKE_PREFIX_PATH=/home/jaime/RM3_ws/install/controller_manager:/home/jaime/RM3_ws/install/controller_interface:/home/jaime/RM3_ws/install/hardware_interface:/home/jaime/RM3_ws/install/ros2_control_test_assets:/home/jaime/RM3_ws/install/controller_manager_msgs LD_LIBRARY_PATH=/home/jaime/RM3_ws/install/controller_manager/lib:/home/jaime/RM3_ws/install/controller_interface/lib:/home/jaime/RM3_ws/install/hardware_interface/lib:/home/jaime/RM3_ws/install/controller_manager_msgs/lib PYTHONPATH=/home/jaime/RM3_ws/install/ros2controlcli/lib/python3.8/site-packages:/home/jaime/RM3_ws/install/controller_manager/lib/python3.8/site-packages:/home/jaime/RM3_ws/install/controller_manager_msgs/lib/python3.8/site-packages /usr/bin/python3 setup.py develop --prefix /home/jaime/RM3_ws/install/ros2controlcli --uninstall --editable --build-directory /home/jaime/RM3_ws/build/ros2controlcli/build
[2.254s] Invoking command in '/home/jaime/RM3_ws/src/ros2_control/ros2controlcli': AMENT_PREFIX_PATH=/home/jaime/RM3_ws/install/controller_manager:/home/jaime/RM3_ws/install/controller_interface:/home/jaime/RM3_ws/install/hardware_interface:/home/jaime/RM3_ws/install/ros2_control_test_assets:/home/jaime/RM3_ws/install/controller_manager_msgs CMAKE_PREFIX_PATH=/home/jaime/RM3_ws/install/controller_manager:/home/jaime/RM3_ws/install/controller_interface:/home/jaime/RM3_ws/install/hardware_interface:/home/jaime/RM3_ws/install/ros2_control_test_assets:/home/jaime/RM3_ws/install/controller_manager_msgs LD_LIBRARY_PATH=/home/jaime/RM3_ws/install/controller_manager/lib:/home/jaime/RM3_ws/install/controller_interface/lib:/home/jaime/RM3_ws/install/hardware_interface/lib:/home/jaime/RM3_ws/install/controller_manager_msgs/lib PYTHONPATH=/home/jaime/RM3_ws/install/ros2controlcli/lib/python3.8/site-packages:/home/jaime/RM3_ws/install/controller_manager/lib/python3.8/site-packages:/home/jaime/RM3_ws/install/controller_manager_msgs/lib/python3.8/site-packages /usr/bin/python3 setup.py egg_info --egg-base ../../../build/ros2controlcli build --build-base /home/jaime/RM3_ws/build/ros2controlcli/build install --prefix /home/jaime/RM3_ws/install/ros2controlcli --record /home/jaime/RM3_ws/build/ros2controlcli/install.log --single-version-externally-managed
[2.626s] running egg_info
[2.627s] writing ../../../build/ros2controlcli/ros2controlcli.egg-info/PKG-INFO
[2.629s] writing dependency_links to ../../../build/ros2controlcli/ros2controlcli.egg-info/dependency_links.txt
[2.629s] writing entry points to ../../../build/ros2controlcli/ros2controlcli.egg-info/entry_points.txt
[2.629s] writing requirements to ../../../build/ros2controlcli/ros2controlcli.egg-info/requires.txt
[2.629s] writing top-level names to ../../../build/ros2controlcli/ros2controlcli.egg-info/top_level.txt
[2.713s] reading manifest file '../../../build/ros2controlcli/ros2controlcli.egg-info/SOURCES.txt'
[2.717s] writing manifest file '../../../build/ros2controlcli/ros2controlcli.egg-info/SOURCES.txt'
[2.717s] running build
[2.717s] running build_py
[2.719s] running install
[2.722s] running install_lib
[2.726s] running install_data
[2.728s] running install_egg_info
[2.731s] removing '/home/jaime/RM3_ws/install/ros2controlcli/lib/python3.8/site-packages/ros2controlcli-0.10.1-py3.8.egg-info' (and everything under it)
[2.732s] Copying ../../../build/ros2controlcli/ros2controlcli.egg-info to /home/jaime/RM3_ws/install/ros2controlcli/lib/python3.8/site-packages/ros2controlcli-0.10.1-py3.8.egg-info
[2.734s] running install_scripts
[2.776s] writing list of installed files to '/home/jaime/RM3_ws/build/ros2controlcli/install.log'
[2.834s] Invoked command in '/home/jaime/RM3_ws/src/ros2_control/ros2controlcli' returned '0': AMENT_PREFIX_PATH=/home/jaime/RM3_ws/install/controller_manager:/home/jaime/RM3_ws/install/controller_interface:/home/jaime/RM3_ws/install/hardware_interface:/home/jaime/RM3_ws/install/ros2_control_test_assets:/home/jaime/RM3_ws/install/controller_manager_msgs CMAKE_PREFIX_PATH=/home/jaime/RM3_ws/install/controller_manager:/home/jaime/RM3_ws/install/controller_interface:/home/jaime/RM3_ws/install/hardware_interface:/home/jaime/RM3_ws/install/ros2_control_test_assets:/home/jaime/RM3_ws/install/controller_manager_msgs LD_LIBRARY_PATH=/home/jaime/RM3_ws/install/controller_manager/lib:/home/jaime/RM3_ws/install/controller_interface/lib:/home/jaime/RM3_ws/install/hardware_interface/lib:/home/jaime/RM3_ws/install/controller_manager_msgs/lib PYTHONPATH=/home/jaime/RM3_ws/install/ros2controlcli/lib/python3.8/site-packages:/home/jaime/RM3_ws/install/controller_manager/lib/python3.8/site-packages:/home/jaime/RM3_ws/install/controller_manager_msgs/lib/python3.8/site-packages /usr/bin/python3 setup.py egg_info --egg-base ../../../build/ros2controlcli build --build-base /home/jaime/RM3_ws/build/ros2controlcli/build install --prefix /home/jaime/RM3_ws/install/ros2controlcli --record /home/jaime/RM3_ws/build/ros2controlcli/install.log --single-version-externally-managed
