[0.888s] Invoking command in '/home/jaime/RM3_ws/build/gripper_controllers': AMENT_PREFIX_PATH=/home/jaime/RM3_ws/install/controller_manager:/home/jaime/RM3_ws/install/controller_interface:/home/jaime/RM3_ws/install/hardware_interface:/home/jaime/RM3_ws/install/ros2_control_test_assets:/home/jaime/RM3_ws/install/controller_manager_msgs:${AMENT_PREFIX_PATH} CMAKE_PREFIX_PATH=/home/jaime/RM3_ws/install/controller_manager:/home/jaime/RM3_ws/install/controller_interface:/home/jaime/RM3_ws/install/hardware_interface:/home/jaime/RM3_ws/install/ros2_control_test_assets:/home/jaime/RM3_ws/install/controller_manager_msgs:/opt/ros/foxy LD_LIBRARY_PATH=/home/jaime/RM3_ws/install/controller_manager/lib:/home/jaime/RM3_ws/install/controller_interface/lib:/home/jaime/RM3_ws/install/hardware_interface/lib:/home/jaime/RM3_ws/install/controller_manager_msgs/lib:${LD_LIBRARY_PATH} PYTHONPATH=/home/jaime/RM3_ws/install/controller_manager/lib/python3.8/site-packages:/home/jaime/RM3_ws/install/controller_manager_msgs/lib/python3.8/site-packages:${PYTHONPATH} /usr/bin/cmake --build /home/jaime/RM3_ws/build/gripper_controllers -- -j8 -l8
[1.198s] [ 22%] Built target gmock_main
[1.221s] [ 55%] Built target gmock
[1.273s] [ 77%] Built target gripper_action_controller
[1.334s] [100%] Built target test_load_gripper_action_controllers
[1.390s] Invoked command in '/home/jaime/RM3_ws/build/gripper_controllers' returned '0': AMENT_PREFIX_PATH=/home/jaime/RM3_ws/install/controller_manager:/home/jaime/RM3_ws/install/controller_interface:/home/jaime/RM3_ws/install/hardware_interface:/home/jaime/RM3_ws/install/ros2_control_test_assets:/home/jaime/RM3_ws/install/controller_manager_msgs:${AMENT_PREFIX_PATH} CMAKE_PREFIX_PATH=/home/jaime/RM3_ws/install/controller_manager:/home/jaime/RM3_ws/install/controller_interface:/home/jaime/RM3_ws/install/hardware_interface:/home/jaime/RM3_ws/install/ros2_control_test_assets:/home/jaime/RM3_ws/install/controller_manager_msgs:/opt/ros/foxy LD_LIBRARY_PATH=/home/jaime/RM3_ws/install/controller_manager/lib:/home/jaime/RM3_ws/install/controller_interface/lib:/home/jaime/RM3_ws/install/hardware_interface/lib:/home/jaime/RM3_ws/install/controller_manager_msgs/lib:${LD_LIBRARY_PATH} PYTHONPATH=/home/jaime/RM3_ws/install/controller_manager/lib/python3.8/site-packages:/home/jaime/RM3_ws/install/controller_manager_msgs/lib/python3.8/site-packages:${PYTHONPATH} /usr/bin/cmake --build /home/jaime/RM3_ws/build/gripper_controllers -- -j8 -l8
[1.745s] Invoking command in '/home/jaime/RM3_ws/build/gripper_controllers': AMENT_PREFIX_PATH=/home/jaime/RM3_ws/install/controller_manager:/home/jaime/RM3_ws/install/controller_interface:/home/jaime/RM3_ws/install/hardware_interface:/home/jaime/RM3_ws/install/ros2_control_test_assets:/home/jaime/RM3_ws/install/controller_manager_msgs:${AMENT_PREFIX_PATH} CMAKE_PREFIX_PATH=/home/jaime/RM3_ws/install/controller_manager:/home/jaime/RM3_ws/install/controller_interface:/home/jaime/RM3_ws/install/hardware_interface:/home/jaime/RM3_ws/install/ros2_control_test_assets:/home/jaime/RM3_ws/install/controller_manager_msgs:/opt/ros/foxy LD_LIBRARY_PATH=/home/jaime/RM3_ws/install/controller_manager/lib:/home/jaime/RM3_ws/install/controller_interface/lib:/home/jaime/RM3_ws/install/hardware_interface/lib:/home/jaime/RM3_ws/install/controller_manager_msgs/lib:${LD_LIBRARY_PATH} PYTHONPATH=/home/jaime/RM3_ws/install/controller_manager/lib/python3.8/site-packages:/home/jaime/RM3_ws/install/controller_manager_msgs/lib/python3.8/site-packages:${PYTHONPATH} /usr/bin/cmake --install /home/jaime/RM3_ws/build/gripper_controllers
[1.786s] -- Install configuration: ""
[1.788s] -- Execute custom install script
[1.790s] -- Up-to-date symlink: /home/jaime/RM3_ws/install/gripper_controllers/share/gripper_controllers//ros_control_plugins.xml
[1.792s] -- Up-to-date symlink: /home/jaime/RM3_ws/install/gripper_controllers/include/gripper_action_controller.hpp
[1.799s] -- Up-to-date symlink: /home/jaime/RM3_ws/install/gripper_controllers/include/gripper_action_controller_impl.hpp
[1.799s] -- Up-to-date symlink: /home/jaime/RM3_ws/install/gripper_controllers/include/hardware_interface_adapter.hpp
[1.799s] -- Up-to-date symlink: /home/jaime/RM3_ws/install/gripper_controllers/include/visibility_control.hpp
[1.799s] -- Up-to-date symlink: /home/jaime/RM3_ws/install/gripper_controllers/lib/libgripper_action_controller.so
[1.799s] -- Up-to-date symlink: /home/jaime/RM3_ws/install/gripper_controllers/share/ament_index/resource_index/package_run_dependencies/gripper_controllers
[1.800s] -- Up-to-date symlink: /home/jaime/RM3_ws/install/gripper_controllers/share/ament_index/resource_index/parent_prefix_path/gripper_controllers
[1.803s] -- Up-to-date symlink: /home/jaime/RM3_ws/install/gripper_controllers/share/gripper_controllers/environment/ament_prefix_path.sh
[1.803s] -- Up-to-date symlink: /home/jaime/RM3_ws/install/gripper_controllers/share/gripper_controllers/environment/ament_prefix_path.dsv
[1.810s] -- Up-to-date symlink: /home/jaime/RM3_ws/install/gripper_controllers/share/gripper_controllers/environment/path.sh
[1.829s] -- Up-to-date symlink: /home/jaime/RM3_ws/install/gripper_controllers/share/gripper_controllers/environment/path.dsv
[1.831s] -- Up-to-date symlink: /home/jaime/RM3_ws/install/gripper_controllers/share/gripper_controllers/local_setup.bash
[1.831s] -- Up-to-date symlink: /home/jaime/RM3_ws/install/gripper_controllers/share/gripper_controllers/local_setup.sh
[1.831s] -- Up-to-date symlink: /home/jaime/RM3_ws/install/gripper_controllers/share/gripper_controllers/local_setup.zsh
[1.831s] -- Up-to-date symlink: /home/jaime/RM3_ws/install/gripper_controllers/share/gripper_controllers/local_setup.dsv
[1.831s] -- Symlinking: /home/jaime/RM3_ws/install/gripper_controllers/share/gripper_controllers/package.dsv
[1.854s] -- Up-to-date symlink: /home/jaime/RM3_ws/install/gripper_controllers/share/ament_index/resource_index/packages/gripper_controllers
[1.855s] -- Up-to-date symlink: /home/jaime/RM3_ws/install/gripper_controllers/share/ament_index/resource_index/controller_interface__pluginlib__plugin/gripper_controllers
[1.856s] -- Up-to-date symlink: /home/jaime/RM3_ws/install/gripper_controllers/share/gripper_controllers/cmake/gripper_controllersConfig.cmake
[1.857s] -- Up-to-date symlink: /home/jaime/RM3_ws/install/gripper_controllers/share/gripper_controllers/cmake/gripper_controllersConfig-version.cmake
[1.858s] -- Up-to-date symlink: /home/jaime/RM3_ws/install/gripper_controllers/share/gripper_controllers/package.xml
[1.901s] Invoked command in '/home/jaime/RM3_ws/build/gripper_controllers' returned '0': AMENT_PREFIX_PATH=/home/jaime/RM3_ws/install/controller_manager:/home/jaime/RM3_ws/install/controller_interface:/home/jaime/RM3_ws/install/hardware_interface:/home/jaime/RM3_ws/install/ros2_control_test_assets:/home/jaime/RM3_ws/install/controller_manager_msgs:${AMENT_PREFIX_PATH} CMAKE_PREFIX_PATH=/home/jaime/RM3_ws/install/controller_manager:/home/jaime/RM3_ws/install/controller_interface:/home/jaime/RM3_ws/install/hardware_interface:/home/jaime/RM3_ws/install/ros2_control_test_assets:/home/jaime/RM3_ws/install/controller_manager_msgs:/opt/ros/foxy LD_LIBRARY_PATH=/home/jaime/RM3_ws/install/controller_manager/lib:/home/jaime/RM3_ws/install/controller_interface/lib:/home/jaime/RM3_ws/install/hardware_interface/lib:/home/jaime/RM3_ws/install/controller_manager_msgs/lib:${LD_LIBRARY_PATH} PYTHONPATH=/home/jaime/RM3_ws/install/controller_manager/lib/python3.8/site-packages:/home/jaime/RM3_ws/install/controller_manager_msgs/lib/python3.8/site-packages:${PYTHONPATH} /usr/bin/cmake --install /home/jaime/RM3_ws/build/gripper_controllers
