[1.898s] Invoking command in '/home/jaime/RM3_ws/build/robominer_bringup': PYTHONPATH=/home/jaime/RM3_ws/install/robominer_bringup/lib/python3.8/site-packages:${PYTHONPATH} /usr/bin/python3 setup.py develop --prefix /home/jaime/RM3_ws/install/robominer_bringup --uninstall --editable --build-directory /home/jaime/RM3_ws/build/robominer_bringup/build
[2.298s] running develop
[2.629s] Invoked command in '/home/jaime/RM3_ws/build/robominer_bringup' returned '0': PYTHONPATH=/home/jaime/RM3_ws/install/robominer_bringup/lib/python3.8/site-packages:${PYTHONPATH} /usr/bin/python3 setup.py develop --prefix /home/jaime/RM3_ws/install/robominer_bringup --uninstall --editable --build-directory /home/jaime/RM3_ws/build/robominer_bringup/build
[2.635s] Invoking command in '/home/jaime/RM3_ws/src/TALTECH_RM3_ROS_PACKAGES/robominer_bringup': PYTHONPATH=/home/jaime/RM3_ws/install/robominer_bringup/lib/python3.8/site-packages:${PYTHONPATH} /usr/bin/python3 setup.py egg_info --egg-base ../../../build/robominer_bringup build --build-base /home/jaime/RM3_ws/build/robominer_bringup/build install --prefix /home/jaime/RM3_ws/install/robominer_bringup --record /home/jaime/RM3_ws/build/robominer_bringup/install.log --single-version-externally-managed
[2.960s] running egg_info
[2.961s] writing ../../../build/robominer_bringup/robominer_bringup.egg-info/PKG-INFO
[2.962s] writing dependency_links to ../../../build/robominer_bringup/robominer_bringup.egg-info/dependency_links.txt
[2.962s] writing entry points to ../../../build/robominer_bringup/robominer_bringup.egg-info/entry_points.txt
[2.962s] writing requirements to ../../../build/robominer_bringup/robominer_bringup.egg-info/requires.txt
[2.962s] writing top-level names to ../../../build/robominer_bringup/robominer_bringup.egg-info/top_level.txt
[3.017s] reading manifest file '../../../build/robominer_bringup/robominer_bringup.egg-info/SOURCES.txt'
[3.018s] writing manifest file '../../../build/robominer_bringup/robominer_bringup.egg-info/SOURCES.txt'
[3.019s] running build
[3.019s] running build_py
[3.019s] running install
[3.019s] running install_lib
[3.024s] running install_data
[3.024s] running install_egg_info
[3.024s] removing '/home/jaime/RM3_ws/install/robominer_bringup/lib/python3.8/site-packages/robominer_bringup-0.0.0-py3.8.egg-info' (and everything under it)
[3.024s] Copying ../../../build/robominer_bringup/robominer_bringup.egg-info to /home/jaime/RM3_ws/install/robominer_bringup/lib/python3.8/site-packages/robominer_bringup-0.0.0-py3.8.egg-info
[3.024s] running install_scripts
[3.069s] writing list of installed files to '/home/jaime/RM3_ws/build/robominer_bringup/install.log'
[3.137s] Invoked command in '/home/jaime/RM3_ws/src/TALTECH_RM3_ROS_PACKAGES/robominer_bringup' returned '0': PYTHONPATH=/home/jaime/RM3_ws/install/robominer_bringup/lib/python3.8/site-packages:${PYTHONPATH} /usr/bin/python3 setup.py egg_info --egg-base ../../../build/robominer_bringup build --build-base /home/jaime/RM3_ws/build/robominer_bringup/build install --prefix /home/jaime/RM3_ws/install/robominer_bringup --record /home/jaime/RM3_ws/build/robominer_bringup/install.log --single-version-externally-managed
