[0.174s] Invoking command in '/home/jaime/RM3_ws/build/joint_state_broadcaster': AMENT_PREFIX_PATH=/home/jaime/RM3_ws/install/controller_manager:/home/jaime/RM3_ws/install/controller_interface:/home/jaime/RM3_ws/install/hardware_interface:/home/jaime/RM3_ws/install/ros2_control_test_assets:/home/jaime/RM3_ws/install/controller_manager_msgs:${AMENT_PREFIX_PATH} CMAKE_PREFIX_PATH=/home/jaime/RM3_ws/install/controller_manager:/home/jaime/RM3_ws/install/controller_interface:/home/jaime/RM3_ws/install/hardware_interface:/home/jaime/RM3_ws/install/ros2_control_test_assets:/home/jaime/RM3_ws/install/controller_manager_msgs:/opt/ros/foxy LD_LIBRARY_PATH=/home/jaime/RM3_ws/install/controller_manager/lib:/home/jaime/RM3_ws/install/controller_interface/lib:/home/jaime/RM3_ws/install/hardware_interface/lib:/home/jaime/RM3_ws/install/controller_manager_msgs/lib:${LD_LIBRARY_PATH} PYTHONPATH=/home/jaime/RM3_ws/install/controller_manager/lib/python3.8/site-packages:/home/jaime/RM3_ws/install/controller_manager_msgs/lib/python3.8/site-packages:${PYTHONPATH} /usr/bin/cmake --build /home/jaime/RM3_ws/build/joint_state_broadcaster -- -j8 -l8
[0.305s] [ 27%] Built target gmock
[0.334s] [ 45%] Built target joint_state_broadcaster
[0.341s] [ 63%] Built target gmock_main
[0.461s] [ 81%] Built target test_load_joint_state_broadcaster
[0.482s] [100%] Built target test_joint_state_broadcaster
[0.775s] Invoked command in '/home/jaime/RM3_ws/build/joint_state_broadcaster' returned '0': AMENT_PREFIX_PATH=/home/jaime/RM3_ws/install/controller_manager:/home/jaime/RM3_ws/install/controller_interface:/home/jaime/RM3_ws/install/hardware_interface:/home/jaime/RM3_ws/install/ros2_control_test_assets:/home/jaime/RM3_ws/install/controller_manager_msgs:${AMENT_PREFIX_PATH} CMAKE_PREFIX_PATH=/home/jaime/RM3_ws/install/controller_manager:/home/jaime/RM3_ws/install/controller_interface:/home/jaime/RM3_ws/install/hardware_interface:/home/jaime/RM3_ws/install/ros2_control_test_assets:/home/jaime/RM3_ws/install/controller_manager_msgs:/opt/ros/foxy LD_LIBRARY_PATH=/home/jaime/RM3_ws/install/controller_manager/lib:/home/jaime/RM3_ws/install/controller_interface/lib:/home/jaime/RM3_ws/install/hardware_interface/lib:/home/jaime/RM3_ws/install/controller_manager_msgs/lib:${LD_LIBRARY_PATH} PYTHONPATH=/home/jaime/RM3_ws/install/controller_manager/lib/python3.8/site-packages:/home/jaime/RM3_ws/install/controller_manager_msgs/lib/python3.8/site-packages:${PYTHONPATH} /usr/bin/cmake --build /home/jaime/RM3_ws/build/joint_state_broadcaster -- -j8 -l8
[0.994s] Invoking command in '/home/jaime/RM3_ws/build/joint_state_broadcaster': AMENT_PREFIX_PATH=/home/jaime/RM3_ws/install/controller_manager:/home/jaime/RM3_ws/install/controller_interface:/home/jaime/RM3_ws/install/hardware_interface:/home/jaime/RM3_ws/install/ros2_control_test_assets:/home/jaime/RM3_ws/install/controller_manager_msgs:${AMENT_PREFIX_PATH} CMAKE_PREFIX_PATH=/home/jaime/RM3_ws/install/controller_manager:/home/jaime/RM3_ws/install/controller_interface:/home/jaime/RM3_ws/install/hardware_interface:/home/jaime/RM3_ws/install/ros2_control_test_assets:/home/jaime/RM3_ws/install/controller_manager_msgs:/opt/ros/foxy LD_LIBRARY_PATH=/home/jaime/RM3_ws/install/controller_manager/lib:/home/jaime/RM3_ws/install/controller_interface/lib:/home/jaime/RM3_ws/install/hardware_interface/lib:/home/jaime/RM3_ws/install/controller_manager_msgs/lib:${LD_LIBRARY_PATH} PYTHONPATH=/home/jaime/RM3_ws/install/controller_manager/lib/python3.8/site-packages:/home/jaime/RM3_ws/install/controller_manager_msgs/lib/python3.8/site-packages:${PYTHONPATH} /usr/bin/cmake --install /home/jaime/RM3_ws/build/joint_state_broadcaster
[1.020s] -- Install configuration: ""
[1.020s] -- Execute custom install script
[1.020s] -- Up-to-date symlink: /home/jaime/RM3_ws/install/joint_state_broadcaster/share/joint_state_broadcaster//joint_state_plugin.xml
[1.020s] -- Up-to-date symlink: /home/jaime/RM3_ws/install/joint_state_broadcaster/include/joint_state_broadcaster/joint_state_broadcaster.hpp
[1.021s] -- Up-to-date symlink: /home/jaime/RM3_ws/install/joint_state_broadcaster/include/joint_state_broadcaster/visibility_control.h
[1.021s] -- Up-to-date symlink: /home/jaime/RM3_ws/install/joint_state_broadcaster/lib/libjoint_state_broadcaster.so
[1.021s] -- Up-to-date symlink: /home/jaime/RM3_ws/install/joint_state_broadcaster/share/joint_state_broadcaster/environment/library_path.sh
[1.023s] -- Up-to-date symlink: /home/jaime/RM3_ws/install/joint_state_broadcaster/share/joint_state_broadcaster/environment/library_path.dsv
[1.024s] -- Up-to-date symlink: /home/jaime/RM3_ws/install/joint_state_broadcaster/share/ament_index/resource_index/package_run_dependencies/joint_state_broadcaster
[1.024s] -- Up-to-date symlink: /home/jaime/RM3_ws/install/joint_state_broadcaster/share/ament_index/resource_index/parent_prefix_path/joint_state_broadcaster
[1.024s] -- Up-to-date symlink: /home/jaime/RM3_ws/install/joint_state_broadcaster/share/joint_state_broadcaster/environment/ament_prefix_path.sh
[1.024s] -- Up-to-date symlink: /home/jaime/RM3_ws/install/joint_state_broadcaster/share/joint_state_broadcaster/environment/ament_prefix_path.dsv
[1.025s] -- Up-to-date symlink: /home/jaime/RM3_ws/install/joint_state_broadcaster/share/joint_state_broadcaster/environment/path.sh
[1.025s] -- Up-to-date symlink: /home/jaime/RM3_ws/install/joint_state_broadcaster/share/joint_state_broadcaster/environment/path.dsv
[1.025s] -- Up-to-date symlink: /home/jaime/RM3_ws/install/joint_state_broadcaster/share/joint_state_broadcaster/local_setup.bash
[1.025s] -- Up-to-date symlink: /home/jaime/RM3_ws/install/joint_state_broadcaster/share/joint_state_broadcaster/local_setup.sh
[1.026s] -- Up-to-date symlink: /home/jaime/RM3_ws/install/joint_state_broadcaster/share/joint_state_broadcaster/local_setup.zsh
[1.038s] -- Up-to-date symlink: /home/jaime/RM3_ws/install/joint_state_broadcaster/share/joint_state_broadcaster/local_setup.dsv
[1.038s] -- Symlinking: /home/jaime/RM3_ws/install/joint_state_broadcaster/share/joint_state_broadcaster/package.dsv
[1.065s] -- Up-to-date symlink: /home/jaime/RM3_ws/install/joint_state_broadcaster/share/ament_index/resource_index/packages/joint_state_broadcaster
[1.066s] -- Up-to-date symlink: /home/jaime/RM3_ws/install/joint_state_broadcaster/share/ament_index/resource_index/controller_interface__pluginlib__plugin/joint_state_broadcaster
[1.066s] -- Up-to-date symlink: /home/jaime/RM3_ws/install/joint_state_broadcaster/share/joint_state_broadcaster/cmake/ament_cmake_export_dependencies-extras.cmake
[1.066s] -- Up-to-date symlink: /home/jaime/RM3_ws/install/joint_state_broadcaster/share/joint_state_broadcaster/cmake/ament_cmake_export_include_directories-extras.cmake
[1.066s] -- Up-to-date symlink: /home/jaime/RM3_ws/install/joint_state_broadcaster/share/joint_state_broadcaster/cmake/ament_cmake_export_libraries-extras.cmake
[1.067s] -- Up-to-date symlink: /home/jaime/RM3_ws/install/joint_state_broadcaster/share/joint_state_broadcaster/cmake/joint_state_broadcasterConfig.cmake
[1.067s] -- Up-to-date symlink: /home/jaime/RM3_ws/install/joint_state_broadcaster/share/joint_state_broadcaster/cmake/joint_state_broadcasterConfig-version.cmake
[1.068s] -- Up-to-date symlink: /home/jaime/RM3_ws/install/joint_state_broadcaster/share/joint_state_broadcaster/package.xml
[1.291s] Invoked command in '/home/jaime/RM3_ws/build/joint_state_broadcaster' returned '0': AMENT_PREFIX_PATH=/home/jaime/RM3_ws/install/controller_manager:/home/jaime/RM3_ws/install/controller_interface:/home/jaime/RM3_ws/install/hardware_interface:/home/jaime/RM3_ws/install/ros2_control_test_assets:/home/jaime/RM3_ws/install/controller_manager_msgs:${AMENT_PREFIX_PATH} CMAKE_PREFIX_PATH=/home/jaime/RM3_ws/install/controller_manager:/home/jaime/RM3_ws/install/controller_interface:/home/jaime/RM3_ws/install/hardware_interface:/home/jaime/RM3_ws/install/ros2_control_test_assets:/home/jaime/RM3_ws/install/controller_manager_msgs:/opt/ros/foxy LD_LIBRARY_PATH=/home/jaime/RM3_ws/install/controller_manager/lib:/home/jaime/RM3_ws/install/controller_interface/lib:/home/jaime/RM3_ws/install/hardware_interface/lib:/home/jaime/RM3_ws/install/controller_manager_msgs/lib:${LD_LIBRARY_PATH} PYTHONPATH=/home/jaime/RM3_ws/install/controller_manager/lib/python3.8/site-packages:/home/jaime/RM3_ws/install/controller_manager_msgs/lib/python3.8/site-packages:${PYTHONPATH} /usr/bin/cmake --install /home/jaime/RM3_ws/build/joint_state_broadcaster
