[0.105s] Invoking command in '/home/jaime/RM3_ws/build/joint_state_broadcaster': AMENT_PREFIX_PATH=/home/jaime/RM3_ws/install/controller_manager:/home/jaime/RM3_ws/install/controller_interface:/home/jaime/RM3_ws/install/hardware_interface:/home/jaime/RM3_ws/install/ros2_control_test_assets:/home/jaime/RM3_ws/install/controller_manager_msgs:${AMENT_PREFIX_PATH} CMAKE_PREFIX_PATH=/home/jaime/RM3_ws/install/controller_manager:/home/jaime/RM3_ws/install/controller_interface:/home/jaime/RM3_ws/install/hardware_interface:/home/jaime/RM3_ws/install/ros2_control_test_assets:/home/jaime/RM3_ws/install/controller_manager_msgs:/opt/ros/foxy LD_LIBRARY_PATH=/home/jaime/RM3_ws/install/controller_manager/lib:/home/jaime/RM3_ws/install/controller_interface/lib:/home/jaime/RM3_ws/install/hardware_interface/lib:/home/jaime/RM3_ws/install/controller_manager_msgs/lib:${LD_LIBRARY_PATH} PYTHONPATH=/home/jaime/RM3_ws/install/controller_manager/lib/python3.8/site-packages:/home/jaime/RM3_ws/install/controller_manager_msgs/lib/python3.8/site-packages:${PYTHONPATH} /usr/bin/cmake --build /home/jaime/RM3_ws/build/joint_state_broadcaster -- -j8 -l8
[0.180s] [ 27%] Built target gmock
[0.201s] [ 45%] Built target gmock_main
[0.229s] [ 63%] Built target joint_state_broadcaster
[0.257s] [ 81%] Built target test_load_joint_state_broadcaster
[0.282s] [100%] Built target test_joint_state_broadcaster
[0.479s] Invoked command in '/home/jaime/RM3_ws/build/joint_state_broadcaster' returned '0': AMENT_PREFIX_PATH=/home/jaime/RM3_ws/install/controller_manager:/home/jaime/RM3_ws/install/controller_interface:/home/jaime/RM3_ws/install/hardware_interface:/home/jaime/RM3_ws/install/ros2_control_test_assets:/home/jaime/RM3_ws/install/controller_manager_msgs:${AMENT_PREFIX_PATH} CMAKE_PREFIX_PATH=/home/jaime/RM3_ws/install/controller_manager:/home/jaime/RM3_ws/install/controller_interface:/home/jaime/RM3_ws/install/hardware_interface:/home/jaime/RM3_ws/install/ros2_control_test_assets:/home/jaime/RM3_ws/install/controller_manager_msgs:/opt/ros/foxy LD_LIBRARY_PATH=/home/jaime/RM3_ws/install/controller_manager/lib:/home/jaime/RM3_ws/install/controller_interface/lib:/home/jaime/RM3_ws/install/hardware_interface/lib:/home/jaime/RM3_ws/install/controller_manager_msgs/lib:${LD_LIBRARY_PATH} PYTHONPATH=/home/jaime/RM3_ws/install/controller_manager/lib/python3.8/site-packages:/home/jaime/RM3_ws/install/controller_manager_msgs/lib/python3.8/site-packages:${PYTHONPATH} /usr/bin/cmake --build /home/jaime/RM3_ws/build/joint_state_broadcaster -- -j8 -l8
[0.539s] Invoking command in '/home/jaime/RM3_ws/build/joint_state_broadcaster': AMENT_PREFIX_PATH=/home/jaime/RM3_ws/install/controller_manager:/home/jaime/RM3_ws/install/controller_interface:/home/jaime/RM3_ws/install/hardware_interface:/home/jaime/RM3_ws/install/ros2_control_test_assets:/home/jaime/RM3_ws/install/controller_manager_msgs:${AMENT_PREFIX_PATH} CMAKE_PREFIX_PATH=/home/jaime/RM3_ws/install/controller_manager:/home/jaime/RM3_ws/install/controller_interface:/home/jaime/RM3_ws/install/hardware_interface:/home/jaime/RM3_ws/install/ros2_control_test_assets:/home/jaime/RM3_ws/install/controller_manager_msgs:/opt/ros/foxy LD_LIBRARY_PATH=/home/jaime/RM3_ws/install/controller_manager/lib:/home/jaime/RM3_ws/install/controller_interface/lib:/home/jaime/RM3_ws/install/hardware_interface/lib:/home/jaime/RM3_ws/install/controller_manager_msgs/lib:${LD_LIBRARY_PATH} PYTHONPATH=/home/jaime/RM3_ws/install/controller_manager/lib/python3.8/site-packages:/home/jaime/RM3_ws/install/controller_manager_msgs/lib/python3.8/site-packages:${PYTHONPATH} /usr/bin/cmake --install /home/jaime/RM3_ws/build/joint_state_broadcaster
[0.564s] -- Install configuration: ""
[0.564s] -- Execute custom install script
[0.565s] -- Up-to-date symlink: /home/jaime/RM3_ws/install/joint_state_broadcaster/share/joint_state_broadcaster//joint_state_plugin.xml
[0.566s] -- Up-to-date symlink: /home/jaime/RM3_ws/install/joint_state_broadcaster/include/joint_state_broadcaster/joint_state_broadcaster.hpp
[0.566s] -- Up-to-date symlink: /home/jaime/RM3_ws/install/joint_state_broadcaster/include/joint_state_broadcaster/visibility_control.h
[0.566s] -- Up-to-date symlink: /home/jaime/RM3_ws/install/joint_state_broadcaster/lib/libjoint_state_broadcaster.so
[0.567s] -- Up-to-date symlink: /home/jaime/RM3_ws/install/joint_state_broadcaster/share/joint_state_broadcaster/environment/library_path.sh
[0.567s] -- Up-to-date symlink: /home/jaime/RM3_ws/install/joint_state_broadcaster/share/joint_state_broadcaster/environment/library_path.dsv
[0.567s] -- Up-to-date symlink: /home/jaime/RM3_ws/install/joint_state_broadcaster/share/ament_index/resource_index/package_run_dependencies/joint_state_broadcaster
[0.568s] -- Up-to-date symlink: /home/jaime/RM3_ws/install/joint_state_broadcaster/share/ament_index/resource_index/parent_prefix_path/joint_state_broadcaster
[0.571s] -- Up-to-date symlink: /home/jaime/RM3_ws/install/joint_state_broadcaster/share/joint_state_broadcaster/environment/ament_prefix_path.sh
[0.573s] -- Up-to-date symlink: /home/jaime/RM3_ws/install/joint_state_broadcaster/share/joint_state_broadcaster/environment/ament_prefix_path.dsv
[0.573s] -- Up-to-date symlink: /home/jaime/RM3_ws/install/joint_state_broadcaster/share/joint_state_broadcaster/environment/path.sh
[0.573s] -- Up-to-date symlink: /home/jaime/RM3_ws/install/joint_state_broadcaster/share/joint_state_broadcaster/environment/path.dsv
[0.577s] -- Up-to-date symlink: /home/jaime/RM3_ws/install/joint_state_broadcaster/share/joint_state_broadcaster/local_setup.bash
[0.578s] -- Up-to-date symlink: /home/jaime/RM3_ws/install/joint_state_broadcaster/share/joint_state_broadcaster/local_setup.sh
[0.578s] -- Up-to-date symlink: /home/jaime/RM3_ws/install/joint_state_broadcaster/share/joint_state_broadcaster/local_setup.zsh
[0.578s] -- Up-to-date symlink: /home/jaime/RM3_ws/install/joint_state_broadcaster/share/joint_state_broadcaster/local_setup.dsv
[0.578s] -- Symlinking: /home/jaime/RM3_ws/install/joint_state_broadcaster/share/joint_state_broadcaster/package.dsv
[0.578s] -- Up-to-date symlink: /home/jaime/RM3_ws/install/joint_state_broadcaster/share/ament_index/resource_index/packages/joint_state_broadcaster
[0.578s] -- Up-to-date symlink: /home/jaime/RM3_ws/install/joint_state_broadcaster/share/ament_index/resource_index/controller_interface__pluginlib__plugin/joint_state_broadcaster
[0.578s] -- Up-to-date symlink: /home/jaime/RM3_ws/install/joint_state_broadcaster/share/joint_state_broadcaster/cmake/ament_cmake_export_dependencies-extras.cmake
[0.578s] -- Up-to-date symlink: /home/jaime/RM3_ws/install/joint_state_broadcaster/share/joint_state_broadcaster/cmake/ament_cmake_export_include_directories-extras.cmake
[0.579s] -- Up-to-date symlink: /home/jaime/RM3_ws/install/joint_state_broadcaster/share/joint_state_broadcaster/cmake/ament_cmake_export_libraries-extras.cmake
[0.579s] -- Up-to-date symlink: /home/jaime/RM3_ws/install/joint_state_broadcaster/share/joint_state_broadcaster/cmake/joint_state_broadcasterConfig.cmake
[0.580s] -- Up-to-date symlink: /home/jaime/RM3_ws/install/joint_state_broadcaster/share/joint_state_broadcaster/cmake/joint_state_broadcasterConfig-version.cmake
[0.580s] -- Up-to-date symlink: /home/jaime/RM3_ws/install/joint_state_broadcaster/share/joint_state_broadcaster/package.xml
[0.595s] Invoked command in '/home/jaime/RM3_ws/build/joint_state_broadcaster' returned '0': AMENT_PREFIX_PATH=/home/jaime/RM3_ws/install/controller_manager:/home/jaime/RM3_ws/install/controller_interface:/home/jaime/RM3_ws/install/hardware_interface:/home/jaime/RM3_ws/install/ros2_control_test_assets:/home/jaime/RM3_ws/install/controller_manager_msgs:${AMENT_PREFIX_PATH} CMAKE_PREFIX_PATH=/home/jaime/RM3_ws/install/controller_manager:/home/jaime/RM3_ws/install/controller_interface:/home/jaime/RM3_ws/install/hardware_interface:/home/jaime/RM3_ws/install/ros2_control_test_assets:/home/jaime/RM3_ws/install/controller_manager_msgs:/opt/ros/foxy LD_LIBRARY_PATH=/home/jaime/RM3_ws/install/controller_manager/lib:/home/jaime/RM3_ws/install/controller_interface/lib:/home/jaime/RM3_ws/install/hardware_interface/lib:/home/jaime/RM3_ws/install/controller_manager_msgs/lib:${LD_LIBRARY_PATH} PYTHONPATH=/home/jaime/RM3_ws/install/controller_manager/lib/python3.8/site-packages:/home/jaime/RM3_ws/install/controller_manager_msgs/lib/python3.8/site-packages:${PYTHONPATH} /usr/bin/cmake --install /home/jaime/RM3_ws/build/joint_state_broadcaster
