[0.108s] Invoking command in '/home/jaime/RM3_ws/build/imu_sensor_broadcaster': AMENT_PREFIX_PATH=/home/jaime/RM3_ws/install/controller_manager:/home/jaime/RM3_ws/install/controller_interface:/home/jaime/RM3_ws/install/hardware_interface:/home/jaime/RM3_ws/install/ros2_control_test_assets:/home/jaime/RM3_ws/install/controller_manager_msgs:${AMENT_PREFIX_PATH} CMAKE_PREFIX_PATH=/home/jaime/RM3_ws/install/controller_manager:/home/jaime/RM3_ws/install/controller_interface:/home/jaime/RM3_ws/install/hardware_interface:/home/jaime/RM3_ws/install/ros2_control_test_assets:/home/jaime/RM3_ws/install/controller_manager_msgs:/opt/ros/foxy LD_LIBRARY_PATH=/home/jaime/RM3_ws/install/controller_manager/lib:/home/jaime/RM3_ws/install/controller_interface/lib:/home/jaime/RM3_ws/install/hardware_interface/lib:/home/jaime/RM3_ws/install/controller_manager_msgs/lib:${LD_LIBRARY_PATH} PYTHONPATH=/home/jaime/RM3_ws/install/controller_manager/lib/python3.8/site-packages:/home/jaime/RM3_ws/install/controller_manager_msgs/lib/python3.8/site-packages:${PYTHONPATH} /usr/bin/cmake --build /home/jaime/RM3_ws/build/imu_sensor_broadcaster -- -j8 -l8
[0.261s] [ 18%] Built target imu_sensor_broadcaster
[0.296s] [ 45%] Built target gmock
[0.321s] [ 63%] Built target gmock_main
[0.395s] [ 81%] Built target test_load_imu_sensor_broadcaster
[0.422s] [100%] Built target test_imu_sensor_broadcaster
[0.662s] Invoked command in '/home/jaime/RM3_ws/build/imu_sensor_broadcaster' returned '0': AMENT_PREFIX_PATH=/home/jaime/RM3_ws/install/controller_manager:/home/jaime/RM3_ws/install/controller_interface:/home/jaime/RM3_ws/install/hardware_interface:/home/jaime/RM3_ws/install/ros2_control_test_assets:/home/jaime/RM3_ws/install/controller_manager_msgs:${AMENT_PREFIX_PATH} CMAKE_PREFIX_PATH=/home/jaime/RM3_ws/install/controller_manager:/home/jaime/RM3_ws/install/controller_interface:/home/jaime/RM3_ws/install/hardware_interface:/home/jaime/RM3_ws/install/ros2_control_test_assets:/home/jaime/RM3_ws/install/controller_manager_msgs:/opt/ros/foxy LD_LIBRARY_PATH=/home/jaime/RM3_ws/install/controller_manager/lib:/home/jaime/RM3_ws/install/controller_interface/lib:/home/jaime/RM3_ws/install/hardware_interface/lib:/home/jaime/RM3_ws/install/controller_manager_msgs/lib:${LD_LIBRARY_PATH} PYTHONPATH=/home/jaime/RM3_ws/install/controller_manager/lib/python3.8/site-packages:/home/jaime/RM3_ws/install/controller_manager_msgs/lib/python3.8/site-packages:${PYTHONPATH} /usr/bin/cmake --build /home/jaime/RM3_ws/build/imu_sensor_broadcaster -- -j8 -l8
[0.774s] Invoking command in '/home/jaime/RM3_ws/build/imu_sensor_broadcaster': AMENT_PREFIX_PATH=/home/jaime/RM3_ws/install/controller_manager:/home/jaime/RM3_ws/install/controller_interface:/home/jaime/RM3_ws/install/hardware_interface:/home/jaime/RM3_ws/install/ros2_control_test_assets:/home/jaime/RM3_ws/install/controller_manager_msgs:${AMENT_PREFIX_PATH} CMAKE_PREFIX_PATH=/home/jaime/RM3_ws/install/controller_manager:/home/jaime/RM3_ws/install/controller_interface:/home/jaime/RM3_ws/install/hardware_interface:/home/jaime/RM3_ws/install/ros2_control_test_assets:/home/jaime/RM3_ws/install/controller_manager_msgs:/opt/ros/foxy LD_LIBRARY_PATH=/home/jaime/RM3_ws/install/controller_manager/lib:/home/jaime/RM3_ws/install/controller_interface/lib:/home/jaime/RM3_ws/install/hardware_interface/lib:/home/jaime/RM3_ws/install/controller_manager_msgs/lib:${LD_LIBRARY_PATH} PYTHONPATH=/home/jaime/RM3_ws/install/controller_manager/lib/python3.8/site-packages:/home/jaime/RM3_ws/install/controller_manager_msgs/lib/python3.8/site-packages:${PYTHONPATH} /usr/bin/cmake --install /home/jaime/RM3_ws/build/imu_sensor_broadcaster
[0.776s] -- Install configuration: ""
[0.777s] -- Execute custom install script
[0.777s] -- Up-to-date symlink: /home/jaime/RM3_ws/install/imu_sensor_broadcaster/share/imu_sensor_broadcaster//imu_sensor_broadcaster.xml
[0.777s] -- Up-to-date symlink: /home/jaime/RM3_ws/install/imu_sensor_broadcaster/lib/libimu_sensor_broadcaster.so
[0.777s] -- Up-to-date symlink: /home/jaime/RM3_ws/install/imu_sensor_broadcaster/include/imu_sensor_broadcaster/imu_sensor_broadcaster.hpp
[0.777s] -- Up-to-date symlink: /home/jaime/RM3_ws/install/imu_sensor_broadcaster/include/imu_sensor_broadcaster/visibility_control.h
[0.777s] -- Up-to-date symlink: /home/jaime/RM3_ws/install/imu_sensor_broadcaster/share/imu_sensor_broadcaster/environment/library_path.sh
[0.777s] -- Up-to-date symlink: /home/jaime/RM3_ws/install/imu_sensor_broadcaster/share/imu_sensor_broadcaster/environment/library_path.dsv
[0.778s] -- Up-to-date symlink: /home/jaime/RM3_ws/install/imu_sensor_broadcaster/share/ament_index/resource_index/package_run_dependencies/imu_sensor_broadcaster
[0.778s] -- Up-to-date symlink: /home/jaime/RM3_ws/install/imu_sensor_broadcaster/share/ament_index/resource_index/parent_prefix_path/imu_sensor_broadcaster
[0.778s] -- Up-to-date symlink: /home/jaime/RM3_ws/install/imu_sensor_broadcaster/share/imu_sensor_broadcaster/environment/ament_prefix_path.sh
[0.779s] -- Up-to-date symlink: /home/jaime/RM3_ws/install/imu_sensor_broadcaster/share/imu_sensor_broadcaster/environment/ament_prefix_path.dsv
[0.779s] -- Up-to-date symlink: /home/jaime/RM3_ws/install/imu_sensor_broadcaster/share/imu_sensor_broadcaster/environment/path.sh
[0.779s] -- Up-to-date symlink: /home/jaime/RM3_ws/install/imu_sensor_broadcaster/share/imu_sensor_broadcaster/environment/path.dsv
[0.780s] -- Up-to-date symlink: /home/jaime/RM3_ws/install/imu_sensor_broadcaster/share/imu_sensor_broadcaster/local_setup.bash
[0.780s] -- Up-to-date symlink: /home/jaime/RM3_ws/install/imu_sensor_broadcaster/share/imu_sensor_broadcaster/local_setup.sh
[0.780s] -- Up-to-date symlink: /home/jaime/RM3_ws/install/imu_sensor_broadcaster/share/imu_sensor_broadcaster/local_setup.zsh
[0.780s] -- Up-to-date symlink: /home/jaime/RM3_ws/install/imu_sensor_broadcaster/share/imu_sensor_broadcaster/local_setup.dsv
[0.781s] -- Symlinking: /home/jaime/RM3_ws/install/imu_sensor_broadcaster/share/imu_sensor_broadcaster/package.dsv
[0.785s] -- Up-to-date symlink: /home/jaime/RM3_ws/install/imu_sensor_broadcaster/share/ament_index/resource_index/packages/imu_sensor_broadcaster
[0.785s] -- Up-to-date symlink: /home/jaime/RM3_ws/install/imu_sensor_broadcaster/share/ament_index/resource_index/controller_interface__pluginlib__plugin/imu_sensor_broadcaster
[0.786s] -- Up-to-date symlink: /home/jaime/RM3_ws/install/imu_sensor_broadcaster/share/imu_sensor_broadcaster/cmake/ament_cmake_export_include_directories-extras.cmake
[0.786s] -- Up-to-date symlink: /home/jaime/RM3_ws/install/imu_sensor_broadcaster/share/imu_sensor_broadcaster/cmake/ament_cmake_export_libraries-extras.cmake
[0.787s] -- Up-to-date symlink: /home/jaime/RM3_ws/install/imu_sensor_broadcaster/share/imu_sensor_broadcaster/cmake/ament_cmake_export_dependencies-extras.cmake
[0.787s] -- Up-to-date symlink: /home/jaime/RM3_ws/install/imu_sensor_broadcaster/share/imu_sensor_broadcaster/cmake/imu_sensor_broadcasterConfig.cmake
[0.787s] -- Up-to-date symlink: /home/jaime/RM3_ws/install/imu_sensor_broadcaster/share/imu_sensor_broadcaster/cmake/imu_sensor_broadcasterConfig-version.cmake
[0.788s] -- Up-to-date symlink: /home/jaime/RM3_ws/install/imu_sensor_broadcaster/share/imu_sensor_broadcaster/package.xml
[0.931s] Invoked command in '/home/jaime/RM3_ws/build/imu_sensor_broadcaster' returned '0': AMENT_PREFIX_PATH=/home/jaime/RM3_ws/install/controller_manager:/home/jaime/RM3_ws/install/controller_interface:/home/jaime/RM3_ws/install/hardware_interface:/home/jaime/RM3_ws/install/ros2_control_test_assets:/home/jaime/RM3_ws/install/controller_manager_msgs:${AMENT_PREFIX_PATH} CMAKE_PREFIX_PATH=/home/jaime/RM3_ws/install/controller_manager:/home/jaime/RM3_ws/install/controller_interface:/home/jaime/RM3_ws/install/hardware_interface:/home/jaime/RM3_ws/install/ros2_control_test_assets:/home/jaime/RM3_ws/install/controller_manager_msgs:/opt/ros/foxy LD_LIBRARY_PATH=/home/jaime/RM3_ws/install/controller_manager/lib:/home/jaime/RM3_ws/install/controller_interface/lib:/home/jaime/RM3_ws/install/hardware_interface/lib:/home/jaime/RM3_ws/install/controller_manager_msgs/lib:${LD_LIBRARY_PATH} PYTHONPATH=/home/jaime/RM3_ws/install/controller_manager/lib/python3.8/site-packages:/home/jaime/RM3_ws/install/controller_manager_msgs/lib/python3.8/site-packages:${PYTHONPATH} /usr/bin/cmake --install /home/jaime/RM3_ws/build/imu_sensor_broadcaster
