[0.113s] Invoking command in '/home/jaime/RM3_ws/build/rtabmap': CMAKE_PREFIX_PATH=/opt/ros/foxy /usr/bin/cmake --build /home/jaime/RM3_ws/build/rtabmap -- -j8 -l8
[1.164s] [  4%] Built target rtabmap_utilite
[1.164s] [  5%] Built target res_tool
[1.164s] [  5%] Built target extractObject
[1.164s] [ 43%] Built target rtabmap_core
[1.164s] [ 44%] Built target imagesJoiner
[1.164s] [ 45%] Built target euroc_dataset
[1.164s] [ 46%] Built target recovery
[1.164s] [ 46%] Built target reprocess
[1.165s] [ 47%] Built target detectMoreLoopClosures
[1.165s] [ 48%] Built target export
[1.165s] [ 48%] Built target info
[1.165s] [ 49%] Built target cleanupLocalGrids
[1.165s] [ 50%] Built target globalBundleAdjustment
[1.165s] [ 51%] Built target rgbd_camera
[1.165s] [ 51%] Built target bow_mapping
[1.165s] [ 51%] Built target rgbd_dataset
[1.194s] [ 52%] Built target kitti_dataset
[1.246s] [ 53%] Built target stereoEval
[1.394s] [ 53%] Built target camera
[1.464s] [ 54%] Built target consoleApp
[1.740s] [ 91%] Built target rtabmap_gui
[1.805s] [ 91%] Built target rtabmap
[1.915s] [ 91%] Built target matcher
[1.990s] [ 93%] Built target rgbd_mapping
[2.128s] [ 95%] Built target wifi_mapping
[2.203s] [ 97%] Built target noEventsExample
[2.277s] [ 98%] Built target calibration
[2.333s] [ 98%] Built target dataRecorder
[2.421s] [ 98%] Built target odometryViewer
[2.473s] [ 98%] Built target epipolar_geometry
[2.521s] [ 99%] Built target databaseViewer
[2.609s] [100%] Built target report
[2.650s] Invoked command in '/home/jaime/RM3_ws/build/rtabmap' returned '0': CMAKE_PREFIX_PATH=/opt/ros/foxy /usr/bin/cmake --build /home/jaime/RM3_ws/build/rtabmap -- -j8 -l8
[2.771s] Invoking command in '/home/jaime/RM3_ws/build/rtabmap': CMAKE_PREFIX_PATH=/opt/ros/foxy /usr/bin/cmake --install /home/jaime/RM3_ws/build/rtabmap
[2.782s] -- Install configuration: "Release"
[2.782s] -- Up-to-date: /home/jaime/RM3_ws/install/rtabmap/lib/rtabmap-0.20/RTABMapConfig.cmake
[2.782s] -- Up-to-date: /home/jaime/RM3_ws/install/rtabmap/lib/rtabmap-0.20/RTABMapConfigVersion.cmake
[2.782s] -- Up-to-date: /home/jaime/RM3_ws/install/rtabmap/share/rtabmap/package.xml
[2.783s] -- Up-to-date: /home/jaime/RM3_ws/install/rtabmap/lib/librtabmap_utilite.so.0.20.18
[2.783s] -- Up-to-date: /home/jaime/RM3_ws/install/rtabmap/lib/librtabmap_utilite.so.0.20
[2.783s] -- Up-to-date: /home/jaime/RM3_ws/install/rtabmap/lib/librtabmap_utilite.so
[2.784s] -- Up-to-date: /home/jaime/RM3_ws/install/rtabmap/include/rtabmap-0.20
[2.784s] -- Up-to-date: /home/jaime/RM3_ws/install/rtabmap/include/rtabmap-0.20/rtabmap
[2.784s] -- Up-to-date: /home/jaime/RM3_ws/install/rtabmap/include/rtabmap-0.20/rtabmap/utilite
[2.784s] -- Up-to-date: /home/jaime/RM3_ws/install/rtabmap/include/rtabmap-0.20/rtabmap/utilite/UThread.h
[2.784s] -- Up-to-date: /home/jaime/RM3_ws/install/rtabmap/include/rtabmap-0.20/rtabmap/utilite/USemaphore.h
[2.784s] -- Up-to-date: /home/jaime/RM3_ws/install/rtabmap/include/rtabmap-0.20/rtabmap/utilite/UThreadNode.h
[2.784s] -- Up-to-date: /home/jaime/RM3_ws/install/rtabmap/include/rtabmap-0.20/rtabmap/utilite/UEvent.h
[2.784s] -- Up-to-date: /home/jaime/RM3_ws/install/rtabmap/include/rtabmap-0.20/rtabmap/utilite/UMutex.h
[2.784s] -- Up-to-date: /home/jaime/RM3_ws/install/rtabmap/include/rtabmap-0.20/rtabmap/utilite/UVariant.h
[2.785s] -- Up-to-date: /home/jaime/RM3_ws/install/rtabmap/include/rtabmap-0.20/rtabmap/utilite/UEventsManager.h
[2.786s] -- Up-to-date: /home/jaime/RM3_ws/install/rtabmap/include/rtabmap-0.20/rtabmap/utilite/ULogger.h
[2.786s] -- Up-to-date: /home/jaime/RM3_ws/install/rtabmap/include/rtabmap-0.20/rtabmap/utilite/UDestroyer.h
[2.787s] -- Up-to-date: /home/jaime/RM3_ws/install/rtabmap/include/rtabmap-0.20/rtabmap/utilite/UProcessInfo.h
[2.787s] -- Up-to-date: /home/jaime/RM3_ws/install/rtabmap/include/rtabmap-0.20/rtabmap/utilite/UTimer.h
[2.788s] -- Up-to-date: /home/jaime/RM3_ws/install/rtabmap/include/rtabmap-0.20/rtabmap/utilite/UFile.h
[2.788s] -- Up-to-date: /home/jaime/RM3_ws/install/rtabmap/include/rtabmap-0.20/rtabmap/utilite/UConversion.h
[2.788s] -- Up-to-date: /home/jaime/RM3_ws/install/rtabmap/include/rtabmap-0.20/rtabmap/utilite/UThreadC.h
[2.789s] -- Up-to-date: /home/jaime/RM3_ws/install/rtabmap/include/rtabmap-0.20/rtabmap/utilite/UMath.h
[2.789s] -- Up-to-date: /home/jaime/RM3_ws/install/rtabmap/include/rtabmap-0.20/rtabmap/utilite/UDirectory.h
[2.789s] -- Up-to-date: /home/jaime/RM3_ws/install/rtabmap/include/rtabmap-0.20/rtabmap/utilite/Posix
[2.789s] -- Up-to-date: /home/jaime/RM3_ws/install/rtabmap/include/rtabmap-0.20/rtabmap/utilite/Posix/UThreadC.h
[2.789s] -- Up-to-date: /home/jaime/RM3_ws/install/rtabmap/include/rtabmap-0.20/rtabmap/utilite/UException.h
[2.789s] -- Up-to-date: /home/jaime/RM3_ws/install/rtabmap/include/rtabmap-0.20/rtabmap/utilite/UObjDeletionThread.h
[2.789s] -- Up-to-date: /home/jaime/RM3_ws/install/rtabmap/include/rtabmap-0.20/rtabmap/utilite/Win32
[2.790s] -- Up-to-date: /home/jaime/RM3_ws/install/rtabmap/include/rtabmap-0.20/rtabmap/utilite/Win32/UWin32.h
[2.790s] -- Up-to-date: /home/jaime/RM3_ws/install/rtabmap/include/rtabmap-0.20/rtabmap/utilite/Win32/UThreadC.h
[2.791s] -- Up-to-date: /home/jaime/RM3_ws/install/rtabmap/include/rtabmap-0.20/rtabmap/utilite/UEventsHandler.h
[2.791s] -- Up-to-date: /home/jaime/RM3_ws/install/rtabmap/include/rtabmap-0.20/rtabmap/utilite/UtiLite.h
[2.791s] -- Up-to-date: /home/jaime/RM3_ws/install/rtabmap/include/rtabmap-0.20/rtabmap/utilite/UStl.h
[2.791s] -- Up-to-date: /home/jaime/RM3_ws/install/rtabmap/include/rtabmap-0.20/rtabmap/utilite/UtiLiteExp.h
[2.791s] -- Up-to-date: /home/jaime/RM3_ws/install/rtabmap/include/rtabmap-0.20/rtabmap/utilite/UEventsSender.h
[2.791s] -- Up-to-date: /home/jaime/RM3_ws/install/rtabmap/bin/rtabmap-res_tool-0.3.0
[2.791s] -- Up-to-date: /home/jaime/RM3_ws/install/rtabmap/bin/rtabmap-res_tool
[2.792s] -- Up-to-date: /home/jaime/RM3_ws/install/rtabmap/lib/librtabmap_core.so.0.20.18
[2.792s] -- Up-to-date: /home/jaime/RM3_ws/install/rtabmap/lib/librtabmap_core.so.0.20
[2.792s] -- Up-to-date: /home/jaime/RM3_ws/install/rtabmap/lib/librtabmap_core.so
[2.792s] -- Up-to-date: /home/jaime/RM3_ws/install/rtabmap/include/rtabmap-0.20
[2.792s] -- Up-to-date: /home/jaime/RM3_ws/install/rtabmap/include/rtabmap-0.20/rtabmap
[2.792s] -- Up-to-date: /home/jaime/RM3_ws/install/rtabmap/include/rtabmap-0.20/rtabmap/core
[2.792s] -- Up-to-date: /home/jaime/RM3_ws/install/rtabmap/include/rtabmap-0.20/rtabmap/core/SensorData.h
[2.792s] -- Up-to-date: /home/jaime/RM3_ws/install/rtabmap/include/rtabmap-0.20/rtabmap/core/stereo
[2.792s] -- Up-to-date: /home/jaime/RM3_ws/install/rtabmap/include/rtabmap-0.20/rtabmap/core/stereo/StereoSGBM.h
[2.792s] -- Up-to-date: /home/jaime/RM3_ws/install/rtabmap/include/rtabmap-0.20/rtabmap/core/stereo/StereoBM.h
[2.793s] -- Up-to-date: /home/jaime/RM3_ws/install/rtabmap/include/rtabmap-0.20/rtabmap/core/stereo/stereoRectifyFisheye.h
[2.793s] -- Up-to-date: /home/jaime/RM3_ws/install/rtabmap/include/rtabmap-0.20/rtabmap/core/RtabmapExp.h
[2.793s] -- Up-to-date: /home/jaime/RM3_ws/install/rtabmap/include/rtabmap-0.20/rtabmap/core/CameraEvent.h
[2.793s] -- Up-to-date: /home/jaime/RM3_ws/install/rtabmap/include/rtabmap-0.20/rtabmap/core/IMUThread.h
[2.793s] -- Up-to-date: /home/jaime/RM3_ws/install/rtabmap/include/rtabmap-0.20/rtabmap/core/Link.h
[2.793s] -- Up-to-date: /home/jaime/RM3_ws/install/rtabmap/include/rtabmap-0.20/rtabmap/core/util3d.h
[2.793s] -- Up-to-date: /home/jaime/RM3_ws/install/rtabmap/include/rtabmap-0.20/rtabmap/core/Graph.h
[2.793s] -- Up-to-date: /home/jaime/RM3_ws/install/rtabmap/include/rtabmap-0.20/rtabmap/core/GlobalDescriptor.h
[2.794s] -- Up-to-date: /home/jaime/RM3_ws/install/rtabmap/include/rtabmap-0.20/rtabmap/core/IMUFilter.h
[2.794s] -- Up-to-date: /home/jaime/RM3_ws/install/rtabmap/include/rtabmap-0.20/rtabmap/core/PDALWriter.h
[2.794s] -- Up-to-date: /home/jaime/RM3_ws/install/rtabmap/include/rtabmap-0.20/rtabmap/core/CameraStereo.h
[2.794s] -- Up-to-date: /home/jaime/RM3_ws/install/rtabmap/include/rtabmap-0.20/rtabmap/core/Transform.h
[2.794s] -- Up-to-date: /home/jaime/RM3_ws/install/rtabmap/include/rtabmap-0.20/rtabmap/core/util3d_filtering.h
[2.794s] -- Up-to-date: /home/jaime/RM3_ws/install/rtabmap/include/rtabmap-0.20/rtabmap/core/BayesFilter.h
[2.794s] -- Up-to-date: /home/jaime/RM3_ws/install/rtabmap/include/rtabmap-0.20/rtabmap/core/MarkerDetector.h
[2.794s] -- Up-to-date: /home/jaime/RM3_ws/install/rtabmap/include/rtabmap-0.20/rtabmap/core/Registration.h
[2.794s] -- Up-to-date: /home/jaime/RM3_ws/install/rtabmap/include/rtabmap-0.20/rtabmap/core/Features2d.h
[2.794s] -- Up-to-date: /home/jaime/RM3_ws/install/rtabmap/include/rtabmap-0.20/rtabmap/core/util3d_mapping.h
[2.794s] -- Up-to-date: /home/jaime/RM3_ws/install/rtabmap/include/rtabmap-0.20/rtabmap/core/RegistrationIcp.h
[2.794s] -- Up-to-date: /home/jaime/RM3_ws/install/rtabmap/include/rtabmap-0.20/rtabmap/core/ProgressState.h
[2.795s] -- Up-to-date: /home/jaime/RM3_ws/install/rtabmap/include/rtabmap-0.20/rtabmap/core/util3d_motion_estimation.h
[2.795s] -- Up-to-date: /home/jaime/RM3_ws/install/rtabmap/include/rtabmap-0.20/rtabmap/core/GPS.h
[2.795s] -- Up-to-date: /home/jaime/RM3_ws/install/rtabmap/include/rtabmap-0.20/rtabmap/core/optimizer
[2.795s] -- Up-to-date: /home/jaime/RM3_ws/install/rtabmap/include/rtabmap-0.20/rtabmap/core/optimizer/OptimizerCeres.h
[2.795s] -- Up-to-date: /home/jaime/RM3_ws/install/rtabmap/include/rtabmap-0.20/rtabmap/core/optimizer/OptimizerGTSAM.h
[2.795s] -- Up-to-date: /home/jaime/RM3_ws/install/rtabmap/include/rtabmap-0.20/rtabmap/core/optimizer/OptimizerTORO.h
[2.795s] -- Up-to-date: /home/jaime/RM3_ws/install/rtabmap/include/rtabmap-0.20/rtabmap/core/optimizer/OptimizerG2O.h
[2.795s] -- Up-to-date: /home/jaime/RM3_ws/install/rtabmap/include/rtabmap-0.20/rtabmap/core/optimizer/OptimizerCVSBA.h
[2.795s] -- Up-to-date: /home/jaime/RM3_ws/install/rtabmap/include/rtabmap-0.20/rtabmap/core/util3d_registration.h
[2.795s] -- Up-to-date: /home/jaime/RM3_ws/install/rtabmap/include/rtabmap-0.20/rtabmap/core/RegistrationInfo.h
[2.795s] -- Up-to-date: /home/jaime/RM3_ws/install/rtabmap/include/rtabmap-0.20/rtabmap/core/Rtabmap.h
[2.795s] -- Up-to-date: /home/jaime/RM3_ws/install/rtabmap/include/rtabmap-0.20/rtabmap/core/DBReader.h
[2.796s] -- Up-to-date: /home/jaime/RM3_ws/install/rtabmap/include/rtabmap-0.20/rtabmap/core/StereoCameraModel.h
[2.796s] -- Up-to-date: /home/jaime/RM3_ws/install/rtabmap/include/rtabmap-0.20/rtabmap/core/ParamEvent.h
[2.796s] -- Up-to-date: /home/jaime/RM3_ws/install/rtabmap/include/rtabmap-0.20/rtabmap/core/util3d_transforms.h
[2.796s] -- Up-to-date: /home/jaime/RM3_ws/install/rtabmap/include/rtabmap-0.20/rtabmap/core/RtabmapThread.h
[2.796s] -- Up-to-date: /home/jaime/RM3_ws/install/rtabmap/include/rtabmap-0.20/rtabmap/core/Recovery.h
[2.796s] -- Up-to-date: /home/jaime/RM3_ws/install/rtabmap/include/rtabmap-0.20/rtabmap/core/CameraThread.h
[2.796s] -- Up-to-date: /home/jaime/RM3_ws/install/rtabmap/include/rtabmap-0.20/rtabmap/core/OdometryEvent.h
[2.800s] -- Up-to-date: /home/jaime/RM3_ws/install/rtabmap/include/rtabmap-0.20/rtabmap/core/Camera.h
[2.800s] -- Up-to-date: /home/jaime/RM3_ws/install/rtabmap/include/rtabmap-0.20/rtabmap/core/IMU.h
[2.800s] -- Up-to-date: /home/jaime/RM3_ws/install/rtabmap/include/rtabmap-0.20/rtabmap/core/Memory.h
[2.800s] -- Up-to-date: /home/jaime/RM3_ws/install/rtabmap/include/rtabmap-0.20/rtabmap/core/OctoMap.h
[2.800s] -- Up-to-date: /home/jaime/RM3_ws/install/rtabmap/include/rtabmap-0.20/rtabmap/core/VWDictionary.h
[2.800s] -- Up-to-date: /home/jaime/RM3_ws/install/rtabmap/include/rtabmap-0.20/rtabmap/core/camera
[2.801s] -- Up-to-date: /home/jaime/RM3_ws/install/rtabmap/include/rtabmap-0.20/rtabmap/core/camera/CameraStereoZed.h
[2.801s] -- Up-to-date: /home/jaime/RM3_ws/install/rtabmap/include/rtabmap-0.20/rtabmap/core/camera/CameraVideo.h
[2.801s] -- Up-to-date: /home/jaime/RM3_ws/install/rtabmap/include/rtabmap-0.20/rtabmap/core/camera/CameraStereoVideo.h
[2.802s] -- Up-to-date: /home/jaime/RM3_ws/install/rtabmap/include/rtabmap-0.20/rtabmap/core/camera/CameraStereoZedOC.h
[2.802s] -- Up-to-date: /home/jaime/RM3_ws/install/rtabmap/include/rtabmap-0.20/rtabmap/core/camera/CameraImages.h
[2.802s] -- Up-to-date: /home/jaime/RM3_ws/install/rtabmap/include/rtabmap-0.20/rtabmap/core/camera/CameraStereoFlyCapture2.h
[2.802s] -- Up-to-date: /home/jaime/RM3_ws/install/rtabmap/include/rtabmap-0.20/rtabmap/core/camera/CameraRealSense.h
[2.802s] -- Up-to-date: /home/jaime/RM3_ws/install/rtabmap/include/rtabmap-0.20/rtabmap/core/camera/CameraK4W2.h
[2.802s] -- Up-to-date: /home/jaime/RM3_ws/install/rtabmap/include/rtabmap-0.20/rtabmap/core/camera/CameraStereoTara.h
[2.803s] -- Up-to-date: /home/jaime/RM3_ws/install/rtabmap/include/rtabmap-0.20/rtabmap/core/camera/CameraFreenect2.h
[2.803s] -- Up-to-date: /home/jaime/RM3_ws/install/rtabmap/include/rtabmap-0.20/rtabmap/core/camera/CameraFreenect.h
[2.803s] -- Up-to-date: /home/jaime/RM3_ws/install/rtabmap/include/rtabmap-0.20/rtabmap/core/camera/CameraRealSense2.h
[2.803s] -- Up-to-date: /home/jaime/RM3_ws/install/rtabmap/include/rtabmap-0.20/rtabmap/core/camera/CameraOpenNICV.h
[2.803s] -- Up-to-date: /home/jaime/RM3_ws/install/rtabmap/include/rtabmap-0.20/rtabmap/core/camera/CameraStereoImages.h
[2.803s] -- Up-to-date: /home/jaime/RM3_ws/install/rtabmap/include/rtabmap-0.20/rtabmap/core/camera/CameraRGBDImages.h
[2.803s] -- Up-to-date: /home/jaime/RM3_ws/install/rtabmap/include/rtabmap-0.20/rtabmap/core/camera/CameraK4A.h
[2.803s] -- Up-to-date: /home/jaime/RM3_ws/install/rtabmap/include/rtabmap-0.20/rtabmap/core/camera/CameraOpenni.h
[2.804s] -- Up-to-date: /home/jaime/RM3_ws/install/rtabmap/include/rtabmap-0.20/rtabmap/core/camera/CameraDepthAI.h
[2.804s] -- Up-to-date: /home/jaime/RM3_ws/install/rtabmap/include/rtabmap-0.20/rtabmap/core/camera/CameraOpenNI2.h
[2.804s] -- Up-to-date: /home/jaime/RM3_ws/install/rtabmap/include/rtabmap-0.20/rtabmap/core/camera/CameraStereoDC1394.h
[2.804s] -- Up-to-date: /home/jaime/RM3_ws/install/rtabmap/include/rtabmap-0.20/rtabmap/core/camera/CameraMyntEye.h
[2.804s] -- Up-to-date: /home/jaime/RM3_ws/install/rtabmap/include/rtabmap-0.20/rtabmap/core/VisualWord.h
[2.804s] -- Up-to-date: /home/jaime/RM3_ws/install/rtabmap/include/rtabmap-0.20/rtabmap/core/PythonInterface.h
[2.804s] -- Up-to-date: /home/jaime/RM3_ws/install/rtabmap/include/rtabmap-0.20/rtabmap/core/DBDriverSqlite3.h
[2.804s] -- Up-to-date: /home/jaime/RM3_ws/install/rtabmap/include/rtabmap-0.20/rtabmap/core/Image.h
[2.805s] -- Up-to-date: /home/jaime/RM3_ws/install/rtabmap/include/rtabmap-0.20/rtabmap/core/util3d_correspondences.h
[2.805s] -- Up-to-date: /home/jaime/RM3_ws/install/rtabmap/include/rtabmap-0.20/rtabmap/core/RtabmapEvent.h
[2.805s] -- Up-to-date: /home/jaime/RM3_ws/install/rtabmap/include/rtabmap-0.20/rtabmap/core/Statistics.h
[2.805s] -- Up-to-date: /home/jaime/RM3_ws/install/rtabmap/include/rtabmap-0.20/rtabmap/core/util3d_surface.h
[2.805s] -- Up-to-date: /home/jaime/RM3_ws/install/rtabmap/include/rtabmap-0.20/rtabmap/core/RegistrationVis.h
[2.805s] -- Up-to-date: /home/jaime/RM3_ws/install/rtabmap/include/rtabmap-0.20/rtabmap/core/DBDriver.h
[2.805s] -- Up-to-date: /home/jaime/RM3_ws/install/rtabmap/include/rtabmap-0.20/rtabmap/core/CameraRGBD.h
[2.805s] -- Up-to-date: /home/jaime/RM3_ws/install/rtabmap/include/rtabmap-0.20/rtabmap/core/StereoDense.h
[2.806s] -- Up-to-date: /home/jaime/RM3_ws/install/rtabmap/include/rtabmap-0.20/rtabmap/core/util3d_features.h
[2.806s] -- Up-to-date: /home/jaime/RM3_ws/install/rtabmap/include/rtabmap-0.20/rtabmap/core/ParticleFilter.h
[2.806s] -- Up-to-date: /home/jaime/RM3_ws/install/rtabmap/include/rtabmap-0.20/rtabmap/core/Landmark.h
[2.806s] -- Up-to-date: /home/jaime/RM3_ws/install/rtabmap/include/rtabmap-0.20/rtabmap/core/Stereo.h
[2.806s] -- Up-to-date: /home/jaime/RM3_ws/install/rtabmap/include/rtabmap-0.20/rtabmap/core/util2d.h
[2.806s] -- Up-to-date: /home/jaime/RM3_ws/install/rtabmap/include/rtabmap-0.20/rtabmap/core/UserDataEvent.h
[2.806s] -- Up-to-date: /home/jaime/RM3_ws/install/rtabmap/include/rtabmap-0.20/rtabmap/core/FlannIndex.h
[2.806s] -- Up-to-date: /home/jaime/RM3_ws/install/rtabmap/include/rtabmap-0.20/rtabmap/core/LaserScan.h
[2.806s] -- Up-to-date: /home/jaime/RM3_ws/install/rtabmap/include/rtabmap-0.20/rtabmap/core/GainCompensator.h
[2.806s] -- Up-to-date: /home/jaime/RM3_ws/install/rtabmap/include/rtabmap-0.20/rtabmap/core/Compression.h
[2.807s] -- Up-to-date: /home/jaime/RM3_ws/install/rtabmap/include/rtabmap-0.20/rtabmap/core/Parameters.h
[2.807s] -- Up-to-date: /home/jaime/RM3_ws/install/rtabmap/include/rtabmap-0.20/rtabmap/core/Optimizer.h
[2.807s] -- Up-to-date: /home/jaime/RM3_ws/install/rtabmap/include/rtabmap-0.20/rtabmap/core/GeodeticCoords.h
[2.807s] -- Up-to-date: /home/jaime/RM3_ws/install/rtabmap/include/rtabmap-0.20/rtabmap/core/CameraRGB.h
[2.807s] -- Up-to-date: /home/jaime/RM3_ws/install/rtabmap/include/rtabmap-0.20/rtabmap/core/CameraInfo.h
[2.807s] -- Up-to-date: /home/jaime/RM3_ws/install/rtabmap/include/rtabmap-0.20/rtabmap/core/OdometryThread.h
[2.807s] -- Up-to-date: /home/jaime/RM3_ws/install/rtabmap/include/rtabmap-0.20/rtabmap/core/Odometry.h
[2.808s] -- Up-to-date: /home/jaime/RM3_ws/install/rtabmap/include/rtabmap-0.20/rtabmap/core/odometry
[2.808s] -- Up-to-date: /home/jaime/RM3_ws/install/rtabmap/include/rtabmap-0.20/rtabmap/core/odometry/OdometryMono.h
[2.808s] -- Up-to-date: /home/jaime/RM3_ws/install/rtabmap/include/rtabmap-0.20/rtabmap/core/odometry/OdometryLOAM.h
[2.808s] -- Up-to-date: /home/jaime/RM3_ws/install/rtabmap/include/rtabmap-0.20/rtabmap/core/odometry/OdometryF2M.h
[2.808s] -- Up-to-date: /home/jaime/RM3_ws/install/rtabmap/include/rtabmap-0.20/rtabmap/core/odometry/OdometryOpenVINS.h
[2.808s] -- Up-to-date: /home/jaime/RM3_ws/install/rtabmap/include/rtabmap-0.20/rtabmap/core/odometry/OdometryViso2.h
[2.808s] -- Up-to-date: /home/jaime/RM3_ws/install/rtabmap/include/rtabmap-0.20/rtabmap/core/odometry/OdometryDVO.h
[2.808s] -- Up-to-date: /home/jaime/RM3_ws/install/rtabmap/include/rtabmap-0.20/rtabmap/core/odometry/OdometryVINS.h
[2.808s] -- Up-to-date: /home/jaime/RM3_ws/install/rtabmap/include/rtabmap-0.20/rtabmap/core/odometry/OdometryMSCKF.h
[2.808s] -- Up-to-date: /home/jaime/RM3_ws/install/rtabmap/include/rtabmap-0.20/rtabmap/core/odometry/OdometryOkvis.h
[2.808s] -- Up-to-date: /home/jaime/RM3_ws/install/rtabmap/include/rtabmap-0.20/rtabmap/core/odometry/OdometryFLOAM.h
[2.808s] -- Up-to-date: /home/jaime/RM3_ws/install/rtabmap/include/rtabmap-0.20/rtabmap/core/odometry/OdometryF2F.h
[2.808s] -- Up-to-date: /home/jaime/RM3_ws/install/rtabmap/include/rtabmap-0.20/rtabmap/core/odometry/OdometryORBSLAM.h
[2.809s] -- Up-to-date: /home/jaime/RM3_ws/install/rtabmap/include/rtabmap-0.20/rtabmap/core/odometry/OdometryOpen3D.h
[2.809s] -- Up-to-date: /home/jaime/RM3_ws/install/rtabmap/include/rtabmap-0.20/rtabmap/core/odometry/OdometryFovis.h
[2.809s] -- Up-to-date: /home/jaime/RM3_ws/install/rtabmap/include/rtabmap-0.20/rtabmap/core/impl
[2.809s] -- Up-to-date: /home/jaime/RM3_ws/install/rtabmap/include/rtabmap-0.20/rtabmap/core/impl/util3d_surface.hpp
[2.809s] -- Up-to-date: /home/jaime/RM3_ws/install/rtabmap/include/rtabmap-0.20/rtabmap/core/impl/util3d_mapping.hpp
[2.809s] -- Up-to-date: /home/jaime/RM3_ws/install/rtabmap/include/rtabmap-0.20/rtabmap/core/impl/OccupancyGrid.hpp
[2.809s] -- Up-to-date: /home/jaime/RM3_ws/install/rtabmap/include/rtabmap-0.20/rtabmap/core/impl/util3d.hpp
[2.809s] -- Up-to-date: /home/jaime/RM3_ws/install/rtabmap/include/rtabmap-0.20/rtabmap/core/EpipolarGeometry.h
[2.809s] -- Up-to-date: /home/jaime/RM3_ws/install/rtabmap/include/rtabmap-0.20/rtabmap/core/clams
[2.809s] -- Up-to-date: /home/jaime/RM3_ws/install/rtabmap/include/rtabmap-0.20/rtabmap/core/clams/slam_calibrator.h
[2.809s] -- Up-to-date: /home/jaime/RM3_ws/install/rtabmap/include/rtabmap-0.20/rtabmap/core/clams/discrete_depth_distortion_model.h
[2.810s] -- Up-to-date: /home/jaime/RM3_ws/install/rtabmap/include/rtabmap-0.20/rtabmap/core/clams/frame_projector.h
[2.810s] -- Up-to-date: /home/jaime/RM3_ws/install/rtabmap/include/rtabmap-0.20/rtabmap/core/OdometryInfo.h
[2.810s] -- Up-to-date: /home/jaime/RM3_ws/install/rtabmap/include/rtabmap-0.20/rtabmap/core/CameraModel.h
[2.810s] -- Up-to-date: /home/jaime/RM3_ws/install/rtabmap/include/rtabmap-0.20/rtabmap/core/EnvSensor.h
[2.811s] -- Up-to-date: /home/jaime/RM3_ws/install/rtabmap/include/rtabmap-0.20/rtabmap/core/OccupancyGrid.h
[2.811s] -- Up-to-date: /home/jaime/RM3_ws/install/rtabmap/include/rtabmap-0.20/rtabmap/core/Signature.h
[2.811s] -- Up-to-date: /home/jaime/RM3_ws/install/rtabmap/include/rtabmap-0.20
[2.812s] -- Up-to-date: /home/jaime/RM3_ws/install/rtabmap/include/rtabmap-0.20/rtabmap
[2.812s] -- Up-to-date: /home/jaime/RM3_ws/install/rtabmap/include/rtabmap-0.20/rtabmap/core
[2.812s] -- Up-to-date: /home/jaime/RM3_ws/install/rtabmap/include/rtabmap-0.20/rtabmap/core/Version.h
[2.812s] -- Up-to-date: /home/jaime/RM3_ws/install/rtabmap/lib/librtabmap_gui.so.0.20.18
[2.812s] -- Up-to-date: /home/jaime/RM3_ws/install/rtabmap/lib/librtabmap_gui.so.0.20
[2.812s] -- Up-to-date: /home/jaime/RM3_ws/install/rtabmap/lib/librtabmap_gui.so
[2.812s] -- Up-to-date: /home/jaime/RM3_ws/install/rtabmap/include/rtabmap-0.20
[2.813s] -- Up-to-date: /home/jaime/RM3_ws/install/rtabmap/include/rtabmap-0.20/rtabmap
[2.813s] -- Up-to-date: /home/jaime/RM3_ws/install/rtabmap/include/rtabmap-0.20/rtabmap/utilite
[2.813s] -- Up-to-date: /home/jaime/RM3_ws/install/rtabmap/include/rtabmap-0.20/rtabmap/utilite/UPlot.h
[2.813s] -- Up-to-date: /home/jaime/RM3_ws/install/rtabmap/include/rtabmap-0.20/rtabmap/utilite/UCv2Qt.h
[2.814s] -- Up-to-date: /home/jaime/RM3_ws/install/rtabmap/include/rtabmap-0.20/rtabmap/utilite/UImageView.h
[2.814s] -- Up-to-date: /home/jaime/RM3_ws/install/rtabmap/include/rtabmap-0.20/rtabmap/gui
[2.814s] -- Up-to-date: /home/jaime/RM3_ws/install/rtabmap/include/rtabmap-0.20/rtabmap/gui/ImageView.h
[2.814s] -- Up-to-date: /home/jaime/RM3_ws/install/rtabmap/include/rtabmap-0.20/rtabmap/gui/ParametersToolBox.h
[2.814s] -- Up-to-date: /home/jaime/RM3_ws/install/rtabmap/include/rtabmap-0.20/rtabmap/gui/LoopClosureViewer.h
[2.814s] -- Up-to-date: /home/jaime/RM3_ws/install/rtabmap/include/rtabmap-0.20/rtabmap/gui/CreateSimpleCalibrationDialog.h
[2.814s] -- Up-to-date: /home/jaime/RM3_ws/install/rtabmap/include/rtabmap-0.20/rtabmap/gui/EditMapArea.h
[2.814s] -- Up-to-date: /home/jaime/RM3_ws/install/rtabmap/include/rtabmap-0.20/rtabmap/gui/ExportBundlerDialog.h
[2.814s] -- Up-to-date: /home/jaime/RM3_ws/install/rtabmap/include/rtabmap-0.20/rtabmap/gui/ExportDialog.h
[2.814s] -- Up-to-date: /home/jaime/RM3_ws/install/rtabmap/include/rtabmap-0.20/rtabmap/gui/CloudViewer.h
[2.814s] -- Up-to-date: /home/jaime/RM3_ws/install/rtabmap/include/rtabmap-0.20/rtabmap/gui/DepthCalibrationDialog.h
[2.815s] -- Up-to-date: /home/jaime/RM3_ws/install/rtabmap/include/rtabmap-0.20/rtabmap/gui/PreferencesDialog.h
[2.815s] -- Up-to-date: /home/jaime/RM3_ws/install/rtabmap/include/rtabmap-0.20/rtabmap/gui/MapVisibilityWidget.h
[2.815s] -- Up-to-date: /home/jaime/RM3_ws/install/rtabmap/include/rtabmap-0.20/rtabmap/gui/AboutDialog.h
[2.815s] -- Up-to-date: /home/jaime/RM3_ws/install/rtabmap/include/rtabmap-0.20/rtabmap/gui/CalibrationDialog.h
[2.815s] -- Up-to-date: /home/jaime/RM3_ws/install/rtabmap/include/rtabmap-0.20/rtabmap/gui/PostProcessingDialog.h
[2.815s] -- Up-to-date: /home/jaime/RM3_ws/install/rtabmap/include/rtabmap-0.20/rtabmap/gui/KeypointItem.h
[2.815s] -- Up-to-date: /home/jaime/RM3_ws/install/rtabmap/include/rtabmap-0.20/rtabmap/gui/DataRecorder.h
[2.815s] -- Up-to-date: /home/jaime/RM3_ws/install/rtabmap/include/rtabmap-0.20/rtabmap/gui/StatsToolBox.h
[2.815s] -- Up-to-date: /home/jaime/RM3_ws/install/rtabmap/include/rtabmap-0.20/rtabmap/gui/EditDepthArea.h
[2.815s] -- Up-to-date: /home/jaime/RM3_ws/install/rtabmap/include/rtabmap-0.20/rtabmap/gui/GraphViewer.h
[2.815s] -- Up-to-date: /home/jaime/RM3_ws/install/rtabmap/include/rtabmap-0.20/rtabmap/gui/CameraViewer.h
[2.815s] -- Up-to-date: /home/jaime/RM3_ws/install/rtabmap/include/rtabmap-0.20/rtabmap/gui/ExportCloudsDialog.h
[2.816s] -- Up-to-date: /home/jaime/RM3_ws/install/rtabmap/include/rtabmap-0.20/rtabmap/gui/DatabaseViewer.h
[2.816s] -- Up-to-date: /home/jaime/RM3_ws/install/rtabmap/include/rtabmap-0.20/rtabmap/gui/RtabmapGuiExp.h
[2.816s] -- Up-to-date: /home/jaime/RM3_ws/install/rtabmap/include/rtabmap-0.20/rtabmap/gui/PdfPlot.h
[2.816s] -- Up-to-date: /home/jaime/RM3_ws/install/rtabmap/include/rtabmap-0.20/rtabmap/gui/CloudViewerCellPicker.h
[2.816s] -- Up-to-date: /home/jaime/RM3_ws/install/rtabmap/include/rtabmap-0.20/rtabmap/gui/ProgressDialog.h
[2.816s] -- Up-to-date: /home/jaime/RM3_ws/install/rtabmap/include/rtabmap-0.20/rtabmap/gui/ConsoleWidget.h
[2.816s] -- Up-to-date: /home/jaime/RM3_ws/install/rtabmap/include/rtabmap-0.20/rtabmap/gui/TexturingState.h
[2.816s] -- Up-to-date: /home/jaime/RM3_ws/install/rtabmap/include/rtabmap-0.20/rtabmap/gui/RecoveryState.h
[2.816s] -- Up-to-date: /home/jaime/RM3_ws/install/rtabmap/include/rtabmap-0.20/rtabmap/gui/CloudViewerInteractorStyle.h
[2.816s] -- Up-to-date: /home/jaime/RM3_ws/install/rtabmap/include/rtabmap-0.20/rtabmap/gui/MainWindow.h
[2.816s] -- Up-to-date: /home/jaime/RM3_ws/install/rtabmap/include/rtabmap-0.20/rtabmap/gui/EditConstraintDialog.h
[2.816s] -- Up-to-date: /home/jaime/RM3_ws/install/rtabmap/include/rtabmap-0.20/rtabmap/gui/OdometryViewer.h
[2.817s] -- Up-to-date: /home/jaime/RM3_ws/install/rtabmap/bin/rtabmap
[2.817s] -- Up-to-date: /home/jaime/RM3_ws/install/rtabmap/bin/rtabmap-console
[2.817s] -- Up-to-date: /home/jaime/RM3_ws/install/rtabmap/bin/rtabmap-extractObject
[2.817s] -- Up-to-date: /home/jaime/RM3_ws/install/rtabmap/bin/rtabmap-camera
[2.817s] -- Up-to-date: /home/jaime/RM3_ws/install/rtabmap/bin/rtabmap-kitti_dataset
[2.817s] -- Up-to-date: /home/jaime/RM3_ws/install/rtabmap/bin/rtabmap-rgbd_dataset
[2.817s] -- Up-to-date: /home/jaime/RM3_ws/install/rtabmap/bin/rtabmap-euroc_dataset
[2.817s] -- Up-to-date: /home/jaime/RM3_ws/install/rtabmap/bin/rtabmap-recovery
[2.817s] -- Up-to-date: /home/jaime/RM3_ws/install/rtabmap/bin/rtabmap-reprocess
[2.818s] -- Up-to-date: /home/jaime/RM3_ws/install/rtabmap/bin/rtabmap-detectMoreLoopClosures
[2.818s] -- Up-to-date: /home/jaime/RM3_ws/install/rtabmap/bin/rtabmap-export
[2.818s] -- Up-to-date: /home/jaime/RM3_ws/install/rtabmap/bin/rtabmap-report
[2.819s] -- Up-to-date: /home/jaime/RM3_ws/install/rtabmap/bin/rtabmap-info
[2.819s] -- Up-to-date: /home/jaime/RM3_ws/install/rtabmap/bin/rtabmap-cleanupLocalGrids
[2.819s] -- Up-to-date: /home/jaime/RM3_ws/install/rtabmap/bin/rtabmap-globalBundleAdjustment
[2.819s] -- Up-to-date: /home/jaime/RM3_ws/install/rtabmap/bin/rtabmap-rgbd_camera
[2.819s] -- Up-to-date: /home/jaime/RM3_ws/install/rtabmap/bin/rtabmap-databaseViewer
[2.819s] -- Up-to-date: /home/jaime/RM3_ws/install/rtabmap/bin/rtabmap-odometryViewer
[2.820s] -- Up-to-date: /home/jaime/RM3_ws/install/rtabmap/bin/rtabmap-dataRecorder
[2.820s] -- Up-to-date: /home/jaime/RM3_ws/install/rtabmap/bin/rtabmap-calibration
[2.821s] Invoked command in '/home/jaime/RM3_ws/build/rtabmap' returned '0': CMAKE_PREFIX_PATH=/opt/ros/foxy /usr/bin/cmake --install /home/jaime/RM3_ws/build/rtabmap
