[2.348s] Invoking command in '/home/jaime/RM3_ws/build/robominer_msgs': CMAKE_PREFIX_PATH=/opt/ros/foxy /usr/bin/cmake --build /home/jaime/RM3_ws/build/robominer_msgs -- -j8 -l8
[2.554s] [  0%] Built target robominer_msgs__cpp
[2.619s] [ 12%] Built target robominer_msgs__rosidl_generator_c
[2.697s] [ 24%] Built target robominer_msgs__rosidl_typesupport_introspection_cpp
[2.798s] [ 35%] Built target robominer_msgs__rosidl_typesupport_c
[2.881s] [ 47%] Built target robominer_msgs__rosidl_typesupport_introspection_c
[2.962s] [ 58%] Built target robominer_msgs__rosidl_typesupport_fastrtps_cpp
[3.025s] [ 70%] Built target robominer_msgs__rosidl_typesupport_cpp
[3.119s] [ 82%] Built target robominer_msgs__rosidl_typesupport_fastrtps_c
[3.175s] [ 82%] Built target robominer_msgs
[3.244s] [ 83%] Built target robominer_msgs__py
[3.340s] [ 94%] Built target robominer_msgs__python
[3.460s] [ 96%] Built target robominer_msgs__rosidl_typesupport_fastrtps_c__pyext
[3.527s] [ 98%] Built target robominer_msgs__rosidl_typesupport_introspection_c__pyext
[3.630s] [100%] Built target robominer_msgs__rosidl_typesupport_c__pyext
[3.686s] Invoked command in '/home/jaime/RM3_ws/build/robominer_msgs' returned '0': CMAKE_PREFIX_PATH=/opt/ros/foxy /usr/bin/cmake --build /home/jaime/RM3_ws/build/robominer_msgs -- -j8 -l8
[4.189s] Invoking command in '/home/jaime/RM3_ws/build/robominer_msgs': CMAKE_PREFIX_PATH=/opt/ros/foxy /usr/bin/cmake --install /home/jaime/RM3_ws/build/robominer_msgs
[4.209s] -- Install configuration: ""
[4.212s] -- Execute custom install script
[4.213s] -- Up-to-date symlink: /home/jaime/RM3_ws/install/robominer_msgs/share/ament_index/resource_index/rosidl_interfaces/robominer_msgs
[4.216s] -- Up-to-date symlink: /home/jaime/RM3_ws/install/robominer_msgs/include/robominer_msgs/msg/detail/fiducial_transform__functions.h
[4.217s] -- Up-to-date symlink: /home/jaime/RM3_ws/install/robominer_msgs/include/robominer_msgs/msg/detail/fiducial_transform__struct.h
[4.218s] -- Up-to-date symlink: /home/jaime/RM3_ws/install/robominer_msgs/include/robominer_msgs/msg/detail/fiducial_transform__type_support.h
[4.219s] -- Up-to-date symlink: /home/jaime/RM3_ws/install/robominer_msgs/include/robominer_msgs/msg/detail/fiducial_transform_array__functions.h
[4.220s] -- Up-to-date symlink: /home/jaime/RM3_ws/install/robominer_msgs/include/robominer_msgs/msg/detail/fiducial_transform_array__struct.h
[4.222s] -- Up-to-date symlink: /home/jaime/RM3_ws/install/robominer_msgs/include/robominer_msgs/msg/detail/fiducial_transform_array__type_support.h
[4.224s] -- Up-to-date symlink: /home/jaime/RM3_ws/install/robominer_msgs/include/robominer_msgs/msg/detail/motor_module_command__functions.h
[4.225s] -- Up-to-date symlink: /home/jaime/RM3_ws/install/robominer_msgs/include/robominer_msgs/msg/detail/motor_module_command__struct.h
[4.227s] -- Up-to-date symlink: /home/jaime/RM3_ws/install/robominer_msgs/include/robominer_msgs/msg/detail/motor_module_command__type_support.h
[4.228s] -- Up-to-date symlink: /home/jaime/RM3_ws/install/robominer_msgs/include/robominer_msgs/msg/detail/motor_module_feedback__functions.h
[4.231s] -- Up-to-date symlink: /home/jaime/RM3_ws/install/robominer_msgs/include/robominer_msgs/msg/detail/motor_module_feedback__struct.h
[4.232s] -- Up-to-date symlink: /home/jaime/RM3_ws/install/robominer_msgs/include/robominer_msgs/msg/detail/motor_module_feedback__type_support.h
[4.233s] -- Up-to-date symlink: /home/jaime/RM3_ws/install/robominer_msgs/include/robominer_msgs/msg/detail/spectrometer_calibration__functions.h
[4.234s] -- Up-to-date symlink: /home/jaime/RM3_ws/install/robominer_msgs/include/robominer_msgs/msg/detail/spectrometer_calibration__struct.h
[4.234s] -- Up-to-date symlink: /home/jaime/RM3_ws/install/robominer_msgs/include/robominer_msgs/msg/detail/spectrometer_calibration__type_support.h
[4.235s] -- Up-to-date symlink: /home/jaime/RM3_ws/install/robominer_msgs/include/robominer_msgs/msg/detail/spectrometer_frequency_command__functions.h
[4.236s] -- Up-to-date symlink: /home/jaime/RM3_ws/install/robominer_msgs/include/robominer_msgs/msg/detail/spectrometer_frequency_command__struct.h
[4.236s] -- Up-to-date symlink: /home/jaime/RM3_ws/install/robominer_msgs/include/robominer_msgs/msg/detail/spectrometer_frequency_command__type_support.h
[4.236s] -- Up-to-date symlink: /home/jaime/RM3_ws/install/robominer_msgs/include/robominer_msgs/msg/detail/spectrometer_measurement__functions.h
[4.236s] -- Up-to-date symlink: /home/jaime/RM3_ws/install/robominer_msgs/include/robominer_msgs/msg/detail/spectrometer_measurement__struct.h
[4.238s] -- Up-to-date symlink: /home/jaime/RM3_ws/install/robominer_msgs/include/robominer_msgs/msg/detail/spectrometer_measurement__type_support.h
[4.238s] -- Up-to-date symlink: /home/jaime/RM3_ws/install/robominer_msgs/include/robominer_msgs/msg/detail/whisker__functions.h
[4.240s] -- Up-to-date symlink: /home/jaime/RM3_ws/install/robominer_msgs/include/robominer_msgs/msg/detail/whisker__struct.h
[4.241s] -- Up-to-date symlink: /home/jaime/RM3_ws/install/robominer_msgs/include/robominer_msgs/msg/detail/whisker__type_support.h
[4.242s] -- Up-to-date symlink: /home/jaime/RM3_ws/install/robominer_msgs/include/robominer_msgs/msg/detail/whisker_array__functions.h
[4.243s] -- Up-to-date symlink: /home/jaime/RM3_ws/install/robominer_msgs/include/robominer_msgs/msg/detail/whisker_array__struct.h
[4.244s] -- Up-to-date symlink: /home/jaime/RM3_ws/install/robominer_msgs/include/robominer_msgs/msg/detail/whisker_array__type_support.h
[4.245s] -- Up-to-date symlink: /home/jaime/RM3_ws/install/robominer_msgs/include/robominer_msgs/msg/detail/whisker_pos_in_grid__functions.h
[4.246s] -- Up-to-date symlink: /home/jaime/RM3_ws/install/robominer_msgs/include/robominer_msgs/msg/detail/whisker_pos_in_grid__struct.h
[4.246s] -- Up-to-date symlink: /home/jaime/RM3_ws/install/robominer_msgs/include/robominer_msgs/msg/detail/whisker_pos_in_grid__type_support.h
[4.248s] -- Up-to-date symlink: /home/jaime/RM3_ws/install/robominer_msgs/include/robominer_msgs/msg/fiducial_transform.h
[4.248s] -- Up-to-date symlink: /home/jaime/RM3_ws/install/robominer_msgs/include/robominer_msgs/msg/fiducial_transform_array.h
[4.249s] -- Up-to-date symlink: /home/jaime/RM3_ws/install/robominer_msgs/include/robominer_msgs/msg/motor_module_command.h
[4.250s] -- Up-to-date symlink: /home/jaime/RM3_ws/install/robominer_msgs/include/robominer_msgs/msg/motor_module_feedback.h
[4.251s] -- Up-to-date symlink: /home/jaime/RM3_ws/install/robominer_msgs/include/robominer_msgs/msg/rosidl_generator_c__visibility_control.h
[4.251s] -- Up-to-date symlink: /home/jaime/RM3_ws/install/robominer_msgs/include/robominer_msgs/msg/spectrometer_calibration.h
[4.251s] -- Up-to-date symlink: /home/jaime/RM3_ws/install/robominer_msgs/include/robominer_msgs/msg/spectrometer_frequency_command.h
[4.252s] -- Up-to-date symlink: /home/jaime/RM3_ws/install/robominer_msgs/include/robominer_msgs/msg/spectrometer_measurement.h
[4.253s] -- Up-to-date symlink: /home/jaime/RM3_ws/install/robominer_msgs/include/robominer_msgs/msg/whisker.h
[4.254s] -- Up-to-date symlink: /home/jaime/RM3_ws/install/robominer_msgs/include/robominer_msgs/msg/whisker_array.h
[4.255s] -- Up-to-date symlink: /home/jaime/RM3_ws/install/robominer_msgs/include/robominer_msgs/msg/whisker_pos_in_grid.h
[4.256s] -- Up-to-date symlink: /home/jaime/RM3_ws/install/robominer_msgs/share/robominer_msgs/environment/library_path.sh
[4.257s] -- Up-to-date symlink: /home/jaime/RM3_ws/install/robominer_msgs/share/robominer_msgs/environment/library_path.dsv
[4.257s] -- Up-to-date symlink: /home/jaime/RM3_ws/install/robominer_msgs/include/robominer_msgs/msg/detail/fiducial_transform__rosidl_typesupport_fastrtps_c.h
[4.258s] -- Up-to-date symlink: /home/jaime/RM3_ws/install/robominer_msgs/include/robominer_msgs/msg/detail/fiducial_transform_array__rosidl_typesupport_fastrtps_c.h
[4.258s] -- Up-to-date symlink: /home/jaime/RM3_ws/install/robominer_msgs/include/robominer_msgs/msg/detail/motor_module_command__rosidl_typesupport_fastrtps_c.h
[4.259s] -- Up-to-date symlink: /home/jaime/RM3_ws/install/robominer_msgs/include/robominer_msgs/msg/detail/motor_module_feedback__rosidl_typesupport_fastrtps_c.h
[4.259s] -- Up-to-date symlink: /home/jaime/RM3_ws/install/robominer_msgs/include/robominer_msgs/msg/detail/spectrometer_calibration__rosidl_typesupport_fastrtps_c.h
[4.260s] -- Up-to-date symlink: /home/jaime/RM3_ws/install/robominer_msgs/include/robominer_msgs/msg/detail/spectrometer_frequency_command__rosidl_typesupport_fastrtps_c.h
[4.260s] -- Up-to-date symlink: /home/jaime/RM3_ws/install/robominer_msgs/include/robominer_msgs/msg/detail/spectrometer_measurement__rosidl_typesupport_fastrtps_c.h
[4.260s] -- Up-to-date symlink: /home/jaime/RM3_ws/install/robominer_msgs/include/robominer_msgs/msg/detail/whisker__rosidl_typesupport_fastrtps_c.h
[4.261s] -- Up-to-date symlink: /home/jaime/RM3_ws/install/robominer_msgs/include/robominer_msgs/msg/detail/whisker_array__rosidl_typesupport_fastrtps_c.h
[4.262s] -- Up-to-date symlink: /home/jaime/RM3_ws/install/robominer_msgs/include/robominer_msgs/msg/detail/whisker_pos_in_grid__rosidl_typesupport_fastrtps_c.h
[4.263s] -- Up-to-date symlink: /home/jaime/RM3_ws/install/robominer_msgs/include/robominer_msgs/msg/rosidl_typesupport_fastrtps_c__visibility_control.h
[4.264s] -- Up-to-date symlink: /home/jaime/RM3_ws/install/robominer_msgs/lib/librobominer_msgs__rosidl_typesupport_fastrtps_c.so
[4.264s] -- Up-to-date symlink: /home/jaime/RM3_ws/install/robominer_msgs/include/robominer_msgs/msg/detail/fiducial_transform__rosidl_typesupport_fastrtps_cpp.hpp
[4.264s] -- Up-to-date symlink: /home/jaime/RM3_ws/install/robominer_msgs/include/robominer_msgs/msg/detail/fiducial_transform_array__rosidl_typesupport_fastrtps_cpp.hpp
[4.265s] -- Up-to-date symlink: /home/jaime/RM3_ws/install/robominer_msgs/include/robominer_msgs/msg/detail/motor_module_command__rosidl_typesupport_fastrtps_cpp.hpp
[4.266s] -- Up-to-date symlink: /home/jaime/RM3_ws/install/robominer_msgs/include/robominer_msgs/msg/detail/motor_module_feedback__rosidl_typesupport_fastrtps_cpp.hpp
[4.267s] -- Up-to-date symlink: /home/jaime/RM3_ws/install/robominer_msgs/include/robominer_msgs/msg/detail/spectrometer_calibration__rosidl_typesupport_fastrtps_cpp.hpp
[4.267s] -- Up-to-date symlink: /home/jaime/RM3_ws/install/robominer_msgs/include/robominer_msgs/msg/detail/spectrometer_frequency_command__rosidl_typesupport_fastrtps_cpp.hpp
[4.268s] -- Up-to-date symlink: /home/jaime/RM3_ws/install/robominer_msgs/include/robominer_msgs/msg/detail/spectrometer_measurement__rosidl_typesupport_fastrtps_cpp.hpp
[4.268s] -- Up-to-date symlink: /home/jaime/RM3_ws/install/robominer_msgs/include/robominer_msgs/msg/detail/whisker__rosidl_typesupport_fastrtps_cpp.hpp
[4.268s] -- Up-to-date symlink: /home/jaime/RM3_ws/install/robominer_msgs/include/robominer_msgs/msg/detail/whisker_array__rosidl_typesupport_fastrtps_cpp.hpp
[4.269s] -- Up-to-date symlink: /home/jaime/RM3_ws/install/robominer_msgs/include/robominer_msgs/msg/detail/whisker_pos_in_grid__rosidl_typesupport_fastrtps_cpp.hpp
[4.270s] -- Up-to-date symlink: /home/jaime/RM3_ws/install/robominer_msgs/include/robominer_msgs/msg/rosidl_typesupport_fastrtps_cpp__visibility_control.h
[4.271s] -- Up-to-date symlink: /home/jaime/RM3_ws/install/robominer_msgs/lib/librobominer_msgs__rosidl_typesupport_fastrtps_cpp.so
[4.271s] -- Up-to-date symlink: /home/jaime/RM3_ws/install/robominer_msgs/include/robominer_msgs/msg/detail/fiducial_transform__rosidl_typesupport_introspection_c.h
[4.272s] -- Up-to-date symlink: /home/jaime/RM3_ws/install/robominer_msgs/include/robominer_msgs/msg/detail/fiducial_transform_array__rosidl_typesupport_introspection_c.h
[4.272s] -- Up-to-date symlink: /home/jaime/RM3_ws/install/robominer_msgs/include/robominer_msgs/msg/detail/motor_module_command__rosidl_typesupport_introspection_c.h
[4.273s] -- Up-to-date symlink: /home/jaime/RM3_ws/install/robominer_msgs/include/robominer_msgs/msg/detail/motor_module_feedback__rosidl_typesupport_introspection_c.h
[4.274s] -- Up-to-date symlink: /home/jaime/RM3_ws/install/robominer_msgs/include/robominer_msgs/msg/detail/spectrometer_calibration__rosidl_typesupport_introspection_c.h
[4.274s] -- Up-to-date symlink: /home/jaime/RM3_ws/install/robominer_msgs/include/robominer_msgs/msg/detail/spectrometer_frequency_command__rosidl_typesupport_introspection_c.h
[4.275s] -- Up-to-date symlink: /home/jaime/RM3_ws/install/robominer_msgs/include/robominer_msgs/msg/detail/spectrometer_measurement__rosidl_typesupport_introspection_c.h
[4.276s] -- Up-to-date symlink: /home/jaime/RM3_ws/install/robominer_msgs/include/robominer_msgs/msg/detail/whisker__rosidl_typesupport_introspection_c.h
[4.277s] -- Up-to-date symlink: /home/jaime/RM3_ws/install/robominer_msgs/include/robominer_msgs/msg/detail/whisker_array__rosidl_typesupport_introspection_c.h
[4.277s] -- Up-to-date symlink: /home/jaime/RM3_ws/install/robominer_msgs/include/robominer_msgs/msg/detail/whisker_pos_in_grid__rosidl_typesupport_introspection_c.h
[4.277s] -- Up-to-date symlink: /home/jaime/RM3_ws/install/robominer_msgs/include/robominer_msgs/msg/rosidl_typesupport_introspection_c__visibility_control.h
[4.279s] -- Up-to-date symlink: /home/jaime/RM3_ws/install/robominer_msgs/include/robominer_msgs/msg/detail/fiducial_transform__builder.hpp
[4.280s] -- Up-to-date symlink: /home/jaime/RM3_ws/install/robominer_msgs/include/robominer_msgs/msg/detail/fiducial_transform__struct.hpp
[4.281s] -- Up-to-date symlink: /home/jaime/RM3_ws/install/robominer_msgs/include/robominer_msgs/msg/detail/fiducial_transform__traits.hpp
[4.281s] -- Up-to-date symlink: /home/jaime/RM3_ws/install/robominer_msgs/include/robominer_msgs/msg/detail/fiducial_transform_array__builder.hpp
[4.282s] -- Up-to-date symlink: /home/jaime/RM3_ws/install/robominer_msgs/include/robominer_msgs/msg/detail/fiducial_transform_array__struct.hpp
[4.282s] -- Up-to-date symlink: /home/jaime/RM3_ws/install/robominer_msgs/include/robominer_msgs/msg/detail/fiducial_transform_array__traits.hpp
[4.283s] -- Up-to-date symlink: /home/jaime/RM3_ws/install/robominer_msgs/include/robominer_msgs/msg/detail/motor_module_command__builder.hpp
[4.286s] -- Up-to-date symlink: /home/jaime/RM3_ws/install/robominer_msgs/include/robominer_msgs/msg/detail/motor_module_command__struct.hpp
[4.287s] -- Up-to-date symlink: /home/jaime/RM3_ws/install/robominer_msgs/include/robominer_msgs/msg/detail/motor_module_command__traits.hpp
[4.287s] -- Up-to-date symlink: /home/jaime/RM3_ws/install/robominer_msgs/include/robominer_msgs/msg/detail/motor_module_feedback__builder.hpp
[4.290s] -- Up-to-date symlink: /home/jaime/RM3_ws/install/robominer_msgs/include/robominer_msgs/msg/detail/motor_module_feedback__struct.hpp
[4.291s] -- Up-to-date symlink: /home/jaime/RM3_ws/install/robominer_msgs/include/robominer_msgs/msg/detail/motor_module_feedback__traits.hpp
[4.291s] -- Up-to-date symlink: /home/jaime/RM3_ws/install/robominer_msgs/include/robominer_msgs/msg/detail/spectrometer_calibration__builder.hpp
[4.292s] -- Up-to-date symlink: /home/jaime/RM3_ws/install/robominer_msgs/include/robominer_msgs/msg/detail/spectrometer_calibration__struct.hpp
[4.292s] -- Up-to-date symlink: /home/jaime/RM3_ws/install/robominer_msgs/include/robominer_msgs/msg/detail/spectrometer_calibration__traits.hpp
[4.292s] -- Up-to-date symlink: /home/jaime/RM3_ws/install/robominer_msgs/include/robominer_msgs/msg/detail/spectrometer_frequency_command__builder.hpp
[4.293s] -- Up-to-date symlink: /home/jaime/RM3_ws/install/robominer_msgs/include/robominer_msgs/msg/detail/spectrometer_frequency_command__struct.hpp
[4.293s] -- Up-to-date symlink: /home/jaime/RM3_ws/install/robominer_msgs/include/robominer_msgs/msg/detail/spectrometer_frequency_command__traits.hpp
[4.300s] -- Up-to-date symlink: /home/jaime/RM3_ws/install/robominer_msgs/include/robominer_msgs/msg/detail/spectrometer_measurement__builder.hpp
[4.307s] -- Up-to-date symlink: /home/jaime/RM3_ws/install/robominer_msgs/include/robominer_msgs/msg/detail/spectrometer_measurement__struct.hpp
[4.308s] -- Up-to-date symlink: /home/jaime/RM3_ws/install/robominer_msgs/include/robominer_msgs/msg/detail/spectrometer_measurement__traits.hpp
[4.308s] -- Up-to-date symlink: /home/jaime/RM3_ws/install/robominer_msgs/include/robominer_msgs/msg/detail/whisker__builder.hpp
[4.309s] -- Up-to-date symlink: /home/jaime/RM3_ws/install/robominer_msgs/include/robominer_msgs/msg/detail/whisker__struct.hpp
[4.310s] -- Up-to-date symlink: /home/jaime/RM3_ws/install/robominer_msgs/include/robominer_msgs/msg/detail/whisker__traits.hpp
[4.310s] -- Up-to-date symlink: /home/jaime/RM3_ws/install/robominer_msgs/include/robominer_msgs/msg/detail/whisker_array__builder.hpp
[4.311s] -- Up-to-date symlink: /home/jaime/RM3_ws/install/robominer_msgs/include/robominer_msgs/msg/detail/whisker_array__struct.hpp
[4.312s] -- Up-to-date symlink: /home/jaime/RM3_ws/install/robominer_msgs/include/robominer_msgs/msg/detail/whisker_array__traits.hpp
[4.314s] -- Up-to-date symlink: /home/jaime/RM3_ws/install/robominer_msgs/include/robominer_msgs/msg/detail/whisker_pos_in_grid__builder.hpp
[4.320s] -- Up-to-date symlink: /home/jaime/RM3_ws/install/robominer_msgs/include/robominer_msgs/msg/detail/whisker_pos_in_grid__struct.hpp
[4.320s] -- Up-to-date symlink: /home/jaime/RM3_ws/install/robominer_msgs/include/robominer_msgs/msg/detail/whisker_pos_in_grid__traits.hpp
[4.321s] -- Up-to-date symlink: /home/jaime/RM3_ws/install/robominer_msgs/include/robominer_msgs/msg/fiducial_transform.hpp
[4.321s] -- Up-to-date symlink: /home/jaime/RM3_ws/install/robominer_msgs/include/robominer_msgs/msg/fiducial_transform_array.hpp
[4.322s] -- Up-to-date symlink: /home/jaime/RM3_ws/install/robominer_msgs/include/robominer_msgs/msg/motor_module_command.hpp
[4.322s] -- Up-to-date symlink: /home/jaime/RM3_ws/install/robominer_msgs/include/robominer_msgs/msg/motor_module_feedback.hpp
[4.323s] -- Up-to-date symlink: /home/jaime/RM3_ws/install/robominer_msgs/include/robominer_msgs/msg/spectrometer_calibration.hpp
[4.323s] -- Up-to-date symlink: /home/jaime/RM3_ws/install/robominer_msgs/include/robominer_msgs/msg/spectrometer_frequency_command.hpp
[4.324s] -- Up-to-date symlink: /home/jaime/RM3_ws/install/robominer_msgs/include/robominer_msgs/msg/spectrometer_measurement.hpp
[4.324s] -- Up-to-date symlink: /home/jaime/RM3_ws/install/robominer_msgs/include/robominer_msgs/msg/whisker.hpp
[4.324s] -- Up-to-date symlink: /home/jaime/RM3_ws/install/robominer_msgs/include/robominer_msgs/msg/whisker_array.hpp
[4.325s] -- Up-to-date symlink: /home/jaime/RM3_ws/install/robominer_msgs/include/robominer_msgs/msg/whisker_pos_in_grid.hpp
[4.325s] -- Up-to-date symlink: /home/jaime/RM3_ws/install/robominer_msgs/include/robominer_msgs/msg/detail/fiducial_transform__rosidl_typesupport_introspection_cpp.hpp
[4.326s] -- Up-to-date symlink: /home/jaime/RM3_ws/install/robominer_msgs/include/robominer_msgs/msg/detail/fiducial_transform_array__rosidl_typesupport_introspection_cpp.hpp
[4.327s] -- Up-to-date symlink: /home/jaime/RM3_ws/install/robominer_msgs/include/robominer_msgs/msg/detail/motor_module_command__rosidl_typesupport_introspection_cpp.hpp
[4.327s] -- Up-to-date symlink: /home/jaime/RM3_ws/install/robominer_msgs/include/robominer_msgs/msg/detail/motor_module_feedback__rosidl_typesupport_introspection_cpp.hpp
[4.328s] -- Up-to-date symlink: /home/jaime/RM3_ws/install/robominer_msgs/include/robominer_msgs/msg/detail/spectrometer_calibration__rosidl_typesupport_introspection_cpp.hpp
[4.328s] -- Up-to-date symlink: /home/jaime/RM3_ws/install/robominer_msgs/include/robominer_msgs/msg/detail/spectrometer_frequency_command__rosidl_typesupport_introspection_cpp.hpp
[4.328s] -- Up-to-date symlink: /home/jaime/RM3_ws/install/robominer_msgs/include/robominer_msgs/msg/detail/spectrometer_measurement__rosidl_typesupport_introspection_cpp.hpp
[4.329s] -- Up-to-date symlink: /home/jaime/RM3_ws/install/robominer_msgs/include/robominer_msgs/msg/detail/whisker__rosidl_typesupport_introspection_cpp.hpp
[4.329s] -- Up-to-date symlink: /home/jaime/RM3_ws/install/robominer_msgs/include/robominer_msgs/msg/detail/whisker_array__rosidl_typesupport_introspection_cpp.hpp
[4.331s] -- Up-to-date symlink: /home/jaime/RM3_ws/install/robominer_msgs/include/robominer_msgs/msg/detail/whisker_pos_in_grid__rosidl_typesupport_introspection_cpp.hpp
[4.331s] -- Up-to-date symlink: /home/jaime/RM3_ws/install/robominer_msgs/share/robominer_msgs/environment/pythonpath.sh
[4.332s] -- Up-to-date symlink: /home/jaime/RM3_ws/install/robominer_msgs/share/robominer_msgs/environment/pythonpath.dsv
[4.332s] -- Up-to-date symlink: /home/jaime/RM3_ws/install/robominer_msgs/lib/python3.8/site-packages/robominer_msgs/__init__.py
[4.333s] -- Up-to-date symlink: /home/jaime/RM3_ws/install/robominer_msgs/lib/python3.8/site-packages/robominer_msgs/msg/__init__.py
[4.333s] -- Up-to-date symlink: /home/jaime/RM3_ws/install/robominer_msgs/lib/python3.8/site-packages/robominer_msgs/msg/_fiducial_transform.py
[4.334s] -- Up-to-date symlink: /home/jaime/RM3_ws/install/robominer_msgs/lib/python3.8/site-packages/robominer_msgs/msg/_fiducial_transform_array.py
[4.334s] -- Up-to-date symlink: /home/jaime/RM3_ws/install/robominer_msgs/lib/python3.8/site-packages/robominer_msgs/msg/_motor_module_command.py
[4.334s] -- Up-to-date symlink: /home/jaime/RM3_ws/install/robominer_msgs/lib/python3.8/site-packages/robominer_msgs/msg/_motor_module_feedback.py
[4.335s] -- Up-to-date symlink: /home/jaime/RM3_ws/install/robominer_msgs/lib/python3.8/site-packages/robominer_msgs/msg/_spectrometer_calibration.py
[4.335s] -- Up-to-date symlink: /home/jaime/RM3_ws/install/robominer_msgs/lib/python3.8/site-packages/robominer_msgs/msg/_spectrometer_frequency_command.py
[4.335s] -- Up-to-date symlink: /home/jaime/RM3_ws/install/robominer_msgs/lib/python3.8/site-packages/robominer_msgs/msg/_spectrometer_measurement.py
[4.335s] -- Up-to-date symlink: /home/jaime/RM3_ws/install/robominer_msgs/lib/python3.8/site-packages/robominer_msgs/msg/_whisker.py
[4.335s] -- Up-to-date symlink: /home/jaime/RM3_ws/install/robominer_msgs/lib/python3.8/site-packages/robominer_msgs/msg/_whisker_array.py
[4.336s] -- Up-to-date symlink: /home/jaime/RM3_ws/install/robominer_msgs/lib/python3.8/site-packages/robominer_msgs/msg/_whisker_pos_in_grid.py
[4.336s] -- Up-to-date symlink: /home/jaime/RM3_ws/install/robominer_msgs/lib/python3.8/site-packages/robominer_msgs/robominer_msgs_s__rosidl_typesupport_fastrtps_c.cpython-38-x86_64-linux-gnu.so
[4.336s] -- Up-to-date symlink: /home/jaime/RM3_ws/install/robominer_msgs/lib/python3.8/site-packages/robominer_msgs/robominer_msgs_s__rosidl_typesupport_introspection_c.cpython-38-x86_64-linux-gnu.so
[4.336s] -- Up-to-date symlink: /home/jaime/RM3_ws/install/robominer_msgs/lib/python3.8/site-packages/robominer_msgs/robominer_msgs_s__rosidl_typesupport_c.cpython-38-x86_64-linux-gnu.so
[4.336s] -- Up-to-date symlink: /home/jaime/RM3_ws/install/robominer_msgs/lib/librobominer_msgs__python.so
[4.338s] -- Up-to-date symlink: /home/jaime/RM3_ws/install/robominer_msgs/share/robominer_msgs/msg/MotorModuleFeedback.idl
[4.339s] -- Up-to-date symlink: /home/jaime/RM3_ws/install/robominer_msgs/share/robominer_msgs/msg/MotorModuleCommand.idl
[4.339s] -- Up-to-date symlink: /home/jaime/RM3_ws/install/robominer_msgs/share/robominer_msgs/msg/WhiskerPosInGrid.idl
[4.340s] -- Up-to-date symlink: /home/jaime/RM3_ws/install/robominer_msgs/share/robominer_msgs/msg/Whisker.idl
[4.341s] -- Up-to-date symlink: /home/jaime/RM3_ws/install/robominer_msgs/share/robominer_msgs/msg/WhiskerArray.idl
[4.342s] -- Up-to-date symlink: /home/jaime/RM3_ws/install/robominer_msgs/share/robominer_msgs/msg/SpectrometerMeasurement.idl
[4.342s] -- Up-to-date symlink: /home/jaime/RM3_ws/install/robominer_msgs/share/robominer_msgs/msg/SpectrometerCalibration.idl
[4.343s] -- Up-to-date symlink: /home/jaime/RM3_ws/install/robominer_msgs/share/robominer_msgs/msg/SpectrometerFrequencyCommand.idl
[4.343s] -- Up-to-date symlink: /home/jaime/RM3_ws/install/robominer_msgs/share/robominer_msgs/msg/FiducialTransform.idl
[4.344s] -- Up-to-date symlink: /home/jaime/RM3_ws/install/robominer_msgs/share/robominer_msgs/msg/FiducialTransformArray.idl
[4.345s] -- Up-to-date symlink: /home/jaime/RM3_ws/install/robominer_msgs/share/robominer_msgs/msg/MotorModuleFeedback.msg
[4.346s] -- Up-to-date symlink: /home/jaime/RM3_ws/install/robominer_msgs/share/robominer_msgs/msg/MotorModuleCommand.msg
[4.346s] -- Up-to-date symlink: /home/jaime/RM3_ws/install/robominer_msgs/share/robominer_msgs/msg/WhiskerPosInGrid.msg
[4.347s] -- Up-to-date symlink: /home/jaime/RM3_ws/install/robominer_msgs/share/robominer_msgs/msg/Whisker.msg
[4.347s] -- Up-to-date symlink: /home/jaime/RM3_ws/install/robominer_msgs/share/robominer_msgs/msg/WhiskerArray.msg
[4.348s] -- Up-to-date symlink: /home/jaime/RM3_ws/install/robominer_msgs/share/robominer_msgs/msg/SpectrometerMeasurement.msg
[4.348s] -- Up-to-date symlink: /home/jaime/RM3_ws/install/robominer_msgs/share/robominer_msgs/msg/SpectrometerCalibration.msg
[4.349s] -- Up-to-date symlink: /home/jaime/RM3_ws/install/robominer_msgs/share/robominer_msgs/msg/SpectrometerFrequencyCommand.msg
[4.349s] -- Up-to-date symlink: /home/jaime/RM3_ws/install/robominer_msgs/share/robominer_msgs/msg/FiducialTransform.msg
[4.350s] -- Up-to-date symlink: /home/jaime/RM3_ws/install/robominer_msgs/share/robominer_msgs/msg/FiducialTransformArray.msg
[4.351s] -- Up-to-date symlink: /home/jaime/RM3_ws/install/robominer_msgs/share/ament_index/resource_index/package_run_dependencies/robominer_msgs
[4.351s] -- Up-to-date symlink: /home/jaime/RM3_ws/install/robominer_msgs/share/ament_index/resource_index/parent_prefix_path/robominer_msgs
[4.352s] -- Up-to-date symlink: /home/jaime/RM3_ws/install/robominer_msgs/share/robominer_msgs/environment/ament_prefix_path.sh
[4.353s] -- Up-to-date symlink: /home/jaime/RM3_ws/install/robominer_msgs/share/robominer_msgs/environment/ament_prefix_path.dsv
[4.353s] -- Up-to-date symlink: /home/jaime/RM3_ws/install/robominer_msgs/share/robominer_msgs/environment/path.sh
[4.354s] -- Up-to-date symlink: /home/jaime/RM3_ws/install/robominer_msgs/share/robominer_msgs/environment/path.dsv
[4.354s] -- Up-to-date symlink: /home/jaime/RM3_ws/install/robominer_msgs/share/robominer_msgs/local_setup.bash
[4.355s] -- Up-to-date symlink: /home/jaime/RM3_ws/install/robominer_msgs/share/robominer_msgs/local_setup.sh
[4.356s] -- Up-to-date symlink: /home/jaime/RM3_ws/install/robominer_msgs/share/robominer_msgs/local_setup.zsh
[4.363s] -- Up-to-date symlink: /home/jaime/RM3_ws/install/robominer_msgs/share/robominer_msgs/local_setup.dsv
[4.364s] -- Symlinking: /home/jaime/RM3_ws/install/robominer_msgs/share/robominer_msgs/package.dsv
[4.375s] -- Up-to-date symlink: /home/jaime/RM3_ws/install/robominer_msgs/share/ament_index/resource_index/packages/robominer_msgs
[4.376s] -- Up-to-date symlink: /home/jaime/RM3_ws/install/robominer_msgs/share/robominer_msgs/cmake/rosidl_cmake-extras.cmake
[4.376s] -- Up-to-date symlink: /home/jaime/RM3_ws/install/robominer_msgs/share/robominer_msgs/cmake/ament_cmake_export_dependencies-extras.cmake
[4.379s] -- Up-to-date symlink: /home/jaime/RM3_ws/install/robominer_msgs/share/robominer_msgs/cmake/ament_cmake_export_libraries-extras.cmake
[4.379s] -- Up-to-date symlink: /home/jaime/RM3_ws/install/robominer_msgs/share/robominer_msgs/cmake/ament_cmake_export_targets-extras.cmake
[4.380s] -- Up-to-date symlink: /home/jaime/RM3_ws/install/robominer_msgs/share/robominer_msgs/cmake/ament_cmake_export_include_directories-extras.cmake
[4.380s] -- Up-to-date symlink: /home/jaime/RM3_ws/install/robominer_msgs/share/robominer_msgs/cmake/rosidl_cmake_export_typesupport_libraries-extras.cmake
[4.381s] -- Up-to-date symlink: /home/jaime/RM3_ws/install/robominer_msgs/share/robominer_msgs/cmake/rosidl_cmake_export_typesupport_targets-extras.cmake
[4.381s] -- Up-to-date symlink: /home/jaime/RM3_ws/install/robominer_msgs/share/robominer_msgs/cmake/robominer_msgsConfig.cmake
[4.382s] -- Up-to-date symlink: /home/jaime/RM3_ws/install/robominer_msgs/share/robominer_msgs/cmake/robominer_msgsConfig-version.cmake
[4.383s] -- Up-to-date symlink: /home/jaime/RM3_ws/install/robominer_msgs/share/robominer_msgs/package.xml
[4.383s] -- Up-to-date: /home/jaime/RM3_ws/install/robominer_msgs/lib/librobominer_msgs__rosidl_generator_c.so
[4.383s] -- Up-to-date: /home/jaime/RM3_ws/install/robominer_msgs/lib/librobominer_msgs__rosidl_typesupport_introspection_c.so
[4.384s] -- Up-to-date: /home/jaime/RM3_ws/install/robominer_msgs/lib/librobominer_msgs__rosidl_typesupport_c.so
[4.386s] -- Up-to-date: /home/jaime/RM3_ws/install/robominer_msgs/lib/librobominer_msgs__rosidl_typesupport_introspection_cpp.so
[4.386s] -- Up-to-date: /home/jaime/RM3_ws/install/robominer_msgs/lib/librobominer_msgs__rosidl_typesupport_cpp.so
[4.501s] -- Up-to-date: /home/jaime/RM3_ws/install/robominer_msgs/share/robominer_msgs/cmake/robominer_msgs__rosidl_generator_cExport.cmake
[4.503s] -- Up-to-date: /home/jaime/RM3_ws/install/robominer_msgs/share/robominer_msgs/cmake/robominer_msgs__rosidl_generator_cExport-noconfig.cmake
[4.504s] -- Up-to-date: /home/jaime/RM3_ws/install/robominer_msgs/share/robominer_msgs/cmake/robominer_msgs__rosidl_typesupport_introspection_cExport.cmake
[4.504s] -- Up-to-date: /home/jaime/RM3_ws/install/robominer_msgs/share/robominer_msgs/cmake/robominer_msgs__rosidl_typesupport_introspection_cExport-noconfig.cmake
[4.504s] -- Up-to-date: /home/jaime/RM3_ws/install/robominer_msgs/share/robominer_msgs/cmake/robominer_msgs__rosidl_typesupport_cExport.cmake
[4.506s] -- Up-to-date: /home/jaime/RM3_ws/install/robominer_msgs/share/robominer_msgs/cmake/robominer_msgs__rosidl_typesupport_cExport-noconfig.cmake
[4.507s] -- Up-to-date: /home/jaime/RM3_ws/install/robominer_msgs/share/robominer_msgs/cmake/robominer_msgs__rosidl_generator_cppExport.cmake
[4.507s] -- Up-to-date: /home/jaime/RM3_ws/install/robominer_msgs/share/robominer_msgs/cmake/robominer_msgs__rosidl_typesupport_introspection_cppExport.cmake
[4.508s] -- Up-to-date: /home/jaime/RM3_ws/install/robominer_msgs/share/robominer_msgs/cmake/robominer_msgs__rosidl_typesupport_introspection_cppExport-noconfig.cmake
[4.509s] -- Up-to-date: /home/jaime/RM3_ws/install/robominer_msgs/share/robominer_msgs/cmake/robominer_msgs__rosidl_typesupport_cppExport.cmake
[4.510s] -- Up-to-date: /home/jaime/RM3_ws/install/robominer_msgs/share/robominer_msgs/cmake/robominer_msgs__rosidl_typesupport_cppExport-noconfig.cmake
[4.589s] Invoked command in '/home/jaime/RM3_ws/build/robominer_msgs' returned '0': CMAKE_PREFIX_PATH=/opt/ros/foxy /usr/bin/cmake --install /home/jaime/RM3_ws/build/robominer_msgs
