[0.051s] Invoking command in '/home/jaime/RM3_ws/build/rm3_gazebo': AMENT_PREFIX_PATH=/home/jaime/RM3_ws/install/ros2_controllers:/home/jaime/RM3_ws/install/velocity_controllers:/home/jaime/RM3_ws/install/ros2_control:/home/jaime/RM3_ws/install/position_controllers:/home/jaime/RM3_ws/install/joint_state_controller:/home/jaime/RM3_ws/install/effort_controllers:/home/jaime/RM3_ws/install/ros2controlcli:/home/jaime/RM3_ws/install/joint_trajectory_controller:/home/jaime/RM3_ws/install/joint_state_broadcaster:/home/jaime/RM3_ws/install/imu_sensor_broadcaster:/home/jaime/RM3_ws/install/gazebo_ros2_control:/home/jaime/RM3_ws/install/forward_command_controller:/home/jaime/RM3_ws/install/force_torque_sensor_broadcaster:/home/jaime/RM3_ws/install/diff_drive_controller:/home/jaime/RM3_ws/install/controller_manager:/home/jaime/RM3_ws/install/controller_interface:/home/jaime/RM3_ws/install/hardware_interface:/home/jaime/RM3_ws/install/ros2_control_test_assets:/home/jaime/RM3_ws/install/controller_manager_msgs:${AMENT_PREFIX_PATH} CMAKE_PREFIX_PATH=/home/jaime/RM3_ws/install/ros2_controllers:/home/jaime/RM3_ws/install/velocity_controllers:/home/jaime/RM3_ws/install/ros2_control:/home/jaime/RM3_ws/install/position_controllers:/home/jaime/RM3_ws/install/joint_state_controller:/home/jaime/RM3_ws/install/effort_controllers:/home/jaime/RM3_ws/install/joint_trajectory_controller:/home/jaime/RM3_ws/install/joint_state_broadcaster:/home/jaime/RM3_ws/install/imu_sensor_broadcaster:/home/jaime/RM3_ws/install/gazebo_ros2_control:/home/jaime/RM3_ws/install/forward_command_controller:/home/jaime/RM3_ws/install/force_torque_sensor_broadcaster:/home/jaime/RM3_ws/install/diff_drive_controller:/home/jaime/RM3_ws/install/controller_manager:/home/jaime/RM3_ws/install/controller_interface:/home/jaime/RM3_ws/install/hardware_interface:/home/jaime/RM3_ws/install/ros2_control_test_assets:/home/jaime/RM3_ws/install/controller_manager_msgs:/home/jaime/RM3_ws/install/robominer_msgs/share/robominer_msgs/cmake:/opt/ros/foxy LD_LIBRARY_PATH=/home/jaime/RM3_ws/install/velocity_controllers/lib:/home/jaime/RM3_ws/install/position_controllers/lib:/home/jaime/RM3_ws/install/joint_state_controller/lib:/home/jaime/RM3_ws/install/effort_controllers/lib:/home/jaime/RM3_ws/install/joint_trajectory_controller/lib:/home/jaime/RM3_ws/install/joint_state_broadcaster/lib:/home/jaime/RM3_ws/install/imu_sensor_broadcaster/lib:/home/jaime/RM3_ws/install/gazebo_ros2_control/lib:/home/jaime/RM3_ws/install/forward_command_controller/lib:/home/jaime/RM3_ws/install/force_torque_sensor_broadcaster/lib:/home/jaime/RM3_ws/install/diff_drive_controller/lib:/home/jaime/RM3_ws/install/controller_manager/lib:/home/jaime/RM3_ws/install/controller_interface/lib:/home/jaime/RM3_ws/install/hardware_interface/lib:/home/jaime/RM3_ws/install/controller_manager_msgs/lib:${LD_LIBRARY_PATH} PYTHONPATH=/home/jaime/RM3_ws/build/ros2controlcli:/home/jaime/RM3_ws/install/ros2controlcli/lib/python3.8/site-packages:/home/jaime/RM3_ws/install/controller_manager/lib/python3.8/site-packages:/home/jaime/RM3_ws/install/controller_manager_msgs/lib/python3.8/site-packages:${PYTHONPATH} /usr/bin/cmake /home/jaime/RM3_ws/src/RM3_gazebo/RM3_gazebo -DAMENT_CMAKE_SYMLINK_INSTALL=1 -DCMAKE_INSTALL_PREFIX=/home/jaime/RM3_ws/install/rm3_gazebo
[0.120s] -- The C compiler identification is GNU 9.4.0
[0.178s] -- The CXX compiler identification is GNU 9.4.0
[0.184s] -- Check for working C compiler: /usr/bin/cc
[0.265s] -- Check for working C compiler: /usr/bin/cc -- works
[0.265s] -- Detecting C compiler ABI info
[0.341s] -- Detecting C compiler ABI info - done
[0.354s] -- Detecting C compile features
[0.354s] -- Detecting C compile features - done
[0.357s] -- Check for working CXX compiler: /usr/bin/c++
[0.445s] -- Check for working CXX compiler: /usr/bin/c++ -- works
[0.446s] -- Detecting CXX compiler ABI info
[0.532s] -- Detecting CXX compiler ABI info - done
[0.546s] -- Detecting CXX compile features
[0.546s] -- Detecting CXX compile features - done
[0.550s] -- Found ament_cmake: 0.9.9 (/opt/ros/foxy/share/ament_cmake/cmake)
[0.585s] -- Found PythonInterp: /usr/bin/python3 (found suitable version "3.8.10", minimum required is "3") 
[0.586s] -- Using PYTHON_EXECUTABLE: /usr/bin/python3
[0.779s] -- Override CMake install command with custom implementation using symlinks instead of copying resources
[0.814s] -- Found control_msgs: 2.5.1 (/opt/ros/foxy/share/control_msgs/cmake)
[0.856s] -- Using all available rosidl_typesupport_c: rosidl_typesupport_fastrtps_c;rosidl_typesupport_introspection_c
[0.866s] -- Found rosidl_adapter: 1.2.1 (/opt/ros/foxy/share/rosidl_adapter/cmake)
[0.969s] -- Found OpenSSL: /usr/lib/x86_64-linux-gnu/libcrypto.so (found version "1.1.1f")  
[1.005s] -- Found FastRTPS: /opt/ros/foxy/include  
[1.098s] -- Using all available rosidl_typesupport_cpp: rosidl_typesupport_fastrtps_cpp;rosidl_typesupport_introspection_cpp
[1.612s] -- Found rclcpp: 2.4.1 (/opt/ros/foxy/share/rclcpp/cmake)
[1.670s] -- Found rmw_implementation_cmake: 1.0.3 (/opt/ros/foxy/share/rmw_implementation_cmake/cmake)
[1.672s] -- Using RMW implementation 'rmw_fastrtps_cpp' as default
[1.673s] -- Looking for pthread.h
[1.765s] -- Looking for pthread.h - found
[1.765s] -- Performing Test CMAKE_HAVE_LIBC_PTHREAD
[1.846s] -- Performing Test CMAKE_HAVE_LIBC_PTHREAD - Failed
[1.846s] -- Looking for pthread_create in pthreads
[1.913s] -- Looking for pthread_create in pthreads - not found
[1.913s] -- Looking for pthread_create in pthread
[1.995s] -- Looking for pthread_create in pthread - found
[1.997s] -- Found Threads: TRUE  
[2.173s] -- Found rclcpp_action: 2.4.1 (/opt/ros/foxy/share/rclcpp_action/cmake)
[2.214s] -- Found rclpy: 1.0.8 (/opt/ros/foxy/share/rclpy/cmake)
[2.219s] -- Found ament_cmake_gtest: 0.9.9 (/opt/ros/foxy/share/ament_cmake_gtest/cmake)
[2.222s] -- Found ament_lint_auto: 0.9.6 (/opt/ros/foxy/share/ament_lint_auto/cmake)
[2.317s] -- Added test 'copyright' to check source files copyright and LICENSE
[2.320s] -- Added test 'cppcheck' to perform static code analysis on C / C++ code
[2.320s] -- Configured cppcheck include dirs: 
[2.321s] -- Configured cppcheck exclude dirs and/or files: 
[2.322s] -- Added test 'cpplint' to check C / C++ code against the Google style
[2.322s] -- Configured cpplint exclude dirs and/or files: 
[2.323s] -- Added test 'flake8' to check Python code syntax and style conventions
[2.324s] -- Added test 'lint_cmake' to check CMake code style
[2.325s] -- Added test 'pep257' to check Python code against some of the style conventions in PEP 257
[2.328s] -- Added test 'uncrustify' to check C / C++ code style
[2.328s] -- Configured uncrustify additional arguments: 
[2.329s] -- Added test 'xmllint' to check XML markup files
[2.332s] -- Configuring done
[2.340s] -- Generating done
[2.342s] -- Build files have been written to: /home/jaime/RM3_ws/build/rm3_gazebo
[2.352s] Invoked command in '/home/jaime/RM3_ws/build/rm3_gazebo' returned '0': AMENT_PREFIX_PATH=/home/jaime/RM3_ws/install/ros2_controllers:/home/jaime/RM3_ws/install/velocity_controllers:/home/jaime/RM3_ws/install/ros2_control:/home/jaime/RM3_ws/install/position_controllers:/home/jaime/RM3_ws/install/joint_state_controller:/home/jaime/RM3_ws/install/effort_controllers:/home/jaime/RM3_ws/install/ros2controlcli:/home/jaime/RM3_ws/install/joint_trajectory_controller:/home/jaime/RM3_ws/install/joint_state_broadcaster:/home/jaime/RM3_ws/install/imu_sensor_broadcaster:/home/jaime/RM3_ws/install/gazebo_ros2_control:/home/jaime/RM3_ws/install/forward_command_controller:/home/jaime/RM3_ws/install/force_torque_sensor_broadcaster:/home/jaime/RM3_ws/install/diff_drive_controller:/home/jaime/RM3_ws/install/controller_manager:/home/jaime/RM3_ws/install/controller_interface:/home/jaime/RM3_ws/install/hardware_interface:/home/jaime/RM3_ws/install/ros2_control_test_assets:/home/jaime/RM3_ws/install/controller_manager_msgs:${AMENT_PREFIX_PATH} CMAKE_PREFIX_PATH=/home/jaime/RM3_ws/install/ros2_controllers:/home/jaime/RM3_ws/install/velocity_controllers:/home/jaime/RM3_ws/install/ros2_control:/home/jaime/RM3_ws/install/position_controllers:/home/jaime/RM3_ws/install/joint_state_controller:/home/jaime/RM3_ws/install/effort_controllers:/home/jaime/RM3_ws/install/joint_trajectory_controller:/home/jaime/RM3_ws/install/joint_state_broadcaster:/home/jaime/RM3_ws/install/imu_sensor_broadcaster:/home/jaime/RM3_ws/install/gazebo_ros2_control:/home/jaime/RM3_ws/install/forward_command_controller:/home/jaime/RM3_ws/install/force_torque_sensor_broadcaster:/home/jaime/RM3_ws/install/diff_drive_controller:/home/jaime/RM3_ws/install/controller_manager:/home/jaime/RM3_ws/install/controller_interface:/home/jaime/RM3_ws/install/hardware_interface:/home/jaime/RM3_ws/install/ros2_control_test_assets:/home/jaime/RM3_ws/install/controller_manager_msgs:/home/jaime/RM3_ws/install/robominer_msgs/share/robominer_msgs/cmake:/opt/ros/foxy LD_LIBRARY_PATH=/home/jaime/RM3_ws/install/velocity_controllers/lib:/home/jaime/RM3_ws/install/position_controllers/lib:/home/jaime/RM3_ws/install/joint_state_controller/lib:/home/jaime/RM3_ws/install/effort_controllers/lib:/home/jaime/RM3_ws/install/joint_trajectory_controller/lib:/home/jaime/RM3_ws/install/joint_state_broadcaster/lib:/home/jaime/RM3_ws/install/imu_sensor_broadcaster/lib:/home/jaime/RM3_ws/install/gazebo_ros2_control/lib:/home/jaime/RM3_ws/install/forward_command_controller/lib:/home/jaime/RM3_ws/install/force_torque_sensor_broadcaster/lib:/home/jaime/RM3_ws/install/diff_drive_controller/lib:/home/jaime/RM3_ws/install/controller_manager/lib:/home/jaime/RM3_ws/install/controller_interface/lib:/home/jaime/RM3_ws/install/hardware_interface/lib:/home/jaime/RM3_ws/install/controller_manager_msgs/lib:${LD_LIBRARY_PATH} PYTHONPATH=/home/jaime/RM3_ws/build/ros2controlcli:/home/jaime/RM3_ws/install/ros2controlcli/lib/python3.8/site-packages:/home/jaime/RM3_ws/install/controller_manager/lib/python3.8/site-packages:/home/jaime/RM3_ws/install/controller_manager_msgs/lib/python3.8/site-packages:${PYTHONPATH} /usr/bin/cmake /home/jaime/RM3_ws/src/RM3_gazebo/RM3_gazebo -DAMENT_CMAKE_SYMLINK_INSTALL=1 -DCMAKE_INSTALL_PREFIX=/home/jaime/RM3_ws/install/rm3_gazebo
[2.356s] Invoking command in '/home/jaime/RM3_ws/build/rm3_gazebo': AMENT_PREFIX_PATH=/home/jaime/RM3_ws/install/ros2_controllers:/home/jaime/RM3_ws/install/velocity_controllers:/home/jaime/RM3_ws/install/ros2_control:/home/jaime/RM3_ws/install/position_controllers:/home/jaime/RM3_ws/install/joint_state_controller:/home/jaime/RM3_ws/install/effort_controllers:/home/jaime/RM3_ws/install/ros2controlcli:/home/jaime/RM3_ws/install/joint_trajectory_controller:/home/jaime/RM3_ws/install/joint_state_broadcaster:/home/jaime/RM3_ws/install/imu_sensor_broadcaster:/home/jaime/RM3_ws/install/gazebo_ros2_control:/home/jaime/RM3_ws/install/forward_command_controller:/home/jaime/RM3_ws/install/force_torque_sensor_broadcaster:/home/jaime/RM3_ws/install/diff_drive_controller:/home/jaime/RM3_ws/install/controller_manager:/home/jaime/RM3_ws/install/controller_interface:/home/jaime/RM3_ws/install/hardware_interface:/home/jaime/RM3_ws/install/ros2_control_test_assets:/home/jaime/RM3_ws/install/controller_manager_msgs:${AMENT_PREFIX_PATH} CMAKE_PREFIX_PATH=/home/jaime/RM3_ws/install/ros2_controllers:/home/jaime/RM3_ws/install/velocity_controllers:/home/jaime/RM3_ws/install/ros2_control:/home/jaime/RM3_ws/install/position_controllers:/home/jaime/RM3_ws/install/joint_state_controller:/home/jaime/RM3_ws/install/effort_controllers:/home/jaime/RM3_ws/install/joint_trajectory_controller:/home/jaime/RM3_ws/install/joint_state_broadcaster:/home/jaime/RM3_ws/install/imu_sensor_broadcaster:/home/jaime/RM3_ws/install/gazebo_ros2_control:/home/jaime/RM3_ws/install/forward_command_controller:/home/jaime/RM3_ws/install/force_torque_sensor_broadcaster:/home/jaime/RM3_ws/install/diff_drive_controller:/home/jaime/RM3_ws/install/controller_manager:/home/jaime/RM3_ws/install/controller_interface:/home/jaime/RM3_ws/install/hardware_interface:/home/jaime/RM3_ws/install/ros2_control_test_assets:/home/jaime/RM3_ws/install/controller_manager_msgs:/home/jaime/RM3_ws/install/robominer_msgs/share/robominer_msgs/cmake:/opt/ros/foxy LD_LIBRARY_PATH=/home/jaime/RM3_ws/install/velocity_controllers/lib:/home/jaime/RM3_ws/install/position_controllers/lib:/home/jaime/RM3_ws/install/joint_state_controller/lib:/home/jaime/RM3_ws/install/effort_controllers/lib:/home/jaime/RM3_ws/install/joint_trajectory_controller/lib:/home/jaime/RM3_ws/install/joint_state_broadcaster/lib:/home/jaime/RM3_ws/install/imu_sensor_broadcaster/lib:/home/jaime/RM3_ws/install/gazebo_ros2_control/lib:/home/jaime/RM3_ws/install/forward_command_controller/lib:/home/jaime/RM3_ws/install/force_torque_sensor_broadcaster/lib:/home/jaime/RM3_ws/install/diff_drive_controller/lib:/home/jaime/RM3_ws/install/controller_manager/lib:/home/jaime/RM3_ws/install/controller_interface/lib:/home/jaime/RM3_ws/install/hardware_interface/lib:/home/jaime/RM3_ws/install/controller_manager_msgs/lib:${LD_LIBRARY_PATH} PYTHONPATH=/home/jaime/RM3_ws/build/ros2controlcli:/home/jaime/RM3_ws/install/ros2controlcli/lib/python3.8/site-packages:/home/jaime/RM3_ws/install/controller_manager/lib/python3.8/site-packages:/home/jaime/RM3_ws/install/controller_manager_msgs/lib/python3.8/site-packages:${PYTHONPATH} /usr/bin/cmake --build /home/jaime/RM3_ws/build/rm3_gazebo -- -j8 -l8
[2.401s] [35m[1mScanning dependencies of target test_drive[0m
[2.435s] [ 50%] [32mBuilding CXX object CMakeFiles/test_drive.dir/src/test_drive.cpp.o[0m
[5.223s] [100%] [32m[1mLinking CXX executable test_drive[0m
[5.453s] [100%] Built target test_drive
[5.465s] Invoked command in '/home/jaime/RM3_ws/build/rm3_gazebo' returned '0': AMENT_PREFIX_PATH=/home/jaime/RM3_ws/install/ros2_controllers:/home/jaime/RM3_ws/install/velocity_controllers:/home/jaime/RM3_ws/install/ros2_control:/home/jaime/RM3_ws/install/position_controllers:/home/jaime/RM3_ws/install/joint_state_controller:/home/jaime/RM3_ws/install/effort_controllers:/home/jaime/RM3_ws/install/ros2controlcli:/home/jaime/RM3_ws/install/joint_trajectory_controller:/home/jaime/RM3_ws/install/joint_state_broadcaster:/home/jaime/RM3_ws/install/imu_sensor_broadcaster:/home/jaime/RM3_ws/install/gazebo_ros2_control:/home/jaime/RM3_ws/install/forward_command_controller:/home/jaime/RM3_ws/install/force_torque_sensor_broadcaster:/home/jaime/RM3_ws/install/diff_drive_controller:/home/jaime/RM3_ws/install/controller_manager:/home/jaime/RM3_ws/install/controller_interface:/home/jaime/RM3_ws/install/hardware_interface:/home/jaime/RM3_ws/install/ros2_control_test_assets:/home/jaime/RM3_ws/install/controller_manager_msgs:${AMENT_PREFIX_PATH} CMAKE_PREFIX_PATH=/home/jaime/RM3_ws/install/ros2_controllers:/home/jaime/RM3_ws/install/velocity_controllers:/home/jaime/RM3_ws/install/ros2_control:/home/jaime/RM3_ws/install/position_controllers:/home/jaime/RM3_ws/install/joint_state_controller:/home/jaime/RM3_ws/install/effort_controllers:/home/jaime/RM3_ws/install/joint_trajectory_controller:/home/jaime/RM3_ws/install/joint_state_broadcaster:/home/jaime/RM3_ws/install/imu_sensor_broadcaster:/home/jaime/RM3_ws/install/gazebo_ros2_control:/home/jaime/RM3_ws/install/forward_command_controller:/home/jaime/RM3_ws/install/force_torque_sensor_broadcaster:/home/jaime/RM3_ws/install/diff_drive_controller:/home/jaime/RM3_ws/install/controller_manager:/home/jaime/RM3_ws/install/controller_interface:/home/jaime/RM3_ws/install/hardware_interface:/home/jaime/RM3_ws/install/ros2_control_test_assets:/home/jaime/RM3_ws/install/controller_manager_msgs:/home/jaime/RM3_ws/install/robominer_msgs/share/robominer_msgs/cmake:/opt/ros/foxy LD_LIBRARY_PATH=/home/jaime/RM3_ws/install/velocity_controllers/lib:/home/jaime/RM3_ws/install/position_controllers/lib:/home/jaime/RM3_ws/install/joint_state_controller/lib:/home/jaime/RM3_ws/install/effort_controllers/lib:/home/jaime/RM3_ws/install/joint_trajectory_controller/lib:/home/jaime/RM3_ws/install/joint_state_broadcaster/lib:/home/jaime/RM3_ws/install/imu_sensor_broadcaster/lib:/home/jaime/RM3_ws/install/gazebo_ros2_control/lib:/home/jaime/RM3_ws/install/forward_command_controller/lib:/home/jaime/RM3_ws/install/force_torque_sensor_broadcaster/lib:/home/jaime/RM3_ws/install/diff_drive_controller/lib:/home/jaime/RM3_ws/install/controller_manager/lib:/home/jaime/RM3_ws/install/controller_interface/lib:/home/jaime/RM3_ws/install/hardware_interface/lib:/home/jaime/RM3_ws/install/controller_manager_msgs/lib:${LD_LIBRARY_PATH} PYTHONPATH=/home/jaime/RM3_ws/build/ros2controlcli:/home/jaime/RM3_ws/install/ros2controlcli/lib/python3.8/site-packages:/home/jaime/RM3_ws/install/controller_manager/lib/python3.8/site-packages:/home/jaime/RM3_ws/install/controller_manager_msgs/lib/python3.8/site-packages:${PYTHONPATH} /usr/bin/cmake --build /home/jaime/RM3_ws/build/rm3_gazebo -- -j8 -l8
[5.492s] Invoking command in '/home/jaime/RM3_ws/build/rm3_gazebo': AMENT_PREFIX_PATH=/home/jaime/RM3_ws/install/ros2_controllers:/home/jaime/RM3_ws/install/velocity_controllers:/home/jaime/RM3_ws/install/ros2_control:/home/jaime/RM3_ws/install/position_controllers:/home/jaime/RM3_ws/install/joint_state_controller:/home/jaime/RM3_ws/install/effort_controllers:/home/jaime/RM3_ws/install/ros2controlcli:/home/jaime/RM3_ws/install/joint_trajectory_controller:/home/jaime/RM3_ws/install/joint_state_broadcaster:/home/jaime/RM3_ws/install/imu_sensor_broadcaster:/home/jaime/RM3_ws/install/gazebo_ros2_control:/home/jaime/RM3_ws/install/forward_command_controller:/home/jaime/RM3_ws/install/force_torque_sensor_broadcaster:/home/jaime/RM3_ws/install/diff_drive_controller:/home/jaime/RM3_ws/install/controller_manager:/home/jaime/RM3_ws/install/controller_interface:/home/jaime/RM3_ws/install/hardware_interface:/home/jaime/RM3_ws/install/ros2_control_test_assets:/home/jaime/RM3_ws/install/controller_manager_msgs:${AMENT_PREFIX_PATH} CMAKE_PREFIX_PATH=/home/jaime/RM3_ws/install/ros2_controllers:/home/jaime/RM3_ws/install/velocity_controllers:/home/jaime/RM3_ws/install/ros2_control:/home/jaime/RM3_ws/install/position_controllers:/home/jaime/RM3_ws/install/joint_state_controller:/home/jaime/RM3_ws/install/effort_controllers:/home/jaime/RM3_ws/install/joint_trajectory_controller:/home/jaime/RM3_ws/install/joint_state_broadcaster:/home/jaime/RM3_ws/install/imu_sensor_broadcaster:/home/jaime/RM3_ws/install/gazebo_ros2_control:/home/jaime/RM3_ws/install/forward_command_controller:/home/jaime/RM3_ws/install/force_torque_sensor_broadcaster:/home/jaime/RM3_ws/install/diff_drive_controller:/home/jaime/RM3_ws/install/controller_manager:/home/jaime/RM3_ws/install/controller_interface:/home/jaime/RM3_ws/install/hardware_interface:/home/jaime/RM3_ws/install/ros2_control_test_assets:/home/jaime/RM3_ws/install/controller_manager_msgs:/home/jaime/RM3_ws/install/robominer_msgs/share/robominer_msgs/cmake:/opt/ros/foxy LD_LIBRARY_PATH=/home/jaime/RM3_ws/install/velocity_controllers/lib:/home/jaime/RM3_ws/install/position_controllers/lib:/home/jaime/RM3_ws/install/joint_state_controller/lib:/home/jaime/RM3_ws/install/effort_controllers/lib:/home/jaime/RM3_ws/install/joint_trajectory_controller/lib:/home/jaime/RM3_ws/install/joint_state_broadcaster/lib:/home/jaime/RM3_ws/install/imu_sensor_broadcaster/lib:/home/jaime/RM3_ws/install/gazebo_ros2_control/lib:/home/jaime/RM3_ws/install/forward_command_controller/lib:/home/jaime/RM3_ws/install/force_torque_sensor_broadcaster/lib:/home/jaime/RM3_ws/install/diff_drive_controller/lib:/home/jaime/RM3_ws/install/controller_manager/lib:/home/jaime/RM3_ws/install/controller_interface/lib:/home/jaime/RM3_ws/install/hardware_interface/lib:/home/jaime/RM3_ws/install/controller_manager_msgs/lib:${LD_LIBRARY_PATH} PYTHONPATH=/home/jaime/RM3_ws/build/ros2controlcli:/home/jaime/RM3_ws/install/ros2controlcli/lib/python3.8/site-packages:/home/jaime/RM3_ws/install/controller_manager/lib/python3.8/site-packages:/home/jaime/RM3_ws/install/controller_manager_msgs/lib/python3.8/site-packages:${PYTHONPATH} /usr/bin/cmake --install /home/jaime/RM3_ws/build/rm3_gazebo
[5.500s] -- Install configuration: ""
[5.500s] -- Execute custom install script
[5.501s] -- Symlinking: /home/jaime/RM3_ws/install/rm3_gazebo/share/rm3_gazebo//launch/RM3_RTABMAP.launch.py
[5.511s] -- Symlinking: /home/jaime/RM3_ws/install/rm3_gazebo/share/rm3_gazebo//launch/spawn_RM3.launch.py
[5.521s] -- Symlinking: /home/jaime/RM3_ws/install/rm3_gazebo/share/rm3_gazebo//config/Plotjuggler/plotjuggler_template.xml
[5.531s] -- Symlinking: /home/jaime/RM3_ws/install/rm3_gazebo/share/rm3_gazebo//config/Rviz/rm3_robot.rviz
[5.541s] -- Symlinking: /home/jaime/RM3_ws/install/rm3_gazebo/share/rm3_gazebo//config/Rviz/rm3_robot_whisker_and_camera.rviz
[5.550s] -- Symlinking: /home/jaime/RM3_ws/install/rm3_gazebo/share/rm3_gazebo//config/screw_controller.yaml
[5.560s] -- Symlinking: /home/jaime/RM3_ws/install/rm3_gazebo/share/rm3_gazebo//config/simulation_parameters.yaml
[5.570s] -- Symlinking: /home/jaime/RM3_ws/install/rm3_gazebo/share/rm3_gazebo//urdf/RM3_robot.xacro.urdf
[5.580s] -- Symlinking: /home/jaime/RM3_ws/install/rm3_gazebo/share/rm3_gazebo//urdf/meshes/body_platform.dae
[5.590s] -- Symlinking: /home/jaime/RM3_ws/install/rm3_gazebo/share/rm3_gazebo//urdf/meshes/electronics_box.dae
[5.599s] -- Symlinking: /home/jaime/RM3_ws/install/rm3_gazebo/share/rm3_gazebo//urdf/meshes/halfWheel.dae
[5.609s] -- Symlinking: /home/jaime/RM3_ws/install/rm3_gazebo/share/rm3_gazebo//urdf/meshes/materials/textures/realsense_diffuse.png
[5.618s] -- Symlinking: /home/jaime/RM3_ws/install/rm3_gazebo/share/rm3_gazebo//urdf/meshes/realsense.dae
[5.627s] -- Symlinking: /home/jaime/RM3_ws/install/rm3_gazebo/share/rm3_gazebo//urdf/meshes/screw_ccw.dae
[5.637s] -- Symlinking: /home/jaime/RM3_ws/install/rm3_gazebo/share/rm3_gazebo//urdf/meshes/screw_cw.dae
[5.647s] -- Symlinking: /home/jaime/RM3_ws/install/rm3_gazebo/share/rm3_gazebo//urdf/meshes/wheel.dae
[5.656s] -- Symlinking: /home/jaime/RM3_ws/install/rm3_gazebo/share/rm3_gazebo//urdf/meshes/whisker.dae
[5.665s] -- Symlinking: /home/jaime/RM3_ws/install/rm3_gazebo/share/rm3_gazebo//urdf/meshes/whisker_array.dae
[5.675s] -- Symlinking: /home/jaime/RM3_ws/install/rm3_gazebo/share/rm3_gazebo//urdf/meshes/whisker_array_thin.dae
[5.684s] -- Symlinking: /home/jaime/RM3_ws/install/rm3_gazebo/share/rm3_gazebo//urdf/screw_snippets.xacro
[5.694s] -- Symlinking: /home/jaime/RM3_ws/install/rm3_gazebo/share/rm3_gazebo//urdf/sensors.xacro
[5.703s] -- Symlinking: /home/jaime/RM3_ws/install/rm3_gazebo/share/rm3_gazebo//urdf/whisker_snippets.xacro
[5.713s] -- Symlinking: /home/jaime/RM3_ws/install/rm3_gazebo/share/rm3_gazebo//worlds/boxes_world.world
[5.722s] -- Symlinking: /home/jaime/RM3_ws/install/rm3_gazebo/share/rm3_gazebo//worlds/cave_world.world
[5.732s] -- Symlinking: /home/jaime/RM3_ws/install/rm3_gazebo/share/rm3_gazebo//worlds/empty_world.world
[5.741s] -- Symlinking: /home/jaime/RM3_ws/install/rm3_gazebo/share/rm3_gazebo//worlds/terrain_world.world
[5.751s] -- Symlinking: /home/jaime/RM3_ws/install/rm3_gazebo/share/rm3_gazebo//models/box/model.config
[5.762s] -- Symlinking: /home/jaime/RM3_ws/install/rm3_gazebo/share/rm3_gazebo//models/box/model.sdf
[5.772s] -- Symlinking: /home/jaime/RM3_ws/install/rm3_gazebo/share/rm3_gazebo//models/cave/meshes/3dCave_full.dae
[5.782s] -- Symlinking: /home/jaime/RM3_ws/install/rm3_gazebo/share/rm3_gazebo//models/cave/meshes/Rock_1.stl
[5.791s] -- Symlinking: /home/jaime/RM3_ws/install/rm3_gazebo/share/rm3_gazebo//models/cave/meshes/Rock_2.stl
[5.800s] -- Symlinking: /home/jaime/RM3_ws/install/rm3_gazebo/share/rm3_gazebo//models/cave/meshes/Rock_3.stl
[5.810s] -- Symlinking: /home/jaime/RM3_ws/install/rm3_gazebo/share/rm3_gazebo//models/cave/meshes/Rock_4.stl
[5.821s] -- Symlinking: /home/jaime/RM3_ws/install/rm3_gazebo/share/rm3_gazebo//models/cave/meshes/cave.dae
[5.830s] -- Symlinking: /home/jaime/RM3_ws/install/rm3_gazebo/share/rm3_gazebo//models/cave/model.config
[5.839s] -- Symlinking: /home/jaime/RM3_ws/install/rm3_gazebo/share/rm3_gazebo//models/cave/model.sdf
[5.849s] -- Symlinking: /home/jaime/RM3_ws/install/rm3_gazebo/share/rm3_gazebo//models/terrain/meshes/terrain.STL
[5.858s] -- Symlinking: /home/jaime/RM3_ws/install/rm3_gazebo/share/rm3_gazebo//models/terrain/meshes/terrain.dae
[5.868s] -- Symlinking: /home/jaime/RM3_ws/install/rm3_gazebo/share/rm3_gazebo//models/terrain/model.config
[5.879s] -- Symlinking: /home/jaime/RM3_ws/install/rm3_gazebo/share/rm3_gazebo//models/terrain/model.sdf
[5.888s] -- Symlinking: /home/jaime/RM3_ws/install/rm3_gazebo/lib/rm3_gazebo/motor_to_body_vel.py
[5.899s] -- Symlinking: /home/jaime/RM3_ws/install/rm3_gazebo/lib/rm3_gazebo/whisker_state_publisher.py
[5.909s] -- Symlinking: /home/jaime/RM3_ws/install/rm3_gazebo/lib/rm3_gazebo/whisker_state_visualizer.py
[5.920s] -- Symlinking: /home/jaime/RM3_ws/install/rm3_gazebo/lib/rm3_gazebo/test_drive
[5.931s] -- Symlinking: /home/jaime/RM3_ws/install/rm3_gazebo/share/ament_index/resource_index/package_run_dependencies/rm3_gazebo
[5.941s] -- Symlinking: /home/jaime/RM3_ws/install/rm3_gazebo/share/ament_index/resource_index/parent_prefix_path/rm3_gazebo
[5.952s] -- Symlinking: /home/jaime/RM3_ws/install/rm3_gazebo/share/rm3_gazebo/environment/ament_prefix_path.sh
[5.963s] -- Symlinking: /home/jaime/RM3_ws/install/rm3_gazebo/share/rm3_gazebo/environment/ament_prefix_path.dsv
[5.974s] -- Symlinking: /home/jaime/RM3_ws/install/rm3_gazebo/share/rm3_gazebo/environment/path.sh
[5.984s] -- Symlinking: /home/jaime/RM3_ws/install/rm3_gazebo/share/rm3_gazebo/environment/path.dsv
[5.994s] -- Symlinking: /home/jaime/RM3_ws/install/rm3_gazebo/share/rm3_gazebo/local_setup.bash
[6.004s] -- Symlinking: /home/jaime/RM3_ws/install/rm3_gazebo/share/rm3_gazebo/local_setup.sh
[6.015s] -- Symlinking: /home/jaime/RM3_ws/install/rm3_gazebo/share/rm3_gazebo/local_setup.zsh
[6.024s] -- Symlinking: /home/jaime/RM3_ws/install/rm3_gazebo/share/rm3_gazebo/local_setup.dsv
[6.035s] -- Symlinking: /home/jaime/RM3_ws/install/rm3_gazebo/share/rm3_gazebo/package.dsv
[6.044s] -- Symlinking: /home/jaime/RM3_ws/install/rm3_gazebo/share/ament_index/resource_index/packages/rm3_gazebo
[6.054s] -- Symlinking: /home/jaime/RM3_ws/install/rm3_gazebo/share/rm3_gazebo/cmake/rm3_gazeboConfig.cmake
[6.063s] -- Symlinking: /home/jaime/RM3_ws/install/rm3_gazebo/share/rm3_gazebo/cmake/rm3_gazeboConfig-version.cmake
[6.075s] -- Symlinking: /home/jaime/RM3_ws/install/rm3_gazebo/share/rm3_gazebo/package.xml
[6.088s] Invoked command in '/home/jaime/RM3_ws/build/rm3_gazebo' returned '0': AMENT_PREFIX_PATH=/home/jaime/RM3_ws/install/ros2_controllers:/home/jaime/RM3_ws/install/velocity_controllers:/home/jaime/RM3_ws/install/ros2_control:/home/jaime/RM3_ws/install/position_controllers:/home/jaime/RM3_ws/install/joint_state_controller:/home/jaime/RM3_ws/install/effort_controllers:/home/jaime/RM3_ws/install/ros2controlcli:/home/jaime/RM3_ws/install/joint_trajectory_controller:/home/jaime/RM3_ws/install/joint_state_broadcaster:/home/jaime/RM3_ws/install/imu_sensor_broadcaster:/home/jaime/RM3_ws/install/gazebo_ros2_control:/home/jaime/RM3_ws/install/forward_command_controller:/home/jaime/RM3_ws/install/force_torque_sensor_broadcaster:/home/jaime/RM3_ws/install/diff_drive_controller:/home/jaime/RM3_ws/install/controller_manager:/home/jaime/RM3_ws/install/controller_interface:/home/jaime/RM3_ws/install/hardware_interface:/home/jaime/RM3_ws/install/ros2_control_test_assets:/home/jaime/RM3_ws/install/controller_manager_msgs:${AMENT_PREFIX_PATH} CMAKE_PREFIX_PATH=/home/jaime/RM3_ws/install/ros2_controllers:/home/jaime/RM3_ws/install/velocity_controllers:/home/jaime/RM3_ws/install/ros2_control:/home/jaime/RM3_ws/install/position_controllers:/home/jaime/RM3_ws/install/joint_state_controller:/home/jaime/RM3_ws/install/effort_controllers:/home/jaime/RM3_ws/install/joint_trajectory_controller:/home/jaime/RM3_ws/install/joint_state_broadcaster:/home/jaime/RM3_ws/install/imu_sensor_broadcaster:/home/jaime/RM3_ws/install/gazebo_ros2_control:/home/jaime/RM3_ws/install/forward_command_controller:/home/jaime/RM3_ws/install/force_torque_sensor_broadcaster:/home/jaime/RM3_ws/install/diff_drive_controller:/home/jaime/RM3_ws/install/controller_manager:/home/jaime/RM3_ws/install/controller_interface:/home/jaime/RM3_ws/install/hardware_interface:/home/jaime/RM3_ws/install/ros2_control_test_assets:/home/jaime/RM3_ws/install/controller_manager_msgs:/home/jaime/RM3_ws/install/robominer_msgs/share/robominer_msgs/cmake:/opt/ros/foxy LD_LIBRARY_PATH=/home/jaime/RM3_ws/install/velocity_controllers/lib:/home/jaime/RM3_ws/install/position_controllers/lib:/home/jaime/RM3_ws/install/joint_state_controller/lib:/home/jaime/RM3_ws/install/effort_controllers/lib:/home/jaime/RM3_ws/install/joint_trajectory_controller/lib:/home/jaime/RM3_ws/install/joint_state_broadcaster/lib:/home/jaime/RM3_ws/install/imu_sensor_broadcaster/lib:/home/jaime/RM3_ws/install/gazebo_ros2_control/lib:/home/jaime/RM3_ws/install/forward_command_controller/lib:/home/jaime/RM3_ws/install/force_torque_sensor_broadcaster/lib:/home/jaime/RM3_ws/install/diff_drive_controller/lib:/home/jaime/RM3_ws/install/controller_manager/lib:/home/jaime/RM3_ws/install/controller_interface/lib:/home/jaime/RM3_ws/install/hardware_interface/lib:/home/jaime/RM3_ws/install/controller_manager_msgs/lib:${LD_LIBRARY_PATH} PYTHONPATH=/home/jaime/RM3_ws/build/ros2controlcli:/home/jaime/RM3_ws/install/ros2controlcli/lib/python3.8/site-packages:/home/jaime/RM3_ws/install/controller_manager/lib/python3.8/site-packages:/home/jaime/RM3_ws/install/controller_manager_msgs/lib/python3.8/site-packages:${PYTHONPATH} /usr/bin/cmake --install /home/jaime/RM3_ws/build/rm3_gazebo
