[0.397s] Invoking command in '/home/jaime/RM3_ws/build/effort_controllers': AMENT_PREFIX_PATH=/home/jaime/RM3_ws/install/forward_command_controller:/home/jaime/RM3_ws/install/controller_manager:/home/jaime/RM3_ws/install/controller_interface:/home/jaime/RM3_ws/install/hardware_interface:/home/jaime/RM3_ws/install/ros2_control_test_assets:/home/jaime/RM3_ws/install/controller_manager_msgs:${AMENT_PREFIX_PATH} CMAKE_PREFIX_PATH=/home/jaime/RM3_ws/install/forward_command_controller:/home/jaime/RM3_ws/install/controller_manager:/home/jaime/RM3_ws/install/controller_interface:/home/jaime/RM3_ws/install/hardware_interface:/home/jaime/RM3_ws/install/ros2_control_test_assets:/home/jaime/RM3_ws/install/controller_manager_msgs:/opt/ros/foxy LD_LIBRARY_PATH=/home/jaime/RM3_ws/install/forward_command_controller/lib:/home/jaime/RM3_ws/install/controller_manager/lib:/home/jaime/RM3_ws/install/controller_interface/lib:/home/jaime/RM3_ws/install/hardware_interface/lib:/home/jaime/RM3_ws/install/controller_manager_msgs/lib:${LD_LIBRARY_PATH} PYTHONPATH=/home/jaime/RM3_ws/install/controller_manager/lib/python3.8/site-packages:/home/jaime/RM3_ws/install/controller_manager_msgs/lib/python3.8/site-packages:${PYTHONPATH} /usr/bin/cmake --build /home/jaime/RM3_ws/build/effort_controllers -- -j8 -l8
[0.582s] [ 27%] Built target gmock
[0.658s] [ 45%] Built target effort_controllers
[0.699s] [ 63%] Built target gmock_main
[0.795s] [ 81%] Built target test_load_joint_group_effort_controller
[0.908s] [100%] Built target test_joint_group_effort_controller
[0.949s] Invoked command in '/home/jaime/RM3_ws/build/effort_controllers' returned '0': AMENT_PREFIX_PATH=/home/jaime/RM3_ws/install/forward_command_controller:/home/jaime/RM3_ws/install/controller_manager:/home/jaime/RM3_ws/install/controller_interface:/home/jaime/RM3_ws/install/hardware_interface:/home/jaime/RM3_ws/install/ros2_control_test_assets:/home/jaime/RM3_ws/install/controller_manager_msgs:${AMENT_PREFIX_PATH} CMAKE_PREFIX_PATH=/home/jaime/RM3_ws/install/forward_command_controller:/home/jaime/RM3_ws/install/controller_manager:/home/jaime/RM3_ws/install/controller_interface:/home/jaime/RM3_ws/install/hardware_interface:/home/jaime/RM3_ws/install/ros2_control_test_assets:/home/jaime/RM3_ws/install/controller_manager_msgs:/opt/ros/foxy LD_LIBRARY_PATH=/home/jaime/RM3_ws/install/forward_command_controller/lib:/home/jaime/RM3_ws/install/controller_manager/lib:/home/jaime/RM3_ws/install/controller_interface/lib:/home/jaime/RM3_ws/install/hardware_interface/lib:/home/jaime/RM3_ws/install/controller_manager_msgs/lib:${LD_LIBRARY_PATH} PYTHONPATH=/home/jaime/RM3_ws/install/controller_manager/lib/python3.8/site-packages:/home/jaime/RM3_ws/install/controller_manager_msgs/lib/python3.8/site-packages:${PYTHONPATH} /usr/bin/cmake --build /home/jaime/RM3_ws/build/effort_controllers -- -j8 -l8
[1.055s] Invoking command in '/home/jaime/RM3_ws/build/effort_controllers': AMENT_PREFIX_PATH=/home/jaime/RM3_ws/install/forward_command_controller:/home/jaime/RM3_ws/install/controller_manager:/home/jaime/RM3_ws/install/controller_interface:/home/jaime/RM3_ws/install/hardware_interface:/home/jaime/RM3_ws/install/ros2_control_test_assets:/home/jaime/RM3_ws/install/controller_manager_msgs:${AMENT_PREFIX_PATH} CMAKE_PREFIX_PATH=/home/jaime/RM3_ws/install/forward_command_controller:/home/jaime/RM3_ws/install/controller_manager:/home/jaime/RM3_ws/install/controller_interface:/home/jaime/RM3_ws/install/hardware_interface:/home/jaime/RM3_ws/install/ros2_control_test_assets:/home/jaime/RM3_ws/install/controller_manager_msgs:/opt/ros/foxy LD_LIBRARY_PATH=/home/jaime/RM3_ws/install/forward_command_controller/lib:/home/jaime/RM3_ws/install/controller_manager/lib:/home/jaime/RM3_ws/install/controller_interface/lib:/home/jaime/RM3_ws/install/hardware_interface/lib:/home/jaime/RM3_ws/install/controller_manager_msgs/lib:${LD_LIBRARY_PATH} PYTHONPATH=/home/jaime/RM3_ws/install/controller_manager/lib/python3.8/site-packages:/home/jaime/RM3_ws/install/controller_manager_msgs/lib/python3.8/site-packages:${PYTHONPATH} /usr/bin/cmake --install /home/jaime/RM3_ws/build/effort_controllers
[1.123s] -- Install configuration: ""
[1.124s] -- Execute custom install script
[1.124s] -- Up-to-date symlink: /home/jaime/RM3_ws/install/effort_controllers/share/effort_controllers//effort_controllers_plugins.xml
[1.124s] -- Up-to-date symlink: /home/jaime/RM3_ws/install/effort_controllers/include/effort_controllers/joint_group_effort_controller.hpp
[1.124s] -- Up-to-date symlink: /home/jaime/RM3_ws/install/effort_controllers/include/effort_controllers/visibility_control.h
[1.125s] -- Up-to-date symlink: /home/jaime/RM3_ws/install/effort_controllers/lib/libeffort_controllers.so
[1.125s] -- Up-to-date symlink: /home/jaime/RM3_ws/install/effort_controllers/share/effort_controllers/environment/library_path.sh
[1.125s] -- Up-to-date symlink: /home/jaime/RM3_ws/install/effort_controllers/share/effort_controllers/environment/library_path.dsv
[1.125s] -- Up-to-date symlink: /home/jaime/RM3_ws/install/effort_controllers/share/ament_index/resource_index/package_run_dependencies/effort_controllers
[1.126s] -- Up-to-date symlink: /home/jaime/RM3_ws/install/effort_controllers/share/ament_index/resource_index/parent_prefix_path/effort_controllers
[1.126s] -- Up-to-date symlink: /home/jaime/RM3_ws/install/effort_controllers/share/effort_controllers/environment/ament_prefix_path.sh
[1.126s] -- Up-to-date symlink: /home/jaime/RM3_ws/install/effort_controllers/share/effort_controllers/environment/ament_prefix_path.dsv
[1.126s] -- Up-to-date symlink: /home/jaime/RM3_ws/install/effort_controllers/share/effort_controllers/environment/path.sh
[1.127s] -- Up-to-date symlink: /home/jaime/RM3_ws/install/effort_controllers/share/effort_controllers/environment/path.dsv
[1.127s] -- Up-to-date symlink: /home/jaime/RM3_ws/install/effort_controllers/share/effort_controllers/local_setup.bash
[1.127s] -- Up-to-date symlink: /home/jaime/RM3_ws/install/effort_controllers/share/effort_controllers/local_setup.sh
[1.127s] -- Up-to-date symlink: /home/jaime/RM3_ws/install/effort_controllers/share/effort_controllers/local_setup.zsh
[1.128s] -- Up-to-date symlink: /home/jaime/RM3_ws/install/effort_controllers/share/effort_controllers/local_setup.dsv
[1.128s] -- Symlinking: /home/jaime/RM3_ws/install/effort_controllers/share/effort_controllers/package.dsv
[1.128s] -- Up-to-date symlink: /home/jaime/RM3_ws/install/effort_controllers/share/ament_index/resource_index/packages/effort_controllers
[1.128s] -- Up-to-date symlink: /home/jaime/RM3_ws/install/effort_controllers/share/ament_index/resource_index/controller_interface__pluginlib__plugin/effort_controllers
[1.129s] -- Up-to-date symlink: /home/jaime/RM3_ws/install/effort_controllers/share/effort_controllers/cmake/ament_cmake_export_dependencies-extras.cmake
[1.136s] -- Up-to-date symlink: /home/jaime/RM3_ws/install/effort_controllers/share/effort_controllers/cmake/ament_cmake_export_include_directories-extras.cmake
[1.137s] -- Up-to-date symlink: /home/jaime/RM3_ws/install/effort_controllers/share/effort_controllers/cmake/ament_cmake_export_libraries-extras.cmake
[1.137s] -- Up-to-date symlink: /home/jaime/RM3_ws/install/effort_controllers/share/effort_controllers/cmake/effort_controllersConfig.cmake
[1.138s] -- Up-to-date symlink: /home/jaime/RM3_ws/install/effort_controllers/share/effort_controllers/cmake/effort_controllersConfig-version.cmake
[1.138s] -- Up-to-date symlink: /home/jaime/RM3_ws/install/effort_controllers/share/effort_controllers/package.xml
[1.152s] Invoked command in '/home/jaime/RM3_ws/build/effort_controllers' returned '0': AMENT_PREFIX_PATH=/home/jaime/RM3_ws/install/forward_command_controller:/home/jaime/RM3_ws/install/controller_manager:/home/jaime/RM3_ws/install/controller_interface:/home/jaime/RM3_ws/install/hardware_interface:/home/jaime/RM3_ws/install/ros2_control_test_assets:/home/jaime/RM3_ws/install/controller_manager_msgs:${AMENT_PREFIX_PATH} CMAKE_PREFIX_PATH=/home/jaime/RM3_ws/install/forward_command_controller:/home/jaime/RM3_ws/install/controller_manager:/home/jaime/RM3_ws/install/controller_interface:/home/jaime/RM3_ws/install/hardware_interface:/home/jaime/RM3_ws/install/ros2_control_test_assets:/home/jaime/RM3_ws/install/controller_manager_msgs:/opt/ros/foxy LD_LIBRARY_PATH=/home/jaime/RM3_ws/install/forward_command_controller/lib:/home/jaime/RM3_ws/install/controller_manager/lib:/home/jaime/RM3_ws/install/controller_interface/lib:/home/jaime/RM3_ws/install/hardware_interface/lib:/home/jaime/RM3_ws/install/controller_manager_msgs/lib:${LD_LIBRARY_PATH} PYTHONPATH=/home/jaime/RM3_ws/install/controller_manager/lib/python3.8/site-packages:/home/jaime/RM3_ws/install/controller_manager_msgs/lib/python3.8/site-packages:${PYTHONPATH} /usr/bin/cmake --install /home/jaime/RM3_ws/build/effort_controllers
