[0.239s] Invoking command in '/home/jaime/RM3_ws/build/gazebo_ros2_control': AMENT_PREFIX_PATH=/home/jaime/RM3_ws/install/controller_manager:/home/jaime/RM3_ws/install/controller_interface:/home/jaime/RM3_ws/install/hardware_interface:/home/jaime/RM3_ws/install/ros2_control_test_assets:/home/jaime/RM3_ws/install/controller_manager_msgs:${AMENT_PREFIX_PATH} CMAKE_PREFIX_PATH=/home/jaime/RM3_ws/install/controller_manager:/home/jaime/RM3_ws/install/controller_interface:/home/jaime/RM3_ws/install/hardware_interface:/home/jaime/RM3_ws/install/ros2_control_test_assets:/home/jaime/RM3_ws/install/controller_manager_msgs:/opt/ros/foxy LD_LIBRARY_PATH=/home/jaime/RM3_ws/install/controller_manager/lib:/home/jaime/RM3_ws/install/controller_interface/lib:/home/jaime/RM3_ws/install/hardware_interface/lib:/home/jaime/RM3_ws/install/controller_manager_msgs/lib:${LD_LIBRARY_PATH} PYTHONPATH=/home/jaime/RM3_ws/install/controller_manager/lib/python3.8/site-packages:/home/jaime/RM3_ws/install/controller_manager_msgs/lib/python3.8/site-packages:${PYTHONPATH} /usr/bin/cmake --build /home/jaime/RM3_ws/build/gazebo_ros2_control -- -j8 -l8
[0.506s] [ 50%] Built target gazebo_hardware_plugins
[0.546s] [100%] Built target gazebo_ros2_control
[0.583s] Invoked command in '/home/jaime/RM3_ws/build/gazebo_ros2_control' returned '0': AMENT_PREFIX_PATH=/home/jaime/RM3_ws/install/controller_manager:/home/jaime/RM3_ws/install/controller_interface:/home/jaime/RM3_ws/install/hardware_interface:/home/jaime/RM3_ws/install/ros2_control_test_assets:/home/jaime/RM3_ws/install/controller_manager_msgs:${AMENT_PREFIX_PATH} CMAKE_PREFIX_PATH=/home/jaime/RM3_ws/install/controller_manager:/home/jaime/RM3_ws/install/controller_interface:/home/jaime/RM3_ws/install/hardware_interface:/home/jaime/RM3_ws/install/ros2_control_test_assets:/home/jaime/RM3_ws/install/controller_manager_msgs:/opt/ros/foxy LD_LIBRARY_PATH=/home/jaime/RM3_ws/install/controller_manager/lib:/home/jaime/RM3_ws/install/controller_interface/lib:/home/jaime/RM3_ws/install/hardware_interface/lib:/home/jaime/RM3_ws/install/controller_manager_msgs/lib:${LD_LIBRARY_PATH} PYTHONPATH=/home/jaime/RM3_ws/install/controller_manager/lib/python3.8/site-packages:/home/jaime/RM3_ws/install/controller_manager_msgs/lib/python3.8/site-packages:${PYTHONPATH} /usr/bin/cmake --build /home/jaime/RM3_ws/build/gazebo_ros2_control -- -j8 -l8
[0.653s] Invoking command in '/home/jaime/RM3_ws/build/gazebo_ros2_control': AMENT_PREFIX_PATH=/home/jaime/RM3_ws/install/controller_manager:/home/jaime/RM3_ws/install/controller_interface:/home/jaime/RM3_ws/install/hardware_interface:/home/jaime/RM3_ws/install/ros2_control_test_assets:/home/jaime/RM3_ws/install/controller_manager_msgs:${AMENT_PREFIX_PATH} CMAKE_PREFIX_PATH=/home/jaime/RM3_ws/install/controller_manager:/home/jaime/RM3_ws/install/controller_interface:/home/jaime/RM3_ws/install/hardware_interface:/home/jaime/RM3_ws/install/ros2_control_test_assets:/home/jaime/RM3_ws/install/controller_manager_msgs:/opt/ros/foxy LD_LIBRARY_PATH=/home/jaime/RM3_ws/install/controller_manager/lib:/home/jaime/RM3_ws/install/controller_interface/lib:/home/jaime/RM3_ws/install/hardware_interface/lib:/home/jaime/RM3_ws/install/controller_manager_msgs/lib:${LD_LIBRARY_PATH} PYTHONPATH=/home/jaime/RM3_ws/install/controller_manager/lib/python3.8/site-packages:/home/jaime/RM3_ws/install/controller_manager_msgs/lib/python3.8/site-packages:${PYTHONPATH} /usr/bin/cmake --install /home/jaime/RM3_ws/build/gazebo_ros2_control
[0.683s] -- Install configuration: ""
[0.683s] -- Execute custom install script
[0.684s] -- Up-to-date symlink: /home/jaime/RM3_ws/install/gazebo_ros2_control/lib/libgazebo_ros2_control.so
[0.685s] -- Up-to-date symlink: /home/jaime/RM3_ws/install/gazebo_ros2_control/lib/libgazebo_hardware_plugins.so
[0.686s] -- Up-to-date symlink: /home/jaime/RM3_ws/install/gazebo_ros2_control/share/gazebo_ros2_control/environment/library_path.sh
[0.696s] -- Up-to-date symlink: /home/jaime/RM3_ws/install/gazebo_ros2_control/share/gazebo_ros2_control/environment/library_path.dsv
[0.697s] -- Up-to-date symlink: /home/jaime/RM3_ws/install/gazebo_ros2_control/include/gazebo_ros2_control/gazebo_ros2_control_plugin.hpp
[0.698s] -- Up-to-date symlink: /home/jaime/RM3_ws/install/gazebo_ros2_control/include/gazebo_ros2_control/gazebo_system.hpp
[0.698s] -- Up-to-date symlink: /home/jaime/RM3_ws/install/gazebo_ros2_control/include/gazebo_ros2_control/gazebo_system_interface.hpp
[0.700s] -- Up-to-date symlink: /home/jaime/RM3_ws/install/gazebo_ros2_control/share/gazebo_ros2_control//gazebo_hardware_plugins.xml
[0.703s] -- Up-to-date symlink: /home/jaime/RM3_ws/install/gazebo_ros2_control/share/ament_index/resource_index/package_run_dependencies/gazebo_ros2_control
[0.703s] -- Up-to-date symlink: /home/jaime/RM3_ws/install/gazebo_ros2_control/share/ament_index/resource_index/parent_prefix_path/gazebo_ros2_control
[0.704s] -- Up-to-date symlink: /home/jaime/RM3_ws/install/gazebo_ros2_control/share/gazebo_ros2_control/environment/ament_prefix_path.sh
[0.705s] -- Up-to-date symlink: /home/jaime/RM3_ws/install/gazebo_ros2_control/share/gazebo_ros2_control/environment/ament_prefix_path.dsv
[0.705s] -- Up-to-date symlink: /home/jaime/RM3_ws/install/gazebo_ros2_control/share/gazebo_ros2_control/environment/path.sh
[0.706s] -- Up-to-date symlink: /home/jaime/RM3_ws/install/gazebo_ros2_control/share/gazebo_ros2_control/environment/path.dsv
[0.706s] -- Up-to-date symlink: /home/jaime/RM3_ws/install/gazebo_ros2_control/share/gazebo_ros2_control/local_setup.bash
[0.706s] -- Up-to-date symlink: /home/jaime/RM3_ws/install/gazebo_ros2_control/share/gazebo_ros2_control/local_setup.sh
[0.715s] -- Up-to-date symlink: /home/jaime/RM3_ws/install/gazebo_ros2_control/share/gazebo_ros2_control/local_setup.zsh
[0.717s] -- Up-to-date symlink: /home/jaime/RM3_ws/install/gazebo_ros2_control/share/gazebo_ros2_control/local_setup.dsv
[0.717s] -- Symlinking: /home/jaime/RM3_ws/install/gazebo_ros2_control/share/gazebo_ros2_control/package.dsv
[0.729s] -- Up-to-date symlink: /home/jaime/RM3_ws/install/gazebo_ros2_control/share/ament_index/resource_index/packages/gazebo_ros2_control
[0.730s] -- Up-to-date symlink: /home/jaime/RM3_ws/install/gazebo_ros2_control/share/ament_index/resource_index/gazebo_ros2_control__pluginlib__plugin/gazebo_ros2_control
[0.730s] -- Up-to-date symlink: /home/jaime/RM3_ws/install/gazebo_ros2_control/share/gazebo_ros2_control/cmake/ament_cmake_export_include_directories-extras.cmake
[0.731s] -- Up-to-date symlink: /home/jaime/RM3_ws/install/gazebo_ros2_control/share/gazebo_ros2_control/cmake/ament_cmake_export_dependencies-extras.cmake
[0.731s] -- Up-to-date symlink: /home/jaime/RM3_ws/install/gazebo_ros2_control/share/gazebo_ros2_control/cmake/ament_cmake_export_libraries-extras.cmake
[0.732s] -- Up-to-date symlink: /home/jaime/RM3_ws/install/gazebo_ros2_control/share/gazebo_ros2_control/cmake/gazebo_ros2_controlConfig.cmake
[0.732s] -- Up-to-date symlink: /home/jaime/RM3_ws/install/gazebo_ros2_control/share/gazebo_ros2_control/cmake/gazebo_ros2_controlConfig-version.cmake
[0.732s] -- Up-to-date symlink: /home/jaime/RM3_ws/install/gazebo_ros2_control/share/gazebo_ros2_control/package.xml
[0.780s] Invoked command in '/home/jaime/RM3_ws/build/gazebo_ros2_control' returned '0': AMENT_PREFIX_PATH=/home/jaime/RM3_ws/install/controller_manager:/home/jaime/RM3_ws/install/controller_interface:/home/jaime/RM3_ws/install/hardware_interface:/home/jaime/RM3_ws/install/ros2_control_test_assets:/home/jaime/RM3_ws/install/controller_manager_msgs:${AMENT_PREFIX_PATH} CMAKE_PREFIX_PATH=/home/jaime/RM3_ws/install/controller_manager:/home/jaime/RM3_ws/install/controller_interface:/home/jaime/RM3_ws/install/hardware_interface:/home/jaime/RM3_ws/install/ros2_control_test_assets:/home/jaime/RM3_ws/install/controller_manager_msgs:/opt/ros/foxy LD_LIBRARY_PATH=/home/jaime/RM3_ws/install/controller_manager/lib:/home/jaime/RM3_ws/install/controller_interface/lib:/home/jaime/RM3_ws/install/hardware_interface/lib:/home/jaime/RM3_ws/install/controller_manager_msgs/lib:${LD_LIBRARY_PATH} PYTHONPATH=/home/jaime/RM3_ws/install/controller_manager/lib/python3.8/site-packages:/home/jaime/RM3_ws/install/controller_manager_msgs/lib/python3.8/site-packages:${PYTHONPATH} /usr/bin/cmake --install /home/jaime/RM3_ws/build/gazebo_ros2_control
